#
# There is insufficient memory for the Java Runtime Environment to continue.
# Native memory allocation (malloc) failed to allocate 32744 bytes for ChunkPool::allocate
# Possible reasons:
#   The system is out of physical RAM or swap space
#   In 32 bit mode, the process size limit was hit
# Possible solutions:
#   Reduce memory load on the system
#   Increase physical memory or swap space
#   Check if swap backing store is full
#   Use 64 bit Java on a 64 bit OS
#   Decrease Java heap size (-Xmx/-Xms)
#   Decrease number of Java threads
#   Decrease Java thread stack sizes (-Xss)
#   Set larger code cache with -XX:ReservedCodeCacheSize=
# This output file may be truncated or incomplete.
#
#  Out of Memory Error (allocation.cpp:273), pid=8620, tid=0x0000000000001f14
#
# JRE version: Java(TM) SE Runtime Environment (8.0_102-b14) (build 1.8.0_102-b14)
# Java VM: Java HotSpot(TM) 64-Bit Server VM (25.102-b14 mixed mode windows-amd64 compressed oops)
# Failed to write core dump. Minidumps are not enabled by default on client versions of Windows
#

---------------  T H R E A D  ---------------

Current thread (0x0000000056866000):  JavaThread "C2 CompilerThread1" daemon [_thread_in_native, id=7956, stack(0x0000000057090000,0x0000000057190000)]

Stack: [0x0000000057090000,0x0000000057190000]
[error occurred during error reporting (printing stack bounds), id 0xc0000005]

Native frames: (J=compiled Java code, j=interpreted, Vv=VM code, C=native code)


Current CompileTask:
C2:   2107  652       4       com.android.dx.util.Bits::clear (21 bytes)


---------------  P R O C E S S  ---------------

Java Threads: ( => current thread )
  0x0000000056b68000 JavaThread "pool-1-thread-4" [_thread_in_vm, id=8912, stack(0x0000000057b10000,0x0000000057c10000)]
  0x0000000056b35800 JavaThread "pool-1-thread-3" [_thread_blocked, id=7556, stack(0x0000000057960000,0x0000000057a60000)]
  0x0000000056b40800 JavaThread "pool-1-thread-2" [_thread_blocked, id=6888, stack(0x0000000057770000,0x0000000057870000)]
  0x0000000056b26000 JavaThread "pool-2-thread-1" [_thread_blocked, id=6988, stack(0x0000000057560000,0x0000000057660000)]
  0x0000000056b25800 JavaThread "pool-1-thread-1" [_thread_blocked, id=8392, stack(0x00000000573b0000,0x00000000574b0000)]
  0x0000000056874000 JavaThread "Service Thread" daemon [_thread_blocked, id=8484, stack(0x0000000057290000,0x0000000057390000)]
  0x0000000056867000 JavaThread "C1 CompilerThread2" daemon [_thread_in_native, id=7044, stack(0x0000000056650000,0x0000000056750000)]
=>0x0000000056866000 JavaThread "C2 CompilerThread1" daemon [_thread_in_native, id=7956, stack(0x0000000057090000,0x0000000057190000)]
  0x000000005518c800 JavaThread "C2 CompilerThread0" daemon [_thread_in_native, id=8488, stack(0x0000000056dc0000,0x0000000056ec0000)]
  0x0000000056859000 JavaThread "Attach Listener" daemon [_thread_blocked, id=8160, stack(0x0000000056cb0000,0x0000000056db0000)]
  0x0000000056858800 JavaThread "Signal Dispatcher" daemon [_thread_blocked, id=224, stack(0x0000000056190000,0x0000000056290000)]
  0x000000005516a000 JavaThread "Finalizer" daemon [_thread_blocked, id=5284, stack(0x0000000056750000,0x0000000056850000)]
  0x0000000055122000 JavaThread "Reference Handler" daemon [_thread_blocked, id=7240, stack(0x0000000056550000,0x0000000056650000)]
  0x00000000026de000 JavaThread "main" [_thread_in_Java, id=8976, stack(0x0000000002970000,0x0000000002a70000)]

Other Threads:
  0x000000005511a800 VMThread [stack: 0x0000000056350000,0x0000000056450000] [id=8576]
  0x0000000056907800 WatcherThread [stack: 0x0000000056f90000,0x0000000057090000] [id=8452]

VM state:not at safepoint (normal execution)

VM Mutex/Monitor currently owned by a thread: None

Heap:
 PSYoungGen      total 38400K, used 19304K [0x00000000eab00000, 0x00000000ed580000, 0x0000000100000000)
  eden space 33280K, 58% used [0x00000000eab00000,0x00000000ebdda210,0x00000000ecb80000)
  from space 5120K, 0% used [0x00000000ed080000,0x00000000ed080000,0x00000000ed580000)
  to   space 5120K, 0% used [0x00000000ecb80000,0x00000000ecb80000,0x00000000ed080000)
 ParOldGen       total 87552K, used 0K [0x00000000c0000000, 0x00000000c5580000, 0x00000000eab00000)
  object space 87552K, 0% used [0x00000000c0000000,0x00000000c0000000,0x00000000c5580000)
 Metaspace       used 5599K, capacity 6514K, committed 6784K, reserved 1056768K
  class space    used 601K, capacity 618K, committed 640K, reserved 1048576K

Card table byte_map: [0x0000000011e30000,0x0000000012040000] byte_map_base: 0x0000000011830000

Marking Bits: (ParMarkBitMap*) 0x000000005cc1a6c0
 Begin Bits: [0x0000000012590000, 0x0000000013590000)
 End Bits:   [0x0000000013590000, 0x0000000014590000)

Polling page: 0x0000000000130000

CodeCache: size=245760Kb used=2432Kb max_used=2444Kb free=243327Kb
 bounds [0x0000000002a70000, 0x0000000002ce0000, 0x0000000011a70000]
 total_blobs=907 nmethods=636 adapters=184
 compilation: enabled

Compilation events (10 events):
Event: 2.096 Thread 0x0000000056867000  633   !   3       com.android.dx.cf.code.BytecodeArray::parseInstruction (2764 bytes)
Event: 2.099 Thread 0x0000000056866000  646       4       java.util.BitSet::get (69 bytes)
Event: 2.100 Thread 0x0000000056866000 nmethod 646 0x0000000002ccc090 code [0x0000000002ccc1c0, 0x0000000002ccc278]
Event: 2.101 Thread 0x0000000056866000  649       4       com.android.dx.rop.code.RegisterSpec::getCategory (13 bytes)
Event: 2.102 Thread 0x0000000056866000 nmethod 649 0x0000000002cd3210 code [0x0000000002cd3360, 0x0000000002cd3418]
Event: 2.102 Thread 0x0000000056866000  650       4       com.android.dx.util.IntList::add (65 bytes)
Event: 2.103 Thread 0x000000005518c800 nmethod 635 0x0000000002cd0c90 code [0x0000000002cd0e00, 0x0000000002cd15b8]
Event: 2.105 Thread 0x0000000056866000 nmethod 650 0x0000000002cd0690 code [0x0000000002cd07e0, 0x0000000002cd0ab8]
Event: 2.105 Thread 0x000000005518c800  651       4       com.android.dx.util.IntList::growIfNeeded (46 bytes)
Event: 2.106 Thread 0x0000000056866000  652       4       com.android.dx.util.Bits::clear (21 bytes)

GC Heap History (0 events):
No events

Deoptimization events (2 events):
Event: 1.681 Thread 0x00000000026de000 Uncommon trap: reason=unstable_if action=reinterpret pc=0x0000000002bc1484 method=java.lang.String.compareTo(Ljava/lang/String;)I @ 38
Event: 2.079 Thread 0x0000000056b68000 Uncommon trap: reason=unstable_if action=reinterpret pc=0x0000000002ca3d78 method=java.util.HashMap.getNode(ILjava/lang/Object;)Ljava/util/HashMap$Node; @ 62

Internal exceptions (2 events):
Event: 0.312 Thread 0x00000000026de000 Exception <a 'java/lang/NoSuchMethodError': Method sun.misc.Unsafe.defineClass(Ljava/lang/String;[BII)Ljava/lang/Class; name or signature does not match> (0x00000000eab07c78) thrown at [C:\re\workspace\8-2-build-windows-amd64-cygwin\jdk8u102\7268\hotspot\sÖ“gƒJúÓ?
Event: 0.312 Thread 0x00000000026de000 Exception <a 'java/lang/NoSuchMethodError': Method sun.misc.Unsafe.prefetchRead(Ljava/lang/Object;J)V name or signature does not match> (0x00000000eab07f60) thrown at [C:\re\workspace\8-2-build-windows-amd64-cygwin\jdk8u102\7268\hotspot\src\share\vm\prims\

Events (10 events):
Event: 2.039 loading class java/util/TreeMap$EntryIterator done
Event: 2.043 loading class com/android/dx/cf/code/BytecodeArray$ConstantParserVisitor
Event: 2.043 loading class com/android/dx/cf/code/BytecodeArray$ConstantParserVisitor done
Event: 2.048 loading class com/android/dx/ssa/PhiInsn$Operand
Event: 2.048 loading class com/android/dx/ssa/PhiInsn$Operand done
Event: 2.060 loading class com/android/dx/ssa/back/FirstFitLocalCombiningAllocator$Multiset
Event: 2.060 loading class com/android/dx/ssa/back/FirstFitLocalCombiningAllocator$Multiset done
Event: 2.079 Thread 0x0000000056b68000 Uncommon trap: trap_request=0xffffff65 fr.pc=0x0000000002ca3d78
Event: 2.079 Thread 0x0000000056b68000 DEOPT PACKING pc=0x0000000002ca3d78 sp=0x0000000057c0e8b0
Event: 2.079 Thread 0x0000000056b68000 DEOPT UNPACKING pc=0x0000000002ab582a sp=0x0000000057c0e828 mode 2


Dynamic libraries:
0x000000013f140000 - 0x000000013f177000 	D:\JAVA\jdk1.8\bin\java.exe
0x0000000077590000 - 0x000000007773a000 	C:\Windows\SYSTEM32\ntdll.dll
0x0000000077470000 - 0x000000007758f000 	C:\Windows\system32\kernel32.dll
0x000007fefd590000 - 0x000007fefd5fa000 	C:\Windows\system32\KERNELBASE.dll
0x000007fefeb20000 - 0x000007fefebfb000 	C:\Windows\system32\ADVAPI32.dll
0x000007fefdb10000 - 0x000007fefdbaf000 	C:\Windows\system32\msvcrt.dll
0x000007feff670000 - 0x000007feff68f000 	C:\Windows\SYSTEM32\sechost.dll
0x000007fefef60000 - 0x000007feff08d000 	C:\Windows\system32\RPCRT4.dll
0x0000000077370000 - 0x000000007746a000 	C:\Windows\system32\USER32.dll
0x000007feff350000 - 0x000007feff3b7000 	C:\Windows\system32\GDI32.dll
0x000007fefd8b0000 - 0x000007fefd8be000 	C:\Windows\system32\LPK.dll
0x000007feff3c0000 - 0x000007feff48a000 	C:\Windows\system32\USP10.dll
0x000007fefbd20000 - 0x000007fefbf14000 	C:\Windows\WinSxS\amd64_microsoft.windows.common-controls_6595b64144ccf1df_6.0.7601.17514_none_fa396087175ac9ac\COMCTL32.dll
0x000007feff5f0000 - 0x000007feff661000 	C:\Windows\system32\SHLWAPI.dll
0x000007fefda40000 - 0x000007fefda6e000 	C:\Windows\system32\IMM32.DLL
0x000007feff090000 - 0x000007feff199000 	C:\Windows\system32\MSCTF.dll
0x000000006c800000 - 0x000000006c8d1000 	D:\JAVA\jdk1.8\jre\bin\msvcr100.dll
0x000000005c400000 - 0x000000005cc9a000 	D:\JAVA\jdk1.8\jre\bin\server\jvm.dll
0x000007fef3110000 - 0x000007fef3119000 	C:\Windows\system32\WSOCK32.dll
0x000007feff300000 - 0x000007feff34d000 	C:\Windows\system32\WS2_32.dll
0x000007feff490000 - 0x000007feff498000 	C:\Windows\system32\NSI.dll
0x000007fefb070000 - 0x000007fefb0ab000 	C:\Windows\system32\WINMM.dll
0x000007fefc640000 - 0x000007fefc64c000 	C:\Windows\system32\VERSION.dll
0x0000000077760000 - 0x0000000077767000 	C:\Windows\system32\PSAPI.DLL
0x000000006cdf0000 - 0x000000006cdff000 	D:\JAVA\jdk1.8\jre\bin\verify.dll
0x000000006c7d0000 - 0x000000006c7f9000 	D:\JAVA\jdk1.8\jre\bin\java.dll
0x000000006c7b0000 - 0x000000006c7c6000 	D:\JAVA\jdk1.8\jre\bin\zip.dll
0x000007fefdbb0000 - 0x000007fefe938000 	C:\Windows\system32\SHELL32.dll
0x000007feff690000 - 0x000007feff893000 	C:\Windows\system32\ole32.dll
0x000007fefd4e0000 - 0x000007fefd4ef000 	C:\Windows\system32\profapi.dll

VM Arguments:
jvm_args: -Djava.awt.headless=true -Xmx1024M -Dfile.encoding=GBK -Duser.country=CN -Duser.language=zh -Duser.variant 
java_command: com.android.dx.command.Main --dex --num-threads=4 --output E:\svn\Peek2S\app\build\intermediates\pre-dexed\debug\com.android.support-appcompat-v7-24.2.0_04aba598c96206b11eaabfd7013011e964adb4ca.jar E:\svn\Peek2S\app\build\intermediates\exploded-aar\com.android.support\appcompat-v7\24.2.0\jars\classes.jar
java_class_path (initial): D:\Sdk\build-tools\24.0.1\lib\dx.jar
Launcher Type: SUN_STANDARD

Environment Variables:
JAVA_HOME=D:\JAVA\jdk1.8
CLASSPATH=.;D:\JAVA\jdk1.8\lib;D:\JAVA\jdk1.8\lib\tools.jar
PATH=C:\ProgramData\Oracle\Java\javapath;C:\Windows\system32;C:\Windows;C:\Windows\System32\Wbem;C:\Windows\System32\WindowsPowerShell\v1.0\;C:\Program Files (x86)\Common Files\microsoft shared\TigerKin;D:\JAVA\jdk1.8\bin;D:\JAVA\jdk1.8\jre\bin;C:\Android;C:\Windows\System32;D:\program files\svn\bin;D:\JAVA\tomcat\lib;D:\JAVA\tomcat\bin;D:\program files\Git\cmd;D:\JAVA\android-ndk-r10b;D:\JAVA\gradle-2.14.1\bin
USERNAME=admin
OS=Windows_NT
PROCESSOR_IDENTIFIER=Intel64 Family 6 Model 94 Stepping 3, GenuineIntel



---------------  S Y S T E M  ---------------

OS: Windows 7 , 64 bit Build 7601 (6.1.7601.23677)

CPU:total 4 (2 cores per cpu, 2 threads per core) family 6 model 94 stepping 3, cmov, cx8, fxsr, mmx, sse, sse2, sse3, ssse3, sse4.1, sse4.2, popcnt, avx, avx2, aes, clmul, erms, 3dnowpref, lzcnt, ht, tsc, tscinvbit, bmi1, bmi2, adx

Memory: 4k page, physical 8266364k(974868k free), swap 9313080k(4856k free)

vm_info: Java HotSpot(TM) 64-Bit Server VM (25.102-b14) for windows-amd64 JRE (1.8.0_102-b14), built on Jun 22 2016 13:15:21 by "java_re" with MS VC++ 10.0 (VS2010)

time: Mon Jul 10 18:54:29 2017
elapsed time: 2 seconds (0d 0h 0m 2s)

