#
# There is insufficient memory for the Java Runtime Environment to continue.
# Native memory allocation (malloc) failed to allocate 223856 bytes for Chunk::new
# Possible reasons:
#   The system is out of physical RAM or swap space
#   In 32 bit mode, the process size limit was hit
# Possible solutions:
#   Reduce memory load on the system
#   Increase physical memory or swap space
#   Check if swap backing store is full
#   Use 64 bit Java on a 64 bit OS
#   Decrease Java heap size (-Xmx/-Xms)
#   Decrease number of Java threads
#   Decrease Java thread stack sizes (-Xss)
#   Set larger code cache with -XX:ReservedCodeCacheSize=
# This output file may be truncated or incomplete.
#
#  Out of Memory Error (allocation.cpp:390), pid=6360, tid=0x0000000000001d6c
#
# JRE version: Java(TM) SE Runtime Environment (8.0_102-b14) (build 1.8.0_102-b14)
# Java VM: Java HotSpot(TM) 64-Bit Server VM (25.102-b14 mixed mode windows-amd64 compressed oops)
# Failed to write core dump. Minidumps are not enabled by default on client versions of Windows
#

---------------  T H R E A D  ---------------

Current thread (0x0000000016686000):  JavaThread "C2 CompilerThread1" daemon [_thread_in_native, id=7532, stack(0x0000000016c70000,0x0000000016d70000)]

Stack: [0x0000000016c70000,0x0000000016d70000]
[error occurred during error reporting (printing stack bounds), id 0xc0000005]

Native frames: (J=compiled Java code, j=interpreted, Vv=VM code, C=native code)


Current CompileTask:
C2:   7260 1543       4       com.android.dx.ssa.SsaBasicBlock::newFromRop (183 bytes)


---------------  P R O C E S S  ---------------

Java Threads: ( => current thread )
  0x0000000016940000 JavaThread "pool-1-thread-4" [_thread_blocked, id=8864, stack(0x0000000017a80000,0x0000000017b80000)]
  0x000000001693e800 JavaThread "pool-1-thread-3" [_thread_blocked, id=8492, stack(0x0000000017920000,0x0000000017a20000)]
  0x0000000016942800 JavaThread "pool-1-thread-2" [_thread_blocked, id=8772, stack(0x0000000017740000,0x0000000017840000)]
  0x0000000016941800 JavaThread "pool-2-thread-1" [_thread_blocked, id=8712, stack(0x00000000175a0000,0x00000000176a0000)]
  0x0000000016924800 JavaThread "pool-1-thread-1" [_thread_blocked, id=8996, stack(0x00000000171f0000,0x00000000172f0000)]
  0x0000000016696000 JavaThread "Service Thread" daemon [_thread_blocked, id=8956, stack(0x00000000170b0000,0x00000000171b0000)]
  0x0000000016687000 JavaThread "C1 CompilerThread2" daemon [_thread_blocked, id=8928, stack(0x0000000016ee0000,0x0000000016fe0000)]
=>0x0000000016686000 JavaThread "C2 CompilerThread1" daemon [_thread_in_native, id=7532, stack(0x0000000016c70000,0x0000000016d70000)]
  0x000000001508c000 JavaThread "C2 CompilerThread0" daemon [_thread_in_native, id=6676, stack(0x0000000016d90000,0x0000000016e90000)]
  0x000000001667b000 JavaThread "Attach Listener" daemon [_thread_blocked, id=6256, stack(0x0000000016b20000,0x0000000016c20000)]
  0x0000000016678800 JavaThread "Signal Dispatcher" daemon [_thread_blocked, id=4068, stack(0x0000000016430000,0x0000000016530000)]
  0x000000001506a000 JavaThread "Finalizer" daemon [_thread_blocked, id=4308, stack(0x0000000016570000,0x0000000016670000)]
  0x0000000015022000 JavaThread "Reference Handler" daemon [_thread_blocked, id=8316, stack(0x0000000016320000,0x0000000016420000)]
  0x00000000001fe000 JavaThread "main" [_thread_blocked, id=8228, stack(0x0000000002560000,0x0000000002660000)]

Other Threads:
  0x000000001501a000 VMThread [stack: 0x0000000016150000,0x0000000016250000] [id=7992]
  0x00000000166fb000 WatcherThread [stack: 0x0000000017300000,0x0000000017400000] [id=2100]

VM state:not at safepoint (normal execution)

VM Mutex/Monitor currently owned by a thread: None

Heap:
 PSYoungGen      total 38400K, used 26928K [0x00000000eab00000, 0x00000000ef600000, 0x0000000100000000)
  eden space 33280K, 65% used [0x00000000eab00000,0x00000000ec050dd0,0x00000000ecb80000)
  from space 5120K, 99% used [0x00000000ecb80000,0x00000000ed07b328,0x00000000ed080000)
  to   space 5120K, 0% used [0x00000000ef100000,0x00000000ef100000,0x00000000ef600000)
 ParOldGen       total 87552K, used 1111K [0x00000000c0000000, 0x00000000c5580000, 0x00000000eab00000)
  object space 87552K, 1% used [0x00000000c0000000,0x00000000c0115cd0,0x00000000c5580000)
 Metaspace       used 6069K, capacity 7088K, committed 7296K, reserved 1056768K
  class space    used 591K, capacity 616K, committed 640K, reserved 1048576K

Card table byte_map: [0x0000000011ad0000,0x0000000011ce0000] byte_map_base: 0x00000000114d0000

Marking Bits: (ParMarkBitMap*) 0x00000000521ba6c0
 Begin Bits: [0x0000000012490000, 0x0000000013490000)
 End Bits:   [0x0000000013490000, 0x0000000014490000)

Polling page: 0x0000000000240000

CodeCache: size=245760Kb used=6629Kb max_used=6650Kb free=239130Kb
 bounds [0x0000000002710000, 0x0000000002da0000, 0x0000000011710000]
 total_blobs=1805 nmethods=1540 adapters=178
 compilation: enabled

Compilation events (10 events):
Event: 7.164 Thread 0x0000000016687000 1540       3       com.android.dx.rop.code.RegisterSpecSet::mutableCopy (57 bytes)
Event: 7.165 Thread 0x0000000016687000 nmethod 1540 0x0000000002d827d0 code [0x0000000002d82980, 0x0000000002d82f48]
Event: 7.165 Thread 0x0000000016687000 1539       3       com.android.dx.rop.code.RegisterSpecSet::<init> (27 bytes)
Event: 7.165 Thread 0x0000000016687000 nmethod 1539 0x0000000002d65710 code [0x0000000002d65880, 0x0000000002d65b90]
Event: 7.233 Thread 0x0000000016686000 nmethod 1537 0x0000000002d8d590 code [0x0000000002d8d920, 0x0000000002d912d0]
Event: 7.237 Thread 0x0000000016687000 1541       3       com.android.dx.rop.cst.CstString::<init> (42 bytes)
Event: 7.237 Thread 0x0000000016687000 nmethod 1541 0x0000000002d81dd0 code [0x0000000002d81fa0, 0x0000000002d82538]
Event: 7.237 Thread 0x0000000016687000 1542       3       com.android.dx.rop.type.StdTypeList::getWordCount (33 bytes)
Event: 7.237 Thread 0x0000000016687000 nmethod 1542 0x0000000002d8cb90 code [0x0000000002d8cd20, 0x0000000002d8d358]
Event: 7.240 Thread 0x0000000016686000 1543       4       com.android.dx.ssa.SsaBasicBlock::newFromRop (183 bytes)

GC Heap History (2 events):
Event: 4.209 GC heap before
{Heap before GC invocations=1 (full 0):
 PSYoungGen      total 38400K, used 33280K [0x00000000eab00000, 0x00000000ed580000, 0x0000000100000000)
  eden space 33280K, 100% used [0x00000000eab00000,0x00000000ecb80000,0x00000000ecb80000)
  from space 5120K, 0% used [0x00000000ed080000,0x00000000ed080000,0x00000000ed580000)
  to   space 5120K, 0% used [0x00000000ecb80000,0x00000000ecb80000,0x00000000ed080000)
 ParOldGen       total 87552K, used 0K [0x00000000c0000000, 0x00000000c5580000, 0x00000000eab00000)
  object space 87552K, 0% used [0x00000000c0000000,0x00000000c0000000,0x00000000c5580000)
 Metaspace       used 5928K, capacity 6960K, committed 7040K, reserved 1056768K
  class space    used 589K, capacity 616K, committed 640K, reserved 1048576K
Event: 5.204 GC heap after
Heap after GC invocations=1 (full 0):
 PSYoungGen      total 38400K, used 5100K [0x00000000eab00000, 0x00000000ef600000, 0x0000000100000000)
  eden space 33280K, 0% used [0x00000000eab00000,0x00000000eab00000,0x00000000ecb80000)
  from space 5120K, 99% used [0x00000000ecb80000,0x00000000ed07b328,0x00000000ed080000)
  to   space 5120K, 0% used [0x00000000ef100000,0x00000000ef100000,0x00000000ef600000)
 ParOldGen       total 87552K, used 1111K [0x00000000c0000000, 0x00000000c5580000, 0x00000000eab00000)
  object space 87552K, 1% used [0x00000000c0000000,0x00000000c0115cd0,0x00000000c5580000)
 Metaspace       used 5928K, capacity 6960K, committed 7040K, reserved 1056768K
  class space    used 589K, capacity 616K, committed 640K, reserved 1048576K
}

Deoptimization events (10 events):
Event: 2.575 Thread 0x0000000016940000 Uncommon trap: reason=unstable_if action=reinterpret pc=0x0000000002996b24 method=java.util.BitSet.ensureCapacity(I)V @ 6
Event: 2.576 Thread 0x0000000016940000 Uncommon trap: reason=unstable_if action=reinterpret pc=0x0000000002943e20 method=java.util.BitSet.nextSetBit(I)I @ 87
Event: 2.578 Thread 0x0000000016940000 Uncommon trap: reason=unstable_if action=reinterpret pc=0x00000000029d0104 method=com.android.dx.rop.cst.Constant.compareTo(Lcom/android/dx/rop/cst/Constant;)I @ 12
Event: 2.578 Thread 0x0000000016940000 Uncommon trap: reason=unstable_if action=reinterpret pc=0x0000000002b0886c method=com.android.dx.ssa.SsaMethod.onSourcesChanged(Lcom/android/dx/ssa/SsaInsn;Lcom/android/dx/rop/code/RegisterSpecList;)V @ 4
Event: 5.211 Thread 0x000000001693e800 Uncommon trap: reason=unstable_if action=reinterpret pc=0x0000000002c07e5c method=com.android.dx.ssa.SCCP.simulateBranch(Lcom/android/dx/ssa/SsaInsn;)V @ 107
Event: 5.213 Thread 0x000000001693e800 Uncommon trap: reason=null_check action=make_not_entrant pc=0x0000000002a21b7c method=com.android.dx.ssa.SsaRenamer.getLocalForNewReg(I)Lcom/android/dx/rop/code/LocalItem; @ 19
Event: 6.599 Thread 0x0000000016924800 Uncommon trap: reason=unstable_if action=reinterpret pc=0x0000000002c5c2b8 method=com.android.dx.ssa.LiteralOpUpgrader$1.visitNonMoveInsn(Lcom/android/dx/ssa/NormalSsaInsn;)V @ 151
Event: 6.626 Thread 0x0000000016924800 Uncommon trap: reason=null_check action=make_not_entrant pc=0x0000000002b1c9d8 method=com.android.dx.rop.type.Type.equals(Ljava/lang/Object;)Z @ 8
Event: 7.007 Thread 0x0000000016940000 Uncommon trap: reason=unstable_if action=reinterpret pc=0x0000000002d6c1f8 method=com.android.dx.rop.code.RegisterSpecSet.<init>(I)V @ 2
Event: 7.007 Thread 0x0000000016940000 Uncommon trap: reason=unstable_if action=reinterpret pc=0x0000000002b98f68 method=com.android.dx.rop.code.RegisterSpecSet.<init>(I)V @ 2

Internal exceptions (4 events):
Event: 0.185 Thread 0x00000000001fe000 Exception <a 'java/lang/NoSuchMethodError': Method sun.misc.Unsafe.defineClass(Ljava/lang/String;[BII)Ljava/lang/Class; name or signature does not match> (0x00000000eab07c78) thrown at [C:\re\workspace\8-2-build-windows-amd64-cygwin\jdk8u102\7268\hotspot\sO2Ub¬Ç?
Event: 0.185 Thread 0x00000000001fe000 Exception <a 'java/lang/NoSuchMethodError': Method sun.misc.Unsafe.prefetchRead(Ljava/lang/Object;J)V name or signature does not match> (0x00000000eab07f60) thrown at [C:\re\workspace\8-2-build-windows-amd64-cygwin\jdk8u102\7268\hotspot\src\share\vm\prims\ZÄÄBÚ@
Event: 5.213 Thread 0x000000001693e800 Implicit null exception at 0x0000000002a2029b to 0x0000000002a21b31
Event: 6.626 Thread 0x0000000016924800 Implicit null exception at 0x0000000002b1c8d2 to 0x0000000002b1c9ca

Events (10 events):
Event: 6.626 Thread 0x0000000016924800 DEOPT PACKING pc=0x0000000002b1c9d8 sp=0x00000000172ee0c0
Event: 6.626 Thread 0x0000000016924800 DEOPT UNPACKING pc=0x000000000275582a sp=0x00000000172ee048 mode 2
Event: 6.957 loading class com/android/dx/cf/code/SwitchList
Event: 6.957 loading class com/android/dx/cf/code/SwitchList done
Event: 7.007 Thread 0x0000000016940000 Uncommon trap: trap_request=0xffffff65 fr.pc=0x0000000002d6c1f8
Event: 7.007 Thread 0x0000000016940000 DEOPT PACKING pc=0x0000000002d6c1f8 sp=0x0000000017b7ecf0
Event: 7.007 Thread 0x0000000016940000 DEOPT UNPACKING pc=0x000000000275582a sp=0x0000000017b7ec90 mode 2
Event: 7.007 Thread 0x0000000016940000 Uncommon trap: trap_request=0xffffff65 fr.pc=0x0000000002b98f68
Event: 7.007 Thread 0x0000000016940000 DEOPT PACKING pc=0x0000000002b98f68 sp=0x0000000017b7eda0
Event: 7.007 Thread 0x0000000016940000 DEOPT UNPACKING pc=0x000000000275582a sp=0x0000000017b7ecd0 mode 2


Dynamic libraries:
0x000000013f5f0000 - 0x000000013f627000 	D:\JAVA\jdk1.8\bin\java.exe
0x0000000077130000 - 0x00000000772da000 	C:\Windows\SYSTEM32\ntdll.dll
0x0000000076f10000 - 0x000000007702f000 	C:\Windows\system32\kernel32.dll
0x000007fefd300000 - 0x000007fefd36a000 	C:\Windows\system32\KERNELBASE.dll
0x000007fefd6e0000 - 0x000007fefd7bb000 	C:\Windows\system32\ADVAPI32.dll
0x000007fefe610000 - 0x000007fefe6af000 	C:\Windows\system32\msvcrt.dll
0x000007fefe380000 - 0x000007fefe39f000 	C:\Windows\SYSTEM32\sechost.dll
0x000007fefe4c0000 - 0x000007fefe5ed000 	C:\Windows\system32\RPCRT4.dll
0x0000000077030000 - 0x000000007712a000 	C:\Windows\system32\USER32.dll
0x000007fefe450000 - 0x000007fefe4b7000 	C:\Windows\system32\GDI32.dll
0x000007fefe180000 - 0x000007fefe18e000 	C:\Windows\system32\LPK.dll
0x000007fefe0b0000 - 0x000007fefe17a000 	C:\Windows\system32\USP10.dll
0x000007fefb8c0000 - 0x000007fefbab4000 	C:\Windows\WinSxS\amd64_microsoft.windows.common-controls_6595b64144ccf1df_6.0.7601.17514_none_fa396087175ac9ac\COMCTL32.dll
0x000007fefd480000 - 0x000007fefd4f1000 	C:\Windows\system32\SHLWAPI.dll
0x000007fefd450000 - 0x000007fefd47e000 	C:\Windows\system32\IMM32.DLL
0x000007fefe270000 - 0x000007fefe379000 	C:\Windows\system32\MSCTF.dll
0x0000000052240000 - 0x0000000052311000 	D:\JAVA\jdk1.8\jre\bin\msvcr100.dll
0x00000000519a0000 - 0x000000005223a000 	D:\JAVA\jdk1.8\jre\bin\server\jvm.dll
0x000007fefab00000 - 0x000007fefab09000 	C:\Windows\system32\WSOCK32.dll
0x000007fefdc50000 - 0x000007fefdc9d000 	C:\Windows\system32\WS2_32.dll
0x000007fefe3a0000 - 0x000007fefe3a8000 	C:\Windows\system32\NSI.dll
0x000007fefae20000 - 0x000007fefae5b000 	C:\Windows\system32\WINMM.dll
0x000007fefc1e0000 - 0x000007fefc1ec000 	C:\Windows\system32\VERSION.dll
0x0000000077300000 - 0x0000000077307000 	C:\Windows\system32\PSAPI.DLL
0x000000005d120000 - 0x000000005d12f000 	D:\JAVA\jdk1.8\jre\bin\verify.dll
0x000000005a1b0000 - 0x000000005a1d9000 	D:\JAVA\jdk1.8\jre\bin\java.dll
0x0000000058ea0000 - 0x0000000058eb6000 	D:\JAVA\jdk1.8\jre\bin\zip.dll
0x000007fefe6b0000 - 0x000007feff438000 	C:\Windows\system32\SHELL32.dll
0x000007fefdca0000 - 0x000007fefdea3000 	C:\Windows\system32\ole32.dll
0x000007fefd080000 - 0x000007fefd08f000 	C:\Windows\system32\profapi.dll

VM Arguments:
jvm_args: -Djava.awt.headless=true -Xmx1024M -Dfile.encoding=GBK -Duser.country=CN -Duser.language=zh -Duser.variant 
java_command: com.android.dx.command.Main --dex --num-threads=4 --output E:\svn\Peek2S\app\build\intermediates\pre-dexed\debug\internal_impl-24.2.1_68d74b18ee59fdf282f507255de0a3672673df3b.jar E:\svn\Peek2S\app\build\intermediates\exploded-aar\com.android.support\support-compat\24.2.1\jars\libs\internal_impl-24.2.1.jar
java_class_path (initial): D:\Sdk\build-tools\24.0.1\lib\dx.jar
Launcher Type: SUN_STANDARD

Environment Variables:
JAVA_HOME=D:\JAVA\jdk1.8
CLASSPATH=.;D:\JAVA\jdk1.8\lib;D:\JAVA\jdk1.8\lib\tools.jar
PATH=C:\ProgramData\Oracle\Java\javapath;C:\Windows\system32;C:\Windows;C:\Windows\System32\Wbem;C:\Windows\System32\WindowsPowerShell\v1.0\;C:\Program Files (x86)\Common Files\microsoft shared\TigerKin;D:\JAVA\jdk1.8\bin;D:\JAVA\jdk1.8\jre\bin;C:\Android;C:\Windows\System32;D:\program files\svn\bin;D:\JAVA\tomcat\lib;D:\JAVA\tomcat\bin;D:\JAVA\android-ndk-r10b;D:\JAVA\gradle-2.14.1\bin;D:\program files\Git\cmd
USERNAME=admin
OS=Windows_NT
PROCESSOR_IDENTIFIER=Intel64 Family 6 Model 94 Stepping 3, GenuineIntel



---------------  S Y S T E M  ---------------

OS: Windows 7 , 64 bit Build 7601 (6.1.7601.23677)

CPU:total 4 (2 cores per cpu, 2 threads per core) family 6 model 94 stepping 3, cmov, cx8, fxsr, mmx, sse, sse2, sse3, ssse3, sse4.1, sse4.2, popcnt, avx, avx2, aes, clmul, erms, 3dnowpref, lzcnt, ht, tsc, tscinvbit, bmi1, bmi2, adx

Memory: 4k page, physical 8266364k(995532k free), swap 9313080k(5356k free)

vm_info: Java HotSpot(TM) 64-Bit Server VM (25.102-b14) for windows-amd64 JRE (1.8.0_102-b14), built on Jun 22 2016 13:15:21 by "java_re" with MS VC++ 10.0 (VS2010)

time: Tue Sep 12 11:25:52 2017
elapsed time: 7 seconds (0d 0h 0m 7s)

