#
# There is insufficient memory for the Java Runtime Environment to continue.
# Native memory allocation (malloc) failed to allocate 499760 bytes for Chunk::new
# Possible reasons:
#   The system is out of physical RAM or swap space
#   In 32 bit mode, the process size limit was hit
# Possible solutions:
#   Reduce memory load on the system
#   Increase physical memory or swap space
#   Check if swap backing store is full
#   Use 64 bit Java on a 64 bit OS
#   Decrease Java heap size (-Xmx/-Xms)
#   Decrease number of Java threads
#   Decrease Java thread stack sizes (-Xss)
#   Set larger code cache with -XX:ReservedCodeCacheSize=
# This output file may be truncated or incomplete.
#
#  Out of Memory Error (allocation.cpp:390), pid=6172, tid=0x0000000000001bbc
#
# JRE version: Java(TM) SE Runtime Environment (8.0_102-b14) (build 1.8.0_102-b14)
# Java VM: Java HotSpot(TM) 64-Bit Server VM (25.102-b14 mixed mode windows-amd64 compressed oops)
# Failed to write core dump. Minidumps are not enabled by default on client versions of Windows
#

---------------  T H R E A D  ---------------

Current thread (0x000000005657b800):  JavaThread "C2 CompilerThread0" daemon [_thread_in_native, id=7100, stack(0x0000000056c90000,0x0000000056d90000)]

Stack: [0x0000000056c90000,0x0000000056d90000]
[error occurred during error reporting (printing stack bounds), id 0xc0000005]

Native frames: (J=compiled Java code, j=interpreted, Vv=VM code, C=native code)


Current CompileTask:
C2:   3556 1369       4       com.android.dx.ssa.LocalVariableExtractor::processBlock (383 bytes)


---------------  P R O C E S S  ---------------

Java Threads: ( => current thread )
  0x00000000568c4000 JavaThread "pool-1-thread-4" [_thread_blocked, id=8788, stack(0x00000000579e0000,0x0000000057ae0000)]
  0x00000000568a5000 JavaThread "pool-1-thread-3" [_thread_in_Java, id=6604, stack(0x0000000057830000,0x0000000057930000)]
  0x0000000056896000 JavaThread "pool-1-thread-2" [_thread_blocked, id=8396, stack(0x0000000057040000,0x0000000057140000)]
  0x00000000567d0800 JavaThread "pool-2-thread-1" [_thread_blocked, id=8980, stack(0x0000000057550000,0x0000000057650000)]
  0x00000000567cf000 JavaThread "pool-1-thread-1" [_thread_in_Java, id=3488, stack(0x0000000057430000,0x0000000057530000)]
  0x00000000565f7800 JavaThread "Service Thread" daemon [_thread_blocked, id=5928, stack(0x0000000056de0000,0x0000000056ee0000)]
  0x000000005658b000 JavaThread "C1 CompilerThread2" daemon [_thread_in_native, id=7648, stack(0x0000000057150000,0x0000000057250000)]
  0x0000000056586000 JavaThread "C2 CompilerThread1" daemon [_thread_in_native, id=7504, stack(0x0000000056f10000,0x0000000057010000)]
=>0x000000005657b800 JavaThread "C2 CompilerThread0" daemon [_thread_in_native, id=7100, stack(0x0000000056c90000,0x0000000056d90000)]
  0x000000005657a800 JavaThread "Attach Listener" daemon [_thread_blocked, id=4064, stack(0x0000000056b70000,0x0000000056c70000)]
  0x00000000552ad800 JavaThread "Signal Dispatcher" daemon [_thread_blocked, id=4788, stack(0x0000000056a70000,0x0000000056b70000)]
  0x000000005529a000 JavaThread "Finalizer" daemon [_thread_blocked, id=7496, stack(0x0000000056470000,0x0000000056570000)]
  0x0000000055251800 JavaThread "Reference Handler" daemon [_thread_blocked, id=7228, stack(0x00000000562f0000,0x00000000563f0000)]
  0x00000000026fe000 JavaThread "main" [_thread_blocked, id=8712, stack(0x00000000028c0000,0x00000000029c0000)]

Other Threads:
  0x000000005524a000 VMThread [stack: 0x0000000056130000,0x0000000056230000] [id=6140]
  0x0000000056619800 WatcherThread [stack: 0x00000000572b0000,0x00000000573b0000] [id=8908]

VM state:not at safepoint (normal execution)

VM Mutex/Monitor currently owned by a thread: None

Heap:
 PSYoungGen      total 71680K, used 26604K [0x00000000eab00000, 0x00000000ef600000, 0x0000000100000000)
  eden space 66560K, 32% used [0x00000000eab00000,0x00000000ec002d20,0x00000000eec00000)
  from space 5120K, 99% used [0x00000000ef100000,0x00000000ef5f8398,0x00000000ef600000)
  to   space 5120K, 0% used [0x00000000eec00000,0x00000000eec00000,0x00000000ef100000)
 ParOldGen       total 87552K, used 5952K [0x00000000c0000000, 0x00000000c5580000, 0x00000000eab00000)
  object space 87552K, 6% used [0x00000000c0000000,0x00000000c05d00e8,0x00000000c5580000)
 Metaspace       used 6138K, capacity 7028K, committed 7296K, reserved 1056768K
  class space    used 606K, capacity 620K, committed 640K, reserved 1048576K

Card table byte_map: [0x0000000011d80000,0x0000000011f90000] byte_map_base: 0x0000000011780000

Marking Bits: (ParMarkBitMap*) 0x000000007086a6c0
 Begin Bits: [0x00000000126c0000, 0x00000000136c0000)
 End Bits:   [0x00000000136c0000, 0x00000000146c0000)

Polling page: 0x0000000000430000

CodeCache: size=245760Kb used=5411Kb max_used=5411Kb free=240348Kb
 bounds [0x00000000029c0000, 0x0000000002f10000, 0x00000000119c0000]
 total_blobs=1692 nmethods=1421 adapters=184
 compilation: enabled

Compilation events (10 events):
Event: 3.550 Thread 0x000000005658b000 nmethod 1467 0x0000000002f0b810 code [0x0000000002f0b9a0, 0x0000000002f0bec8]
Event: 3.550 Thread 0x000000005658b000 1468       2       java.util.TreeMap::rotateRight (96 bytes)
Event: 3.550 Thread 0x000000005658b000 nmethod 1468 0x0000000002f0c1d0 code [0x0000000002f0c320, 0x0000000002f0c590]
Event: 3.550 Thread 0x000000005658b000 1466       2       com.android.dx.cf.code.BaseMachine::popArgs (137 bytes)
Event: 3.551 Thread 0x000000005658b000 nmethod 1466 0x0000000002f0c690 code [0x0000000002f0c940, 0x0000000002f0d288]
Event: 3.551 Thread 0x000000005658b000 1459       2       com.android.dx.ssa.SsaRenamer$1::<init> (10 bytes)
Event: 3.551 Thread 0x000000005658b000 nmethod 1459 0x0000000002f0dbd0 code [0x0000000002f0dd20, 0x0000000002f0de90]
Event: 3.551 Thread 0x000000005658b000 1460       2       com.android.dx.ssa.SsaMethod::setNewRegCount (18 bytes)
Event: 3.551 Thread 0x000000005658b000 nmethod 1460 0x0000000002f0df10 code [0x0000000002f0e060, 0x0000000002f0e1f0]
Event: 3.554 Thread 0x000000005658b000 1469 %     3       com.android.dx.ssa.Dominators::run @ 283 (506 bytes)

GC Heap History (4 events):
Event: 2.047 GC heap before
{Heap before GC invocations=1 (full 0):
 PSYoungGen      total 38400K, used 33280K [0x00000000eab00000, 0x00000000ed580000, 0x0000000100000000)
  eden space 33280K, 100% used [0x00000000eab00000,0x00000000ecb80000,0x00000000ecb80000)
  from space 5120K, 0% used [0x00000000ed080000,0x00000000ed080000,0x00000000ed580000)
  to   space 5120K, 0% used [0x00000000ecb80000,0x00000000ecb80000,0x00000000ed080000)
 ParOldGen       total 87552K, used 0K [0x00000000c0000000, 0x00000000c5580000, 0x00000000eab00000)
  object space 87552K, 0% used [0x00000000c0000000,0x00000000c0000000,0x00000000c5580000)
 Metaspace       used 5967K, capacity 6900K, committed 7040K, reserved 1056768K
  class space    used 606K, capacity 620K, committed 640K, reserved 1048576K
Event: 2.326 GC heap after
Heap after GC invocations=1 (full 0):
 PSYoungGen      total 38400K, used 5112K [0x00000000eab00000, 0x00000000ef600000, 0x0000000100000000)
  eden space 33280K, 0% used [0x00000000eab00000,0x00000000eab00000,0x00000000ecb80000)
  from space 5120K, 99% used [0x00000000ecb80000,0x00000000ed07e3b8,0x00000000ed080000)
  to   space 5120K, 0% used [0x00000000ef100000,0x00000000ef100000,0x00000000ef600000)
 ParOldGen       total 87552K, used 2207K [0x00000000c0000000, 0x00000000c5580000, 0x00000000eab00000)
  object space 87552K, 2% used [0x00000000c0000000,0x00000000c0227c50,0x00000000c5580000)
 Metaspace       used 5967K, capacity 6900K, committed 7040K, reserved 1056768K
  class space    used 606K, capacity 620K, committed 640K, reserved 1048576K
}
Event: 2.818 GC heap before
{Heap before GC invocations=2 (full 0):
 PSYoungGen      total 38400K, used 38392K [0x00000000eab00000, 0x00000000ef600000, 0x0000000100000000)
  eden space 33280K, 100% used [0x00000000eab00000,0x00000000ecb80000,0x00000000ecb80000)
  from space 5120K, 99% used [0x00000000ecb80000,0x00000000ed07e3b8,0x00000000ed080000)
  to   space 5120K, 0% used [0x00000000ef100000,0x00000000ef100000,0x00000000ef600000)
 ParOldGen       total 87552K, used 2207K [0x00000000c0000000, 0x00000000c5580000, 0x00000000eab00000)
  object space 87552K, 2% used [0x00000000c0000000,0x00000000c0227c50,0x00000000c5580000)
 Metaspace       used 6056K, capacity 6964K, committed 7040K, reserved 1056768K
  class space    used 606K, capacity 620K, committed 640K, reserved 1048576K
Event: 3.142 GC heap after
Heap after GC invocations=2 (full 0):
 PSYoungGen      total 71680K, used 5088K [0x00000000eab00000, 0x00000000ef600000, 0x0000000100000000)
  eden space 66560K, 0% used [0x00000000eab00000,0x00000000eab00000,0x00000000eec00000)
  from space 5120K, 99% used [0x00000000ef100000,0x00000000ef5f8398,0x00000000ef600000)
  to   space 5120K, 0% used [0x00000000eec00000,0x00000000eec00000,0x00000000ef100000)
 ParOldGen       total 87552K, used 5952K [0x00000000c0000000, 0x00000000c5580000, 0x00000000eab00000)
  object space 87552K, 6% used [0x00000000c0000000,0x00000000c05d00e8,0x00000000c5580000)
 Metaspace       used 6056K, capacity 6964K, committed 7040K, reserved 1056768K
  class space    used 606K, capacity 620K, committed 640K, reserved 1048576K
}

Deoptimization events (10 events):
Event: 1.760 Thread 0x00000000026fe000 Uncommon trap: reason=class_check action=maybe_recompile pc=0x0000000002cbb688 method=com.android.dx.ssa.NormalSsaInsn.accept(Lcom/android/dx/ssa/SsaInsn$Visitor;)V @ 9
Event: 1.833 Thread 0x00000000568a5000 Uncommon trap: reason=unstable_if action=reinterpret pc=0x0000000002c20414 method=java.util.HashMap.getNode(ILjava/lang/Object;)Ljava/util/HashMap$Node; @ 62
Event: 2.651 Thread 0x00000000568c4000 Uncommon trap: reason=unstable_if action=reinterpret pc=0x0000000002d90944 method=com.android.dx.ssa.SCCP.simulateStmt(Lcom/android/dx/ssa/SsaInsn;)V @ 59
Event: 2.660 Thread 0x00000000026fe000 Uncommon trap: reason=unloaded action=reinterpret pc=0x0000000002d6ada0 method=com.android.dx.cf.cst.ConstantPoolParser.parse0(ILjava/util/BitSet;)Lcom/android/dx/rop/cst/Constant; @ 176
Event: 2.668 Thread 0x00000000568a5000 Uncommon trap: reason=unstable_if action=reinterpret pc=0x0000000002cbf384 method=com.android.dx.rop.cst.Constant.compareTo(Lcom/android/dx/rop/cst/Constant;)I @ 12
Event: 3.334 Thread 0x0000000056896000 Uncommon trap: reason=null_check action=make_not_entrant pc=0x0000000002cdc834 method=com.android.dx.ssa.SsaRenamer.getLocalForNewReg(I)Lcom/android/dx/rop/code/LocalItem; @ 19
Event: 3.360 Thread 0x00000000568a5000 Uncommon trap: reason=unstable_if action=reinterpret pc=0x0000000002d0cdec method=com.android.dx.util.IntList.binarysearch(I)I @ 105
Event: 3.516 Thread 0x00000000568a5000 Uncommon trap: reason=unstable_if action=reinterpret pc=0x0000000002cea1b0 method=com.android.dx.rop.code.RegisterSpec.equals(ILcom/android/dx/rop/type/TypeBearer;Lcom/android/dx/rop/code/LocalItem;)Z @ 42
Event: 3.525 Thread 0x00000000568a5000 Uncommon trap: reason=bimorphic action=maybe_recompile pc=0x0000000002e06258 method=com.android.dx.cf.code.BytecodeArray.parseInstruction(ILcom/android/dx/cf/code/BytecodeArray$Visitor;)I @ 1501
Event: 3.526 Thread 0x00000000568a5000 Uncommon trap: reason=bimorphic action=maybe_recompile pc=0x0000000002e06258 method=com.android.dx.cf.code.BytecodeArray.parseInstruction(ILcom/android/dx/cf/code/BytecodeArray$Visitor;)I @ 1501

Internal exceptions (3 events):
Event: 0.159 Thread 0x00000000026fe000 Exception <a 'java/lang/NoSuchMethodError': Method sun.misc.Unsafe.defineClass(Ljava/lang/String;[BII)Ljava/lang/Class; name or signature does not match> (0x00000000eab07c78) thrown at [C:\re\workspace\8-2-build-windows-amd64-cygwin\jdk8u102\7268\hotspot\s6ë¬æí`Ä?
Event: 0.159 Thread 0x00000000026fe000 Exception <a 'java/lang/NoSuchMethodError': Method sun.misc.Unsafe.prefetchRead(Ljava/lang/Object;J)V name or signature does not match> (0x00000000eab07f60) thrown at [C:\re\workspace\8-2-build-windows-amd64-cygwin\jdk8u102\7268\hotspot\src\share\vm\prims\2Iãz¬
@
Event: 3.334 Thread 0x0000000056896000 Implicit null exception at 0x0000000002cdab85 to 0x0000000002cdc815

Events (10 events):
Event: 3.517 Thread 0x00000000568a5000 DEOPT PACKING pc=0x0000000002cea1b0 sp=0x000000005792e590
Event: 3.517 Thread 0x00000000568a5000 DEOPT UNPACKING pc=0x0000000002a0582a sp=0x000000005792e518 mode 2
Event: 3.525 Thread 0x00000000568a5000 Uncommon trap: trap_request=0xffffffc6 fr.pc=0x0000000002e06258
Event: 3.525 Thread 0x00000000568a5000 DEOPT PACKING pc=0x0000000002e06258 sp=0x000000005792e540
Event: 3.525 Thread 0x00000000568a5000 DEOPT UNPACKING pc=0x0000000002a0582a sp=0x000000005792e4e0 mode 2
Event: 3.526 Thread 0x00000000568a5000 Uncommon trap: trap_request=0xffffffc6 fr.pc=0x0000000002e06258
Event: 3.526 Thread 0x00000000568a5000 DEOPT PACKING pc=0x0000000002e06258 sp=0x000000005792e300
Event: 3.526 Thread 0x00000000568a5000 DEOPT UNPACKING pc=0x0000000002a0582a sp=0x000000005792e2a0 mode 2
Event: 3.543 Thread 0x00000000568a5000 DEOPT PACKING pc=0x0000000002df1797 sp=0x000000005792e550
Event: 3.543 Thread 0x00000000568a5000 DEOPT UNPACKING pc=0x0000000002a0787f sp=0x000000005792e318 mode 0


Dynamic libraries:
0x000000013f240000 - 0x000000013f277000 	D:\JAVA\jdk1.8\bin\java.exe
0x00000000772f0000 - 0x000000007749a000 	C:\Windows\SYSTEM32\ntdll.dll
0x00000000771d0000 - 0x00000000772ef000 	C:\Windows\system32\kernel32.dll
0x000007fefd560000 - 0x000007fefd5ca000 	C:\Windows\system32\KERNELBASE.dll
0x000007fefd940000 - 0x000007fefda1b000 	C:\Windows\system32\ADVAPI32.dll
0x000007fefe370000 - 0x000007fefe40f000 	C:\Windows\system32\msvcrt.dll
0x000007fefe430000 - 0x000007fefe44f000 	C:\Windows\SYSTEM32\sechost.dll
0x000007fefde00000 - 0x000007fefdf2d000 	C:\Windows\system32\RPCRT4.dll
0x00000000770d0000 - 0x00000000771ca000 	C:\Windows\system32\USER32.dll
0x000007feff4d0000 - 0x000007feff537000 	C:\Windows\system32\GDI32.dll
0x000007feff570000 - 0x000007feff57e000 	C:\Windows\system32\LPK.dll
0x000007fefdf80000 - 0x000007fefe04a000 	C:\Windows\system32\USP10.dll
0x000007fefbd10000 - 0x000007fefbf04000 	C:\Windows\WinSxS\amd64_microsoft.windows.common-controls_6595b64144ccf1df_6.0.7601.17514_none_fa396087175ac9ac\COMCTL32.dll
0x000007fefe450000 - 0x000007fefe4c1000 	C:\Windows\system32\SHLWAPI.dll
0x000007feff540000 - 0x000007feff56e000 	C:\Windows\system32\IMM32.DLL
0x000007fefe260000 - 0x000007fefe369000 	C:\Windows\system32\MSCTF.dll
0x0000000058860000 - 0x0000000058931000 	D:\JAVA\jdk1.8\jre\bin\msvcr100.dll
0x0000000070050000 - 0x00000000708ea000 	D:\JAVA\jdk1.8\jre\bin\server\jvm.dll
0x000007fef33e0000 - 0x000007fef33e9000 	C:\Windows\system32\WSOCK32.dll
0x000007fefdf30000 - 0x000007fefdf7d000 	C:\Windows\system32\WS2_32.dll
0x000007fefd610000 - 0x000007fefd618000 	C:\Windows\system32\NSI.dll
0x000007fefb110000 - 0x000007fefb14b000 	C:\Windows\system32\WINMM.dll
0x000007fefc3a0000 - 0x000007fefc3ac000 	C:\Windows\system32\VERSION.dll
0x00000000774b0000 - 0x00000000774b7000 	C:\Windows\system32\PSAPI.DLL
0x000000005a210000 - 0x000000005a21f000 	D:\JAVA\jdk1.8\jre\bin\verify.dll
0x000000005a1e0000 - 0x000000005a209000 	D:\JAVA\jdk1.8\jre\bin\java.dll
0x000000005a1c0000 - 0x000000005a1d6000 	D:\JAVA\jdk1.8\jre\bin\zip.dll
0x000007fefe610000 - 0x000007feff398000 	C:\Windows\system32\SHELL32.dll
0x000007fefe050000 - 0x000007fefe253000 	C:\Windows\system32\ole32.dll
0x000007fefd240000 - 0x000007fefd24f000 	C:\Windows\system32\profapi.dll

VM Arguments:
jvm_args: -Djava.awt.headless=true -Xmx1024M -Dfile.encoding=GBK -Duser.country=CN -Duser.language=zh -Duser.variant 
java_command: com.android.dx.command.Main --dex --num-threads=4 --output E:\svn\Peek2S\app\build\intermediates\pre-dexed\release\com.android.support-support-fragment-24.2.0_f255fee0025c9a6f621fc7e9ef6a793e68431dd3.jar E:\svn\Peek2S\app\build\intermediates\exploded-aar\com.android.support\support-fragment\24.2.0\jars\classes.jar
java_class_path (initial): D:\Sdk\build-tools\24.0.1\lib\dx.jar
Launcher Type: SUN_STANDARD

Environment Variables:



---------------  S Y S T E M  ---------------

OS: Windows 7 , 64 bit Build 7601 (6.1.7601.23677)

CPU:total 4 (2 cores per cpu, 2 threads per core) family 6 model 94 stepping 3, cmov, cx8, fxsr, mmx, sse, sse2, sse3, ssse3, sse4.1, sse4.2, popcnt, avx, avx2, aes, clmul, erms, 3dnowpref, lzcnt, ht, tsc, tscinvbit, bmi1, bmi2, adx

Memory: 4k page, physical 8266364k(1003624k free), swap 9313080k(5028k free)

vm_info: Java HotSpot(TM) 64-Bit Server VM (25.102-b14) for windows-amd64 JRE (1.8.0_102-b14), built on Jun 22 2016 13:15:21 by "java_re" with MS VC++ 10.0 (VS2010)

time: Mon Jul 24 18:10:49 2017
elapsed time: 3 seconds (0d 0h 0m 3s)

