#
# There is insufficient memory for the Java Runtime Environment to continue.
# Native memory allocation (malloc) failed to allocate 275696 bytes for Chunk::new
# Possible reasons:
#   The system is out of physical RAM or swap space
#   In 32 bit mode, the process size limit was hit
# Possible solutions:
#   Reduce memory load on the system
#   Increase physical memory or swap space
#   Check if swap backing store is full
#   Use 64 bit Java on a 64 bit OS
#   Decrease Java heap size (-Xmx/-Xms)
#   Decrease number of Java threads
#   Decrease Java thread stack sizes (-Xss)
#   Set larger code cache with -XX:ReservedCodeCacheSize=
# This output file may be truncated or incomplete.
#
#  Out of Memory Error (allocation.cpp:390), pid=6432, tid=0x00000000000011ac
#
# JRE version: Java(TM) SE Runtime Environment (8.0_102-b14) (build 1.8.0_102-b14)
# Java VM: Java HotSpot(TM) 64-Bit Server VM (25.102-b14 mixed mode windows-amd64 compressed oops)
# Failed to write core dump. Minidumps are not enabled by default on client versions of Windows
#

---------------  T H R E A D  ---------------

Current thread (0x000000001681a000):  JavaThread "C2 CompilerThread1" daemon [_thread_in_native, id=4524, stack(0x0000000017010000,0x0000000017110000)]

Stack: [0x0000000017010000,0x0000000017110000]
[error occurred during error reporting (printing stack bounds), id 0xc0000005]

Native frames: (J=compiled Java code, j=interpreted, Vv=VM code, C=native code)


Current CompileTask:
C2:   2791 1109   !   4       com.android.dx.cf.code.BytecodeArray::parseInstruction (2764 bytes)


---------------  P R O C E S S  ---------------

Java Threads: ( => current thread )
  0x0000000016b79800 JavaThread "pool-1-thread-4" [_thread_blocked, id=6536, stack(0x0000000017c60000,0x0000000017d60000)]
  0x0000000016a7a000 JavaThread "pool-1-thread-3" [_thread_blocked, id=6844, stack(0x0000000017a90000,0x0000000017b90000)]
  0x0000000016a92800 JavaThread "pool-1-thread-2" [_thread_blocked, id=7248, stack(0x00000000178e0000,0x00000000179e0000)]
  0x00000000169b3800 JavaThread "pool-2-thread-1" [_thread_blocked, id=7604, stack(0x0000000017730000,0x0000000017830000)]
  0x00000000169b0800 JavaThread "pool-1-thread-1" [_thread_blocked, id=7640, stack(0x0000000016da0000,0x0000000016ea0000)]
  0x000000001689f800 JavaThread "Service Thread" daemon [_thread_blocked, id=5864, stack(0x00000000173d0000,0x00000000174d0000)]
  0x000000001681b000 JavaThread "C1 CompilerThread2" daemon [_thread_blocked, id=6848, stack(0x00000000171a0000,0x00000000172a0000)]
=>0x000000001681a000 JavaThread "C2 CompilerThread1" daemon [_thread_in_native, id=4524, stack(0x0000000017010000,0x0000000017110000)]
  0x000000001524d800 JavaThread "C2 CompilerThread0" daemon [_thread_blocked, id=376, stack(0x0000000016ee0000,0x0000000016fe0000)]
  0x0000000016809800 JavaThread "Attach Listener" daemon [_thread_blocked, id=1376, stack(0x0000000016c50000,0x0000000016d50000)]
  0x0000000016808800 JavaThread "Signal Dispatcher" daemon [_thread_blocked, id=7160, stack(0x0000000016350000,0x0000000016450000)]
  0x0000000015229800 JavaThread "Finalizer" daemon [_thread_blocked, id=920, stack(0x0000000016700000,0x0000000016800000)]
  0x00000000151e1800 JavaThread "Reference Handler" daemon [_thread_blocked, id=8016, stack(0x0000000016510000,0x0000000016610000)]
  0x00000000002de000 JavaThread "main" [_thread_in_native, id=5724, stack(0x00000000027a0000,0x00000000028a0000)]

Other Threads:
  0x00000000151da000 VMThread [stack: 0x0000000016240000,0x0000000016340000] [id=2124]
  0x00000000168a3800 WatcherThread [stack: 0x00000000174e0000,0x00000000175e0000] [id=2744]

VM state:not at safepoint (normal execution)

VM Mutex/Monitor currently owned by a thread: None

Heap:
 PSYoungGen      total 38400K, used 25295K [0x00000000eab00000, 0x00000000ed580000, 0x0000000100000000)
  eden space 33280K, 76% used [0x00000000eab00000,0x00000000ec3b3ea0,0x00000000ecb80000)
  from space 5120K, 0% used [0x00000000ed080000,0x00000000ed080000,0x00000000ed580000)
  to   space 5120K, 0% used [0x00000000ecb80000,0x00000000ecb80000,0x00000000ed080000)
 ParOldGen       total 87552K, used 0K [0x00000000c0000000, 0x00000000c5580000, 0x00000000eab00000)
  object space 87552K, 0% used [0x00000000c0000000,0x00000000c0000000,0x00000000c5580000)
 Metaspace       used 5801K, capacity 6896K, committed 7040K, reserved 1056768K
  class space    used 584K, capacity 616K, committed 640K, reserved 1048576K

Card table byte_map: [0x0000000011c60000,0x0000000011e70000] byte_map_base: 0x0000000011660000

Marking Bits: (ParMarkBitMap*) 0x0000000051dca6c0
 Begin Bits: [0x0000000012650000, 0x0000000013650000)
 End Bits:   [0x0000000013650000, 0x0000000014650000)

Polling page: 0x0000000000130000

CodeCache: size=245760Kb used=4554Kb max_used=4563Kb free=241205Kb
 bounds [0x00000000028a0000, 0x0000000002d20000, 0x00000000118a0000]
 total_blobs=1409 nmethods=1145 adapters=177
 compilation: enabled

Compilation events (10 events):
Event: 2.788 Thread 0x000000001681b000 1142       1       com.android.dx.cf.code.RopperMachine::getReturnPosition (5 bytes)
Event: 2.788 Thread 0x000000001681b000 nmethod 1142 0x0000000002d13490 code [0x0000000002d135e0, 0x0000000002d136f0]
Event: 2.788 Thread 0x000000001681b000 1143       1       com.android.dx.rop.code.Rop::getSources (5 bytes)
Event: 2.788 Thread 0x000000001681b000 nmethod 1143 0x0000000002d131d0 code [0x0000000002d13320, 0x0000000002d13430]
Event: 2.788 Thread 0x000000001681b000 1145       1       com.android.dx.rop.code.DexTranslationAdvice::getMaxOptimalRegisterCount (3 bytes)
Event: 2.788 Thread 0x000000001681b000 nmethod 1145 0x0000000002d15bd0 code [0x0000000002d15d20, 0x0000000002d15e30]
Event: 2.788 Thread 0x000000001524d800 1144       4       java.lang.String::getChars (62 bytes)
Event: 2.789 Thread 0x000000001524d800 nmethod 1144 0x0000000002d18c10 code [0x0000000002d18d60, 0x0000000002d18eb8]
Event: 2.789 Thread 0x000000001681b000 1146       3       java.util.concurrent.locks.ReentrantLock::unlock (10 bytes)
Event: 2.789 Thread 0x000000001681b000 nmethod 1146 0x0000000002d18550 code [0x0000000002d186e0, 0x0000000002d18ad8]

GC Heap History (0 events):
No events

Deoptimization events (10 events):
Event: 2.646 Thread 0x0000000016b79800 Uncommon trap: reason=class_check action=maybe_recompile pc=0x0000000002b57920 method=com.android.dx.ssa.NormalSsaInsn.accept(Lcom/android/dx/ssa/SsaInsn$Visitor;)V @ 9
Event: 2.646 Thread 0x0000000016b79800 Uncommon trap: reason=class_check action=maybe_recompile pc=0x0000000002b57920 method=com.android.dx.ssa.NormalSsaInsn.accept(Lcom/android/dx/ssa/SsaInsn$Visitor;)V @ 9
Event: 2.646 Thread 0x0000000016b79800 Uncommon trap: reason=class_check action=maybe_recompile pc=0x0000000002bda1c0 method=com.android.dx.ssa.NormalSsaInsn.accept(Lcom/android/dx/ssa/SsaInsn$Visitor;)V @ 9
Event: 2.646 Thread 0x0000000016b79800 Uncommon trap: reason=class_check action=maybe_recompile pc=0x0000000002b57920 method=com.android.dx.ssa.NormalSsaInsn.accept(Lcom/android/dx/ssa/SsaInsn$Visitor;)V @ 9
Event: 2.660 Thread 0x0000000016b79800 Uncommon trap: reason=bimorphic action=maybe_recompile pc=0x0000000002c93688 method=java.util.HashMap.putVal(ILjava/lang/Object;Ljava/lang/Object;ZZ)Ljava/lang/Object; @ 91
Event: 2.661 Thread 0x0000000016b79800 Uncommon trap: reason=bimorphic action=maybe_recompile pc=0x0000000002b07a18 method=java.util.HashMap.getNode(ILjava/lang/Object;)Ljava/util/HashMap$Node; @ 126
Event: 2.661 Thread 0x0000000016b79800 Uncommon trap: reason=bimorphic action=maybe_recompile pc=0x0000000002b07a18 method=java.util.HashMap.getNode(ILjava/lang/Object;)Ljava/util/HashMap$Node; @ 126
Event: 2.661 Thread 0x0000000016b79800 Uncommon trap: reason=bimorphic action=maybe_recompile pc=0x0000000002b07a18 method=java.util.HashMap.getNode(ILjava/lang/Object;)Ljava/util/HashMap$Node; @ 126
Event: 2.664 Thread 0x0000000016b79800 Uncommon trap: reason=null_check action=make_not_entrant pc=0x0000000002bd9318 method=com.android.dx.rop.type.Type.equals(Ljava/lang/Object;)Z @ 8
Event: 2.786 Thread 0x00000000169b0800 Uncommon trap: reason=unstable_if action=reinterpret pc=0x0000000002c9cff0 method=com.android.dx.ssa.SsaRenamer$BlockRenamer.addMapping(ILcom/android/dx/rop/code/RegisterSpec;)V @ 120

Internal exceptions (3 events):
Event: 0.113 Thread 0x00000000002de000 Exception <a 'java/lang/NoSuchMethodError': Method sun.misc.Unsafe.defineClass(Ljava/lang/String;[BII)Ljava/lang/Class; name or signature does not match> (0x00000000eab07c78) thrown at [C:\re\workspace\8-2-build-windows-amd64-cygwin\jdk8u102\7268\hotspot\s„Ã—ì½?
Event: 0.113 Thread 0x00000000002de000 Exception <a 'java/lang/NoSuchMethodError': Method sun.misc.Unsafe.prefetchRead(Ljava/lang/Object;J)V name or signature does not match> (0x00000000eab07f60) thrown at [C:\re\workspace\8-2-build-windows-amd64-cygwin\jdk8u102\7268\hotspot\src\share\vm\prims\w_9
Event: 2.664 Thread 0x0000000016b79800 Implicit null exception at 0x0000000002bd9212 to 0x0000000002bd930a

Events (10 events):
Event: 2.664 Thread 0x0000000016b79800 Uncommon trap: trap_request=0xfffffff4 fr.pc=0x0000000002bd9318
Event: 2.664 Thread 0x0000000016b79800 DEOPT PACKING pc=0x0000000002bd9318 sp=0x0000000017d5e3b0
Event: 2.664 Thread 0x0000000016b79800 DEOPT UNPACKING pc=0x00000000028e582a sp=0x0000000017d5e348 mode 2
Event: 2.753 loading class com/android/dx/cf/attrib/AttExceptions
Event: 2.753 loading class com/android/dx/cf/attrib/AttExceptions done
Event: 2.757 loading class com/android/dx/dex/file/MethodAnnotationStruct
Event: 2.757 loading class com/android/dx/dex/file/MethodAnnotationStruct done
Event: 2.786 Thread 0x00000000169b0800 Uncommon trap: trap_request=0xffffff65 fr.pc=0x0000000002c9cff0
Event: 2.786 Thread 0x00000000169b0800 DEOPT PACKING pc=0x0000000002c9cff0 sp=0x0000000016e9e5d0
Event: 2.786 Thread 0x00000000169b0800 DEOPT UNPACKING pc=0x00000000028e582a sp=0x0000000016e9e560 mode 2


Dynamic libraries:
0x000000013f540000 - 0x000000013f577000 	D:\JAVA\jdk1.8\bin\java.exe
0x0000000077660000 - 0x0000000077809000 	C:\Windows\SYSTEM32\ntdll.dll
0x0000000077540000 - 0x000000007765f000 	C:\Windows\system32\kernel32.dll
0x000007fefd830000 - 0x000007fefd89b000 	C:\Windows\system32\KERNELBASE.dll
0x000007feff650000 - 0x000007feff72b000 	C:\Windows\system32\ADVAPI32.dll
0x000007feff3a0000 - 0x000007feff43f000 	C:\Windows\system32\msvcrt.dll
0x000007fefdb30000 - 0x000007fefdb4f000 	C:\Windows\SYSTEM32\sechost.dll
0x000007fefefd0000 - 0x000007feff0fd000 	C:\Windows\system32\RPCRT4.dll
0x0000000077440000 - 0x000000007753a000 	C:\Windows\system32\USER32.dll
0x000007fefeb30000 - 0x000007fefeb97000 	C:\Windows\system32\GDI32.dll
0x000007feff380000 - 0x000007feff38e000 	C:\Windows\system32\LPK.dll
0x000007fefd980000 - 0x000007fefda49000 	C:\Windows\system32\USP10.dll
0x000007fefbb90000 - 0x000007fefbd84000 	C:\Windows\WinSxS\amd64_microsoft.windows.common-controls_6595b64144ccf1df_6.0.7601.17514_none_fa396087175ac9ac\COMCTL32.dll
0x000007fefea10000 - 0x000007fefea81000 	C:\Windows\system32\SHLWAPI.dll
0x000007feff440000 - 0x000007feff46e000 	C:\Windows\system32\IMM32.DLL
0x000007feff470000 - 0x000007feff579000 	C:\Windows\system32\MSCTF.dll
0x0000000053010000 - 0x00000000530e1000 	D:\JAVA\jdk1.8\jre\bin\msvcr100.dll
0x00000000515b0000 - 0x0000000051e4a000 	D:\JAVA\jdk1.8\jre\bin\server\jvm.dll
0x000007feeed90000 - 0x000007feeed99000 	C:\Windows\system32\WSOCK32.dll
0x000007feff600000 - 0x000007feff64d000 	C:\Windows\system32\WS2_32.dll
0x000007feff390000 - 0x000007feff398000 	C:\Windows\system32\NSI.dll
0x000007fefae60000 - 0x000007fefae9b000 	C:\Windows\system32\WINMM.dll
0x000007fefc6f0000 - 0x000007fefc6fc000 	C:\Windows\system32\VERSION.dll
0x0000000077820000 - 0x0000000077827000 	C:\Windows\system32\PSAPI.DLL
0x000000005c500000 - 0x000000005c50f000 	D:\JAVA\jdk1.8\jre\bin\verify.dll
0x000000005c4d0000 - 0x000000005c4f9000 	D:\JAVA\jdk1.8\jre\bin\java.dll
0x0000000056640000 - 0x0000000056656000 	D:\JAVA\jdk1.8\jre\bin\zip.dll
0x000007fefdb50000 - 0x000007fefe8d8000 	C:\Windows\system32\SHELL32.dll
0x000007fefec40000 - 0x000007fefee43000 	C:\Windows\system32\ole32.dll
0x000007fefd5b0000 - 0x000007fefd5bf000 	C:\Windows\system32\profapi.dll

VM Arguments:
jvm_args: -Djava.awt.headless=true -Xmx1024M -Dfile.encoding=GBK -Duser.country=CN -Duser.language=zh -Duser.variant 
java_command: com.android.dx.command.Main --dex --num-threads=4 --output E:\StudioWorkSpace\BmwPeek2\app\build\intermediates\pre-dexed\debug\debug_d5a76aacf7b65253730e1c8336f8fa36435a8271.jar E:\StudioWorkSpace\BmwPeek2\app\build\intermediates\classes\debug
java_class_path (initial): D:\Sdk\build-tools\24.0.1\lib\dx.jar
Launcher Type: SUN_STANDARD

Environment Variables:
JAVA_HOME=D:\JAVA\jdk1.8
CLASSPATH=.;D:\JAVA\jdk1.8\lib;D:\JAVA\jdk1.8\lib\tools.jar
PATH=C:\ProgramData\Oracle\Java\javapath;C:\Windows\system32;C:\Windows;C:\Windows\System32\Wbem;C:\Windows\System32\WindowsPowerShell\v1.0\;C:\Program Files (x86)\Common Files\microsoft shared\TigerKin;D:\JAVA\jdk1.8\bin;D:\JAVA\jdk1.8\jre\bin;C:\Android;C:\Windows\System32;D:\program files\svn\bin
USERNAME=admin
OS=Windows_NT
PROCESSOR_IDENTIFIER=Intel64 Family 6 Model 94 Stepping 3, GenuineIntel



---------------  S Y S T E M  ---------------

OS: Windows 7 , 64 bit Build 7601 (6.1.7601.17514)

CPU:total 4 (2 cores per cpu, 2 threads per core) family 6 model 94 stepping 3, cmov, cx8, fxsr, mmx, sse, sse2, sse3, ssse3, sse4.1, sse4.2, popcnt, avx, avx2, aes, clmul, erms, 3dnowpref, lzcnt, ht, tsc, tscinvbit, bmi1, bmi2, adx

Memory: 4k page, physical 8266364k(897044k free), swap 9313096k(5184k free)

vm_info: Java HotSpot(TM) 64-Bit Server VM (25.102-b14) for windows-amd64 JRE (1.8.0_102-b14), built on Jun 22 2016 13:15:21 by "java_re" with MS VC++ 10.0 (VS2010)

time: Fri Sep 02 15:49:02 2016
elapsed time: 2 seconds (0d 0h 0m 2s)

