#
# There is insufficient memory for the Java Runtime Environment to continue.
# Native memory allocation (malloc) failed to allocate 985456 bytes for Chunk::new
# Possible reasons:
#   The system is out of physical RAM or swap space
#   In 32 bit mode, the process size limit was hit
# Possible solutions:
#   Reduce memory load on the system
#   Increase physical memory or swap space
#   Check if swap backing store is full
#   Use 64 bit Java on a 64 bit OS
#   Decrease Java heap size (-Xmx/-Xms)
#   Decrease number of Java threads
#   Decrease Java thread stack sizes (-Xss)
#   Set larger code cache with -XX:ReservedCodeCacheSize=
# This output file may be truncated or incomplete.
#
#  Out of Memory Error (allocation.cpp:390), pid=7328, tid=0x0000000000002220
#
# JRE version: Java(TM) SE Runtime Environment (8.0_102-b14) (build 1.8.0_102-b14)
# Java VM: Java HotSpot(TM) 64-Bit Server VM (25.102-b14 mixed mode windows-amd64 compressed oops)
# Failed to write core dump. Minidumps are not enabled by default on client versions of Windows
#

---------------  T H R E A D  ---------------

Current thread (0x000000005654a800):  JavaThread "C2 CompilerThread0" daemon [_thread_in_native, id=8736, stack(0x00000000560f0000,0x00000000561f0000)]

Stack: [0x00000000560f0000,0x00000000561f0000]
[error occurred during error reporting (printing stack bounds), id 0xc0000005]

Native frames: (J=compiled Java code, j=interpreted, Vv=VM code, C=native code)


Current CompileTask:
C2:   1975 1114       4       com.android.dx.ssa.LocalVariableExtractor::processBlock (383 bytes)


---------------  P R O C E S S  ---------------

Java Threads: ( => current thread )
  0x00000000565b5000 JavaThread "Service Thread" daemon [_thread_blocked, id=9244, stack(0x0000000057130000,0x0000000057230000)]
  0x00000000565b2000 JavaThread "C1 CompilerThread2" daemon [_thread_blocked, id=9232, stack(0x0000000056f60000,0x0000000057060000)]
  0x0000000056558000 JavaThread "C2 CompilerThread1" daemon [_thread_in_native, id=8412, stack(0x0000000056e10000,0x0000000056f10000)]
=>0x000000005654a800 JavaThread "C2 CompilerThread0" daemon [_thread_in_native, id=8736, stack(0x00000000560f0000,0x00000000561f0000)]
  0x000000005517e800 JavaThread "Attach Listener" daemon [_thread_blocked, id=7808, stack(0x0000000056b80000,0x0000000056c80000)]
  0x000000005517d800 JavaThread "Signal Dispatcher" daemon [_thread_blocked, id=7884, stack(0x00000000569b0000,0x0000000056ab0000)]
  0x0000000055159800 JavaThread "Finalizer" daemon [_thread_blocked, id=8436, stack(0x0000000056440000,0x0000000056540000)]
  0x0000000055112000 JavaThread "Reference Handler" daemon [_thread_blocked, id=7372, stack(0x0000000056250000,0x0000000056350000)]
  0x000000000035e000 JavaThread "main" [_thread_in_native, id=8548, stack(0x00000000026c0000,0x00000000027c0000)]

Other Threads:
  0x000000005510a000 VMThread [stack: 0x0000000055ff0000,0x00000000560f0000] [id=8316]
  0x00000000565b9800 WatcherThread [stack: 0x0000000056cd0000,0x0000000056dd0000] [id=9252]

VM state:not at safepoint (normal execution)

VM Mutex/Monitor currently owned by a thread: None

Heap:
 PSYoungGen      total 38400K, used 32066K [0x00000000eab00000, 0x00000000ef600000, 0x0000000100000000)
  eden space 33280K, 81% used [0x00000000eab00000,0x00000000ec557fb8,0x00000000ecb80000)
  from space 5120K, 99% used [0x00000000ecb80000,0x00000000ed078ac8,0x00000000ed080000)
  to   space 5120K, 0% used [0x00000000ef100000,0x00000000ef100000,0x00000000ef600000)
 ParOldGen       total 87552K, used 1648K [0x00000000c0000000, 0x00000000c5580000, 0x00000000eab00000)
  object space 87552K, 1% used [0x00000000c0000000,0x00000000c019c348,0x00000000c5580000)
 Metaspace       used 6222K, capacity 7000K, committed 7168K, reserved 1056768K
  class space    used 627K, capacity 656K, committed 768K, reserved 1048576K

Card table byte_map: [0x0000000011b80000,0x0000000011d90000] byte_map_base: 0x0000000011580000

Marking Bits: (ParMarkBitMap*) 0x000000005dbda6c0
 Begin Bits: [0x0000000012580000, 0x0000000013580000)
 End Bits:   [0x0000000013580000, 0x0000000014580000)

Polling page: 0x0000000000340000

CodeCache: size=245760Kb used=4938Kb max_used=4938Kb free=240821Kb
 bounds [0x00000000027c0000, 0x0000000002ca0000, 0x00000000117c0000]
 total_blobs=1608 nmethods=1337 adapters=184
 compilation: enabled

Compilation events (10 events):
Event: 1.941 Thread 0x00000000565b2000 nmethod 1333 0x0000000002c7d750 code [0x0000000002c7d8e0, 0x0000000002c7dae8]
Event: 1.941 Thread 0x00000000565b2000 1334  s    2       com.android.dx.dex.file.MixedItemSection::intern (39 bytes)
Event: 1.941 Thread 0x00000000565b2000 nmethod 1334 0x0000000002c7dcd0 code [0x0000000002c7de80, 0x0000000002c7e2f8]
Event: 1.941 Thread 0x00000000565b2000 1335       2       com.android.dx.dex.file.AnnotationSetItem::hashCode (8 bytes)
Event: 1.941 Thread 0x00000000565b2000 nmethod 1335 0x0000000002c7e4d0 code [0x0000000002c7e640, 0x0000000002c7e7c8]
Event: 1.942 Thread 0x00000000565b2000 1336   !   2       com.android.dx.rop.cst.CstType::intern (48 bytes)
Event: 1.943 Thread 0x00000000565b2000 nmethod 1336 0x0000000002c7e8d0 code [0x0000000002c7ea80, 0x0000000002c7ef68]
Event: 1.943 Thread 0x00000000565b2000 1337       2       com.android.dx.dex.code.OutputFinisher::addConstants (93 bytes)
Event: 1.943 Thread 0x00000000565b2000 nmethod 1337 0x0000000002c7f490 code [0x0000000002c7f660, 0x0000000002c7fb28]
Event: 1.943 Thread 0x00000000565b2000 1338       2       java.util.HashMap$HashIterator::nextNode (100 bytes)

GC Heap History (2 events):
Event: 1.259 GC heap before
{Heap before GC invocations=1 (full 0):
 PSYoungGen      total 38400K, used 33280K [0x00000000eab00000, 0x00000000ed580000, 0x0000000100000000)
  eden space 33280K, 100% used [0x00000000eab00000,0x00000000ecb80000,0x00000000ecb80000)
  from space 5120K, 0% used [0x00000000ed080000,0x00000000ed080000,0x00000000ed580000)
  to   space 5120K, 0% used [0x00000000ecb80000,0x00000000ecb80000,0x00000000ed080000)
 ParOldGen       total 87552K, used 0K [0x00000000c0000000, 0x00000000c5580000, 0x00000000eab00000)
  object space 87552K, 0% used [0x00000000c0000000,0x00000000c0000000,0x00000000c5580000)
 Metaspace       used 5843K, capacity 6772K, committed 7040K, reserved 1056768K
  class space    used 600K, capacity 620K, committed 640K, reserved 1048576K
Event: 1.278 GC heap after
Heap after GC invocations=1 (full 0):
 PSYoungGen      total 38400K, used 5090K [0x00000000eab00000, 0x00000000ef600000, 0x0000000100000000)
  eden space 33280K, 0% used [0x00000000eab00000,0x00000000eab00000,0x00000000ecb80000)
  from space 5120K, 99% used [0x00000000ecb80000,0x00000000ed078ac8,0x00000000ed080000)
  to   space 5120K, 0% used [0x00000000ef100000,0x00000000ef100000,0x00000000ef600000)
 ParOldGen       total 87552K, used 1648K [0x00000000c0000000, 0x00000000c5580000, 0x00000000eab00000)
  object space 87552K, 1% used [0x00000000c0000000,0x00000000c019c348,0x00000000c5580000)
 Metaspace       used 5843K, capacity 6772K, committed 7040K, reserved 1056768K
  class space    used 600K, capacity 620K, committed 640K, reserved 1048576K
}

Deoptimization events (10 events):
Event: 1.898 Thread 0x000000005671e000 Uncommon trap: reason=bimorphic action=maybe_recompile pc=0x0000000002c204a0 method=com.android.dx.cf.code.BytecodeArray.parseInstruction(ILcom/android/dx/cf/code/BytecodeArray$Visitor;)I @ 1130
Event: 1.898 Thread 0x000000005671e000 Uncommon trap: reason=bimorphic action=maybe_recompile pc=0x0000000002c200cc method=com.android.dx.cf.code.BytecodeArray.parseInstruction(ILcom/android/dx/cf/code/BytecodeArray$Visitor;)I @ 907
Event: 1.898 Thread 0x000000005671e000 Uncommon trap: reason=bimorphic action=maybe_recompile pc=0x0000000002c204a0 method=com.android.dx.cf.code.BytecodeArray.parseInstruction(ILcom/android/dx/cf/code/BytecodeArray$Visitor;)I @ 1130
Event: 1.898 Thread 0x000000005671e000 Uncommon trap: reason=bimorphic action=maybe_recompile pc=0x0000000002c2014c method=com.android.dx.cf.code.BytecodeArray.parseInstruction(ILcom/android/dx/cf/code/BytecodeArray$Visitor;)I @ 923
Event: 1.898 Thread 0x000000005671e000 Uncommon trap: reason=bimorphic action=maybe_recompile pc=0x0000000002c204a0 method=com.android.dx.cf.code.BytecodeArray.parseInstruction(ILcom/android/dx/cf/code/BytecodeArray$Visitor;)I @ 1130
Event: 1.933 Thread 0x000000000035e000 Uncommon trap: reason=class_check action=maybe_recompile pc=0x0000000002b8be78 method=java.util.Arrays.hashCode([Ljava/lang/Object;)I @ 43
Event: 1.933 Thread 0x000000000035e000 Uncommon trap: reason=class_check action=maybe_recompile pc=0x0000000002b8be78 method=java.util.Arrays.hashCode([Ljava/lang/Object;)I @ 43
Event: 1.934 Thread 0x000000000035e000 Uncommon trap: reason=class_check action=maybe_recompile pc=0x0000000002b8be78 method=java.util.Arrays.hashCode([Ljava/lang/Object;)I @ 43
Event: 1.934 Thread 0x000000000035e000 Uncommon trap: reason=class_check action=maybe_recompile pc=0x0000000002b8be78 method=java.util.Arrays.hashCode([Ljava/lang/Object;)I @ 43
Event: 1.934 Thread 0x000000000035e000 Uncommon trap: reason=class_check action=maybe_recompile pc=0x0000000002b86fe8 method=java.util.Arrays.hashCode([Ljava/lang/Object;)I @ 43

Internal exceptions (7 events):
Event: 0.118 Thread 0x000000000035e000 Exception <a 'java/lang/NoSuchMethodError': Method sun.misc.Unsafe.defineClass(Ljava/lang/String;[BII)Ljava/lang/Class; name or signature does not match> (0x00000000eab07c78) thrown at [C:\re\workspace\8-2-build-windows-amd64-cygwin\jdk8u102\7268\hotspot\sT}\)4¾?
Event: 0.118 Thread 0x000000000035e000 Exception <a 'java/lang/NoSuchMethodError': Method sun.misc.Unsafe.prefetchRead(Ljava/lang/Object;J)V name or signature does not match> (0x00000000eab07f60) thrown at [C:\re\workspace\8-2-build-windows-amd64-cygwin\jdk8u102\7268\hotspot\src\share\vm\prims\ ö­ð‚Vð?
Event: 1.021 Thread 0x000000005670d000 Implicit null exception at 0x0000000002a7fe52 to 0x0000000002a7ff4a
Event: 1.200 Thread 0x0000000056726800 Implicit null exception at 0x0000000002a93938 to 0x0000000002a958fd
Event: 1.575 Thread 0x000000000035e000 Exception <a 'java/lang/ArrayIndexOutOfBoundsException': 18> (0x00000000eb9f3bc0) thrown at [C:\re\workspace\8-2-build-windows-amd64-cygwin\jdk8u102\7268\hotspot\src\share\vm\interpreter\interpreterRuntime.cpp, line 366]
Event: 1.575 Thread 0x000000000035e000 Exception <a 'java/lang/ArrayIndexOutOfBoundsException': 145> (0x00000000eb9f5740) thrown at [C:\re\workspace\8-2-build-windows-amd64-cygwin\jdk8u102\7268\hotspot\src\share\vm\interpreter\interpreterRuntime.cpp, line 366]
Event: 1.576 Thread 0x000000000035e000 Exception <a 'java/lang/ArrayIndexOutOfBoundsException': 40> (0x00000000eb9f6a28) thrown at [C:\re\workspace\8-2-build-windows-amd64-cygwin\jdk8u102\7268\hotspot\src\share\vm\interpreter\interpreterRuntime.cpp, line 366]

Events (10 events):
Event: 1.934 Thread 0x000000000035e000 DEOPT PACKING pc=0x0000000002b8be78 sp=0x00000000027befd0
Event: 1.934 Thread 0x000000000035e000 DEOPT UNPACKING pc=0x000000000280582a sp=0x00000000027bef00 mode 2
Event: 1.934 Thread 0x000000000035e000 Uncommon trap: trap_request=0xffffffde fr.pc=0x0000000002b8be78
Event: 1.934 Thread 0x000000000035e000 DEOPT PACKING pc=0x0000000002b8be78 sp=0x00000000027bef80
Event: 1.934 Thread 0x000000000035e000 DEOPT UNPACKING pc=0x000000000280582a sp=0x00000000027beeb0 mode 2
Event: 1.934 Thread 0x000000000035e000 Uncommon trap: trap_request=0xffffffde fr.pc=0x0000000002b86fe8
Event: 1.934 Thread 0x000000000035e000 DEOPT PACKING pc=0x0000000002b86fe8 sp=0x00000000027bef70
Event: 1.934 Thread 0x000000000035e000 DEOPT UNPACKING pc=0x000000000280582a sp=0x00000000027beef8 mode 2
Event: 1.942 loading class com/android/dx/dex/file/CatchStructs
Event: 1.942 loading class com/android/dx/dex/file/CatchStructs done


Dynamic libraries:
0x000000013fc90000 - 0x000000013fcc7000 	D:\JAVA\jdk1.8\bin\java.exe
0x0000000077890000 - 0x0000000077a39000 	C:\Windows\SYSTEM32\ntdll.dll
0x0000000077770000 - 0x000000007788f000 	C:\Windows\system32\kernel32.dll
0x000007fefdae0000 - 0x000007fefdb4b000 	C:\Windows\system32\KERNELBASE.dll
0x000007feff830000 - 0x000007feff90b000 	C:\Windows\system32\ADVAPI32.dll
0x000007feffa60000 - 0x000007feffaff000 	C:\Windows\system32\msvcrt.dll
0x000007feff790000 - 0x000007feff7af000 	C:\Windows\SYSTEM32\sechost.dll
0x000007fefdbb0000 - 0x000007fefdcdd000 	C:\Windows\system32\RPCRT4.dll
0x0000000077670000 - 0x000000007776a000 	C:\Windows\system32\USER32.dll
0x000007feff720000 - 0x000007feff787000 	C:\Windows\system32\GDI32.dll
0x000007fefefb0000 - 0x000007fefefbe000 	C:\Windows\system32\LPK.dll
0x000007feff910000 - 0x000007feff9d9000 	C:\Windows\system32\USP10.dll
0x000007fefc000000 - 0x000007fefc1f4000 	C:\Windows\WinSxS\amd64_microsoft.windows.common-controls_6595b64144ccf1df_6.0.7601.17514_none_fa396087175ac9ac\COMCTL32.dll
0x000007feff9e0000 - 0x000007feffa51000 	C:\Windows\system32\SHLWAPI.dll
0x000007feff590000 - 0x000007feff5be000 	C:\Windows\system32\IMM32.DLL
0x000007feff5c0000 - 0x000007feff6c9000 	C:\Windows\system32\MSCTF.dll
0x000000005e420000 - 0x000000005e4f1000 	D:\JAVA\jdk1.8\jre\bin\msvcr100.dll
0x000000005d3c0000 - 0x000000005dc5a000 	D:\JAVA\jdk1.8\jre\bin\server\jvm.dll
0x000007fef0400000 - 0x000007fef0409000 	C:\Windows\system32\WSOCK32.dll
0x000007feff6d0000 - 0x000007feff71d000 	C:\Windows\system32\WS2_32.dll
0x000007fefe110000 - 0x000007fefe118000 	C:\Windows\system32\NSI.dll
0x000007fefb5e0000 - 0x000007fefb61b000 	C:\Windows\system32\WINMM.dll
0x000007fefc920000 - 0x000007fefc92c000 	C:\Windows\system32\VERSION.dll
0x0000000077a60000 - 0x0000000077a67000 	C:\Windows\system32\PSAPI.DLL
0x0000000069f80000 - 0x0000000069f8f000 	D:\JAVA\jdk1.8\jre\bin\verify.dll
0x0000000069f50000 - 0x0000000069f79000 	D:\JAVA\jdk1.8\jre\bin\java.dll
0x000000005e400000 - 0x000000005e416000 	D:\JAVA\jdk1.8\jre\bin\zip.dll
0x000007fefe200000 - 0x000007fefef88000 	C:\Windows\system32\SHELL32.dll
0x000007feff380000 - 0x000007feff583000 	C:\Windows\system32\ole32.dll
0x000007fefd7e0000 - 0x000007fefd7ef000 	C:\Windows\system32\profapi.dll

VM Arguments:
jvm_args: -Djava.awt.headless=true -Xmx1024M -Dfile.encoding=GBK -Duser.country=CN -Duser.language=zh -Duser.variant 
java_command: com.android.dx.command.Main --dex --num-threads=4 --output E:\StudioWorkSpace\BmwPeek2\app\build\intermediates\pre-dexed\debug\okio-1.6.0_1e0658ac48003bff7184afcc558d0392f86eccca.jar C:\Users\admin\.gradle\caches\modules-2\files-2.1\com.squareup.okio\okio\1.6.0\98476622f10715998eacf9240d6b479f12c66143\okio-1.6.0.jar
java_class_path (initial): D:\Sdk\build-tools\24.0.1\lib\dx.jar
Launcher Type: SUN_STANDARD

Environment Variables:
JAVA_HOME=D:\JAVA\jdk1.8
CLASSPATH=.;D:\JAVA\jdk1.8\lib;D:\JAVA\jdk1.8\lib\tools.jar
PATH=C:\ProgramData\Oracle\Java\javapath;C:\Windows\system32;C:\Windows;C:\Windows\System32\Wbem;C:\Windows\System32\WindowsPowerShell\v1.0\;C:\Program Files (x86)\Common Files\microsoft shared\TigerKin;D:\JAVA\jdk1.8\bin;D:\JAVA\jdk1.8\jre\bin;C:\Android;C:\Windows\System32;D:\program files\svn\bin
USERNAME=admin
OS=Windows_NT
PROCESSOR_IDENTIFIER=Intel64 Family 6 Model 94 Stepping 3, GenuineIntel



---------------  S Y S T E M  ---------------

OS: Windows 7 , 64 bit Build 7601 (6.1.7601.17514)

CPU:total 4 (2 cores per cpu, 2 threads per core) family 6 model 94 stepping 3, cmov, cx8, fxsr, mmx, sse, sse2, sse3, ssse3, sse4.1, sse4.2, popcnt, avx, avx2, aes, clmul, erms, 3dnowpref, lzcnt, ht, tsc, tscinvbit, bmi1, bmi2, adx

Memory: 4k page, physical 8266364k(1703136k free), swap 9313096k(5224k free)

vm_info: Java HotSpot(TM) 64-Bit Server VM (25.102-b14) for windows-amd64 JRE (1.8.0_102-b14), built on Jun 22 2016 13:15:21 by "java_re" with MS VC++ 10.0 (VS2010)

time: Wed Sep 21 16:08:48 2016
elapsed time: 2 seconds (0d 0h 0m 2s)

