#
# There is insufficient memory for the Java Runtime Environment to continue.
# Native memory allocation (malloc) failed to allocate 365936 bytes for Chunk::new
# Possible reasons:
#   The system is out of physical RAM or swap space
#   In 32 bit mode, the process size limit was hit
# Possible solutions:
#   Reduce memory load on the system
#   Increase physical memory or swap space
#   Check if swap backing store is full
#   Use 64 bit Java on a 64 bit OS
#   Decrease Java heap size (-Xmx/-Xms)
#   Decrease number of Java threads
#   Decrease Java thread stack sizes (-Xss)
#   Set larger code cache with -XX:ReservedCodeCacheSize=
# This output file may be truncated or incomplete.
#
#  Out of Memory Error (allocation.cpp:390), pid=9112, tid=0x00000000000023bc
#
# JRE version: Java(TM) SE Runtime Environment (8.0_102-b14) (build 1.8.0_102-b14)
# Java VM: Java HotSpot(TM) 64-Bit Server VM (25.102-b14 mixed mode windows-amd64 compressed oops)
# Failed to write core dump. Minidumps are not enabled by default on client versions of Windows
#

---------------  T H R E A D  ---------------

Current thread (0x000000001647b000):  JavaThread "C2 CompilerThread0" daemon [_thread_in_native, id=9148, stack(0x0000000016b40000,0x0000000016c40000)]

Stack: [0x0000000016b40000,0x0000000016c40000]
[error occurred during error reporting (printing stack bounds), id 0xc0000005]

Native frames: (J=compiled Java code, j=interpreted, Vv=VM code, C=native code)


Current CompileTask:
C2:   1793 1342       4       com.android.dx.ssa.SCCP::simulatePhi (169 bytes)


---------------  P R O C E S S  ---------------

Java Threads: ( => current thread )
  0x0000000016771000 JavaThread "pool-1-thread-4" [_thread_blocked, id=6828, stack(0x0000000017e30000,0x0000000017f30000)]
  0x0000000016770800 JavaThread "pool-1-thread-3" [_thread_blocked, id=9212, stack(0x0000000017f30000,0x0000000018030000)]
  0x000000001676d800 JavaThread "pool-1-thread-2" [_thread_blocked, id=8788, stack(0x0000000017ce0000,0x0000000017de0000)]
  0x0000000016737800 JavaThread "pool-2-thread-1" [_thread_blocked, id=9144, stack(0x0000000017b70000,0x0000000017c70000)]
  0x0000000016736800 JavaThread "pool-1-thread-1" [_thread_blocked, id=8984, stack(0x0000000016fb0000,0x00000000170b0000)]
  0x00000000164e7000 JavaThread "Service Thread" daemon [_thread_blocked, id=8748, stack(0x0000000017100000,0x0000000017200000)]
  0x00000000164e3800 JavaThread "C1 CompilerThread2" daemon [_thread_blocked, id=8636, stack(0x0000000016e40000,0x0000000016f40000)]
  0x00000000164e2800 JavaThread "C2 CompilerThread1" daemon [_thread_in_native, id=8876, stack(0x00000000168f0000,0x00000000169f0000)]
=>0x000000001647b000 JavaThread "C2 CompilerThread0" daemon [_thread_in_native, id=9148, stack(0x0000000016b40000,0x0000000016c40000)]
  0x000000001647a800 JavaThread "Attach Listener" daemon [_thread_blocked, id=9152, stack(0x0000000016c40000,0x0000000016d40000)]
  0x0000000014fad800 JavaThread "Signal Dispatcher" daemon [_thread_blocked, id=9100, stack(0x0000000016a00000,0x0000000016b00000)]
  0x0000000014f94000 JavaThread "Finalizer" daemon [_thread_blocked, id=8684, stack(0x0000000016370000,0x0000000016470000)]
  0x0000000014f51800 JavaThread "Reference Handler" daemon [_thread_blocked, id=2204, stack(0x0000000016250000,0x0000000016350000)]
  0x000000000254e000 JavaThread "main" [_thread_blocked, id=8908, stack(0x0000000002590000,0x0000000002690000)]

Other Threads:
  0x0000000014f4a000 VMThread [stack: 0x0000000016090000,0x0000000016190000] [id=8560]
  0x000000001653f000 WatcherThread [stack: 0x0000000017240000,0x0000000017340000] [id=8516]

VM state:at safepoint (normal execution)

VM Mutex/Monitor currently owned by a thread:  ([mutex/lock_event])
[0x000000000254bf00] Threads_lock - owner thread: 0x0000000014f4a000
[0x000000000254c400] Heap_lock - owner thread: 0x0000000016770800

Heap:
 PSYoungGen      total 38400K, used 38380K [0x00000000eab00000, 0x00000000ed580000, 0x0000000100000000)
  eden space 33280K, 100% used [0x00000000eab00000,0x00000000ecb80000,0x00000000ecb80000)
  from space 5120K, 99% used [0x00000000ed080000,0x00000000ed57b068,0x00000000ed580000)
  to   space 5120K, 58% used [0x00000000ecb80000,0x00000000ece66f20,0x00000000ed080000)
 ParOldGen       total 87552K, used 9491K [0x00000000c0000000, 0x00000000c5580000, 0x00000000eab00000)
  object space 87552K, 10% used [0x00000000c0000000,0x00000000c0944ca0,0x00000000c5580000)
 Metaspace       used 6078K, capacity 6966K, committed 7040K, reserved 1056768K
  class space    used 601K, capacity 622K, committed 640K, reserved 1048576K

Card table byte_map: [0x0000000011a50000,0x0000000011c60000] byte_map_base: 0x0000000011450000

Marking Bits: (ParMarkBitMap*) 0x00000000521ba6c0
 Begin Bits: [0x00000000123c0000, 0x00000000133c0000)
 End Bits:   [0x00000000133c0000, 0x00000000143c0000)

Polling page: 0x0000000001c60000

CodeCache: size=245760Kb used=4968Kb max_used=4968Kb free=240791Kb
 bounds [0x0000000002690000, 0x0000000002b70000, 0x0000000011690000]
 total_blobs=1611 nmethods=1340 adapters=183
 compilation: disabled (not enough contiguous free space left)

Compilation events (10 events):
Event: 1.695 Thread 0x00000000164e3800 1364       2       sun.util.calendar.ZoneInfo::getTransitionIndex (156 bytes)
Event: 1.695 Thread 0x00000000164e3800 nmethod 1364 0x0000000002b67f90 code [0x0000000002b68100, 0x0000000002b68430]
Event: 1.727 Thread 0x00000000164e3800 1397       2       java.util.HashMap::getNode (148 bytes)
Event: 1.727 Thread 0x00000000164e3800 nmethod 1397 0x0000000002b677d0 code [0x0000000002b67960, 0x0000000002b67d28]
Event: 1.727 Thread 0x00000000164e3800 1384 %     3       com.android.dx.ssa.SsaMethod::mapRegisters @ 36 (87 bytes)
Event: 1.728 Thread 0x00000000164e3800 nmethod 1384% 0x0000000002b65b10 code [0x0000000002b65d80, 0x0000000002b66fb8]
Event: 1.728 Thread 0x00000000164e3800 1386 %     3       com.android.dx.ssa.SCCP::run @ 93 (298 bytes)
Event: 1.729 Thread 0x00000000164e3800 nmethod 1386% 0x0000000002b6ba10 code [0x0000000002b6bde0, 0x0000000002b6dda8]
Event: 1.729 Thread 0x00000000164e3800 1398 %     3       com.android.dx.cf.code.BasicBlocker::getBlockList @ 66 (208 bytes)
Event: 1.734 Thread 0x00000000164e3800 


GC Heap History (4 events):
Event: 1.380 GC heap before
{Heap before GC invocations=1 (full 0):
 PSYoungGen      total 38400K, used 33280K [0x00000000eab00000, 0x00000000ed580000, 0x0000000100000000)
  eden space 33280K, 100% used [0x00000000eab00000,0x00000000ecb80000,0x00000000ecb80000)
  from space 5120K, 0% used [0x00000000ed080000,0x00000000ed080000,0x00000000ed580000)
  to   space 5120K, 0% used [0x00000000ecb80000,0x00000000ecb80000,0x00000000ed080000)
 ParOldGen       total 87552K, used 0K [0x00000000c0000000, 0x00000000c5580000, 0x00000000eab00000)
  object space 87552K, 0% used [0x00000000c0000000,0x00000000c0000000,0x00000000c5580000)
 Metaspace       used 5897K, capacity 6774K, committed 7040K, reserved 1056768K
  class space    used 600K, capacity 622K, committed 640K, reserved 1048576K
Event: 1.390 GC heap after
Heap after GC invocations=1 (full 0):
 PSYoungGen      total 38400K, used 5115K [0x00000000eab00000, 0x00000000ed580000, 0x0000000100000000)
  eden space 33280K, 0% used [0x00000000eab00000,0x00000000eab00000,0x00000000ecb80000)
  from space 5120K, 99% used [0x00000000ecb80000,0x00000000ed07eda8,0x00000000ed080000)
  to   space 5120K, 0% used [0x00000000ed080000,0x00000000ed080000,0x00000000ed580000)
 ParOldGen       total 87552K, used 3841K [0x00000000c0000000, 0x00000000c5580000, 0x00000000eab00000)
  object space 87552K, 4% used [0x00000000c0000000,0x00000000c03c07a8,0x00000000c5580000)
 Metaspace       used 5897K, capacity 6774K, committed 7040K, reserved 1056768K
  class space    used 600K, capacity 622K, committed 640K, reserved 1048576K
}
Event: 1.567 GC heap before
{Heap before GC invocations=2 (full 0):
 PSYoungGen      total 38400K, used 38395K [0x00000000eab00000, 0x00000000ed580000, 0x0000000100000000)
  eden space 33280K, 100% used [0x00000000eab00000,0x00000000ecb80000,0x00000000ecb80000)
  from space 5120K, 99% used [0x00000000ecb80000,0x00000000ed07eda8,0x00000000ed080000)
  to   space 5120K, 0% used [0x00000000ed080000,0x00000000ed080000,0x00000000ed580000)
 ParOldGen       total 87552K, used 3841K [0x00000000c0000000, 0x00000000c5580000, 0x00000000eab00000)
  object space 87552K, 4% used [0x00000000c0000000,0x00000000c03c07a8,0x00000000c5580000)
 Metaspace       used 5972K, capacity 6838K, committed 7040K, reserved 1056768K
  class space    used 601K, capacity 622K, committed 640K, reserved 1048576K
Event: 1.585 GC heap after
Heap after GC invocations=2 (full 0):
 PSYoungGen      total 38400K, used 5100K [0x00000000eab00000, 0x00000000ed580000, 0x0000000100000000)
  eden space 33280K, 0% used [0x00000000eab00000,0x00000000eab00000,0x00000000ecb80000)
  from space 5120K, 99% used [0x00000000ed080000,0x00000000ed57b068,0x00000000ed580000)
  to   space 5120K, 0% used [0x00000000ecb80000,0x00000000ecb80000,0x00000000ed080000)
 ParOldGen       total 87552K, used 9491K [0x00000000c0000000, 0x00000000c5580000, 0x00000000eab00000)
  object space 87552K, 10% used [0x00000000c0000000,0x00000000c0944ca0,0x00000000c5580000)
 Metaspace       used 5972K, capacity 6838K, committed 7040K, reserved 1056768K
  class space    used 601K, capacity 622K, committed 640K, reserved 1048576K
}

Deoptimization events (10 events):
Event: 1.554 Thread 0x000000000254e000 Uncommon trap: reason=bimorphic action=maybe_recompile pc=0x0000000002aa53ac method=com.android.dx.ssa.SCCP.simulatePhi(Lcom/android/dx/ssa/PhiInsn;)V @ 124
Event: 1.554 Thread 0x000000000254e000 Uncommon trap: reason=bimorphic action=maybe_recompile pc=0x0000000002aa53ac method=com.android.dx.ssa.SCCP.simulatePhi(Lcom/android/dx/ssa/PhiInsn;)V @ 124
Event: 1.648 Thread 0x000000001676d800 Uncommon trap: reason=bimorphic action=maybe_recompile pc=0x000000000290ce80 method=java.util.HashMap.getNode(ILjava/lang/Object;)Ljava/util/HashMap$Node; @ 126
Event: 1.682 Thread 0x0000000016771000 Uncommon trap: reason=bimorphic action=maybe_recompile pc=0x0000000002aa53ac method=com.android.dx.ssa.SCCP.simulatePhi(Lcom/android/dx/ssa/PhiInsn;)V @ 124
Event: 1.723 Thread 0x000000000254e000 Uncommon trap: reason=bimorphic action=maybe_recompile pc=0x000000000290ce80 method=java.util.HashMap.getNode(ILjava/lang/Object;)Ljava/util/HashMap$Node; @ 126
Event: 1.725 Thread 0x000000000254e000 Uncommon trap: reason=bimorphic action=maybe_recompile pc=0x00000000028b6e6c method=java.util.HashMap.getNode(ILjava/lang/Object;)Ljava/util/HashMap$Node; @ 126
Event: 1.725 Thread 0x000000000254e000 Uncommon trap: reason=class_check action=maybe_recompile pc=0x0000000002a8f6d4 method=java.util.HashMap.putVal(ILjava/lang/Object;Ljava/lang/Object;ZZ)Ljava/lang/Object; @ 203
Event: 1.725 Thread 0x000000000254e000 Uncommon trap: reason=class_check action=maybe_recompile pc=0x0000000002a8f6d4 method=java.util.HashMap.putVal(ILjava/lang/Object;Ljava/lang/Object;ZZ)Ljava/lang/Object; @ 203
Event: 1.725 Thread 0x000000000254e000 Uncommon trap: reason=class_check action=maybe_recompile pc=0x0000000002a8f6d4 method=java.util.HashMap.putVal(ILjava/lang/Object;Ljava/lang/Object;ZZ)Ljava/lang/Object; @ 203
Event: 1.734 Thread 0x000000000254e000 Uncommon trap: reason=class_check action=maybe_recompile pc=0x0000000002a8f6d4 method=java.util.HashMap.putVal(ILjava/lang/Object;Ljava/lang/Object;ZZ)Ljava/lang/Object; @ 203

Internal exceptions (2 events):
Event: 0.199 Thread 0x000000000254e000 Exception <a 'java/lang/NoSuchMethodError': Method sun.misc.Unsafe.defineClass(Ljava/lang/String;[BII)Ljava/lang/Class; name or signature does not match> (0x00000000eab07c78) thrown at [C:\re\workspace\8-2-build-windows-amd64-cygwin\jdk8u102\7268\hotspot\su¾œðµ€É?
Event: 0.199 Thread 0x000000000254e000 Exception <a 'java/lang/NoSuchMethodError': Method sun.misc.Unsafe.prefetchRead(Ljava/lang/Object;J)V name or signature does not match> (0x00000000eab07f60) thrown at [C:\re\workspace\8-2-build-windows-amd64-cygwin\jdk8u102\7268\hotspot\src\share\vm\prims\

Events (10 events):
Event: 1.725 Thread 0x000000000254e000 DEOPT UNPACKING pc=0x00000000026d582a sp=0x000000000268e618 mode 2
Event: 1.731 Executing VM operation: ForceSafepoint
Event: 1.733 Executing VM operation: ForceSafepoint done
Event: 1.734 Thread 0x000000000254e000 Uncommon trap: trap_request=0xffffffde fr.pc=0x0000000002a8f6d4
Event: 1.734 Thread 0x000000000254e000 DEOPT PACKING pc=0x0000000002a8f6d4 sp=0x000000000268e5d0
Event: 1.734 Thread 0x000000000254e000 DEOPT UNPACKING pc=0x00000000026d582a sp=0x000000000268e558 mode 2
Event: 1.743 Thread 0x0000000016771000 DEOPT PACKING pc=0x000000000291158d sp=0x0000000017f2ea20
Event: 1.743 Thread 0x0000000016771000 DEOPT UNPACKING pc=0x00000000026d787f sp=0x0000000017f2e800 mode 0
Event: 1.750 Thread 0x0000000016771000 DEOPT PACKING pc=0x000000000291158d sp=0x0000000017f2ea20
Event: 1.750 Thread 0x0000000016771000 DEOPT UNPACKING pc=0x00000000026d787f sp=0x0000000017f2e800 mode 0


Dynamic libraries:
0x000000013f5f0000 - 0x000000013f627000 	D:\JAVA\jdk1.8\bin\java.exe
0x0000000077130000 - 0x00000000772da000 	C:\Windows\SYSTEM32\ntdll.dll
0x0000000076f10000 - 0x000000007702f000 	C:\Windows\system32\kernel32.dll
0x000007fefd300000 - 0x000007fefd36a000 	C:\Windows\system32\KERNELBASE.dll
0x000007fefd6e0000 - 0x000007fefd7bb000 	C:\Windows\system32\ADVAPI32.dll
0x000007fefe610000 - 0x000007fefe6af000 	C:\Windows\system32\msvcrt.dll
0x000007fefe380000 - 0x000007fefe39f000 	C:\Windows\SYSTEM32\sechost.dll
0x000007fefe4c0000 - 0x000007fefe5ed000 	C:\Windows\system32\RPCRT4.dll
0x0000000077030000 - 0x000000007712a000 	C:\Windows\system32\USER32.dll
0x000007fefe450000 - 0x000007fefe4b7000 	C:\Windows\system32\GDI32.dll
0x000007fefe180000 - 0x000007fefe18e000 	C:\Windows\system32\LPK.dll
0x000007fefe0b0000 - 0x000007fefe17a000 	C:\Windows\system32\USP10.dll
0x000007fefb8c0000 - 0x000007fefbab4000 	C:\Windows\WinSxS\amd64_microsoft.windows.common-controls_6595b64144ccf1df_6.0.7601.17514_none_fa396087175ac9ac\COMCTL32.dll
0x000007fefd480000 - 0x000007fefd4f1000 	C:\Windows\system32\SHLWAPI.dll
0x000007fefd450000 - 0x000007fefd47e000 	C:\Windows\system32\IMM32.DLL
0x000007fefe270000 - 0x000007fefe379000 	C:\Windows\system32\MSCTF.dll
0x0000000052240000 - 0x0000000052311000 	D:\JAVA\jdk1.8\jre\bin\msvcr100.dll
0x00000000519a0000 - 0x000000005223a000 	D:\JAVA\jdk1.8\jre\bin\server\jvm.dll
0x000007fefab00000 - 0x000007fefab09000 	C:\Windows\system32\WSOCK32.dll
0x000007fefdc50000 - 0x000007fefdc9d000 	C:\Windows\system32\WS2_32.dll
0x000007fefe3a0000 - 0x000007fefe3a8000 	C:\Windows\system32\NSI.dll
0x000007fefae20000 - 0x000007fefae5b000 	C:\Windows\system32\WINMM.dll
0x000007fefc1e0000 - 0x000007fefc1ec000 	C:\Windows\system32\VERSION.dll
0x0000000077300000 - 0x0000000077307000 	C:\Windows\system32\PSAPI.DLL
0x000000005d120000 - 0x000000005d12f000 	D:\JAVA\jdk1.8\jre\bin\verify.dll
0x000000005a1b0000 - 0x000000005a1d9000 	D:\JAVA\jdk1.8\jre\bin\java.dll
0x0000000058ea0000 - 0x0000000058eb6000 	D:\JAVA\jdk1.8\jre\bin\zip.dll
0x000007fefe6b0000 - 0x000007feff438000 	C:\Windows\system32\SHELL32.dll
0x000007fefdca0000 - 0x000007fefdea3000 	C:\Windows\system32\ole32.dll
0x000007fefd080000 - 0x000007fefd08f000 	C:\Windows\system32\profapi.dll

VM Arguments:
jvm_args: -Djava.awt.headless=true -Xmx1024M -Dfile.encoding=GBK -Duser.country=CN -Duser.language=zh -Duser.variant 
java_command: com.android.dx.command.Main --dex --num-threads=4 --output E:\svn\Peek2S\app\build\intermediates\pre-dexed\debug\BaiduLBS_Android_b75aa1e4f1f4dd1e43c9b4db97772a3c5c35cbdc.jar E:\svn\Peek2S\app\libs\BaiduLBS_Android.jar
java_class_path (initial): D:\Sdk\build-tools\24.0.1\lib\dx.jar
Launcher Type: SUN_STANDARD

Environment Variables:
JAVA_HOME=D:\JAVA\jdk1.8
CLASSPATH=.;D:\JAVA\jdk1.8\lib;D:\JAVA\jdk1.8\lib\tools.jar
PATH=C:\ProgramData\Oracle\Java\javapath;C:\Windows\system32;C:\Windows;C:\Windows\System32\Wbem;C:\Windows\System32\WindowsPowerShell\v1.0\;C:\Program Files (x86)\Common Files\microsoft shared\TigerKin;D:\JAVA\jdk1.8\bin;D:\JAVA\jdk1.8\jre\bin;C:\Android;C:\Windows\System32;D:\program files\svn\bin;D:\JAVA\tomcat\lib;D:\JAVA\tomcat\bin;D:\JAVA\android-ndk-r10b;D:\JAVA\gradle-2.14.1\bin;D:\program files\Git\cmd
USERNAME=admin
OS=Windows_NT
PROCESSOR_IDENTIFIER=Intel64 Family 6 Model 94 Stepping 3, GenuineIntel



---------------  S Y S T E M  ---------------

OS: Windows 7 , 64 bit Build 7601 (6.1.7601.23677)

CPU:total 4 (2 cores per cpu, 2 threads per core) family 6 model 94 stepping 3, cmov, cx8, fxsr, mmx, sse, sse2, sse3, ssse3, sse4.1, sse4.2, popcnt, avx, avx2, aes, clmul, erms, 3dnowpref, lzcnt, ht, tsc, tscinvbit, bmi1, bmi2, adx

Memory: 4k page, physical 8266364k(1014440k free), swap 9313080k(5088k free)

vm_info: Java HotSpot(TM) 64-Bit Server VM (25.102-b14) for windows-amd64 JRE (1.8.0_102-b14), built on Jun 22 2016 13:15:21 by "java_re" with MS VC++ 10.0 (VS2010)

time: Tue Sep 12 11:24:21 2017
elapsed time: 1 seconds (0d 0h 0m 1s)

