#
# There is insufficient memory for the Java Runtime Environment to continue.
# Native memory allocation (malloc) failed to allocate 455056 bytes for Chunk::new
# Possible reasons:
#   The system is out of physical RAM or swap space
#   In 32 bit mode, the process size limit was hit
# Possible solutions:
#   Reduce memory load on the system
#   Increase physical memory or swap space
#   Check if swap backing store is full
#   Use 64 bit Java on a 64 bit OS
#   Decrease Java heap size (-Xmx/-Xms)
#   Decrease number of Java threads
#   Decrease Java thread stack sizes (-Xss)
#   Set larger code cache with -XX:ReservedCodeCacheSize=
# This output file may be truncated or incomplete.
#
#  Out of Memory Error (allocation.cpp:390), pid=8288, tid=0x00000000000022ac
#
# JRE version: Java(TM) SE Runtime Environment (8.0_102-b14) (build 1.8.0_102-b14)
# Java VM: Java HotSpot(TM) 64-Bit Server VM (25.102-b14 mixed mode windows-amd64 compressed oops)
# Failed to write core dump. Minidumps are not enabled by default on client versions of Windows
#

---------------  T H R E A D  ---------------

Current thread (0x00000000568b8000):  JavaThread "C2 CompilerThread1" daemon [_thread_in_native, id=8876, stack(0x0000000056fd0000,0x00000000570d0000)]

Stack: [0x0000000056fd0000,0x00000000570d0000]
[error occurred during error reporting (printing stack bounds), id 0xc0000005]

Native frames: (J=compiled Java code, j=interpreted, Vv=VM code, C=native code)


Current CompileTask:
C2:   2222 1132       4       com.android.dx.ssa.SCCP::simulatePhi (169 bytes)


---------------  P R O C E S S  ---------------

Java Threads: ( => current thread )
  0x0000000056a7e000 JavaThread "pool-1-thread-4" [_thread_blocked, id=8580, stack(0x0000000057cc0000,0x0000000057dc0000)]
  0x0000000056a62000 JavaThread "pool-1-thread-3" [_thread_blocked, id=6584, stack(0x0000000057b50000,0x0000000057c50000)]
  0x0000000056a58000 JavaThread "pool-1-thread-2" [_thread_blocked, id=8856, stack(0x00000000579e0000,0x0000000057ae0000)]
  0x0000000056a53800 JavaThread "pool-2-thread-1" [_thread_blocked, id=8696, stack(0x00000000577d0000,0x00000000578d0000)]
  0x0000000056a4f800 JavaThread "pool-1-thread-1" [_thread_blocked, id=8392, stack(0x00000000575a0000,0x00000000576a0000)]
  0x0000000056921000 JavaThread "Service Thread" daemon [_thread_blocked, id=8416, stack(0x0000000057250000,0x0000000057350000)]
  0x00000000568b9000 JavaThread "C1 CompilerThread2" daemon [_thread_in_native, id=9020, stack(0x0000000057140000,0x0000000057240000)]
=>0x00000000568b8000 JavaThread "C2 CompilerThread1" daemon [_thread_in_native, id=8876, stack(0x0000000056fd0000,0x00000000570d0000)]
  0x000000005540e800 JavaThread "C2 CompilerThread0" daemon [_thread_in_native, id=8476, stack(0x0000000056e80000,0x0000000056f80000)]
  0x00000000568ab000 JavaThread "Attach Listener" daemon [_thread_blocked, id=8372, stack(0x0000000056d10000,0x0000000056e10000)]
  0x00000000568aa800 JavaThread "Signal Dispatcher" daemon [_thread_blocked, id=8556, stack(0x00000000564a0000,0x00000000565a0000)]
  0x00000000553ea000 JavaThread "Finalizer" daemon [_thread_blocked, id=8300, stack(0x00000000567a0000,0x00000000568a0000)]
  0x00000000553a2000 JavaThread "Reference Handler" daemon [_thread_blocked, id=2672, stack(0x0000000056610000,0x0000000056710000)]
  0x000000000260e000 JavaThread "main" [_thread_blocked, id=8320, stack(0x0000000002880000,0x0000000002980000)]

Other Threads:
  0x000000005539a800 VMThread [stack: 0x0000000056360000,0x0000000056460000] [id=8344]
  0x000000005692d800 WatcherThread [stack: 0x0000000057440000,0x0000000057540000] [id=8692]

VM state:not at safepoint (normal execution)

VM Mutex/Monitor currently owned by a thread:  ([mutex/lock_event])
[0x000000000260b350] CodeCache_lock - owner thread: 0x00000000568b9000
[0x000000000260c780] CompileStatistics_lock - owner thread: 0x0000000000000000

Heap:
 PSYoungGen      total 38400K, used 8485K [0x00000000eab00000, 0x00000000ef600000, 0x0000000100000000)
  eden space 33280K, 10% used [0x00000000eab00000,0x00000000eae49a58,0x00000000ecb80000)
  from space 5120K, 99% used [0x00000000ecb80000,0x00000000ed07fca8,0x00000000ed080000)
  to   space 5120K, 0% used [0x00000000ef100000,0x00000000ef100000,0x00000000ef600000)
 ParOldGen       total 87552K, used 1839K [0x00000000c0000000, 0x00000000c5580000, 0x00000000eab00000)
  object space 87552K, 2% used [0x00000000c0000000,0x00000000c01cbd30,0x00000000c5580000)
 Metaspace       used 6022K, capacity 6900K, committed 7040K, reserved 1056768K
  class space    used 606K, capacity 620K, committed 640K, reserved 1048576K

Card table byte_map: [0x0000000011d40000,0x0000000011f50000] byte_map_base: 0x0000000011740000

Marking Bits: (ParMarkBitMap*) 0x000000005cc1a6c0
 Begin Bits: [0x0000000012810000, 0x0000000013810000)
 End Bits:   [0x0000000013810000, 0x0000000014810000)

Polling page: 0x00000000001c0000

CodeCache: size=245760Kb used=4493Kb max_used=4493Kb free=241266Kb
 bounds [0x0000000002980000, 0x0000000002df0000, 0x0000000011980000]
 total_blobs=1426 nmethods=1155 adapters=184
 compilation: enabled

Compilation events (10 events):
Event: 2.184 Thread 0x00000000568b9000 nmethod 1154 0x0000000002ddd150 code [0x0000000002ddd2a0, 0x0000000002ddd450]
Event: 2.184 Thread 0x00000000568b9000 1155   !   3       java.util.zip.ZipFile$ZipFileInflaterInputStream::close (67 bytes)
Event: 2.221 Thread 0x00000000568b9000 nmethod 1155 0x0000000002de4750 code [0x0000000002de4920, 0x0000000002de5118]
Event: 2.221 Thread 0x00000000568b9000 1156       3       java.lang.ref.Finalizer::access$000 (4 bytes)
Event: 2.221 Thread 0x00000000568b9000 nmethod 1156 0x0000000002de4450 code [0x0000000002de45a0, 0x0000000002de46d0]
Event: 2.221 Thread 0x00000000568b9000 1157       3       java.lang.ref.ReferenceQueue::remove (6 bytes)
Event: 2.221 Thread 0x00000000568b9000 nmethod 1157 0x0000000002de3a90 code [0x0000000002de3c00, 0x0000000002de3e08]
Event: 2.222 Thread 0x00000000568b9000 1159       3       java.lang.ref.ReferenceQueue::reallyPoll (66 bytes)
Event: 2.222 Thread 0x00000000568b9000 nmethod 1159 0x0000000002de33d0 code [0x0000000002de3540, 0x0000000002de39b0]
Event: 2.222 Thread 0x00000000568b9000 1158   !   3       java.lang.ref.ReferenceQueue::remove (125 bytes)

GC Heap History (2 events):
Event: 2.087 GC heap before
{Heap before GC invocations=1 (full 0):
 PSYoungGen      total 38400K, used 33280K [0x00000000eab00000, 0x00000000ed580000, 0x0000000100000000)
  eden space 33280K, 100% used [0x00000000eab00000,0x00000000ecb80000,0x00000000ecb80000)
  from space 5120K, 0% used [0x00000000ed080000,0x00000000ed080000,0x00000000ed580000)
  to   space 5120K, 0% used [0x00000000ecb80000,0x00000000ecb80000,0x00000000ed080000)
 ParOldGen       total 87552K, used 0K [0x00000000c0000000, 0x00000000c5580000, 0x00000000eab00000)
  object space 87552K, 0% used [0x00000000c0000000,0x00000000c0000000,0x00000000c5580000)
 Metaspace       used 5998K, capacity 6900K, committed 7040K, reserved 1056768K
  class space    used 606K, capacity 620K, committed 640K, reserved 1048576K
Event: 2.119 GC heap after
Heap after GC invocations=1 (full 0):
 PSYoungGen      total 38400K, used 5119K [0x00000000eab00000, 0x00000000ef600000, 0x0000000100000000)
  eden space 33280K, 0% used [0x00000000eab00000,0x00000000eab00000,0x00000000ecb80000)
  from space 5120K, 99% used [0x00000000ecb80000,0x00000000ed07fca8,0x00000000ed080000)
  to   space 5120K, 0% used [0x00000000ef100000,0x00000000ef100000,0x00000000ef600000)
 ParOldGen       total 87552K, used 1839K [0x00000000c0000000, 0x00000000c5580000, 0x00000000eab00000)
  object space 87552K, 2% used [0x00000000c0000000,0x00000000c01cbd30,0x00000000c5580000)
 Metaspace       used 5998K, capacity 6900K, committed 7040K, reserved 1056768K
  class space    used 606K, capacity 620K, committed 640K, reserved 1048576K
}

Deoptimization events (6 events):
Event: 1.203 Thread 0x0000000056a7e000 Uncommon trap: reason=unstable_if action=reinterpret pc=0x0000000002b505b8 method=java.util.HashMap.getNode(ILjava/lang/Object;)Ljava/util/HashMap$Node; @ 62
Event: 1.469 Thread 0x000000000260e000 Uncommon trap: reason=unstable_if action=reinterpret pc=0x0000000002b5d3e0 method=java.util.BitSet.nextSetBit(I)I @ 87
Event: 1.582 Thread 0x0000000056a4f800 Uncommon trap: reason=null_check action=make_not_entrant pc=0x0000000002c3527c method=com.android.dx.ssa.SsaRenamer.getLocalForNewReg(I)Lcom/android/dx/rop/code/LocalItem; @ 19
Event: 1.582 Thread 0x0000000056a4f800 Uncommon trap: reason=null_check action=make_not_entrant pc=0x0000000002c76878 method=com.android.dx.ssa.SsaRenamer.getLocalForNewReg(I)Lcom/android/dx/rop/code/LocalItem; @ 19
Event: 1.601 Thread 0x0000000056a4f800 Uncommon trap: reason=unstable_if action=reinterpret pc=0x0000000002c45b44 method=com.android.dx.rop.cst.Constant.compareTo(Lcom/android/dx/rop/cst/Constant;)I @ 12
Event: 2.027 Thread 0x000000000260e000 Uncommon trap: reason=bimorphic action=maybe_recompile pc=0x0000000002bf4154 method=java.util.HashMap.getNode(ILjava/lang/Object;)Ljava/util/HashMap$Node; @ 126

Internal exceptions (4 events):
Event: 0.160 Thread 0x000000000260e000 Exception <a 'java/lang/NoSuchMethodError': Method sun.misc.Unsafe.defineClass(Ljava/lang/String;[BII)Ljava/lang/Class; name or signature does not match> (0x00000000eab07c78) thrown at [C:\re\workspace\8-2-build-windows-amd64-cygwin\jdk8u102\7268\hotspot\s02p?
Event: 0.160 Thread 0x000000000260e000 Exception <a 'java/lang/NoSuchMethodError': Method sun.misc.Unsafe.prefetchRead(Ljava/lang/Object;J)V name or signature does not match> (0x00000000eab07f60) thrown at [C:\re\workspace\8-2-build-windows-amd64-cygwin\jdk8u102\7268\hotspot\src\share\vm\prims\Ⅳ)O?
Event: 1.582 Thread 0x0000000056a4f800 Implicit null exception at 0x0000000002c3389e to 0x0000000002c35235
Event: 1.582 Thread 0x0000000056a4f800 Implicit null exception at 0x0000000002c74919 to 0x0000000002c76851

Events (10 events):
Event: 1.705 loading class com/android/dx/cf/code/SwitchList done
Event: 1.762 Executing VM operation: ForceSafepoint
Event: 2.021 Executing VM operation: ForceSafepoint done
Event: 2.027 Thread 0x000000000260e000 Uncommon trap: trap_request=0xffffffc6 fr.pc=0x0000000002bf4154
Event: 2.027 Thread 0x000000000260e000 DEOPT PACKING pc=0x0000000002bf4154 sp=0x000000000297e780
Event: 2.027 Thread 0x000000000260e000 DEOPT UNPACKING pc=0x00000000029c582a sp=0x000000000297e700 mode 2
Event: 2.087 Executing VM operation: ParallelGCFailedAllocation
Event: 2.119 Executing VM operation: ParallelGCFailedAllocation done
Event: 2.155 loading class com/android/dx/cf/code/BytecodeArray$ConstantParserVisitor
Event: 2.155 loading class com/android/dx/cf/code/BytecodeArray$ConstantParserVisitor done


Dynamic libraries:
0x000000013f140000 - 0x000000013f177000 	D:\JAVA\jdk1.8\bin\java.exe
0x0000000077590000 - 0x000000007773a000 	C:\Windows\SYSTEM32\ntdll.dll
0x0000000077470000 - 0x000000007758f000 	C:\Windows\system32\kernel32.dll
0x000007fefd590000 - 0x000007fefd5fa000 	C:\Windows\system32\KERNELBASE.dll
0x000007fefeb20000 - 0x000007fefebfb000 	C:\Windows\system32\ADVAPI32.dll
0x000007fefdb10000 - 0x000007fefdbaf000 	C:\Windows\system32\msvcrt.dll
0x000007feff670000 - 0x000007feff68f000 	C:\Windows\SYSTEM32\sechost.dll
0x000007fefef60000 - 0x000007feff08d000 	C:\Windows\system32\RPCRT4.dll
0x0000000077370000 - 0x000000007746a000 	C:\Windows\system32\USER32.dll
0x000007feff350000 - 0x000007feff3b7000 	C:\Windows\system32\GDI32.dll
0x000007fefd8b0000 - 0x000007fefd8be000 	C:\Windows\system32\LPK.dll
0x000007feff3c0000 - 0x000007feff48a000 	C:\Windows\system32\USP10.dll
0x000007fefbd20000 - 0x000007fefbf14000 	C:\Windows\WinSxS\amd64_microsoft.windows.common-controls_6595b64144ccf1df_6.0.7601.17514_none_fa396087175ac9ac\COMCTL32.dll
0x000007feff5f0000 - 0x000007feff661000 	C:\Windows\system32\SHLWAPI.dll
0x000007fefda40000 - 0x000007fefda6e000 	C:\Windows\system32\IMM32.DLL
0x000007feff090000 - 0x000007feff199000 	C:\Windows\system32\MSCTF.dll
0x000000006c800000 - 0x000000006c8d1000 	D:\JAVA\jdk1.8\jre\bin\msvcr100.dll
0x000000005c400000 - 0x000000005cc9a000 	D:\JAVA\jdk1.8\jre\bin\server\jvm.dll
0x000007fef3110000 - 0x000007fef3119000 	C:\Windows\system32\WSOCK32.dll
0x000007feff300000 - 0x000007feff34d000 	C:\Windows\system32\WS2_32.dll
0x000007feff490000 - 0x000007feff498000 	C:\Windows\system32\NSI.dll
0x000007fefb070000 - 0x000007fefb0ab000 	C:\Windows\system32\WINMM.dll
0x000007fefc640000 - 0x000007fefc64c000 	C:\Windows\system32\VERSION.dll
0x0000000077760000 - 0x0000000077767000 	C:\Windows\system32\PSAPI.DLL
0x000000006cdf0000 - 0x000000006cdff000 	D:\JAVA\jdk1.8\jre\bin\verify.dll
0x000000006c7d0000 - 0x000000006c7f9000 	D:\JAVA\jdk1.8\jre\bin\java.dll
0x000000006c7b0000 - 0x000000006c7c6000 	D:\JAVA\jdk1.8\jre\bin\zip.dll
0x000007fefdbb0000 - 0x000007fefe938000 	C:\Windows\system32\SHELL32.dll
0x000007feff690000 - 0x000007feff893000 	C:\Windows\system32\ole32.dll
0x000007fefd4e0000 - 0x000007fefd4ef000 	C:\Windows\system32\profapi.dll

VM Arguments:
jvm_args: -Djava.awt.headless=true -Xmx1024M -Dfile.encoding=GBK -Duser.country=CN -Duser.language=zh -Duser.variant 
java_command: com.android.dx.command.Main --dex --num-threads=4 --output E:\svn\Peek2S\app\build\intermediates\pre-dexed\debug\com.android.support-support-core-utils-24.2.0_3a0b2c2f381bd557761c9a1fdc44c1431e694c25.jar E:\svn\Peek2S\app\build\intermediates\exploded-aar\com.android.support\support-core-utils\24.2.0\jars\classes.jar
java_class_path (initial): D:\Sdk\build-tools\24.0.1\lib\dx.jar
Launcher Type: SUN_STANDARD

Environment Variables:
JAVA_HOME=D:\JAVA\jdk1.8
CLASSPATH=.;D:\JAVA\jdk1.8\lib;D:\JAVA\jdk1.8\lib\tools.jar
PATH=C:\ProgramData\Oracle\Java\javapath;C:\Windows\system32;C:\Windows;C:\Windows\System32\Wbem;C:\Windows\System32\WindowsPowerShell\v1.0\;C:\Program Files (x86)\Common Files\microsoft shared\TigerKin;D:\JAVA\jdk1.8\bin;D:\JAVA\jdk1.8\jre\bin;C:\Android;C:\Windows\System32;D:\program files\svn\bin;D:\JAVA\tomcat\lib;D:\JAVA\tomcat\bin;D:\program files\Git\cmd;D:\JAVA\android-ndk-r10b;D:\JAVA\gradle-2.14.1\bin
USERNAME=admin
OS=Windows_NT
PROCESSOR_IDENTIFIER=Intel64 Family 6 Model 94 Stepping 3, GenuineIntel



---------------  S Y S T E M  ---------------

OS: Windows 7 , 64 bit Build 7601 (6.1.7601.23677)

CPU:total 4 (2 cores per cpu, 2 threads per core) family 6 model 94 stepping 3, cmov, cx8, fxsr, mmx, sse, sse2, sse3, ssse3, sse4.1, sse4.2, popcnt, avx, avx2, aes, clmul, erms, 3dnowpref, lzcnt, ht, tsc, tscinvbit, bmi1, bmi2, adx

Memory: 4k page, physical 8266364k(1111540k free), swap 9313080k(5004k free)

vm_info: Java HotSpot(TM) 64-Bit Server VM (25.102-b14) for windows-amd64 JRE (1.8.0_102-b14), built on Jun 22 2016 13:15:21 by "java_re" with MS VC++ 10.0 (VS2010)

time: Mon Jul 10 18:37:19 2017
elapsed time: 2 seconds (0d 0h 0m 2s)

