#
# There is insufficient memory for the Java Runtime Environment to continue.
# Native memory allocation (malloc) failed to allocate 35056 bytes for Chunk::new
# Possible reasons:
#   The system is out of physical RAM or swap space
#   In 32 bit mode, the process size limit was hit
# Possible solutions:
#   Reduce memory load on the system
#   Increase physical memory or swap space
#   Check if swap backing store is full
#   Use 64 bit Java on a 64 bit OS
#   Decrease Java heap size (-Xmx/-Xms)
#   Decrease number of Java threads
#   Decrease Java thread stack sizes (-Xss)
#   Set larger code cache with -XX:ReservedCodeCacheSize=
# This output file may be truncated or incomplete.
#
#  Out of Memory Error (allocation.cpp:390), pid=8916, tid=0x0000000000001aa0
#
# JRE version: Java(TM) SE Runtime Environment (8.0_102-b14) (build 1.8.0_102-b14)
# Java VM: Java HotSpot(TM) 64-Bit Server VM (25.102-b14 mixed mode windows-amd64 compressed oops)
# Failed to write core dump. Minidumps are not enabled by default on client versions of Windows
#

---------------  T H R E A D  ---------------

Current thread (0x00000000565e4000):  JavaThread "C2 CompilerThread0" daemon [_thread_in_native, id=6816, stack(0x0000000056e80000,0x0000000056f80000)]

Stack: [0x0000000056e80000,0x0000000056f80000]
[error occurred during error reporting (printing stack bounds), id 0xc0000005]

Native frames: (J=compiled Java code, j=interpreted, Vv=VM code, C=native code)


Current CompileTask:
C2:   2801 1413  s    4       sun.misc.URLClassPath::getNextLoader (88 bytes)


---------------  P R O C E S S  ---------------

Java Threads: ( => current thread )
  0x0000000056677800 JavaThread "Service Thread" daemon [_thread_blocked, id=8076, stack(0x0000000057140000,0x0000000057240000)]
  0x00000000565eb000 JavaThread "C1 CompilerThread2" daemon [_thread_blocked, id=3356, stack(0x0000000057030000,0x0000000057130000)]
  0x00000000565e9800 JavaThread "C2 CompilerThread1" daemon [_thread_blocked, id=5512, stack(0x0000000056bb0000,0x0000000056cb0000)]
=>0x00000000565e4000 JavaThread "C2 CompilerThread0" daemon [_thread_in_native, id=6816, stack(0x0000000056e80000,0x0000000056f80000)]
  0x00000000565db800 JavaThread "Attach Listener" daemon [_thread_blocked, id=8248, stack(0x0000000056cf0000,0x0000000056df0000)]
  0x00000000565da800 JavaThread "Signal Dispatcher" daemon [_thread_blocked, id=8444, stack(0x0000000056a40000,0x0000000056b40000)]
  0x0000000055254800 JavaThread "Finalizer" daemon [_thread_blocked, id=9156, stack(0x00000000564d0000,0x00000000565d0000)]
  0x0000000055212000 JavaThread "Reference Handler" daemon [_thread_blocked, id=9148, stack(0x0000000056380000,0x0000000056480000)]
  0x000000000247e000 JavaThread "main" [_thread_in_Java, id=9056, stack(0x0000000002770000,0x0000000002870000)]

Other Threads:
  0x000000005520a800 VMThread [stack: 0x00000000561d0000,0x00000000562d0000] [id=9128]
  0x0000000056683800 WatcherThread [stack: 0x00000000572f0000,0x00000000573f0000] [id=8232]

VM state:not at safepoint (normal execution)

VM Mutex/Monitor currently owned by a thread: None

Heap:
 PSYoungGen      total 38400K, used 27966K [0x00000000eab00000, 0x00000000ed580000, 0x0000000100000000)
  eden space 33280K, 84% used [0x00000000eab00000,0x00000000ec64fad8,0x00000000ecb80000)
  from space 5120K, 0% used [0x00000000ed080000,0x00000000ed080000,0x00000000ed580000)
  to   space 5120K, 0% used [0x00000000ecb80000,0x00000000ecb80000,0x00000000ed080000)
 ParOldGen       total 87552K, used 0K [0x00000000c0000000, 0x00000000c5580000, 0x00000000eab00000)
  object space 87552K, 0% used [0x00000000c0000000,0x00000000c0000000,0x00000000c5580000)
 Metaspace       used 6620K, capacity 7288K, committed 7424K, reserved 1056768K
  class space    used 664K, capacity 688K, committed 768K, reserved 1048576K

Card table byte_map: [0x0000000011c30000,0x0000000011e40000] byte_map_base: 0x0000000011630000

Marking Bits: (ParMarkBitMap*) 0x000000005cc1a6c0
 Begin Bits: [0x0000000012680000, 0x0000000013680000)
 End Bits:   [0x0000000013680000, 0x0000000014680000)

Polling page: 0x0000000001c60000

CodeCache: size=245760Kb used=5426Kb max_used=5426Kb free=240333Kb
 bounds [0x0000000002870000, 0x0000000002dc0000, 0x0000000011870000]
 total_blobs=1690 nmethods=1412 adapters=191
 compilation: enabled

Compilation events (10 events):
Event: 2.799 Thread 0x00000000565eb000 1408   !   3       sun.misc.Resource::getBytes (242 bytes)
Event: 2.800 Thread 0x00000000565eb000 nmethod 1408 0x0000000002dbb890 code [0x0000000002dbbb80, 0x0000000002dbd428]
Event: 2.800 Thread 0x00000000565eb000 1409       3       sun.misc.URLClassPath$JarLoader$2::getContentLength (9 bytes)
Event: 2.800 Thread 0x00000000565eb000 nmethod 1409 0x0000000002dbe0d0 code [0x0000000002dbe240, 0x0000000002dbe470]
Event: 2.800 Thread 0x00000000565eb000 1410       3       sun.misc.URLClassPath$JarLoader$2::getCodeSigners (8 bytes)
Event: 2.800 Thread 0x00000000565eb000 nmethod 1410 0x0000000002dbe550 code [0x0000000002dbe6c0, 0x0000000002dbe8e8]
Event: 2.800 Thread 0x00000000565eb000 1411   !   3       java.util.jar.JarFile$JarFileEntry::getCodeSigners (78 bytes)
Event: 2.801 Thread 0x00000000565eb000 nmethod 1411 0x0000000002dbe990 code [0x0000000002dbeb60, 0x0000000002dbf138]
Event: 2.801 Thread 0x00000000565eb000 1412       3       java.util.jar.JarFile::access$200 (5 bytes)
Event: 2.801 Thread 0x00000000565eb000 nmethod 1412 0x0000000002dbf390 code [0x0000000002dbf500, 0x0000000002dbf668]

GC Heap History (0 events):
No events

Deoptimization events (10 events):
Event: 2.406 Thread 0x000000000247e000 Uncommon trap: reason=unstable_if action=reinterpret pc=0x0000000002d106e0 method=java.util.Arrays.equals([Ljava/lang/Object;[Ljava/lang/Object;)Z @ 23
Event: 2.707 Thread 0x000000000247e000 Uncommon trap: reason=unstable_if action=reinterpret pc=0x0000000002d09b20 method=java.lang.String.indexOf([CII[CIII)I @ 3
Event: 2.707 Thread 0x000000000247e000 Uncommon trap: reason=unstable_if action=reinterpret pc=0x0000000002b6b780 method=java.util.Arrays.copyOf([Ljava/lang/Object;ILjava/lang/Class;)[Ljava/lang/Object; @ 3
Event: 2.708 Thread 0x000000000247e000 Uncommon trap: reason=speculate_class_check action=maybe_recompile pc=0x0000000002c3f8f0 method=java.util.HashMap.putVal(ILjava/lang/Object;Ljava/lang/Object;ZZ)Ljava/lang/Object; @ 56
Event: 2.708 Thread 0x000000000247e000 Uncommon trap: reason=speculate_class_check action=maybe_recompile pc=0x0000000002c3f94c method=java.util.HashMap.putVal(ILjava/lang/Object;Ljava/lang/Object;ZZ)Ljava/lang/Object; @ 152
Event: 2.708 Thread 0x000000000247e000 Uncommon trap: reason=speculate_class_check action=maybe_recompile pc=0x0000000002c3f8f0 method=java.util.HashMap.putVal(ILjava/lang/Object;Ljava/lang/Object;ZZ)Ljava/lang/Object; @ 56
Event: 2.708 Thread 0x000000000247e000 Uncommon trap: reason=speculate_class_check action=maybe_recompile pc=0x0000000002c3f8f0 method=java.util.HashMap.putVal(ILjava/lang/Object;Ljava/lang/Object;ZZ)Ljava/lang/Object; @ 56
Event: 2.708 Thread 0x000000000247e000 Uncommon trap: reason=class_check action=maybe_recompile pc=0x0000000002c3c980 method=java.util.HashMap.putVal(ILjava/lang/Object;Ljava/lang/Object;ZZ)Ljava/lang/Object; @ 56
Event: 2.708 Thread 0x000000000247e000 Uncommon trap: reason=class_check action=maybe_recompile pc=0x0000000002c3c980 method=java.util.HashMap.putVal(ILjava/lang/Object;Ljava/lang/Object;ZZ)Ljava/lang/Object; @ 56
Event: 2.708 Thread 0x000000000247e000 Uncommon trap: reason=class_check action=maybe_recompile pc=0x0000000002c3c980 method=java.util.HashMap.putVal(ILjava/lang/Object;Ljava/lang/Object;ZZ)Ljava/lang/Object; @ 56

Internal exceptions (3 events):
Event: 0.068 Thread 0x000000000247e000 Exception <a 'java/lang/NoSuchMethodError': Method sun.misc.Unsafe.defineClass(Ljava/lang/String;[BII)Ljava/lang/Class; name or signature does not match> (0x00000000eab07c78) thrown at [C:\re\workspace\8-2-build-windows-amd64-cygwin\jdk8u102\7268\hotspot\sN³ùP±?
Event: 0.068 Thread 0x000000000247e000 Exception <a 'java/lang/NoSuchMethodError': Method sun.misc.Unsafe.prefetchRead(Ljava/lang/Object;J)V name or signature does not match> (0x00000000eab07f60) thrown at [C:\re\workspace\8-2-build-windows-amd64-cygwin\jdk8u102\7268\hotspot\src\share\vm\prims\Ârr¬sö?
Event: 1.403 Thread 0x00000000567d1000 Implicit null exception at 0x0000000002aa733a to 0x0000000002aa92e5

Events (10 events):
Event: 2.789 loading class com/android/dex/Dex$TypeIndexToDescriptorIndexTable
Event: 2.789 loading class com/android/dex/Dex$TypeIndexToDescriptorIndexTable done
Event: 2.790 loading class com/android/dex/Dex$TypeIndexToDescriptorTable
Event: 2.790 loading class com/android/dex/Dex$TypeIndexToDescriptorTable done
Event: 2.791 loading class com/android/dex/Dex$ProtoIdTable
Event: 2.791 loading class com/android/dex/Dex$ProtoIdTable done
Event: 2.798 loading class com/android/dex/Dex$FieldIdTable
Event: 2.798 loading class com/android/dex/Dex$FieldIdTable done
Event: 2.798 loading class com/android/dex/Dex$MethodIdTable
Event: 2.798 loading class com/android/dex/Dex$MethodIdTable done


Dynamic libraries:
0x000000013f140000 - 0x000000013f177000 	D:\JAVA\jdk1.8\bin\java.exe
0x0000000077590000 - 0x000000007773a000 	C:\Windows\SYSTEM32\ntdll.dll
0x0000000077470000 - 0x000000007758f000 	C:\Windows\system32\kernel32.dll
0x000007fefd590000 - 0x000007fefd5fa000 	C:\Windows\system32\KERNELBASE.dll
0x000007fefeb20000 - 0x000007fefebfb000 	C:\Windows\system32\ADVAPI32.dll
0x000007fefdb10000 - 0x000007fefdbaf000 	C:\Windows\system32\msvcrt.dll
0x000007feff670000 - 0x000007feff68f000 	C:\Windows\SYSTEM32\sechost.dll
0x000007fefef60000 - 0x000007feff08d000 	C:\Windows\system32\RPCRT4.dll
0x0000000077370000 - 0x000000007746a000 	C:\Windows\system32\USER32.dll
0x000007feff350000 - 0x000007feff3b7000 	C:\Windows\system32\GDI32.dll
0x000007fefd8b0000 - 0x000007fefd8be000 	C:\Windows\system32\LPK.dll
0x000007feff3c0000 - 0x000007feff48a000 	C:\Windows\system32\USP10.dll
0x000007fefbd20000 - 0x000007fefbf14000 	C:\Windows\WinSxS\amd64_microsoft.windows.common-controls_6595b64144ccf1df_6.0.7601.17514_none_fa396087175ac9ac\COMCTL32.dll
0x000007feff5f0000 - 0x000007feff661000 	C:\Windows\system32\SHLWAPI.dll
0x000007fefda40000 - 0x000007fefda6e000 	C:\Windows\system32\IMM32.DLL
0x000007feff090000 - 0x000007feff199000 	C:\Windows\system32\MSCTF.dll
0x000000006c800000 - 0x000000006c8d1000 	D:\JAVA\jdk1.8\jre\bin\msvcr100.dll
0x000000005c400000 - 0x000000005cc9a000 	D:\JAVA\jdk1.8\jre\bin\server\jvm.dll
0x000007fef3110000 - 0x000007fef3119000 	C:\Windows\system32\WSOCK32.dll
0x000007feff300000 - 0x000007feff34d000 	C:\Windows\system32\WS2_32.dll
0x000007feff490000 - 0x000007feff498000 	C:\Windows\system32\NSI.dll
0x000007fefb070000 - 0x000007fefb0ab000 	C:\Windows\system32\WINMM.dll
0x000007fefc640000 - 0x000007fefc64c000 	C:\Windows\system32\VERSION.dll
0x0000000077760000 - 0x0000000077767000 	C:\Windows\system32\PSAPI.DLL
0x000000006cdf0000 - 0x000000006cdff000 	D:\JAVA\jdk1.8\jre\bin\verify.dll
0x000000006c7d0000 - 0x000000006c7f9000 	D:\JAVA\jdk1.8\jre\bin\java.dll
0x000000006c7b0000 - 0x000000006c7c6000 	D:\JAVA\jdk1.8\jre\bin\zip.dll
0x000007fefdbb0000 - 0x000007fefe938000 	C:\Windows\system32\SHELL32.dll
0x000007feff690000 - 0x000007feff893000 	C:\Windows\system32\ole32.dll
0x000007fefd4e0000 - 0x000007fefd4ef000 	C:\Windows\system32\profapi.dll

VM Arguments:
jvm_args: -Djava.awt.headless=true -Xmx1024M -Dfile.encoding=GBK -Duser.country=CN -Duser.language=zh -Duser.variant 
java_command: com.android.dx.command.Main --dex --num-threads=4 --output E:\svn\Peek2S\app\build\intermediates\pre-dexed\debug\com.commit451-PhotoView-1.2.4_d50f7bb5ac208ff85854ecb520cb4e81b586508c.jar E:\svn\Peek2S\app\build\intermediates\exploded-aar\com.commit451\PhotoView\1.2.4\jars\classes.jar
java_class_path (initial): D:\Sdk\build-tools\24.0.1\lib\dx.jar
Launcher Type: SUN_STANDARD

Environment Variables:
JAVA_HOME=D:\JAVA\jdk1.8
CLASSPATH=.;D:\JAVA\jdk1.8\lib;D:\JAVA\jdk1.8\lib\tools.jar
PATH=C:\ProgramData\Oracle\Java\javapath;C:\Windows\system32;C:\Windows;C:\Windows\System32\Wbem;C:\Windows\System32\WindowsPowerShell\v1.0\;C:\Program Files (x86)\Common Files\microsoft shared\TigerKin;D:\JAVA\jdk1.8\bin;D:\JAVA\jdk1.8\jre\bin;C:\Android;C:\Windows\System32;D:\program files\svn\bin;D:\JAVA\tomcat\lib;D:\JAVA\tomcat\bin;D:\program files\Git\cmd;D:\JAVA\android-ndk-r10b;D:\JAVA\gradle-2.14.1\bin
USERNAME=admin
OS=Windows_NT
PROCESSOR_IDENTIFIER=Intel64 Family 6 Model 94 Stepping 3, GenuineIntel



---------------  S Y S T E M  ---------------

OS: Windows 7 , 64 bit Build 7601 (6.1.7601.23677)

CPU:total 4 (2 cores per cpu, 2 threads per core) family 6 model 94 stepping 3, cmov, cx8, fxsr, mmx, sse, sse2, sse3, ssse3, sse4.1, sse4.2, popcnt, avx, avx2, aes, clmul, erms, 3dnowpref, lzcnt, ht, tsc, tscinvbit, bmi1, bmi2, adx

Memory: 4k page, physical 8266364k(1148984k free), swap 9313080k(5004k free)

vm_info: Java HotSpot(TM) 64-Bit Server VM (25.102-b14) for windows-amd64 JRE (1.8.0_102-b14), built on Jun 22 2016 13:15:21 by "java_re" with MS VC++ 10.0 (VS2010)

time: Mon Jul 10 18:36:45 2017
elapsed time: 2 seconds (0d 0h 0m 2s)

