#
# There is insufficient memory for the Java Runtime Environment to continue.
# Native memory allocation (malloc) failed to allocate 198096 bytes for Chunk::new
# Possible reasons:
#   The system is out of physical RAM or swap space
#   In 32 bit mode, the process size limit was hit
# Possible solutions:
#   Reduce memory load on the system
#   Increase physical memory or swap space
#   Check if swap backing store is full
#   Use 64 bit Java on a 64 bit OS
#   Decrease Java heap size (-Xmx/-Xms)
#   Decrease number of Java threads
#   Decrease Java thread stack sizes (-Xss)
#   Set larger code cache with -XX:ReservedCodeCacheSize=
# This output file may be truncated or incomplete.
#
#  Out of Memory Error (allocation.cpp:390), pid=7432, tid=0x00000000000023cc
#
# JRE version: Java(TM) SE Runtime Environment (8.0_102-b14) (build 1.8.0_102-b14)
# Java VM: Java HotSpot(TM) 64-Bit Server VM (25.102-b14 mixed mode windows-amd64 compressed oops)
# Failed to write core dump. Minidumps are not enabled by default on client versions of Windows
#

---------------  T H R E A D  ---------------

Current thread (0x0000000056421800):  JavaThread "C2 CompilerThread1" daemon [_thread_in_native, id=9164, stack(0x0000000056fa0000,0x00000000570a0000)]

Stack: [0x0000000056fa0000,0x00000000570a0000]
[error occurred during error reporting (printing stack bounds), id 0xc0000005]

Native frames: (J=compiled Java code, j=interpreted, Vv=VM code, C=native code)


Current CompileTask:
C2:   8666 2247 %     4       com.android.dx.dex.file.AnnotationUtils::makeSignature @ 65 (251 bytes)


---------------  P R O C E S S  ---------------

Java Threads: ( => current thread )
  0x00000000566dd800 JavaThread "pool-1-thread-4" [_thread_blocked, id=8840, stack(0x00000000570a0000,0x00000000571a0000)]
  0x00000000566da800 JavaThread "pool-1-thread-3" [_thread_blocked, id=7604, stack(0x0000000058090000,0x0000000058190000)]
  0x0000000056740000 JavaThread "pool-1-thread-2" [_thread_blocked, id=8416, stack(0x0000000057e20000,0x0000000057f20000)]
  0x000000005673f000 JavaThread "pool-2-thread-1" [_thread_blocked, id=5024, stack(0x0000000057c10000,0x0000000057d10000)]
  0x000000005673e800 JavaThread "pool-1-thread-1" [_thread_blocked, id=7824, stack(0x0000000057ae0000,0x0000000057be0000)]
  0x0000000056498000 JavaThread "Service Thread" daemon [_thread_blocked, id=6180, stack(0x00000000571a0000,0x00000000572a0000)]
  0x0000000056456800 JavaThread "C1 CompilerThread2" daemon [_thread_blocked, id=3496, stack(0x0000000056e60000,0x0000000056f60000)]
=>0x0000000056421800 JavaThread "C2 CompilerThread1" daemon [_thread_in_native, id=9164, stack(0x0000000056fa0000,0x00000000570a0000)]
  0x000000005511e000 JavaThread "C2 CompilerThread0" daemon [_thread_blocked, id=8236, stack(0x0000000056d20000,0x0000000056e20000)]
  0x000000005511b000 JavaThread "Attach Listener" daemon [_thread_blocked, id=7972, stack(0x0000000056ad0000,0x0000000056bd0000)]
  0x000000005640a800 JavaThread "Signal Dispatcher" daemon [_thread_blocked, id=7764, stack(0x00000000568d0000,0x00000000569d0000)]
  0x00000000550fb800 JavaThread "Finalizer" daemon [_thread_blocked, id=7596, stack(0x0000000056300000,0x0000000056400000)]
  0x00000000550b3000 JavaThread "Reference Handler" daemon [_thread_blocked, id=4912, stack(0x0000000056190000,0x0000000056290000)]
  0x000000000258e000 JavaThread "main" [_thread_blocked, id=4020, stack(0x00000000027c0000,0x00000000028c0000)]

Other Threads:
  0x00000000550ab800 VMThread [stack: 0x0000000056070000,0x0000000056170000] [id=8820]
  0x00000000564af800 WatcherThread [stack: 0x0000000056c10000,0x0000000056d10000] [id=6764]

VM state:not at safepoint (normal execution)

VM Mutex/Monitor currently owned by a thread: None

Heap:
 PSYoungGen      total 138240K, used 8304K [0x00000000eab00000, 0x00000000fe600000, 0x0000000100000000)
  eden space 133120K, 2% used [0x00000000eab00000,0x00000000eae226d0,0x00000000f2d00000)
  from space 5120K, 99% used [0x00000000f2d00000,0x00000000f31f9c70,0x00000000f3200000)
  to   space 28160K, 0% used [0x00000000fca80000,0x00000000fca80000,0x00000000fe600000)
 ParOldGen       total 87552K, used 45799K [0x00000000c0000000, 0x00000000c5580000, 0x00000000eab00000)
  object space 87552K, 52% used [0x00000000c0000000,0x00000000c2cb9e50,0x00000000c5580000)
 Metaspace       used 6532K, capacity 7192K, committed 7424K, reserved 1056768K
  class space    used 625K, capacity 656K, committed 768K, reserved 1048576K

Card table byte_map: [0x0000000011c80000,0x0000000011e90000] byte_map_base: 0x0000000011680000

Marking Bits: (ParMarkBitMap*) 0x000000005cc1a6c0
 Begin Bits: [0x0000000012520000, 0x0000000013520000)
 End Bits:   [0x0000000013520000, 0x0000000014520000)

Polling page: 0x0000000000130000

CodeCache: size=245760Kb used=9893Kb max_used=9918Kb free=235866Kb
 bounds [0x00000000028c0000, 0x0000000003290000, 0x00000000118c0000]
 total_blobs=2405 nmethods=2133 adapters=184
 compilation: enabled

Compilation events (10 events):
Event: 8.399 Thread 0x000000005511e000 nmethod 2242 0x0000000003245c50 code [0x0000000003245e20, 0x0000000003246b78]
Event: 8.626 Thread 0x0000000056421800 2243       4       com.android.dx.ssa.SsaRenamer$BlockRenamer$RenamingMapper::map (28 bytes)
Event: 8.627 Thread 0x0000000056456800 2244       1       java.util.TreeMap$Entry::getKey (5 bytes)
Event: 8.627 Thread 0x0000000056456800 nmethod 2244 0x0000000003232990 code [0x0000000003232ae0, 0x0000000003232bf0]
Event: 8.627 Thread 0x0000000056421800 nmethod 2243 0x000000000315ca10 code [0x000000000315cb60, 0x000000000315cc48]
Event: 8.646 Thread 0x0000000056456800 2245       3       com.android.dx.ssa.Dominators$DfsWalker::<init> (6 bytes)
Event: 8.646 Thread 0x0000000056456800 nmethod 2245 0x000000000320a450 code [0x000000000320a5c0, 0x000000000320a7f0]
Event: 8.646 Thread 0x0000000056456800 2246       3       com.android.dx.ssa.Dominators$DfsWalker::<init> (15 bytes)
Event: 8.646 Thread 0x0000000056456800 nmethod 2246 0x0000000003245890 code [0x00000000032459e0, 0x0000000003245bb0]
Event: 8.651 Thread 0x0000000056421800 2247 %     4       com.android.dx.dex.file.AnnotationUtils::makeSignature @ 65 (251 bytes)

GC Heap History (10 events):
Event: 0.955 GC heap before
{Heap before GC invocations=1 (full 0):
 PSYoungGen      total 38400K, used 33280K [0x00000000eab00000, 0x00000000ed580000, 0x0000000100000000)
  eden space 33280K, 100% used [0x00000000eab00000,0x00000000ecb80000,0x00000000ecb80000)
  from space 5120K, 0% used [0x00000000ed080000,0x00000000ed080000,0x00000000ed580000)
  to   space 5120K, 0% used [0x00000000ecb80000,0x00000000ecb80000,0x00000000ed080000)
 ParOldGen       total 87552K, used 0K [0x00000000c0000000, 0x00000000c5580000, 0x00000000eab00000)
  object space 87552K, 0% used [0x00000000c0000000,0x00000000c0000000,0x00000000c5580000)
 Metaspace       used 5953K, capacity 6836K, committed 7040K, reserved 1056768K
  class space    used 601K, capacity 620K, committed 640K, reserved 1048576K
Event: 0.973 GC heap after
Heap after GC invocations=1 (full 0):
 PSYoungGen      total 38400K, used 5113K [0x00000000eab00000, 0x00000000ef600000, 0x0000000100000000)
  eden space 33280K, 0% used [0x00000000eab00000,0x00000000eab00000,0x00000000ecb80000)
  from space 5120K, 99% used [0x00000000ecb80000,0x00000000ed07e6d8,0x00000000ed080000)
  to   space 5120K, 0% used [0x00000000ef100000,0x00000000ef100000,0x00000000ef600000)
 ParOldGen       total 87552K, used 211K [0x00000000c0000000, 0x00000000c5580000, 0x00000000eab00000)
  object space 87552K, 0% used [0x00000000c0000000,0x00000000c0034f78,0x00000000c5580000)
 Metaspace       used 5953K, capacity 6836K, committed 7040K, reserved 1056768K
  class space    used 601K, capacity 620K, committed 640K, reserved 1048576K
}
Event: 1.686 GC heap before
{Heap before GC invocations=2 (full 0):
 PSYoungGen      total 38400K, used 38393K [0x00000000eab00000, 0x00000000ef600000, 0x0000000100000000)
  eden space 33280K, 100% used [0x00000000eab00000,0x00000000ecb80000,0x00000000ecb80000)
  from space 5120K, 99% used [0x00000000ecb80000,0x00000000ed07e6d8,0x00000000ed080000)
  to   space 5120K, 0% used [0x00000000ef100000,0x00000000ef100000,0x00000000ef600000)
 ParOldGen       total 87552K, used 211K [0x00000000c0000000, 0x00000000c5580000, 0x00000000eab00000)
  object space 87552K, 0% used [0x00000000c0000000,0x00000000c0034f78,0x00000000c5580000)
 Metaspace       used 6182K, capacity 7028K, committed 7296K, reserved 1056768K
  class space    used 601K, capacity 620K, committed 640K, reserved 1048576K
Event: 1.709 GC heap after
Heap after GC invocations=2 (full 0):
 PSYoungGen      total 71680K, used 5106K [0x00000000eab00000, 0x00000000ef600000, 0x0000000100000000)
  eden space 66560K, 0% used [0x00000000eab00000,0x00000000eab00000,0x00000000eec00000)
  from space 5120K, 99% used [0x00000000ef100000,0x00000000ef5fca70,0x00000000ef600000)
  to   space 5120K, 0% used [0x00000000eec00000,0x00000000eec00000,0x00000000ef100000)
 ParOldGen       total 87552K, used 4522K [0x00000000c0000000, 0x00000000c5580000, 0x00000000eab00000)
  object space 87552K, 5% used [0x00000000c0000000,0x00000000c046a998,0x00000000c5580000)
 Metaspace       used 6182K, capacity 7028K, committed 7296K, reserved 1056768K
  class space    used 601K, capacity 620K, committed 640K, reserved 1048576K
}
Event: 2.398 GC heap before
{Heap before GC invocations=3 (full 0):
 PSYoungGen      total 71680K, used 71666K [0x00000000eab00000, 0x00000000ef600000, 0x0000000100000000)
  eden space 66560K, 100% used [0x00000000eab00000,0x00000000eec00000,0x00000000eec00000)
  from space 5120K, 99% used [0x00000000ef100000,0x00000000ef5fca70,0x00000000ef600000)
  to   space 5120K, 0% used [0x00000000eec00000,0x00000000eec00000,0x00000000ef100000)
 ParOldGen       total 87552K, used 4522K [0x00000000c0000000, 0x00000000c5580000, 0x00000000eab00000)
  object space 87552K, 5% used [0x00000000c0000000,0x00000000c046a998,0x00000000c5580000)
 Metaspace       used 6372K, capacity 7092K, committed 7296K, reserved 1056768K
  class space    used 602K, capacity 620K, committed 640K, reserved 1048576K
Event: 2.418 GC heap after
Heap after GC invocations=3 (full 0):
 PSYoungGen      total 71680K, used 5119K [0x00000000eab00000, 0x00000000f3700000, 0x0000000100000000)
  eden space 66560K, 0% used [0x00000000eab00000,0x00000000eab00000,0x00000000eec00000)
  from space 5120K, 99% used [0x00000000eec00000,0x00000000ef0ffc90,0x00000000ef100000)
  to   space 5120K, 0% used [0x00000000f3200000,0x00000000f3200000,0x00000000f3700000)
 ParOldGen       total 87552K, used 14670K [0x00000000c0000000, 0x00000000c5580000, 0x00000000eab00000)
  object space 87552K, 16% used [0x00000000c0000000,0x00000000c0e538a0,0x00000000c5580000)
 Metaspace       used 6372K, capacity 7092K, committed 7296K, reserved 1056768K
  class space    used 602K, capacity 620K, committed 640K, reserved 1048576K
}
Event: 3.081 GC heap before
{Heap before GC invocations=4 (full 0):
 PSYoungGen      total 71680K, used 71679K [0x00000000eab00000, 0x00000000f3700000, 0x0000000100000000)
  eden space 66560K, 100% used [0x00000000eab00000,0x00000000eec00000,0x00000000eec00000)
  from space 5120K, 99% used [0x00000000eec00000,0x00000000ef0ffc90,0x00000000ef100000)
  to   space 5120K, 0% used [0x00000000f3200000,0x00000000f3200000,0x00000000f3700000)
 ParOldGen       total 87552K, used 14670K [0x00000000c0000000, 0x00000000c5580000, 0x00000000eab00000)
  object space 87552K, 16% used [0x00000000c0000000,0x00000000c0e538a0,0x00000000c5580000)
 Metaspace       used 6416K, capacity 7156K, committed 7296K, reserved 1056768K
  class space    used 603K, capacity 620K, committed 640K, reserved 1048576K
Event: 3.102 GC heap after
Heap after GC invocations=4 (full 0):
 PSYoungGen      total 138240K, used 5103K [0x00000000eab00000, 0x00000000f3700000, 0x0000000100000000)
  eden space 133120K, 0% used [0x00000000eab00000,0x00000000eab00000,0x00000000f2d00000)
  from space 5120K, 99% used [0x00000000f3200000,0x00000000f36fbc90,0x00000000f3700000)
  to   space 5120K, 0% used [0x00000000f2d00000,0x00000000f2d00000,0x00000000f3200000)
 ParOldGen       total 87552K, used 24690K [0x00000000c0000000, 0x00000000c5580000, 0x00000000eab00000)
  object space 87552K, 28% used [0x00000000c0000000,0x00000000c181cbd8,0x00000000c5580000)
 Metaspace       used 6416K, capacity 7156K, committed 7296K, reserved 1056768K
  class space    used 603K, capacity 620K, committed 640K, reserved 1048576K
}
Event: 8.399 GC heap before
{Heap before GC invocations=5 (full 0):
 PSYoungGen      total 138240K, used 138223K [0x00000000eab00000, 0x00000000f3700000, 0x0000000100000000)
  eden space 133120K, 100% used [0x00000000eab00000,0x00000000f2d00000,0x00000000f2d00000)
  from space 5120K, 99% used [0x00000000f3200000,0x00000000f36fbc90,0x00000000f3700000)
  to   space 5120K, 0% used [0x00000000f2d00000,0x00000000f2d00000,0x00000000f3200000)
 ParOldGen       total 87552K, used 24690K [0x00000000c0000000, 0x00000000c5580000, 0x00000000eab00000)
  object space 87552K, 28% used [0x00000000c0000000,0x00000000c181cbd8,0x00000000c5580000)
 Metaspace       used 6532K, capacity 7192K, committed 7424K, reserved 1056768K
  class space    used 625K, capacity 656K, committed 768K, reserved 1048576K
Event: 8.626 GC heap after
Heap after GC invocations=5 (full 0):
 PSYoungGen      total 138240K, used 5095K [0x00000000eab00000, 0x00000000fe600000, 0x0000000100000000)
  eden space 133120K, 0% used [0x00000000eab00000,0x00000000eab00000,0x00000000f2d00000)
  from space 5120K, 99% used [0x00000000f2d00000,0x00000000f31f9c70,0x00000000f3200000)
  to   space 28160K, 0% used [0x00000000fca80000,0x00000000fca80000,0x00000000fe600000)
 ParOldGen       total 87552K, used 45799K [0x00000000c0000000, 0x00000000c5580000, 0x00000000eab00000)
  object space 87552K, 52% used [0x00000000c0000000,0x00000000c2cb9e50,0x00000000c5580000)
 Metaspace       used 6532K, capacity 7192K, committed 7424K, reserved 1056768K
  class space    used 625K, capacity 656K, committed 768K, reserved 1048576K
}

Deoptimization events (10 events):
Event: 3.754 Thread 0x0000000056740000 Uncommon trap: reason=bimorphic action=maybe_recompile pc=0x00000000030ccd44 method=com.android.dx.cf.code.RopperMachine.run(Lcom/android/dx/cf/code/Frame;II)V @ 988
Event: 3.764 Thread 0x000000005673e800 Uncommon trap: reason=class_check action=maybe_recompile pc=0x00000000031235f4 method=com.android.dx.cf.code.Ropper.processBlock(Lcom/android/dx/cf/code/ByteBlock;Lcom/android/dx/cf/code/Frame;[I)V @ 711
Event: 3.766 Thread 0x000000005673e800 Uncommon trap: reason=class_check action=maybe_recompile pc=0x00000000031235f4 method=com.android.dx.cf.code.Ropper.processBlock(Lcom/android/dx/cf/code/ByteBlock;Lcom/android/dx/cf/code/Frame;[I)V @ 711
Event: 3.790 Thread 0x00000000566dd800 Uncommon trap: reason=unstable_if action=reinterpret pc=0x0000000002d39330 method=com.android.dx.dex.code.OutputFinisher.hasLocalInfo(Lcom/android/dx/dex/code/DalvInsn;)Z @ 24
Event: 4.528 Thread 0x00000000566dd800 Uncommon trap: reason=bimorphic action=maybe_recompile pc=0x00000000030ccd44 method=com.android.dx.cf.code.RopperMachine.run(Lcom/android/dx/cf/code/Frame;II)V @ 988
Event: 4.529 Thread 0x00000000566dd800 Uncommon trap: reason=bimorphic action=maybe_recompile pc=0x00000000030ccd44 method=com.android.dx.cf.code.RopperMachine.run(Lcom/android/dx/cf/code/Frame;II)V @ 988
Event: 4.529 Thread 0x00000000566dd800 Uncommon trap: reason=bimorphic action=maybe_recompile pc=0x00000000030ccd44 method=com.android.dx.cf.code.RopperMachine.run(Lcom/android/dx/cf/code/Frame;II)V @ 988
Event: 4.529 Thread 0x00000000566dd800 Uncommon trap: reason=unloaded action=reinterpret pc=0x0000000002ef882c method=com.android.dx.ssa.LiteralOpUpgrader$1.visitNonMoveInsn(Lcom/android/dx/ssa/NormalSsaInsn;)V @ 72
Event: 4.530 Thread 0x00000000566dd800 Uncommon trap: reason=unstable_if action=reinterpret pc=0x0000000002c4820c method=com.android.dx.ssa.SsaMethod.updateOneDefinition(Lcom/android/dx/ssa/SsaInsn;Lcom/android/dx/rop/code/RegisterSpec;)V @ 4
Event: 5.864 Thread 0x00000000566dd800 Uncommon trap: reason=class_check action=maybe_recompile pc=0x00000000031b663c method=com.android.dx.cf.code.RopperMachine.run(Lcom/android/dx/cf/code/Frame;II)V @ 1024

Internal exceptions (8 events):
Event: 0.044 Thread 0x000000000258e000 Exception <a 'java/lang/NoSuchMethodError': Method sun.misc.Unsafe.defineClass(Ljava/lang/String;[BII)Ljava/lang/Class; name or signature does not match> (0x00000000eab07c78) thrown at [C:\re\workspace\8-2-build-windows-amd64-cygwin\jdk8u102\7268\hotspot\s”ùBlîž¦?
Event: 0.044 Thread 0x000000000258e000 Exception <a 'java/lang/NoSuchMethodError': Method sun.misc.Unsafe.prefetchRead(Ljava/lang/Object;J)V name or signature does not match> (0x00000000eab07f60) thrown at [C:\re\workspace\8-2-build-windows-amd64-cygwin\jdk8u102\7268\hotspot\src\share\vm\prims\î%’ìžÐñ?
Event: 1.113 Thread 0x0000000056740000 Implicit null exception at 0x0000000002c9bc60 to 0x0000000002c9c969
Event: 1.114 Thread 0x0000000056740000 Implicit null exception at 0x0000000002caf828 to 0x0000000002cb07a9
Event: 2.389 Thread 0x00000000566da800 Implicit null exception at 0x0000000002ea45ad to 0x0000000002ea6099
Event: 3.155 Thread 0x00000000566dd800 Exception <a 'java/lang/ArrayIndexOutOfBoundsException': 18> (0x00000000eb425df0) thrown at [C:\re\workspace\8-2-build-windows-amd64-cygwin\jdk8u102\7268\hotspot\src\share\vm\interpreter\interpreterRuntime.cpp, line 366]
Event: 3.155 Thread 0x00000000566dd800 Exception <a 'java/lang/ArrayIndexOutOfBoundsException': 145> (0x00000000eb427970) thrown at [C:\re\workspace\8-2-build-windows-amd64-cygwin\jdk8u102\7268\hotspot\src\share\vm\interpreter\interpreterRuntime.cpp, line 366]
Event: 3.156 Thread 0x00000000566dd800 Exception <a 'java/lang/ArrayIndexOutOfBoundsException'> (0x00000000eb428c58) thrown at [C:\re\workspace\8-2-build-windows-amd64-cygwin\jdk8u102\7268\hotspot\src\share\vm\runtime\sharedRuntime.cpp, line 605]

Events (10 events):
Event: 4.530 Thread 0x00000000566dd800 DEOPT UNPACKING pc=0x000000000290582a sp=0x000000005719ea48 mode 2
Event: 5.864 Thread 0x00000000566dd800 Uncommon trap: trap_request=0xffffffde fr.pc=0x00000000031b663c
Event: 5.864 Thread 0x00000000566dd800 DEOPT PACKING pc=0x00000000031b663c sp=0x000000005719e9a0
Event: 5.864 Thread 0x00000000566dd800 DEOPT UNPACKING pc=0x000000000290582a sp=0x000000005719e978 mode 2
Event: 5.864 loading class com/android/dx/cf/iface/ParseObserver
Event: 5.864 loading class com/android/dx/cf/iface/ParseObserver done
Event: 7.136 Thread 0x00000000566dd800 DEOPT PACKING pc=0x0000000002d0260a sp=0x000000005719eb00
Event: 7.136 Thread 0x00000000566dd800 DEOPT UNPACKING pc=0x000000000290787f sp=0x000000005719e940 mode 0
Event: 8.399 Executing VM operation: ParallelGCFailedAllocation
Event: 8.626 Executing VM operation: ParallelGCFailedAllocation done


Dynamic libraries:
0x000000013f140000 - 0x000000013f177000 	D:\JAVA\jdk1.8\bin\java.exe
0x0000000077590000 - 0x000000007773a000 	C:\Windows\SYSTEM32\ntdll.dll
0x0000000077470000 - 0x000000007758f000 	C:\Windows\system32\kernel32.dll
0x000007fefd590000 - 0x000007fefd5fa000 	C:\Windows\system32\KERNELBASE.dll
0x000007fefeb20000 - 0x000007fefebfb000 	C:\Windows\system32\ADVAPI32.dll
0x000007fefdb10000 - 0x000007fefdbaf000 	C:\Windows\system32\msvcrt.dll
0x000007feff670000 - 0x000007feff68f000 	C:\Windows\SYSTEM32\sechost.dll
0x000007fefef60000 - 0x000007feff08d000 	C:\Windows\system32\RPCRT4.dll
0x0000000077370000 - 0x000000007746a000 	C:\Windows\system32\USER32.dll
0x000007feff350000 - 0x000007feff3b7000 	C:\Windows\system32\GDI32.dll
0x000007fefd8b0000 - 0x000007fefd8be000 	C:\Windows\system32\LPK.dll
0x000007feff3c0000 - 0x000007feff48a000 	C:\Windows\system32\USP10.dll
0x000007fefbd20000 - 0x000007fefbf14000 	C:\Windows\WinSxS\amd64_microsoft.windows.common-controls_6595b64144ccf1df_6.0.7601.17514_none_fa396087175ac9ac\COMCTL32.dll
0x000007feff5f0000 - 0x000007feff661000 	C:\Windows\system32\SHLWAPI.dll
0x000007fefda40000 - 0x000007fefda6e000 	C:\Windows\system32\IMM32.DLL
0x000007feff090000 - 0x000007feff199000 	C:\Windows\system32\MSCTF.dll
0x000000006c800000 - 0x000000006c8d1000 	D:\JAVA\jdk1.8\jre\bin\msvcr100.dll
0x000000005c400000 - 0x000000005cc9a000 	D:\JAVA\jdk1.8\jre\bin\server\jvm.dll
0x000007fef3110000 - 0x000007fef3119000 	C:\Windows\system32\WSOCK32.dll
0x000007feff300000 - 0x000007feff34d000 	C:\Windows\system32\WS2_32.dll
0x000007feff490000 - 0x000007feff498000 	C:\Windows\system32\NSI.dll
0x000007fefb070000 - 0x000007fefb0ab000 	C:\Windows\system32\WINMM.dll
0x000007fefc640000 - 0x000007fefc64c000 	C:\Windows\system32\VERSION.dll
0x0000000077760000 - 0x0000000077767000 	C:\Windows\system32\PSAPI.DLL
0x000000006cdf0000 - 0x000000006cdff000 	D:\JAVA\jdk1.8\jre\bin\verify.dll
0x000000006c7d0000 - 0x000000006c7f9000 	D:\JAVA\jdk1.8\jre\bin\java.dll
0x000000006c7b0000 - 0x000000006c7c6000 	D:\JAVA\jdk1.8\jre\bin\zip.dll
0x000007fefdbb0000 - 0x000007fefe938000 	C:\Windows\system32\SHELL32.dll
0x000007feff690000 - 0x000007feff893000 	C:\Windows\system32\ole32.dll
0x000007fefd4e0000 - 0x000007fefd4ef000 	C:\Windows\system32\profapi.dll

VM Arguments:
jvm_args: -Djava.awt.headless=true -Xmx1024M -Dfile.encoding=GBK -Duser.country=CN -Duser.language=zh -Duser.variant 
java_command: com.android.dx.command.Main --dex --num-threads=4 --output E:\svn\Peek2S\app\build\intermediates\pre-dexed\debug\rxjava-1.1.6_cb0b445d0dbf045e3b264502713a1691ed8bdd94.jar E:\svn\Peek2S\app\libs\rxjava-1.1.6.jar
java_class_path (initial): D:\Sdk\build-tools\24.0.1\lib\dx.jar
Launcher Type: SUN_STANDARD

Environment Variables:
JAVA_HOME=D:\JAVA\jdk1.8
CLASSPATH=.;D:\JAVA\jdk1.8\lib;D:\JAVA\jdk1.8\lib\tools.jar
PATH=C:\ProgramData\Oracle\Java\javapath;C:\Windows\system32;C:\Windows;C:\Windows\System32\Wbem;C:\Windows\System32\WindowsPowerShell\v1.0\;C:\Program Files (x86)\Common Files\microsoft shared\TigerKin;D:\JAVA\jdk1.8\bin;D:\JAVA\jdk1.8\jre\bin;C:\Android;C:\Windows\System32;D:\program files\svn\bin;D:\JAVA\tomcat\lib;D:\JAVA\tomcat\bin;D:\program files\Git\cmd;D:\JAVA\android-ndk-r10b;D:\JAVA\gradle-2.14.1\bin
USERNAME=admin
OS=Windows_NT
PROCESSOR_IDENTIFIER=Intel64 Family 6 Model 94 Stepping 3, GenuineIntel



---------------  S Y S T E M  ---------------

OS: Windows 7 , 64 bit Build 7601 (6.1.7601.23677)

CPU:total 4 (2 cores per cpu, 2 threads per core) family 6 model 94 stepping 3, cmov, cx8, fxsr, mmx, sse, sse2, sse3, ssse3, sse4.1, sse4.2, popcnt, avx, avx2, aes, clmul, erms, 3dnowpref, lzcnt, ht, tsc, tscinvbit, bmi1, bmi2, adx

Memory: 4k page, physical 8266364k(1031060k free), swap 9313080k(5200k free)

vm_info: Java HotSpot(TM) 64-Bit Server VM (25.102-b14) for windows-amd64 JRE (1.8.0_102-b14), built on Jun 22 2016 13:15:21 by "java_re" with MS VC++ 10.0 (VS2010)

time: Mon Jul 10 18:54:41 2017
elapsed time: 8 seconds (0d 0h 0m 8s)

