#
# There is insufficient memory for the Java Runtime Environment to continue.
# Native memory allocation (malloc) failed to allocate 331216 bytes for Chunk::new
# Possible reasons:
#   The system is out of physical RAM or swap space
#   In 32 bit mode, the process size limit was hit
# Possible solutions:
#   Reduce memory load on the system
#   Increase physical memory or swap space
#   Check if swap backing store is full
#   Use 64 bit Java on a 64 bit OS
#   Decrease Java heap size (-Xmx/-Xms)
#   Decrease number of Java threads
#   Decrease Java thread stack sizes (-Xss)
#   Set larger code cache with -XX:ReservedCodeCacheSize=
# This output file may be truncated or incomplete.
#
#  Out of Memory Error (allocation.cpp:390), pid=8312, tid=0x0000000000001f58
#
# JRE version: OpenJDK Runtime Environment (8.0_152-b01) (build 1.8.0_152-release-915-b01)
# Java VM: OpenJDK 64-Bit Server VM (25.152-b01 mixed mode windows-amd64 compressed oops)
# Failed to write core dump. Minidumps are not enabled by default on client versions of Windows
#

---------------  T H R E A D  ---------------

Current thread (0x00000000060cd000):  JavaThread "C2 CompilerThread0" daemon [_thread_in_native, id=8024, stack(0x0000000057650000,0x0000000057750000)]

Stack: [0x0000000057650000,0x0000000057750000]
[error occurred during error reporting (printing stack bounds), id 0xc0000005]

Native frames: (J=compiled Java code, j=interpreted, Vv=VM code, C=native code)


Current CompileTask:
C2:   8195 1727 %     4       com.android.dx.ssa.SsaConverter::placePhiFunctions @ 229 (394 bytes)


---------------  P R O C E S S  ---------------

Java Threads: ( => current thread )
  0x0000000057391800 JavaThread "pool-1-thread-4" [_thread_blocked, id=7232, stack(0x00000000588c0000,0x00000000589c0000)]
  0x0000000057333000 JavaThread "pool-2-thread-1" [_thread_blocked, id=8528, stack(0x00000000584a0000,0x00000000585a0000)]
  0x00000000570de000 JavaThread "Service Thread" daemon [_thread_blocked, id=8052, stack(0x0000000057a80000,0x0000000057b80000)]
  0x00000000570ba800 JavaThread "C1 CompilerThread2" daemon [_thread_in_vm, id=5924, stack(0x0000000057970000,0x0000000057a70000)]
  0x00000000570a6800 JavaThread "C2 CompilerThread1" daemon [_thread_in_native, id=8796, stack(0x00000000577c0000,0x00000000578c0000)]
=>0x00000000060cd000 JavaThread "C2 CompilerThread0" daemon [_thread_in_native, id=8024, stack(0x0000000057650000,0x0000000057750000)]
  0x000000005705a800 JavaThread "Attach Listener" daemon [_thread_blocked, id=6772, stack(0x00000000574c0000,0x00000000575c0000)]
  0x00000000060bd000 JavaThread "Signal Dispatcher" daemon [_thread_blocked, id=8684, stack(0x00000000076b0000,0x00000000077b0000)]
  0x00000000060a8000 JavaThread "Finalizer" daemon [_thread_blocked, id=9204, stack(0x00000000072e0000,0x00000000073e0000)]
  0x0000000006061000 JavaThread "Reference Handler" daemon [_thread_blocked, id=9120, stack(0x0000000007440000,0x0000000007540000)]
  0x00000000025ef000 JavaThread "main" [_thread_blocked, id=8380, stack(0x00000000028a0000,0x00000000029a0000)]

Other Threads:
  0x0000000006059800 VMThread [stack: 0x00000000071d0000,0x00000000072d0000] [id=8228]
  0x00000000570f0000 WatcherThread [stack: 0x00000000075b0000,0x00000000076b0000] [id=5624]

VM state:not at safepoint (normal execution)

VM Mutex/Monitor currently owned by a thread: None

Heap:
 PSYoungGen      total 71680K, used 25610K [0x00000000eab00000, 0x00000000ef600000, 0x0000000100000000)
  eden space 66560K, 30% used [0x00000000eab00000,0x00000000ebf04ad0,0x00000000eec00000)
  from space 5120K, 99% used [0x00000000ef100000,0x00000000ef5fe038,0x00000000ef600000)
  to   space 5120K, 0% used [0x00000000eec00000,0x00000000eec00000,0x00000000ef100000)
 ParOldGen       total 87552K, used 4942K [0x00000000c0000000, 0x00000000c5580000, 0x00000000eab00000)
  object space 87552K, 5% used [0x00000000c0000000,0x00000000c04d3a48,0x00000000c5580000)
 Metaspace       used 6221K, capacity 7088K, committed 7296K, reserved 1056768K
  class space    used 581K, capacity 616K, committed 640K, reserved 1048576K

Card table byte_map: [0x0000000002d60000,0x0000000002f70000] byte_map_base: 0x0000000002760000

Marking Bits: (ParMarkBitMap*) 0x0000000007fd3950
 Begin Bits: [0x00000000034d0000, 0x00000000044d0000)
 End Bits:   [0x00000000044d0000, 0x00000000054d0000)

Polling page: 0x0000000000240000

CodeCache: size=245760Kb used=7620Kb max_used=7623Kb free=238139Kb
 bounds [0x0000000008050000, 0x00000000087d0000, 0x0000000017050000]
 total_blobs=1990 nmethods=1725 adapters=178
 compilation: enabled

Compilation events (10 events):
Event: 8.156 Thread 0x00000000570ba800 nmethod 1725 0x0000000008791e10 code [0x0000000008791f80, 0x0000000008792308]
Event: 8.157 Thread 0x00000000570ba800 1726       3       com.android.dx.cf.direct.DirectClassFile::makeTypeList (47 bytes)
Event: 8.157 Thread 0x00000000060cd000 1727 %     4       com.android.dx.ssa.SsaConverter::placePhiFunctions @ 229 (394 bytes)
Event: 8.157 Thread 0x00000000570a6800 1728       4       java.util.TreeMap::successor (66 bytes)
Event: 8.157 Thread 0x00000000570ba800 nmethod 1726 0x00000000087917d0 code [0x0000000008791960, 0x0000000008791cb8]
Event: 8.158 Thread 0x00000000570a6800 nmethod 1728 0x0000000008775450 code [0x0000000008775580, 0x0000000008775638]
Event: 8.158 Thread 0x00000000570a6800 1729   !   4       com.android.dx.cf.code.BytecodeArray::parseInstruction (2764 bytes)
Event: 8.191 Thread 0x00000000570ba800 1743       3       com.android.dx.rop.cst.CstString::utf8BytesToString (391 bytes)
Event: 8.192 Thread 0x00000000570ba800 nmethod 1743 0x00000000087c37d0 code [0x00000000087c3a80, 0x00000000087c4bd8]
Event: 8.192 Thread 0x00000000570ba800 1735   !   2       com.android.dx.cf.code.RopperMachine::run (1550 bytes)

GC Heap History (4 events):
Event: 3.423 GC heap before
{Heap before GC invocations=1 (full 0):
 PSYoungGen      total 38400K, used 33280K [0x00000000eab00000, 0x00000000ed580000, 0x0000000100000000)
  eden space 33280K, 100% used [0x00000000eab00000,0x00000000ecb80000,0x00000000ecb80000)
  from space 5120K, 0% used [0x00000000ed080000,0x00000000ed080000,0x00000000ed580000)
  to   space 5120K, 0% used [0x00000000ecb80000,0x00000000ecb80000,0x00000000ed080000)
 ParOldGen       total 87552K, used 0K [0x00000000c0000000, 0x00000000c5580000, 0x00000000eab00000)
  object space 87552K, 0% used [0x00000000c0000000,0x00000000c0000000,0x00000000c5580000)
 Metaspace       used 5944K, capacity 6896K, committed 7040K, reserved 1056768K
  class space    used 578K, capacity 616K, committed 640K, reserved 1048576K
Event: 3.519 GC heap after
Heap after GC invocations=1 (full 0):
 PSYoungGen      total 38400K, used 5104K [0x00000000eab00000, 0x00000000ef600000, 0x0000000100000000)
  eden space 33280K, 0% used [0x00000000eab00000,0x00000000eab00000,0x00000000ecb80000)
  from space 5120K, 99% used [0x00000000ecb80000,0x00000000ed07c088,0x00000000ed080000)
  to   space 5120K, 0% used [0x00000000ef100000,0x00000000ef100000,0x00000000ef600000)
 ParOldGen       total 87552K, used 929K [0x00000000c0000000, 0x00000000c5580000, 0x00000000eab00000)
  object space 87552K, 1% used [0x00000000c0000000,0x00000000c00e87c8,0x00000000c5580000)
 Metaspace       used 5944K, capacity 6896K, committed 7040K, reserved 1056768K
  class space    used 578K, capacity 616K, committed 640K, reserved 1048576K
}
Event: 6.365 GC heap before
{Heap before GC invocations=2 (full 0):
 PSYoungGen      total 38400K, used 38384K [0x00000000eab00000, 0x00000000ef600000, 0x0000000100000000)
  eden space 33280K, 100% used [0x00000000eab00000,0x00000000ecb80000,0x00000000ecb80000)
  from space 5120K, 99% used [0x00000000ecb80000,0x00000000ed07c088,0x00000000ed080000)
  to   space 5120K, 0% used [0x00000000ef100000,0x00000000ef100000,0x00000000ef600000)
 ParOldGen       total 87552K, used 929K [0x00000000c0000000, 0x00000000c5580000, 0x00000000eab00000)
  object space 87552K, 1% used [0x00000000c0000000,0x00000000c00e87c8,0x00000000c5580000)
 Metaspace       used 6191K, capacity 7088K, committed 7296K, reserved 1056768K
  class space    used 580K, capacity 616K, committed 640K, reserved 1048576K
Event: 6.444 GC heap after
Heap after GC invocations=2 (full 0):
 PSYoungGen      total 71680K, used 5112K [0x00000000eab00000, 0x00000000ef600000, 0x0000000100000000)
  eden space 66560K, 0% used [0x00000000eab00000,0x00000000eab00000,0x00000000eec00000)
  from space 5120K, 99% used [0x00000000ef100000,0x00000000ef5fe038,0x00000000ef600000)
  to   space 5120K, 0% used [0x00000000eec00000,0x00000000eec00000,0x00000000ef100000)
 ParOldGen       total 87552K, used 4942K [0x00000000c0000000, 0x00000000c5580000, 0x00000000eab00000)
  object space 87552K, 5% used [0x00000000c0000000,0x00000000c04d3a48,0x00000000c5580000)
 Metaspace       used 6191K, capacity 7088K, committed 7296K, reserved 1056768K
  class space    used 580K, capacity 616K, committed 640K, reserved 1048576K
}

Deoptimization events (10 events):
Event: 8.156 Thread 0x0000000057323000 Uncommon trap: reason=bimorphic action=maybe_recompile pc=0x00000000086d281c method=com.android.dx.cf.code.RopperMachine.run(Lcom/android/dx/cf/code/Frame;II)V @ 978
Event: 8.157 Thread 0x0000000057323000 Uncommon trap: reason=bimorphic action=maybe_recompile pc=0x00000000086499c0 method=com.android.dx.cf.code.BytecodeArray.parseInstruction(ILcom/android/dx/cf/code/BytecodeArray$Visitor;)I @ 1357
Event: 8.157 Thread 0x0000000057323000 Uncommon trap: reason=bimorphic action=maybe_recompile pc=0x00000000086499c0 method=com.android.dx.cf.code.BytecodeArray.parseInstruction(ILcom/android/dx/cf/code/BytecodeArray$Visitor;)I @ 1357
Event: 8.158 Thread 0x0000000057323000 Uncommon trap: reason=bimorphic action=maybe_recompile pc=0x00000000086d281c method=com.android.dx.cf.code.RopperMachine.run(Lcom/android/dx/cf/code/Frame;II)V @ 978
Event: 8.158 Thread 0x0000000057323000 Uncommon trap: reason=bimorphic action=maybe_recompile pc=0x00000000086d281c method=com.android.dx.cf.code.RopperMachine.run(Lcom/android/dx/cf/code/Frame;II)V @ 978
Event: 8.159 Thread 0x0000000057323000 Uncommon trap: reason=bimorphic action=maybe_recompile pc=0x000000000868a7b0 method=com.android.dx.ssa.SCCP.simulatePhi(Lcom/android/dx/ssa/PhiInsn;)V @ 124
Event: 8.159 Thread 0x0000000057323000 Uncommon trap: reason=unstable_if action=reinterpret pc=0x0000000008549780 method=com.android.dx.ssa.SCCP.simulateStmt(Lcom/android/dx/ssa/SsaInsn;)V @ 53
Event: 8.159 Thread 0x0000000057323000 Uncommon trap: reason=bimorphic action=maybe_recompile pc=0x000000000868a7b0 method=com.android.dx.ssa.SCCP.simulatePhi(Lcom/android/dx/ssa/PhiInsn;)V @ 124
Event: 8.159 Thread 0x0000000057323000 Uncommon trap: reason=bimorphic action=maybe_recompile pc=0x000000000868a7b0 method=com.android.dx.ssa.SCCP.simulatePhi(Lcom/android/dx/ssa/PhiInsn;)V @ 124
Event: 8.184 Thread 0x00000000025ef000 Uncommon trap: reason=unstable_if action=reinterpret pc=0x00000000082ebe50 method=java.lang.String.<init>([CII)V @ 18

Classes redefined (0 events):
No events

Internal exceptions (4 events):
Event: 0.120 Thread 0x00000000025ef000 Exception <a 'java/lang/NoSuchMethodError': Method sun.misc.Unsafe.defineClass(Ljava/lang/String;[BII)Ljava/lang/Class; name or signature does not match> (0x00000000eab07ca8) thrown at [D:\src\AOSP-openjdk-cygwin\jdk8u\hotspot\src\share\vm\prims\jni.cpp, 
Event: 0.120 Thread 0x00000000025ef000 Exception <a 'java/lang/NoSuchMethodError': Method sun.misc.Unsafe.prefetchRead(Ljava/lang/Object;J)V name or signature does not match> (0x00000000eab07f90) thrown at [D:\src\AOSP-openjdk-cygwin\jdk8u\hotspot\src\share\vm\prims\jni.cpp, line 4011]
Event: 3.418 Thread 0x0000000057323800 Implicit null exception at 0x00000000082f4d18 to 0x00000000082f7251
Event: 4.347 Thread 0x0000000057323800 Implicit null exception at 0x00000000085bb512 to 0x00000000085bb60a

Events (10 events):
Event: 8.184 Thread 0x00000000025ef000 Uncommon trap: trap_request=0xffffff65 fr.pc=0x00000000082ebe50
Event: 8.184 Thread 0x00000000025ef000 DEOPT PACKING pc=0x00000000082ebe50 sp=0x000000000299e2f0
Event: 8.184 Thread 0x00000000025ef000 DEOPT UNPACKING pc=0x000000000809556a sp=0x000000000299e220 mode 2
Event: 8.189 loading class java/util/HashMap$KeySet
Event: 8.190 loading class java/util/HashMap$KeySet done
Event: 8.190 loading class java/util/HashMap$KeyIterator
Event: 8.190 loading class java/util/HashMap$KeyIterator done
Event: 8.190 Thread 0x0000000057323000 Thread exited: 0x0000000057323000
Event: 8.190 Thread 0x0000000057323800 Thread exited: 0x0000000057323800
Event: 8.191 Thread 0x00000000573ec800 Thread exited: 0x00000000573ec800


Dynamic libraries:
0x000000013ffb0000 - 0x000000013ffe1000 	D:\android-studio3.0\jre\bin\java.exe
0x0000000076ef0000 - 0x000000007709a000 	C:\Windows\SYSTEM32\ntdll.dll
0x0000000076cd0000 - 0x0000000076def000 	C:\Windows\system32\kernel32.dll
0x000007fefd030000 - 0x000007fefd09a000 	C:\Windows\system32\KERNELBASE.dll
0x000007fefdb80000 - 0x000007fefdc5b000 	C:\Windows\system32\ADVAPI32.dll
0x000007fefd830000 - 0x000007fefd8cf000 	C:\Windows\system32\msvcrt.dll
0x000007fefd8d0000 - 0x000007fefd8ef000 	C:\Windows\SYSTEM32\sechost.dll
0x000007fefd940000 - 0x000007fefda6d000 	C:\Windows\system32\RPCRT4.dll
0x0000000076df0000 - 0x0000000076eea000 	C:\Windows\system32\USER32.dll
0x000007fefde30000 - 0x000007fefde97000 	C:\Windows\system32\GDI32.dll
0x000007fefdec0000 - 0x000007fefdece000 	C:\Windows\system32\LPK.dll
0x000007fefd2f0000 - 0x000007fefd3ba000 	C:\Windows\system32\USP10.dll
0x000007fefb8e0000 - 0x000007fefbad4000 	C:\Windows\WinSxS\amd64_microsoft.windows.common-controls_6595b64144ccf1df_6.0.7601.17514_none_fa396087175ac9ac\COMCTL32.dll
0x000007fefdd00000 - 0x000007fefdd71000 	C:\Windows\system32\SHLWAPI.dll
0x000007fefded0000 - 0x000007fefdefe000 	C:\Windows\system32\IMM32.DLL
0x000007fefda70000 - 0x000007fefdb79000 	C:\Windows\system32\MSCTF.dll
0x00000000787c0000 - 0x0000000078892000 	D:\android-studio3.0\jre\jre\bin\msvcr100.dll
0x0000000007810000 - 0x000000000804e000 	D:\android-studio3.0\jre\jre\bin\server\jvm.dll
0x000007feee5f0000 - 0x000007feee5f9000 	C:\Windows\system32\WSOCK32.dll
0x000007fefd8f0000 - 0x000007fefd93d000 	C:\Windows\system32\WS2_32.dll
0x000007fefde20000 - 0x000007fefde28000 	C:\Windows\system32\NSI.dll
0x000007fefada0000 - 0x000007fefaddb000 	C:\Windows\system32\WINMM.dll
0x000007fefbf70000 - 0x000007fefbf7c000 	C:\Windows\system32\VERSION.dll
0x00000000770c0000 - 0x00000000770c7000 	C:\Windows\system32\PSAPI.DLL
0x000007fefa4a0000 - 0x000007fefa4af000 	D:\android-studio3.0\jre\jre\bin\verify.dll
0x000007feeab90000 - 0x000007feeabb9000 	D:\android-studio3.0\jre\jre\bin\java.dll
0x000007feeab20000 - 0x000007feeab36000 	D:\android-studio3.0\jre\jre\bin\zip.dll
0x000007fefe2f0000 - 0x000007feff078000 	C:\Windows\system32\SHELL32.dll
0x000007fefd620000 - 0x000007fefd823000 	C:\Windows\system32\ole32.dll
0x000007fefce40000 - 0x000007fefce4f000 	C:\Windows\system32\profapi.dll

VM Arguments:
jvm_args: -Djava.awt.headless=true -Xmx1024M -Dfile.encoding=GBK -Duser.country=CN -Duser.language=zh -Duser.variant 
java_command: com.android.dx.command.Main --dex --num-threads=4 --output E:\Code_Edit\Bominwell\Main_Running\Peek2S\app\build\intermediates\pre-dexed\debug\internal_impl-24.2.1_5c26957915306bf435b807ff6d27257e63937ced.jar E:\Code_Edit\Bominwell\Main_Running\Peek2S\app\build\intermediates\exploded-aar\com.android.support\support-compat\24.2.1\jars\libs\internal_impl-24.2.1.jar
java_class_path (initial): D:\Sdk\build-tools\24.0.1\lib\dx.jar
Launcher Type: SUN_STANDARD

Environment Variables:
JAVA_HOME=D:\JAVA\jdk1.8
CLASSPATH=.;D:\JAVA\jdk1.8\lib;D:\JAVA\jdk1.8\lib\tools.jar
PATH=C:\ProgramData\Oracle\Java\javapath;C:\Windows\system32;C:\Windows;C:\Windows\System32\Wbem;C:\Windows\System32\WindowsPowerShell\v1.0\;C:\Program Files (x86)\Common Files\microsoft shared\TigerKin;D:\JAVA\jdk1.8\bin;D:\JAVA\jdk1.8\jre\bin;C:\Android;C:\Windows\System32;D:\program files\svn\bin;D:\JAVA\tomcat\lib;D:\JAVA\tomcat\bin;D:\JAVA\android-ndk-r10b;D:\JAVA\gradle-2.14.1\bin;D:\program files\Git\cmd;C:\Program Files (x86)\Windows Kits\10\Windows Performance Toolkit\;C:\Users\admin\AppData\Local\Programs\Fiddler
USERNAME=admin
OS=Windows_NT
PROCESSOR_IDENTIFIER=Intel64 Family 6 Model 94 Stepping 3, GenuineIntel



---------------  S Y S T E M  ---------------

OS: Windows 7 , 64 bit Build 7601 (6.1.7601.23677)

CPU:total 4 (initial active 4) (2 cores per cpu, 2 threads per core) family 6 model 94 stepping 3, cmov, cx8, fxsr, mmx, sse, sse2, sse3, ssse3, sse4.1, sse4.2, popcnt, avx, avx2, aes, clmul, erms, 3dnowpref, lzcnt, ht, tsc, tscinvbit, bmi1, bmi2, adx

Memory: 4k page, physical 8266364k(745644k free), swap 9313080k(4116k free)

vm_info: OpenJDK 64-Bit Server VM (25.152-b01) for windows-amd64 JRE (1.8.0_152-release-915-b01), built by "builder" with MS VC++ 10.0 (VS2010)

time: Sat Jan 20 15:18:16 2018
elapsed time: 8 seconds (0d 0h 0m 8s)

