#
# There is insufficient memory for the Java Runtime Environment to continue.
# Native memory allocation (malloc) failed to allocate 320080 bytes for Chunk::new
# Possible reasons:
#   The system is out of physical RAM or swap space
#   In 32 bit mode, the process size limit was hit
# Possible solutions:
#   Reduce memory load on the system
#   Increase physical memory or swap space
#   Check if swap backing store is full
#   Use 64 bit Java on a 64 bit OS
#   Decrease Java heap size (-Xmx/-Xms)
#   Decrease number of Java threads
#   Decrease Java thread stack sizes (-Xss)
#   Set larger code cache with -XX:ReservedCodeCacheSize=
# This output file may be truncated or incomplete.
#
#  Out of Memory Error (allocation.cpp:390), pid=8228, tid=0x0000000000001b88
#
# JRE version: Java(TM) SE Runtime Environment (8.0_102-b14) (build 1.8.0_102-b14)
# Java VM: Java HotSpot(TM) 64-Bit Server VM (25.102-b14 mixed mode windows-amd64 compressed oops)
# Failed to write core dump. Minidumps are not enabled by default on client versions of Windows
#

---------------  T H R E A D  ---------------

Current thread (0x00000000563aa800):  JavaThread "C2 CompilerThread0" daemon [_thread_in_native, id=7048, stack(0x0000000056c00000,0x0000000056d00000)]

Stack: [0x0000000056c00000,0x0000000056d00000]
[error occurred during error reporting (printing stack bounds), id 0xc0000005]

Native frames: (J=compiled Java code, j=interpreted, Vv=VM code, C=native code)


Current CompileTask:
C2:   1990 1072   !   4       com.android.dx.cf.code.BytecodeArray::parseInstruction (2764 bytes)


---------------  P R O C E S S  ---------------

Java Threads: ( => current thread )
  0x0000000056693800 JavaThread "pool-1-thread-4" [_thread_blocked, id=9320, stack(0x0000000057a80000,0x0000000057b80000)]
  0x00000000566a8000 JavaThread "pool-1-thread-3" [_thread_blocked, id=9316, stack(0x0000000057870000,0x0000000057970000)]
  0x00000000566a2800 JavaThread "pool-1-thread-2" [_thread_blocked, id=9312, stack(0x0000000057690000,0x0000000057790000)]
  0x00000000566b1000 JavaThread "pool-2-thread-1" [_thread_in_Java, id=9308, stack(0x00000000574a0000,0x00000000575a0000)]
  0x00000000566b0000 JavaThread "pool-1-thread-1" [_thread_blocked, id=9304, stack(0x0000000057330000,0x0000000057430000)]
  0x0000000056417000 JavaThread "Service Thread" daemon [_thread_blocked, id=9256, stack(0x0000000056d00000,0x0000000056e00000)]
  0x0000000056413800 JavaThread "C1 CompilerThread2" daemon [_thread_in_vm, id=9240, stack(0x0000000056ec0000,0x0000000056fc0000)]
  0x0000000056413000 JavaThread "C2 CompilerThread1" daemon [_thread_blocked, id=9236, stack(0x00000000567a0000,0x00000000568a0000)]
=>0x00000000563aa800 JavaThread "C2 CompilerThread0" daemon [_thread_in_native, id=7048, stack(0x0000000056c00000,0x0000000056d00000)]
  0x00000000563a9800 JavaThread "Attach Listener" daemon [_thread_blocked, id=5084, stack(0x0000000056a50000,0x0000000056b50000)]
  0x00000000563a8800 JavaThread "Signal Dispatcher" daemon [_thread_blocked, id=6864, stack(0x00000000568a0000,0x00000000569a0000)]
  0x0000000054f69800 JavaThread "Finalizer" daemon [_thread_blocked, id=8516, stack(0x0000000056120000,0x0000000056220000)]
  0x0000000054f22000 JavaThread "Reference Handler" daemon [_thread_blocked, id=8840, stack(0x00000000562a0000,0x00000000563a0000)]
  0x000000000240e000 JavaThread "main" [_thread_blocked, id=2708, stack(0x0000000002700000,0x0000000002800000)]

Other Threads:
  0x0000000054f1a000 VMThread [stack: 0x0000000055fc0000,0x00000000560c0000] [id=4852]
  0x000000005646e000 WatcherThread [stack: 0x00000000570c0000,0x00000000571c0000] [id=9260]

VM state:not at safepoint (normal execution)

VM Mutex/Monitor currently owned by a thread:  ([mutex/lock_event])
[0x000000000240c400] Heap_lock - owner thread: 0x00000000566a2800

Heap:
 PSYoungGen      total 38400K, used 6503K [0x00000000eab00000, 0x00000000ed580000, 0x0000000100000000)
  eden space 33280K, 4% used [0x00000000eab00000,0x00000000eac5bd50,0x00000000ecb80000)
  from space 5120K, 99% used [0x00000000ed080000,0x00000000ed57e058,0x00000000ed580000)
  to   space 5120K, 0% used [0x00000000ecb80000,0x00000000ecb80000,0x00000000ed080000)
 ParOldGen       total 87552K, used 6678K [0x00000000c0000000, 0x00000000c5580000, 0x00000000eab00000)
  object space 87552K, 7% used [0x00000000c0000000,0x00000000c0685a58,0x00000000c5580000)
 Metaspace       used 6091K, capacity 6936K, committed 7168K, reserved 1056768K
  class space    used 622K, capacity 656K, committed 768K, reserved 1048576K

Card table byte_map: [0x0000000011bc0000,0x0000000011dd0000] byte_map_base: 0x00000000115c0000

Marking Bits: (ParMarkBitMap*) 0x000000005dbda6c0
 Begin Bits: [0x0000000012390000, 0x0000000013390000)
 End Bits:   [0x0000000013390000, 0x0000000014390000)

Polling page: 0x0000000000240000

CodeCache: size=245760Kb used=4096Kb max_used=4096Kb free=241663Kb
 bounds [0x0000000002800000, 0x0000000002c10000, 0x0000000011800000]
 total_blobs=1374 nmethods=1103 adapters=184
 compilation: enabled

Compilation events (10 events):
Event: 1.987 Thread 0x0000000056413800  987       2       com.android.dx.util.Bits::or (24 bytes)
Event: 1.987 Thread 0x0000000056413000 nmethod 906 0x0000000002bd4d10 code [0x0000000002bd4e80, 0x0000000002bd52e8]
Event: 1.987 Thread 0x0000000056413800 nmethod 987 0x0000000002bd40d0 code [0x0000000002bd4240, 0x0000000002bd4410]
Event: 1.987 Thread 0x0000000056413800  993       2       com.android.dx.cf.code.ByteBlock::<init> (181 bytes)
Event: 1.988 Thread 0x0000000056413800 nmethod 993 0x0000000002bd2ed0 code [0x0000000002bd3120, 0x0000000002bd3a08]
Event: 1.988 Thread 0x0000000056413800 1103       2       com.android.dx.cf.code.LocalVariableList::pcAndIndexToLocal (51 bytes)
Event: 1.988 Thread 0x0000000056413800 nmethod 1103 0x0000000002bd2910 code [0x0000000002bd2a80, 0x0000000002bd2d28]
Event: 1.988 Thread 0x0000000056413800  949       2       com.android.dx.ssa.InterferenceRegisterMapper::addInterfence (62 bytes)
Event: 1.989 Thread 0x0000000056413800 nmethod 949 0x0000000002bd1610 code [0x0000000002bd1820, 0x0000000002bd1fc8]
Event: 1.989 Thread 0x0000000056413800 1084       3       com.android.dx.cf.code.ByteCatchList::listFor (120 bytes)

GC Heap History (4 events):
Event: 1.247 GC heap before
{Heap before GC invocations=1 (full 0):
 PSYoungGen      total 38400K, used 33280K [0x00000000eab00000, 0x00000000ed580000, 0x0000000100000000)
  eden space 33280K, 100% used [0x00000000eab00000,0x00000000ecb80000,0x00000000ecb80000)
  from space 5120K, 0% used [0x00000000ed080000,0x00000000ed080000,0x00000000ed580000)
  to   space 5120K, 0% used [0x00000000ecb80000,0x00000000ecb80000,0x00000000ed080000)
 ParOldGen       total 87552K, used 0K [0x00000000c0000000, 0x00000000c5580000, 0x00000000eab00000)
  object space 87552K, 0% used [0x00000000c0000000,0x00000000c0000000,0x00000000c5580000)
 Metaspace       used 5856K, capacity 6772K, committed 7040K, reserved 1056768K
  class space    used 601K, capacity 620K, committed 640K, reserved 1048576K
Event: 1.279 GC heap after
Heap after GC invocations=1 (full 0):
 PSYoungGen      total 38400K, used 5106K [0x00000000eab00000, 0x00000000ed580000, 0x0000000100000000)
  eden space 33280K, 0% used [0x00000000eab00000,0x00000000eab00000,0x00000000ecb80000)
  from space 5120K, 99% used [0x00000000ecb80000,0x00000000ed07cad8,0x00000000ed080000)
  to   space 5120K, 0% used [0x00000000ed080000,0x00000000ed080000,0x00000000ed580000)
 ParOldGen       total 87552K, used 1674K [0x00000000c0000000, 0x00000000c5580000, 0x00000000eab00000)
  object space 87552K, 1% used [0x00000000c0000000,0x00000000c01a2b98,0x00000000c5580000)
 Metaspace       used 5856K, capacity 6772K, committed 7040K, reserved 1056768K
  class space    used 601K, capacity 620K, committed 640K, reserved 1048576K
}
Event: 1.871 GC heap before
{Heap before GC invocations=2 (full 0):
 PSYoungGen      total 38400K, used 38386K [0x00000000eab00000, 0x00000000ed580000, 0x0000000100000000)
  eden space 33280K, 100% used [0x00000000eab00000,0x00000000ecb80000,0x00000000ecb80000)
  from space 5120K, 99% used [0x00000000ecb80000,0x00000000ed07cad8,0x00000000ed080000)
  to   space 5120K, 0% used [0x00000000ed080000,0x00000000ed080000,0x00000000ed580000)
 ParOldGen       total 87552K, used 1674K [0x00000000c0000000, 0x00000000c5580000, 0x00000000eab00000)
  object space 87552K, 1% used [0x00000000c0000000,0x00000000c01a2b98,0x00000000c5580000)
 Metaspace       used 6084K, capacity 6936K, committed 7168K, reserved 1056768K
  class space    used 622K, capacity 656K, committed 768K, reserved 1048576K
Event: 1.974 GC heap after
Heap after GC invocations=2 (full 0):
 PSYoungGen      total 38400K, used 5112K [0x00000000eab00000, 0x00000000ed580000, 0x0000000100000000)
  eden space 33280K, 0% used [0x00000000eab00000,0x00000000eab00000,0x00000000ecb80000)
  from space 5120K, 99% used [0x00000000ed080000,0x00000000ed57e058,0x00000000ed580000)
  to   space 5120K, 0% used [0x00000000ecb80000,0x00000000ecb80000,0x00000000ed080000)
 ParOldGen       total 87552K, used 6678K [0x00000000c0000000, 0x00000000c5580000, 0x00000000eab00000)
  object space 87552K, 7% used [0x00000000c0000000,0x00000000c0685a58,0x00000000c5580000)
 Metaspace       used 6084K, capacity 6936K, committed 7168K, reserved 1056768K
  class space    used 622K, capacity 656K, committed 768K, reserved 1048576K
}

Deoptimization events (10 events):
Event: 0.903 Thread 0x0000000056693800 Uncommon trap: reason=class_check action=maybe_recompile pc=0x0000000002afaf00 method=com.android.dx.ssa.NormalSsaInsn.accept(Lcom/android/dx/ssa/SsaInsn$Visitor;)V @ 9
Event: 1.007 Thread 0x00000000566b0000 Uncommon trap: reason=null_check action=make_not_entrant pc=0x0000000002b46768 method=com.android.dx.ssa.SsaRenamer.getLocalForNewReg(I)Lcom/android/dx/rop/code/LocalItem; @ 19
Event: 1.009 Thread 0x00000000566b0000 Uncommon trap: reason=bimorphic action=maybe_recompile pc=0x0000000002a5ae18 method=java.util.HashMap.getNode(ILjava/lang/Object;)Ljava/util/HashMap$Node; @ 126
Event: 1.647 Thread 0x00000000566b0000 Uncommon trap: reason=class_check action=maybe_recompile pc=0x0000000002a5ae60 method=com.android.dx.rop.type.Type.equals(Ljava/lang/Object;)Z @ 8
Event: 1.648 Thread 0x00000000566b0000 Uncommon trap: reason=class_check action=maybe_recompile pc=0x0000000002a5ae60 method=com.android.dx.rop.type.Type.equals(Ljava/lang/Object;)Z @ 8
Event: 1.787 Thread 0x00000000566b0000 Uncommon trap: reason=unstable_if action=reinterpret pc=0x0000000002b85644 method=com.android.dx.rop.cst.Constant.compareTo(Lcom/android/dx/rop/cst/Constant;)I @ 12
Event: 1.814 Thread 0x00000000566b0000 Uncommon trap: reason=unstable_if action=reinterpret pc=0x0000000002bb3ffc method=java.util.HashMap.putVal(ILjava/lang/Object;Ljava/lang/Object;ZZ)Ljava/lang/Object; @ 94
Event: 1.821 Thread 0x00000000566b0000 Uncommon trap: reason=unstable_if action=reinterpret pc=0x0000000002b9a740 method=java.util.HashMap.putVal(ILjava/lang/Object;Ljava/lang/Object;ZZ)Ljava/lang/Object; @ 162
Event: 1.824 Thread 0x00000000566b0000 Uncommon trap: reason=unstable_if action=reinterpret pc=0x0000000002a5ae00 method=java.util.HashMap.getNode(ILjava/lang/Object;)Ljava/util/HashMap$Node; @ 84
Event: 1.841 Thread 0x0000000056693800 Uncommon trap: reason=unstable_if action=reinterpret pc=0x0000000002a16fb0 method=java.util.HashMap.getNode(ILjava/lang/Object;)Ljava/util/HashMap$Node; @ 84

Internal exceptions (6 events):
Event: 0.112 Thread 0x000000000240e000 Exception <a 'java/lang/NoSuchMethodError': Method sun.misc.Unsafe.defineClass(Ljava/lang/String;[BII)Ljava/lang/Class; name or signature does not match> (0x00000000eab07c78) thrown at [C:\re\workspace\8-2-build-windows-amd64-cygwin\jdk8u102\7268\hotspot\sbN¥¼?
Event: 0.112 Thread 0x000000000240e000 Exception <a 'java/lang/NoSuchMethodError': Method sun.misc.Unsafe.prefetchRead(Ljava/lang/Object;J)V name or signature does not match> (0x00000000eab07f60) thrown at [C:\re\workspace\8-2-build-windows-amd64-cygwin\jdk8u102\7268\hotspot\src\share\vm\prims\u•!Ü5ð?
Event: 1.007 Thread 0x00000000566b0000 Implicit null exception at 0x0000000002b449c5 to 0x0000000002b46749
Event: 1.822 Thread 0x00000000566b0000 Exception <a 'java/lang/ArrayIndexOutOfBoundsException': 18> (0x00000000ec3f4908) thrown at [C:\re\workspace\8-2-build-windows-amd64-cygwin\jdk8u102\7268\hotspot\src\share\vm\interpreter\interpreterRuntime.cpp, line 366]
Event: 1.823 Thread 0x00000000566b0000 Exception <a 'java/lang/ArrayIndexOutOfBoundsException': 145> (0x00000000ec3f6488) thrown at [C:\re\workspace\8-2-build-windows-amd64-cygwin\jdk8u102\7268\hotspot\src\share\vm\interpreter\interpreterRuntime.cpp, line 366]
Event: 1.823 Thread 0x00000000566b0000 Exception <a 'java/lang/ArrayIndexOutOfBoundsException': 40> (0x00000000ec3f7770) thrown at [C:\re\workspace\8-2-build-windows-amd64-cygwin\jdk8u102\7268\hotspot\src\share\vm\interpreter\interpreterRuntime.cpp, line 366]

Events (10 events):
Event: 1.824 Thread 0x00000000566b0000 Uncommon trap: trap_request=0xffffff65 fr.pc=0x0000000002a5ae00
Event: 1.824 Thread 0x00000000566b0000 DEOPT PACKING pc=0x0000000002a5ae00 sp=0x000000005742e900
Event: 1.824 Thread 0x00000000566b0000 DEOPT UNPACKING pc=0x000000000284582a sp=0x000000005742e830 mode 2
Event: 1.825 Thread 0x0000000056693800 DEOPT PACKING pc=0x0000000002b82f5c sp=0x0000000057b7e8d0
Event: 1.825 Thread 0x0000000056693800 DEOPT UNPACKING pc=0x000000000284787f sp=0x0000000057b7e640 mode 0
Event: 1.841 Thread 0x0000000056693800 Uncommon trap: trap_request=0xffffff65 fr.pc=0x0000000002a16fb0
Event: 1.841 Thread 0x0000000056693800 DEOPT PACKING pc=0x0000000002a16fb0 sp=0x0000000057b7e600
Event: 1.841 Thread 0x0000000056693800 DEOPT UNPACKING pc=0x000000000284582a sp=0x0000000057b7e590 mode 2
Event: 1.871 Executing VM operation: ParallelGCFailedAllocation
Event: 1.974 Executing VM operation: ParallelGCFailedAllocation done


Dynamic libraries:
0x000000013fc90000 - 0x000000013fcc7000 	D:\JAVA\jdk1.8\bin\java.exe
0x0000000077890000 - 0x0000000077a39000 	C:\Windows\SYSTEM32\ntdll.dll
0x0000000077770000 - 0x000000007788f000 	C:\Windows\system32\kernel32.dll
0x000007fefdae0000 - 0x000007fefdb4b000 	C:\Windows\system32\KERNELBASE.dll
0x000007feff830000 - 0x000007feff90b000 	C:\Windows\system32\ADVAPI32.dll
0x000007feffa60000 - 0x000007feffaff000 	C:\Windows\system32\msvcrt.dll
0x000007feff790000 - 0x000007feff7af000 	C:\Windows\SYSTEM32\sechost.dll
0x000007fefdbb0000 - 0x000007fefdcdd000 	C:\Windows\system32\RPCRT4.dll
0x0000000077670000 - 0x000000007776a000 	C:\Windows\system32\USER32.dll
0x000007feff720000 - 0x000007feff787000 	C:\Windows\system32\GDI32.dll
0x000007fefefb0000 - 0x000007fefefbe000 	C:\Windows\system32\LPK.dll
0x000007feff910000 - 0x000007feff9d9000 	C:\Windows\system32\USP10.dll
0x000007fefc000000 - 0x000007fefc1f4000 	C:\Windows\WinSxS\amd64_microsoft.windows.common-controls_6595b64144ccf1df_6.0.7601.17514_none_fa396087175ac9ac\COMCTL32.dll
0x000007feff9e0000 - 0x000007feffa51000 	C:\Windows\system32\SHLWAPI.dll
0x000007feff590000 - 0x000007feff5be000 	C:\Windows\system32\IMM32.DLL
0x000007feff5c0000 - 0x000007feff6c9000 	C:\Windows\system32\MSCTF.dll
0x000000005e420000 - 0x000000005e4f1000 	D:\JAVA\jdk1.8\jre\bin\msvcr100.dll
0x000000005d3c0000 - 0x000000005dc5a000 	D:\JAVA\jdk1.8\jre\bin\server\jvm.dll
0x000007fef0400000 - 0x000007fef0409000 	C:\Windows\system32\WSOCK32.dll
0x000007feff6d0000 - 0x000007feff71d000 	C:\Windows\system32\WS2_32.dll
0x000007fefe110000 - 0x000007fefe118000 	C:\Windows\system32\NSI.dll
0x000007fefb5e0000 - 0x000007fefb61b000 	C:\Windows\system32\WINMM.dll
0x000007fefc920000 - 0x000007fefc92c000 	C:\Windows\system32\VERSION.dll
0x0000000077a60000 - 0x0000000077a67000 	C:\Windows\system32\PSAPI.DLL
0x0000000069f80000 - 0x0000000069f8f000 	D:\JAVA\jdk1.8\jre\bin\verify.dll
0x0000000069f50000 - 0x0000000069f79000 	D:\JAVA\jdk1.8\jre\bin\java.dll
0x000000005e400000 - 0x000000005e416000 	D:\JAVA\jdk1.8\jre\bin\zip.dll
0x000007fefe200000 - 0x000007fefef88000 	C:\Windows\system32\SHELL32.dll
0x000007feff380000 - 0x000007feff583000 	C:\Windows\system32\ole32.dll
0x000007fefd7e0000 - 0x000007fefd7ef000 	C:\Windows\system32\profapi.dll

VM Arguments:
jvm_args: -Djava.awt.headless=true -Xmx1024M -Dfile.encoding=GBK -Duser.country=CN -Duser.language=zh -Duser.variant 
java_command: com.android.dx.command.Main --dex --num-threads=4 --output E:\StudioWorkSpace\BmwPeek2\app\build\intermediates\pre-dexed\debug\okhttp-2.7.5_626b61d78926dc1a5e092d3a50bcea54e5dfdf82.jar C:\Users\admin\.gradle\caches\modules-2\files-2.1\com.squareup.okhttp\okhttp\2.7.5\7a15a7db50f86c4b64aa3367424a60e3a325b8f1\okhttp-2.7.5.jar
java_class_path (initial): D:\Sdk\build-tools\24.0.1\lib\dx.jar
Launcher Type: SUN_STANDARD

Environment Variables:
JAVA_HOME=D:\JAVA\jdk1.8
CLASSPATH=.;D:\JAVA\jdk1.8\lib;D:\JAVA\jdk1.8\lib\tools.jar
PATH=C:\ProgramData\Oracle\Java\javapath;C:\Windows\system32;C:\Windows;C:\Windows\System32\Wbem;C:\Windows\System32\WindowsPowerShell\v1.0\;C:\Program Files (x86)\Common Files\microsoft shared\TigerKin;D:\JAVA\jdk1.8\bin;D:\JAVA\jdk1.8\jre\bin;C:\Android;C:\Windows\System32;D:\program files\svn\bin
USERNAME=admin
OS=Windows_NT
PROCESSOR_IDENTIFIER=Intel64 Family 6 Model 94 Stepping 3, GenuineIntel



---------------  S Y S T E M  ---------------

OS: Windows 7 , 64 bit Build 7601 (6.1.7601.17514)

CPU:total 4 (2 cores per cpu, 2 threads per core) family 6 model 94 stepping 3, cmov, cx8, fxsr, mmx, sse, sse2, sse3, ssse3, sse4.1, sse4.2, popcnt, avx, avx2, aes, clmul, erms, 3dnowpref, lzcnt, ht, tsc, tscinvbit, bmi1, bmi2, adx

Memory: 4k page, physical 8266364k(1703136k free), swap 9313096k(5224k free)

vm_info: Java HotSpot(TM) 64-Bit Server VM (25.102-b14) for windows-amd64 JRE (1.8.0_102-b14), built on Jun 22 2016 13:15:21 by "java_re" with MS VC++ 10.0 (VS2010)

time: Wed Sep 21 16:08:48 2016
elapsed time: 2 seconds (0d 0h 0m 2s)

