#
# There is insufficient memory for the Java Runtime Environment to continue.
# Native memory allocation (malloc) failed to allocate 32744 bytes for ChunkPool::allocate
# Possible reasons:
#   The system is out of physical RAM or swap space
#   In 32 bit mode, the process size limit was hit
# Possible solutions:
#   Reduce memory load on the system
#   Increase physical memory or swap space
#   Check if swap backing store is full
#   Use 64 bit Java on a 64 bit OS
#   Decrease Java heap size (-Xmx/-Xms)
#   Decrease number of Java threads
#   Decrease Java thread stack sizes (-Xss)
#   Set larger code cache with -XX:ReservedCodeCacheSize=
# This output file may be truncated or incomplete.
#
#  Out of Memory Error (allocation.cpp:273), pid=10024, tid=0x0000000000002648
#
# JRE version: Java(TM) SE Runtime Environment (8.0_102-b14) (build 1.8.0_102-b14)
# Java VM: Java HotSpot(TM) 64-Bit Server VM (25.102-b14 mixed mode windows-amd64 compressed oops)
# Failed to write core dump. Minidumps are not enabled by default on client versions of Windows
#

---------------  T H R E A D  ---------------

Current thread (0x0000000056541800):  JavaThread "C2 CompilerThread1" daemon [_thread_in_native, id=9800, stack(0x0000000056dd0000,0x0000000056ed0000)]

Stack: [0x0000000056dd0000,0x0000000056ed0000]
[error occurred during error reporting (printing stack bounds), id 0xc0000005]

Native frames: (J=compiled Java code, j=interpreted, Vv=VM code, C=native code)


Current CompileTask:
C2:   1804 1298   !   4       com.android.dx.cf.code.BytecodeArray::parseInstruction (2764 bytes)


---------------  P R O C E S S  ---------------

Java Threads: ( => current thread )
  0x0000000056800000 JavaThread "pool-1-thread-4" [_thread_blocked, id=7748, stack(0x0000000057900000,0x0000000057a00000)]
  0x00000000567ff800 JavaThread "pool-1-thread-3" [_thread_blocked, id=7264, stack(0x00000000575a0000,0x00000000576a0000)]
  0x00000000567f6000 JavaThread "pool-1-thread-2" [_thread_blocked, id=7788, stack(0x00000000576b0000,0x00000000577b0000)]
  0x00000000567f5800 JavaThread "pool-2-thread-1" [_thread_blocked, id=8336, stack(0x0000000057490000,0x0000000057590000)]
  0x0000000056804800 JavaThread "pool-1-thread-1" [_thread_blocked, id=7088, stack(0x0000000057290000,0x0000000057390000)]
  0x00000000565b1800 JavaThread "Service Thread" daemon [_thread_blocked, id=9796, stack(0x00000000570f0000,0x00000000571f0000)]
  0x0000000056542000 JavaThread "C1 CompilerThread2" daemon [_thread_blocked, id=9748, stack(0x0000000056fa0000,0x00000000570a0000)]
=>0x0000000056541800 JavaThread "C2 CompilerThread1" daemon [_thread_in_native, id=9800, stack(0x0000000056dd0000,0x0000000056ed0000)]
  0x000000005651a800 JavaThread "C2 CompilerThread0" daemon [_thread_in_native, id=9792, stack(0x0000000056c00000,0x0000000056d00000)]
  0x0000000054f6e800 JavaThread "Attach Listener" daemon [_thread_blocked, id=9784, stack(0x00000000561d0000,0x00000000562d0000)]
  0x0000000054f6d800 JavaThread "Signal Dispatcher" daemon [_thread_blocked, id=9844, stack(0x00000000569b0000,0x0000000056ab0000)]
  0x0000000054f49800 JavaThread "Finalizer" daemon [_thread_blocked, id=9924, stack(0x0000000056410000,0x0000000056510000)]
  0x0000000054f02000 JavaThread "Reference Handler" daemon [_thread_blocked, id=9948, stack(0x00000000562e0000,0x00000000563e0000)]
  0x000000000253e000 JavaThread "main" [_thread_blocked, id=10064, stack(0x0000000002880000,0x0000000002980000)]

Other Threads:
  0x0000000054efa000 VMThread [stack: 0x0000000056000000,0x0000000056100000] [id=10044]
  0x00000000565f5000 WatcherThread [stack: 0x0000000056ac0000,0x0000000056bc0000] [id=7884]

VM state:not at safepoint (normal execution)

VM Mutex/Monitor currently owned by a thread: None

Heap:
 PSYoungGen      total 38400K, used 25093K [0x00000000eab00000, 0x00000000ef600000, 0x0000000100000000)
  eden space 33280K, 60% used [0x00000000eab00000,0x00000000ebe85aa8,0x00000000ecb80000)
  from space 5120K, 99% used [0x00000000ecb80000,0x00000000ed07bc80,0x00000000ed080000)
  to   space 5120K, 0% used [0x00000000ef100000,0x00000000ef100000,0x00000000ef600000)
 ParOldGen       total 87552K, used 2499K [0x00000000c0000000, 0x00000000c5580000, 0x00000000eab00000)
  object space 87552K, 2% used [0x00000000c0000000,0x00000000c0270fa8,0x00000000c5580000)
 Metaspace       used 6111K, capacity 6964K, committed 7040K, reserved 1056768K
  class space    used 601K, capacity 620K, committed 640K, reserved 1048576K

Card table byte_map: [0x0000000011d40000,0x0000000011f50000] byte_map_base: 0x0000000011740000

Marking Bits: (ParMarkBitMap*) 0x000000005dbda6c0
 Begin Bits: [0x0000000012370000, 0x0000000013370000)
 End Bits:   [0x0000000013370000, 0x0000000014370000)

Polling page: 0x0000000000440000

CodeCache: size=245760Kb used=5649Kb max_used=5654Kb free=240110Kb
 bounds [0x0000000002980000, 0x0000000002f10000, 0x0000000011980000]
 total_blobs=1671 nmethods=1400 adapters=184
 compilation: enabled

Compilation events (10 events):
Event: 1.749 Thread 0x000000005651a800 nmethod 1403 0x0000000002f090d0 code [0x0000000002f09280, 0x0000000002f0a058]
Event: 1.749 Thread 0x000000005651a800 1397       4       com.android.dx.ssa.LocalVariableExtractor::processBlock (383 bytes)
Event: 1.753 Thread 0x0000000056542000 1413       3       com.android.dx.cf.code.LocalVariableList::<init> (6 bytes)
Event: 1.753 Thread 0x0000000056542000 nmethod 1413 0x0000000002f02250 code [0x0000000002f023c0, 0x0000000002f02548]
Event: 1.753 Thread 0x0000000056542000 1414       3       java.io.DataInputStream::<init> (30 bytes)
Event: 1.753 Thread 0x0000000056542000 nmethod 1414 0x0000000002f01b10 code [0x0000000002f01c80, 0x0000000002f020d0]
Event: 1.753 Thread 0x0000000056542000 1415       3       com.android.dx.util.ByteArray::makeDataInputStream (12 bytes)
Event: 1.754 Thread 0x0000000056542000 nmethod 1415 0x0000000002f00d50 code [0x0000000002f00f00, 0x0000000002f016d0]
Event: 1.754 Thread 0x0000000056542000 1416       3       com.android.dx.ssa.back.SsaToRop::moveParametersToHighRegisters (88 bytes)
Event: 1.754 Thread 0x0000000056542000 nmethod 1416 0x0000000002efff90 code [0x0000000002f00160, 0x0000000002f00a18]

GC Heap History (2 events):
Event: 1.002 GC heap before
{Heap before GC invocations=1 (full 0):
 PSYoungGen      total 38400K, used 33280K [0x00000000eab00000, 0x00000000ed580000, 0x0000000100000000)
  eden space 33280K, 100% used [0x00000000eab00000,0x00000000ecb80000,0x00000000ecb80000)
  from space 5120K, 0% used [0x00000000ed080000,0x00000000ed080000,0x00000000ed580000)
  to   space 5120K, 0% used [0x00000000ecb80000,0x00000000ecb80000,0x00000000ed080000)
 ParOldGen       total 87552K, used 0K [0x00000000c0000000, 0x00000000c5580000, 0x00000000eab00000)
  object space 87552K, 0% used [0x00000000c0000000,0x00000000c0000000,0x00000000c5580000)
 Metaspace       used 5964K, capacity 6836K, committed 7040K, reserved 1056768K
  class space    used 601K, capacity 620K, committed 640K, reserved 1048576K
Event: 1.061 GC heap after
Heap after GC invocations=1 (full 0):
 PSYoungGen      total 38400K, used 5103K [0x00000000eab00000, 0x00000000ef600000, 0x0000000100000000)
  eden space 33280K, 0% used [0x00000000eab00000,0x00000000eab00000,0x00000000ecb80000)
  from space 5120K, 99% used [0x00000000ecb80000,0x00000000ed07bc80,0x00000000ed080000)
  to   space 5120K, 0% used [0x00000000ef100000,0x00000000ef100000,0x00000000ef600000)
 ParOldGen       total 87552K, used 2499K [0x00000000c0000000, 0x00000000c5580000, 0x00000000eab00000)
  object space 87552K, 2% used [0x00000000c0000000,0x00000000c0270fa8,0x00000000c5580000)
 Metaspace       used 5964K, capacity 6836K, committed 7040K, reserved 1056768K
  class space    used 601K, capacity 620K, committed 640K, reserved 1048576K
}

Deoptimization events (7 events):
Event: 0.620 Thread 0x000000000253e000 Uncommon trap: reason=unstable_if action=reinterpret pc=0x0000000002bba214 method=java.util.HashMap.getNode(ILjava/lang/Object;)Ljava/util/HashMap$Node; @ 129
Event: 0.662 Thread 0x00000000567f6000 Uncommon trap: reason=unstable_if action=reinterpret pc=0x0000000002bc5be4 method=java.util.BitSet.ensureCapacity(I)V @ 6
Event: 0.778 Thread 0x00000000567ff800 Uncommon trap: reason=null_check action=make_not_entrant pc=0x0000000002ccb6c8 method=com.android.dx.ssa.SsaRenamer.getLocalForNewReg(I)Lcom/android/dx/rop/code/LocalItem; @ 19
Event: 0.928 Thread 0x00000000567f6000 Uncommon trap: reason=bimorphic action=maybe_recompile pc=0x0000000002bc0a48 method=java.util.HashMap.getNode(ILjava/lang/Object;)Ljava/util/HashMap$Node; @ 126
Event: 0.956 Thread 0x00000000567f6000 Uncommon trap: reason=unstable_if action=reinterpret pc=0x0000000002cc2330 method=com.android.dx.rop.code.RegisterSpec.equals(ILcom/android/dx/rop/type/TypeBearer;Lcom/android/dx/rop/code/LocalItem;)Z @ 42
Event: 1.433 Thread 0x0000000056804800 Uncommon trap: reason=unstable_if action=reinterpret pc=0x0000000002e7f024 method=com.android.dx.ssa.SCCP.simulateStmt(Lcom/android/dx/ssa/SsaInsn;)V @ 53
Event: 1.479 Thread 0x00000000567f6000 Uncommon trap: reason=unstable_if action=reinterpret pc=0x0000000002e7ace8 method=com.android.dx.util.BitIntSet.has(I)Z @ 8

Internal exceptions (3 events):
Event: 0.062 Thread 0x000000000253e000 Exception <a 'java/lang/NoSuchMethodError': Method sun.misc.Unsafe.defineClass(Ljava/lang/String;[BII)Ljava/lang/Class; name or signature does not match> (0x00000000eab07c78) thrown at [C:\re\workspace\8-2-build-windows-amd64-cygwin\jdk8u102\7268\hotspot\súÂ
ƒ¡ÔØ?
Event: 0.062 Thread 0x000000000253e000 Exception <a 'java/lang/NoSuchMethodError': Method sun.misc.Unsafe.prefetchRead(Ljava/lang/Object;J)V name or signature does not match> (0x00000000eab07f60) thrown at [C:\re\workspace\8-2-build-windows-amd64-cygwin\jdk8u102\7268\hotspot\src\share\vm\prims\0∆!ê˘ÁË?
Event: 0.778 Thread 0x00000000567ff800 Implicit null exception at 0x0000000002cc9ca7 to 0x0000000002ccb67d

Events (10 events):
Event: 1.433 Thread 0x0000000056804800 Uncommon trap: trap_request=0xffffff65 fr.pc=0x0000000002e7f024
Event: 1.433 Thread 0x0000000056804800 DEOPT PACKING pc=0x0000000002e7f024 sp=0x000000005738e630
Event: 1.433 Thread 0x0000000056804800 DEOPT UNPACKING pc=0x00000000029c582a sp=0x000000005738e628 mode 2
Event: 1.474 Thread 0x00000000567f6000 DEOPT PACKING pc=0x0000000002c859c5 sp=0x00000000577ae8c0
Event: 1.474 Thread 0x00000000567f6000 DEOPT UNPACKING pc=0x00000000029c787f sp=0x00000000577ae6a0 mode 0
Event: 1.479 Thread 0x00000000567f6000 Uncommon trap: trap_request=0xffffff65 fr.pc=0x0000000002e7ace8
Event: 1.479 Thread 0x00000000567f6000 DEOPT PACKING pc=0x0000000002e7ace8 sp=0x00000000577ae940
Event: 1.479 Thread 0x00000000567f6000 DEOPT UNPACKING pc=0x00000000029c582a sp=0x00000000577ae878 mode 2
Event: 1.675 Thread 0x00000000567f6000 DEOPT PACKING pc=0x0000000002cd8183 sp=0x00000000577ae990
Event: 1.675 Thread 0x00000000567f6000 DEOPT UNPACKING pc=0x00000000029c787f sp=0x00000000577ae758 mode 0


Dynamic libraries:
0x000000013fc90000 - 0x000000013fcc7000 	D:\JAVA\jdk1.8\bin\java.exe
0x0000000077890000 - 0x0000000077a39000 	C:\Windows\SYSTEM32\ntdll.dll
0x0000000077770000 - 0x000000007788f000 	C:\Windows\system32\kernel32.dll
0x000007fefdae0000 - 0x000007fefdb4b000 	C:\Windows\system32\KERNELBASE.dll
0x000007feff830000 - 0x000007feff90b000 	C:\Windows\system32\ADVAPI32.dll
0x000007feffa60000 - 0x000007feffaff000 	C:\Windows\system32\msvcrt.dll
0x000007feff790000 - 0x000007feff7af000 	C:\Windows\SYSTEM32\sechost.dll
0x000007fefdbb0000 - 0x000007fefdcdd000 	C:\Windows\system32\RPCRT4.dll
0x0000000077670000 - 0x000000007776a000 	C:\Windows\system32\USER32.dll
0x000007feff720000 - 0x000007feff787000 	C:\Windows\system32\GDI32.dll
0x000007fefefb0000 - 0x000007fefefbe000 	C:\Windows\system32\LPK.dll
0x000007feff910000 - 0x000007feff9d9000 	C:\Windows\system32\USP10.dll
0x000007fefc000000 - 0x000007fefc1f4000 	C:\Windows\WinSxS\amd64_microsoft.windows.common-controls_6595b64144ccf1df_6.0.7601.17514_none_fa396087175ac9ac\COMCTL32.dll
0x000007feff9e0000 - 0x000007feffa51000 	C:\Windows\system32\SHLWAPI.dll
0x000007feff590000 - 0x000007feff5be000 	C:\Windows\system32\IMM32.DLL
0x000007feff5c0000 - 0x000007feff6c9000 	C:\Windows\system32\MSCTF.dll
0x000000005e420000 - 0x000000005e4f1000 	D:\JAVA\jdk1.8\jre\bin\msvcr100.dll
0x000000005d3c0000 - 0x000000005dc5a000 	D:\JAVA\jdk1.8\jre\bin\server\jvm.dll
0x000007fef0400000 - 0x000007fef0409000 	C:\Windows\system32\WSOCK32.dll
0x000007feff6d0000 - 0x000007feff71d000 	C:\Windows\system32\WS2_32.dll
0x000007fefe110000 - 0x000007fefe118000 	C:\Windows\system32\NSI.dll
0x000007fefb5e0000 - 0x000007fefb61b000 	C:\Windows\system32\WINMM.dll
0x000007fefc920000 - 0x000007fefc92c000 	C:\Windows\system32\VERSION.dll
0x0000000077a60000 - 0x0000000077a67000 	C:\Windows\system32\PSAPI.DLL
0x0000000069f80000 - 0x0000000069f8f000 	D:\JAVA\jdk1.8\jre\bin\verify.dll
0x0000000069f50000 - 0x0000000069f79000 	D:\JAVA\jdk1.8\jre\bin\java.dll
0x000000005e400000 - 0x000000005e416000 	D:\JAVA\jdk1.8\jre\bin\zip.dll
0x000007fefe200000 - 0x000007fefef88000 	C:\Windows\system32\SHELL32.dll
0x000007feff380000 - 0x000007feff583000 	C:\Windows\system32\ole32.dll
0x000007fefd7e0000 - 0x000007fefd7ef000 	C:\Windows\system32\profapi.dll

VM Arguments:
jvm_args: -Djava.awt.headless=true -Xmx1024M -Dfile.encoding=GBK -Duser.country=CN -Duser.language=zh -Duser.variant 
java_command: com.android.dx.command.Main --dex --num-threads=4 --output E:\StudioWorkSpace\BmwPeek2\app\build\intermediates\pre-dexed\debug\okhttp-2.7.5_626b61d78926dc1a5e092d3a50bcea54e5dfdf82.jar C:\Users\admin\.gradle\caches\modules-2\files-2.1\com.squareup.okhttp\okhttp\2.7.5\7a15a7db50f86c4b64aa3367424a60e3a325b8f1\okhttp-2.7.5.jar
java_class_path (initial): D:\Sdk\build-tools\24.0.1\lib\dx.jar
Launcher Type: SUN_STANDARD

Environment Variables:
JAVA_HOME=D:\JAVA\jdk1.8
CLASSPATH=.;D:\JAVA\jdk1.8\lib;D:\JAVA\jdk1.8\lib\tools.jar
PATH=C:\ProgramData\Oracle\Java\javapath;C:\Windows\system32;C:\Windows;C:\Windows\System32\Wbem;C:\Windows\System32\WindowsPowerShell\v1.0\;C:\Program Files (x86)\Common Files\microsoft shared\TigerKin;D:\JAVA\jdk1.8\bin;D:\JAVA\jdk1.8\jre\bin;C:\Android;C:\Windows\System32;D:\program files\svn\bin
USERNAME=admin
OS=Windows_NT
PROCESSOR_IDENTIFIER=Intel64 Family 6 Model 94 Stepping 3, GenuineIntel



---------------  S Y S T E M  ---------------

OS: Windows 7 , 64 bit Build 7601 (6.1.7601.17514)

CPU:total 4 (2 cores per cpu, 2 threads per core) family 6 model 94 stepping 3, cmov, cx8, fxsr, mmx, sse, sse2, sse3, ssse3, sse4.1, sse4.2, popcnt, avx, avx2, aes, clmul, erms, 3dnowpref, lzcnt, ht, tsc, tscinvbit, bmi1, bmi2, adx

Memory: 4k page, physical 8266364k(1757724k free), swap 9313096k(5108k free)

vm_info: Java HotSpot(TM) 64-Bit Server VM (25.102-b14) for windows-amd64 JRE (1.8.0_102-b14), built on Jun 22 2016 13:15:21 by "java_re" with MS VC++ 10.0 (VS2010)

time: Wed Sep 21 16:09:54 2016
elapsed time: 1 seconds (0d 0h 0m 1s)

