#
# There is insufficient memory for the Java Runtime Environment to continue.
# Native memory allocation (malloc) failed to allocate 221136 bytes for Chunk::new
# Possible reasons:
#   The system is out of physical RAM or swap space
#   In 32 bit mode, the process size limit was hit
# Possible solutions:
#   Reduce memory load on the system
#   Increase physical memory or swap space
#   Check if swap backing store is full
#   Use 64 bit Java on a 64 bit OS
#   Decrease Java heap size (-Xmx/-Xms)
#   Decrease number of Java threads
#   Decrease Java thread stack sizes (-Xss)
#   Set larger code cache with -XX:ReservedCodeCacheSize=
# This output file may be truncated or incomplete.
#
#  Out of Memory Error (allocation.cpp:390), pid=8332, tid=0x0000000000002654
#
# JRE version: Java(TM) SE Runtime Environment (8.0_102-b14) (build 1.8.0_102-b14)
# Java VM: Java HotSpot(TM) 64-Bit Server VM (25.102-b14 mixed mode windows-amd64 compressed oops)
# Failed to write core dump. Minidumps are not enabled by default on client versions of Windows
#

---------------  T H R E A D  ---------------

Current thread (0x00000000553ac800):  JavaThread "C2 CompilerThread0" daemon [_thread_in_native, id=9812, stack(0x0000000056cb0000,0x0000000056db0000)]

Stack: [0x0000000056cb0000,0x0000000056db0000]
[error occurred during error reporting (printing stack bounds), id 0xc0000005]

Native frames: (J=compiled Java code, j=interpreted, Vv=VM code, C=native code)


Current CompileTask:
C2:   3632 1888       4       com.android.dx.ssa.LocalVariableExtractor::processBlock (383 bytes)


---------------  P R O C E S S  ---------------

Java Threads: ( => current thread )
  0x0000000056a5f000 JavaThread "pool-1-thread-4" [_thread_blocked, id=9988, stack(0x00000000584a0000,0x00000000585a0000)]
  0x0000000056a60000 JavaThread "pool-1-thread-3" [_thread_in_Java, id=10012, stack(0x0000000058330000,0x0000000058430000)]
  0x0000000056a08000 JavaThread "pool-1-thread-2" [_thread_blocked, id=9992, stack(0x0000000058140000,0x0000000058240000)]
  0x0000000056a04800 JavaThread "pool-2-thread-1" [_thread_blocked, id=9540, stack(0x0000000057f20000,0x0000000058020000)]
  0x0000000056a79000 JavaThread "pool-1-thread-1" [_thread_in_Java, id=9552, stack(0x0000000057cc0000,0x0000000057dc0000)]
  0x00000000567f8800 JavaThread "Service Thread" daemon [_thread_blocked, id=9840, stack(0x00000000572c0000,0x00000000573c0000)]
  0x000000005676d000 JavaThread "C1 CompilerThread2" daemon [_thread_in_native, id=9848, stack(0x0000000057130000,0x0000000057230000)]
  0x000000005676a000 JavaThread "C2 CompilerThread1" daemon [_thread_in_native, id=9856, stack(0x0000000056ec0000,0x0000000056fc0000)]
=>0x00000000553ac800 JavaThread "C2 CompilerThread0" daemon [_thread_in_native, id=9812, stack(0x0000000056cb0000,0x0000000056db0000)]
  0x0000000056759000 JavaThread "Attach Listener" daemon [_thread_blocked, id=9788, stack(0x00000000564d0000,0x00000000565d0000)]
  0x0000000056758800 JavaThread "Signal Dispatcher" daemon [_thread_blocked, id=9764, stack(0x0000000056ba0000,0x0000000056ca0000)]
  0x0000000055389800 JavaThread "Finalizer" daemon [_thread_blocked, id=9668, stack(0x0000000056650000,0x0000000056750000)]
  0x0000000055342000 JavaThread "Reference Handler" daemon [_thread_blocked, id=9660, stack(0x0000000056380000,0x0000000056480000)]
  0x00000000024ce000 JavaThread "main" [_thread_blocked, id=6396, stack(0x0000000002820000,0x0000000002920000)]

Other Threads:
  0x000000005533a000 VMThread [stack: 0x00000000561b0000,0x00000000562b0000] [id=9656]
  0x000000005680c800 WatcherThread [stack: 0x0000000057010000,0x0000000057110000] [id=9832]

VM state:not at safepoint (normal execution)

VM Mutex/Monitor currently owned by a thread: None

Heap:
 PSYoungGen      total 71680K, used 56255K [0x00000000eab00000, 0x00000000f3700000, 0x0000000100000000)
  eden space 66560K, 76% used [0x00000000eab00000,0x00000000edcf4cf0,0x00000000eec00000)
  from space 5120K, 99% used [0x00000000eec00000,0x00000000ef0fb0a8,0x00000000ef100000)
  to   space 5120K, 0% used [0x00000000f3200000,0x00000000f3200000,0x00000000f3700000)
 ParOldGen       total 87552K, used 15003K [0x00000000c0000000, 0x00000000c5580000, 0x00000000eab00000)
  object space 87552K, 17% used [0x00000000c0000000,0x00000000c0ea6d70,0x00000000c5580000)
 Metaspace       used 6411K, capacity 7156K, committed 7296K, reserved 1056768K
  class space    used 607K, capacity 620K, committed 640K, reserved 1048576K

Card table byte_map: [0x0000000011ce0000,0x0000000011ef0000] byte_map_base: 0x00000000116e0000

Marking Bits: (ParMarkBitMap*) 0x000000005dbda6c0
 Begin Bits: [0x00000000127b0000, 0x00000000137b0000)
 End Bits:   [0x00000000137b0000, 0x00000000147b0000)

Polling page: 0x0000000000240000

CodeCache: size=245760Kb used=7739Kb max_used=7739Kb free=238020Kb
 bounds [0x0000000002920000, 0x00000000030c0000, 0x0000000011920000]
 total_blobs=2166 nmethods=1894 adapters=184
 compilation: enabled

Compilation events (10 events):
Event: 3.626 Thread 0x000000005676d000 nmethod 1915 0x00000000030ab090 code [0x00000000030ab200, 0x00000000030ab3a8]
Event: 3.628 Thread 0x000000005676d000 1916       2       java.util.zip.ZipUtils::dosToJavaTime (71 bytes)
Event: 3.628 Thread 0x000000005676d000 nmethod 1916 0x00000000030b3c10 code [0x00000000030b3d80, 0x00000000030b4038]
Event: 3.628 Thread 0x000000005676d000 1917       2       java.util.Date::normalize (110 bytes)
Event: 3.629 Thread 0x000000005676d000 nmethod 1917 0x00000000030b4190 code [0x00000000030b4380, 0x00000000030b49f8]
Event: 3.630 Thread 0x000000005676d000 1919       2       sun.util.calendar.BaseCalendar$Date::<init> (32 bytes)
Event: 3.631 Thread 0x000000005676d000 nmethod 1919 0x00000000030b4d90 code [0x00000000030b4ee0, 0x00000000030b5070]
Event: 3.631 Thread 0x000000005676d000 1920       2       sun.util.calendar.CalendarDate::<init> (16 bytes)
Event: 3.631 Thread 0x000000005676d000 nmethod 1920 0x00000000030b5110 code [0x00000000030b5260, 0x00000000030b53d0]
Event: 3.631 Thread 0x000000005676d000 1921       2       sun.util.calendar.AbstractCalendar::getTime (174 bytes)

GC Heap History (6 events):
Event: 1.694 GC heap before
{Heap before GC invocations=1 (full 0):
 PSYoungGen      total 38400K, used 33280K [0x00000000eab00000, 0x00000000ed580000, 0x0000000100000000)
  eden space 33280K, 100% used [0x00000000eab00000,0x00000000ecb80000,0x00000000ecb80000)
  from space 5120K, 0% used [0x00000000ed080000,0x00000000ed080000,0x00000000ed580000)
  to   space 5120K, 0% used [0x00000000ecb80000,0x00000000ecb80000,0x00000000ed080000)
 ParOldGen       total 87552K, used 0K [0x00000000c0000000, 0x00000000c5580000, 0x00000000eab00000)
  object space 87552K, 0% used [0x00000000c0000000,0x00000000c0000000,0x00000000c5580000)
 Metaspace       used 6039K, capacity 6900K, committed 7040K, reserved 1056768K
  class space    used 607K, capacity 620K, committed 640K, reserved 1048576K
Event: 1.844 GC heap after
Heap after GC invocations=1 (full 0):
 PSYoungGen      total 38400K, used 5099K [0x00000000eab00000, 0x00000000ef600000, 0x0000000100000000)
  eden space 33280K, 0% used [0x00000000eab00000,0x00000000eab00000,0x00000000ecb80000)
  from space 5120K, 99% used [0x00000000ecb80000,0x00000000ed07ae98,0x00000000ed080000)
  to   space 5120K, 0% used [0x00000000ef100000,0x00000000ef100000,0x00000000ef600000)
 ParOldGen       total 87552K, used 739K [0x00000000c0000000, 0x00000000c5580000, 0x00000000eab00000)
  object space 87552K, 0% used [0x00000000c0000000,0x00000000c00b8d00,0x00000000c5580000)
 Metaspace       used 6039K, capacity 6900K, committed 7040K, reserved 1056768K
  class space    used 607K, capacity 620K, committed 640K, reserved 1048576K
}
Event: 3.044 GC heap before
{Heap before GC invocations=2 (full 0):
 PSYoungGen      total 38400K, used 38379K [0x00000000eab00000, 0x00000000ef600000, 0x0000000100000000)
  eden space 33280K, 100% used [0x00000000eab00000,0x00000000ecb80000,0x00000000ecb80000)
  from space 5120K, 99% used [0x00000000ecb80000,0x00000000ed07ae98,0x00000000ed080000)
  to   space 5120K, 0% used [0x00000000ef100000,0x00000000ef100000,0x00000000ef600000)
 ParOldGen       total 87552K, used 739K [0x00000000c0000000, 0x00000000c5580000, 0x00000000eab00000)
  object space 87552K, 0% used [0x00000000c0000000,0x00000000c00b8d00,0x00000000c5580000)
 Metaspace       used 6251K, capacity 7092K, committed 7296K, reserved 1056768K
  class space    used 607K, capacity 620K, committed 640K, reserved 1048576K
Event: 3.058 GC heap after
Heap after GC invocations=2 (full 0):
 PSYoungGen      total 71680K, used 5106K [0x00000000eab00000, 0x00000000ef600000, 0x0000000100000000)
  eden space 66560K, 0% used [0x00000000eab00000,0x00000000eab00000,0x00000000eec00000)
  from space 5120K, 99% used [0x00000000ef100000,0x00000000ef5fcad8,0x00000000ef600000)
  to   space 5120K, 0% used [0x00000000eec00000,0x00000000eec00000,0x00000000ef100000)
 ParOldGen       total 87552K, used 4726K [0x00000000c0000000, 0x00000000c5580000, 0x00000000eab00000)
  object space 87552K, 5% used [0x00000000c0000000,0x00000000c049da30,0x00000000c5580000)
 Metaspace       used 6251K, capacity 7092K, committed 7296K, reserved 1056768K
  class space    used 607K, capacity 620K, committed 640K, reserved 1048576K
}
Event: 3.463 GC heap before
{Heap before GC invocations=3 (full 0):
 PSYoungGen      total 71680K, used 71666K [0x00000000eab00000, 0x00000000ef600000, 0x0000000100000000)
  eden space 66560K, 100% used [0x00000000eab00000,0x00000000eec00000,0x00000000eec00000)
  from space 5120K, 99% used [0x00000000ef100000,0x00000000ef5fcad8,0x00000000ef600000)
  to   space 5120K, 0% used [0x00000000eec00000,0x00000000eec00000,0x00000000ef100000)
 ParOldGen       total 87552K, used 4726K [0x00000000c0000000, 0x00000000c5580000, 0x00000000eab00000)
  object space 87552K, 5% used [0x00000000c0000000,0x00000000c049da30,0x00000000c5580000)
 Metaspace       used 6383K, capacity 7156K, committed 7296K, reserved 1056768K
  class space    used 607K, capacity 620K, committed 640K, reserved 1048576K
Event: 3.485 GC heap after
Heap after GC invocations=3 (full 0):
 PSYoungGen      total 71680K, used 5100K [0x00000000eab00000, 0x00000000f3700000, 0x0000000100000000)
  eden space 66560K, 0% used [0x00000000eab00000,0x00000000eab00000,0x00000000eec00000)
  from space 5120K, 99% used [0x00000000eec00000,0x00000000ef0fb0a8,0x00000000ef100000)
  to   space 5120K, 0% used [0x00000000f3200000,0x00000000f3200000,0x00000000f3700000)
 ParOldGen       total 87552K, used 15003K [0x00000000c0000000, 0x00000000c5580000, 0x00000000eab00000)
  object space 87552K, 17% used [0x00000000c0000000,0x00000000c0ea6d70,0x00000000c5580000)
 Metaspace       used 6383K, capacity 7156K, committed 7296K, reserved 1056768K
  class space    used 607K, capacity 620K, committed 640K, reserved 1048576K
}

Deoptimization events (10 events):
Event: 3.271 Thread 0x00000000024ce000 Uncommon trap: reason=unloaded action=reinterpret pc=0x0000000002f01c20 method=com.android.dx.cf.cst.ConstantPoolParser.parse0(ILjava/util/BitSet;)Lcom/android/dx/rop/cst/Constant; @ 176
Event: 3.284 Thread 0x0000000056a5f000 Uncommon trap: reason=unstable_if action=reinterpret pc=0x0000000002d77a2c method=com.android.dx.util.IntList.binarysearch(I)I @ 105
Event: 3.288 Thread 0x0000000056a5f000 Uncommon trap: reason=unstable_if action=reinterpret pc=0x0000000002e567f0 method=com.android.dx.ssa.MoveParamCombiner$1.visitNonMoveInsn(Lcom/android/dx/ssa/NormalSsaInsn;)V @ 27
Event: 3.316 Thread 0x00000000024ce000 Uncommon trap: reason=unstable_if action=reinterpret pc=0x0000000002e43ca8 method=com.android.dx.rop.cst.StdConstantPool.set(ILcom/android/dx/rop/cst/Constant;)V @ 12
Event: 3.321 Thread 0x0000000056a5f000 Uncommon trap: reason=bimorphic action=maybe_recompile pc=0x0000000002e84520 method=com.android.dx.ssa.LiteralOpUpgrader.tryReplacingWithConstant(Lcom/android/dx/ssa/NormalSsaInsn;)Z @ 52
Event: 3.333 Thread 0x0000000056a5f000 Uncommon trap: reason=bimorphic action=maybe_recompile pc=0x0000000002d1de2c method=java.util.HashMap.getNode(ILjava/lang/Object;)Ljava/util/HashMap$Node; @ 126
Event: 3.337 Thread 0x0000000056a5f000 Uncommon trap: reason=bimorphic action=maybe_recompile pc=0x0000000002d1de2c method=java.util.HashMap.getNode(ILjava/lang/Object;)Ljava/util/HashMap$Node; @ 126
Event: 3.341 Thread 0x0000000056a79000 Uncommon trap: reason=unstable_if action=reinterpret pc=0x000000000305097c method=com.android.dx.ssa.LiteralOpUpgrader$1.visitNonMoveInsn(Lcom/android/dx/ssa/NormalSsaInsn;)V @ 24
Event: 3.582 Thread 0x0000000056a60000 Uncommon trap: reason=unstable_if action=reinterpret pc=0x0000000002eaea64 method=java.util.HashMap.putVal(ILjava/lang/Object;Ljava/lang/Object;ZZ)Ljava/lang/Object; @ 162
Event: 3.582 Thread 0x0000000056a60000 Uncommon trap: reason=unstable_if action=reinterpret pc=0x0000000002d1de14 method=java.util.HashMap.getNode(ILjava/lang/Object;)Ljava/util/HashMap$Node; @ 84

Internal exceptions (4 events):
Event: 0.282 Thread 0x00000000024ce000 Exception <a 'java/lang/NoSuchMethodError': Method sun.misc.Unsafe.defineClass(Ljava/lang/String;[BII)Ljava/lang/Class; name or signature does not match> (0x00000000eab07c78) thrown at [C:\re\workspace\8-2-build-windows-amd64-cygwin\jdk8u102\7268\hotspot\s†_Ð(Ò?
Event: 0.282 Thread 0x00000000024ce000 Exception <a 'java/lang/NoSuchMethodError': Method sun.misc.Unsafe.prefetchRead(Ljava/lang/Object;J)V name or signature does not match> (0x00000000eab07f60) thrown at [C:\re\workspace\8-2-build-windows-amd64-cygwin\jdk8u102\7268\hotspot\src\share\vm\prims\à(Kbg@
Event: 2.800 Thread 0x0000000056a08000 Implicit null exception at 0x0000000002c791b9 to 0x0000000002c79ec1
Event: 3.017 Thread 0x0000000056a60000 Implicit null exception at 0x0000000002cf5c12 to 0x0000000002cf5d0a

Events (10 events):
Event: 3.341 Thread 0x0000000056a79000 DEOPT PACKING pc=0x000000000305097c sp=0x0000000057dbecd0
Event: 3.341 Thread 0x0000000056a79000 DEOPT UNPACKING pc=0x000000000296582a sp=0x0000000057dbec80 mode 2
Event: 3.463 Executing VM operation: ParallelGCFailedAllocation
Event: 3.485 Executing VM operation: ParallelGCFailedAllocation done
Event: 3.582 Thread 0x0000000056a60000 Uncommon trap: trap_request=0xffffff65 fr.pc=0x0000000002eaea64
Event: 3.582 Thread 0x0000000056a60000 DEOPT PACKING pc=0x0000000002eaea64 sp=0x000000005842e490
Event: 3.582 Thread 0x0000000056a60000 DEOPT UNPACKING pc=0x000000000296582a sp=0x000000005842e418 mode 2
Event: 3.582 Thread 0x0000000056a60000 Uncommon trap: trap_request=0xffffff65 fr.pc=0x0000000002d1de14
Event: 3.582 Thread 0x0000000056a60000 DEOPT PACKING pc=0x0000000002d1de14 sp=0x000000005842e4c0
Event: 3.582 Thread 0x0000000056a60000 DEOPT UNPACKING pc=0x000000000296582a sp=0x000000005842e448 mode 2


Dynamic libraries:
0x000000013fc90000 - 0x000000013fcc7000 	D:\JAVA\jdk1.8\bin\java.exe
0x0000000077890000 - 0x0000000077a39000 	C:\Windows\SYSTEM32\ntdll.dll
0x0000000077770000 - 0x000000007788f000 	C:\Windows\system32\kernel32.dll
0x000007fefdae0000 - 0x000007fefdb4b000 	C:\Windows\system32\KERNELBASE.dll
0x000007feff830000 - 0x000007feff90b000 	C:\Windows\system32\ADVAPI32.dll
0x000007feffa60000 - 0x000007feffaff000 	C:\Windows\system32\msvcrt.dll
0x000007feff790000 - 0x000007feff7af000 	C:\Windows\SYSTEM32\sechost.dll
0x000007fefdbb0000 - 0x000007fefdcdd000 	C:\Windows\system32\RPCRT4.dll
0x0000000077670000 - 0x000000007776a000 	C:\Windows\system32\USER32.dll
0x000007feff720000 - 0x000007feff787000 	C:\Windows\system32\GDI32.dll
0x000007fefefb0000 - 0x000007fefefbe000 	C:\Windows\system32\LPK.dll
0x000007feff910000 - 0x000007feff9d9000 	C:\Windows\system32\USP10.dll
0x000007fefc000000 - 0x000007fefc1f4000 	C:\Windows\WinSxS\amd64_microsoft.windows.common-controls_6595b64144ccf1df_6.0.7601.17514_none_fa396087175ac9ac\COMCTL32.dll
0x000007feff9e0000 - 0x000007feffa51000 	C:\Windows\system32\SHLWAPI.dll
0x000007feff590000 - 0x000007feff5be000 	C:\Windows\system32\IMM32.DLL
0x000007feff5c0000 - 0x000007feff6c9000 	C:\Windows\system32\MSCTF.dll
0x000000005e420000 - 0x000000005e4f1000 	D:\JAVA\jdk1.8\jre\bin\msvcr100.dll
0x000000005d3c0000 - 0x000000005dc5a000 	D:\JAVA\jdk1.8\jre\bin\server\jvm.dll
0x000007fef0400000 - 0x000007fef0409000 	C:\Windows\system32\WSOCK32.dll
0x000007feff6d0000 - 0x000007feff71d000 	C:\Windows\system32\WS2_32.dll
0x000007fefe110000 - 0x000007fefe118000 	C:\Windows\system32\NSI.dll
0x000007fefb5e0000 - 0x000007fefb61b000 	C:\Windows\system32\WINMM.dll
0x000007fefc920000 - 0x000007fefc92c000 	C:\Windows\system32\VERSION.dll
0x0000000077a60000 - 0x0000000077a67000 	C:\Windows\system32\PSAPI.DLL
0x0000000069f80000 - 0x0000000069f8f000 	D:\JAVA\jdk1.8\jre\bin\verify.dll
0x0000000069f50000 - 0x0000000069f79000 	D:\JAVA\jdk1.8\jre\bin\java.dll
0x000000005e400000 - 0x000000005e416000 	D:\JAVA\jdk1.8\jre\bin\zip.dll
0x000007fefe200000 - 0x000007fefef88000 	C:\Windows\system32\SHELL32.dll
0x000007feff380000 - 0x000007feff583000 	C:\Windows\system32\ole32.dll
0x000007fefd7e0000 - 0x000007fefd7ef000 	C:\Windows\system32\profapi.dll

VM Arguments:
jvm_args: -Djava.awt.headless=true -Xmx1024M -Dfile.encoding=GBK -Duser.country=CN -Duser.language=zh -Duser.variant 
java_command: com.android.dx.command.Main --dex --num-threads=4 --output E:\StudioWorkSpace\BmwPeek2\app\build\intermediates\pre-dexed\debug\com.android.support-support-compat-24.2.0_59be1e4618c969d95374f733b778be7caac74992.jar E:\StudioWorkSpace\BmwPeek2\app\build\intermediates\exploded-aar\com.android.support\support-compat\24.2.0\jars\classes.jar
java_class_path (initial): D:\Sdk\build-tools\24.0.1\lib\dx.jar
Launcher Type: SUN_STANDARD

Environment Variables:
JAVA_HOME=D:\JAVA\jdk1.8
CLASSPATH=.;D:\JAVA\jdk1.8\lib;D:\JAVA\jdk1.8\lib\tools.jar
PATH=C:\ProgramData\Oracle\Java\javapath;C:\Windows\system32;C:\Windows;C:\Windows\System32\Wbem;C:\Windows\System32\WindowsPowerShell\v1.0\;C:\Program Files (x86)\Common Files\microsoft shared\TigerKin;D:\JAVA\jdk1.8\bin;D:\JAVA\jdk1.8\jre\bin;C:\Android;C:\Windows\System32;D:\program files\svn\bin
USERNAME=admin
OS=Windows_NT
PROCESSOR_IDENTIFIER=Intel64 Family 6 Model 94 Stepping 3, GenuineIntel



---------------  S Y S T E M  ---------------

OS: Windows 7 , 64 bit Build 7601 (6.1.7601.17514)

CPU:total 4 (2 cores per cpu, 2 threads per core) family 6 model 94 stepping 3, cmov, cx8, fxsr, mmx, sse, sse2, sse3, ssse3, sse4.1, sse4.2, popcnt, avx, avx2, aes, clmul, erms, 3dnowpref, lzcnt, ht, tsc, tscinvbit, bmi1, bmi2, adx

Memory: 4k page, physical 8266364k(1763096k free), swap 9313096k(5256k free)

vm_info: Java HotSpot(TM) 64-Bit Server VM (25.102-b14) for windows-amd64 JRE (1.8.0_102-b14), built on Jun 22 2016 13:15:21 by "java_re" with MS VC++ 10.0 (VS2010)

time: Wed Sep 21 16:09:52 2016
elapsed time: 3 seconds (0d 0h 0m 3s)

