#
# There is insufficient memory for the Java Runtime Environment to continue.
# Native memory allocation (malloc) failed to allocate 434576 bytes for Chunk::new
# Possible reasons:
#   The system is out of physical RAM or swap space
#   In 32 bit mode, the process size limit was hit
# Possible solutions:
#   Reduce memory load on the system
#   Increase physical memory or swap space
#   Check if swap backing store is full
#   Use 64 bit Java on a 64 bit OS
#   Decrease Java heap size (-Xmx/-Xms)
#   Decrease number of Java threads
#   Decrease Java thread stack sizes (-Xss)
#   Set larger code cache with -XX:ReservedCodeCacheSize=
# This output file may be truncated or incomplete.
#
#  Out of Memory Error (allocation.cpp:390), pid=9020, tid=0x0000000000002008
#
# JRE version: Java(TM) SE Runtime Environment (8.0_102-b14) (build 1.8.0_102-b14)
# Java VM: Java HotSpot(TM) 64-Bit Server VM (25.102-b14 mixed mode windows-amd64 compressed oops)
# Failed to write core dump. Minidumps are not enabled by default on client versions of Windows
#

---------------  T H R E A D  ---------------

Current thread (0x00000000550fe800):  JavaThread "C2 CompilerThread0" daemon [_thread_in_native, id=8200, stack(0x0000000056b00000,0x0000000056c00000)]

Stack: [0x0000000056b00000,0x0000000056c00000]
[error occurred during error reporting (printing stack bounds), id 0xc0000005]

Native frames: (J=compiled Java code, j=interpreted, Vv=VM code, C=native code)


Current CompileTask:
C2:   2796 1354   !   4       com.android.dx.cf.code.BytecodeArray::parseInstruction (2764 bytes)


---------------  P R O C E S S  ---------------

Java Threads: ( => current thread )
  0x00000000567f4000 JavaThread "pool-1-thread-4" [_thread_in_Java, id=7320, stack(0x00000000579d0000,0x0000000057ad0000)]
  0x00000000567f1000 JavaThread "pool-1-thread-3" [_thread_blocked, id=8188, stack(0x0000000057840000,0x0000000057940000)]
  0x00000000567ea000 JavaThread "pool-1-thread-2" [_thread_blocked, id=3028, stack(0x0000000057690000,0x0000000057790000)]
  0x00000000567d0800 JavaThread "pool-2-thread-1" [_thread_blocked, id=8308, stack(0x0000000057560000,0x0000000057660000)]
  0x00000000567cf800 JavaThread "pool-1-thread-1" [_thread_blocked, id=8276, stack(0x0000000057300000,0x0000000057400000)]
  0x000000005661c800 JavaThread "Service Thread" daemon [_thread_blocked, id=8432, stack(0x00000000571c0000,0x00000000572c0000)]
  0x00000000565b0800 JavaThread "C1 CompilerThread2" daemon [_thread_blocked, id=8428, stack(0x0000000056fd0000,0x00000000570d0000)]
  0x00000000565a7000 JavaThread "C2 CompilerThread1" daemon [_thread_blocked, id=8060, stack(0x0000000056da0000,0x0000000056ea0000)]
=>0x00000000550fe800 JavaThread "C2 CompilerThread0" daemon [_thread_in_native, id=8200, stack(0x0000000056b00000,0x0000000056c00000)]
  0x000000005658b000 JavaThread "Attach Listener" daemon [_thread_blocked, id=9204, stack(0x00000000569c0000,0x0000000056ac0000)]
  0x000000005658a800 JavaThread "Signal Dispatcher" daemon [_thread_blocked, id=9188, stack(0x0000000056380000,0x0000000056480000)]
  0x00000000550dc000 JavaThread "Finalizer" daemon [_thread_blocked, id=9180, stack(0x0000000056480000,0x0000000056580000)]
  0x0000000055094000 JavaThread "Reference Handler" daemon [_thread_blocked, id=9172, stack(0x00000000561e0000,0x00000000562e0000)]
  0x00000000025de000 JavaThread "main" [_thread_in_Java, id=9064, stack(0x00000000028d0000,0x00000000029d0000)]

Other Threads:
  0x000000005508c000 VMThread [stack: 0x0000000056040000,0x0000000056140000] [id=9164]
  0x0000000056628800 WatcherThread [stack: 0x0000000056c80000,0x0000000056d80000] [id=8204]

VM state:not at safepoint (normal execution)

VM Mutex/Monitor currently owned by a thread: None

Heap:
 PSYoungGen      total 38400K, used 30533K [0x00000000eab00000, 0x00000000ef600000, 0x0000000100000000)
  eden space 33280K, 76% used [0x00000000eab00000,0x00000000ec3d5938,0x00000000ecb80000)
  from space 5120K, 99% used [0x00000000ecb80000,0x00000000ed07bea8,0x00000000ed080000)
  to   space 5120K, 0% used [0x00000000ef100000,0x00000000ef100000,0x00000000ef600000)
 ParOldGen       total 87552K, used 1155K [0x00000000c0000000, 0x00000000c5580000, 0x00000000eab00000)
  object space 87552K, 1% used [0x00000000c0000000,0x00000000c0120ca8,0x00000000c5580000)
 Metaspace       used 6115K, capacity 7028K, committed 7296K, reserved 1056768K
  class space    used 602K, capacity 620K, committed 640K, reserved 1048576K

Card table byte_map: [0x0000000011d90000,0x0000000011fa0000] byte_map_base: 0x0000000011790000

Marking Bits: (ParMarkBitMap*) 0x000000005cc1a6c0
 Begin Bits: [0x0000000012500000, 0x0000000013500000)
 End Bits:   [0x0000000013500000, 0x0000000014500000)

Polling page: 0x0000000000230000

CodeCache: size=245760Kb used=5551Kb max_used=5551Kb free=240208Kb
 bounds [0x00000000029d0000, 0x0000000002f40000, 0x00000000119d0000]
 total_blobs=1675 nmethods=1402 adapters=184
 compilation: disabled (not enough contiguous free space left)

Compilation events (10 events):
Event: 2.736 Thread 0x00000000565b0800 1416       3       java.util.TreeMap::<init> (20 bytes)
Event: 2.736 Thread 0x00000000565b0800 nmethod 1416 0x0000000002f28190 code [0x0000000002f28300, 0x0000000002f28530]
Event: 2.736 Thread 0x00000000565b0800 1417       3       com.android.dx.rop.cst.CstString::stringToUtf8Bytes (175 bytes)
Event: 2.737 Thread 0x00000000565b0800 nmethod 1417 0x0000000002f29810 code [0x0000000002f299e0, 0x0000000002f2a258]
Event: 2.737 Thread 0x00000000565b0800 1418       3       com.android.dx.dex.cf.AttributeTranslator::getAnnotations0 (62 bytes)
Event: 2.737 Thread 0x00000000565b0800 nmethod 1418 0x0000000002f2a650 code [0x0000000002f2a880, 0x0000000002f2b618]
Event: 2.737 Thread 0x00000000565b0800 1419  s    3       com.android.dx.dex.file.FieldIdsSection::intern (55 bytes)
Event: 2.738 Thread 0x00000000565b0800 nmethod 1419 0x0000000002f2bbd0 code [0x0000000002f2be00, 0x0000000002f2cb08]
Event: 2.738 Thread 0x00000000565b0800 1421 %     3       com.android.dx.ssa.DeadCodeRemover::pruneDeadInstructions @ 26 (246 bytes)
Event: 2.740 Thread 0x00000000565b0800 nmethod 1421% 0x0000000002f2d210 code [0x0000000002f2d5e0, 0x0000000002f2fc58]

GC Heap History (2 events):
Event: 1.968 GC heap before
{Heap before GC invocations=1 (full 0):
 PSYoungGen      total 38400K, used 33280K [0x00000000eab00000, 0x00000000ed580000, 0x0000000100000000)
  eden space 33280K, 100% used [0x00000000eab00000,0x00000000ecb80000,0x00000000ecb80000)
  from space 5120K, 0% used [0x00000000ed080000,0x00000000ed080000,0x00000000ed580000)
  to   space 5120K, 0% used [0x00000000ecb80000,0x00000000ecb80000,0x00000000ed080000)
 ParOldGen       total 87552K, used 0K [0x00000000c0000000, 0x00000000c5580000, 0x00000000eab00000)
  object space 87552K, 0% used [0x00000000c0000000,0x00000000c0000000,0x00000000c5580000)
 Metaspace       used 5910K, capacity 6836K, committed 7040K, reserved 1056768K
  class space    used 599K, capacity 620K, committed 640K, reserved 1048576K
Event: 2.211 GC heap after
Heap after GC invocations=1 (full 0):
 PSYoungGen      total 38400K, used 5103K [0x00000000eab00000, 0x00000000ef600000, 0x0000000100000000)
  eden space 33280K, 0% used [0x00000000eab00000,0x00000000eab00000,0x00000000ecb80000)
  from space 5120K, 99% used [0x00000000ecb80000,0x00000000ed07bea8,0x00000000ed080000)
  to   space 5120K, 0% used [0x00000000ef100000,0x00000000ef100000,0x00000000ef600000)
 ParOldGen       total 87552K, used 1155K [0x00000000c0000000, 0x00000000c5580000, 0x00000000eab00000)
  object space 87552K, 1% used [0x00000000c0000000,0x00000000c0120ca8,0x00000000c5580000)
 Metaspace       used 5910K, capacity 6836K, committed 7040K, reserved 1056768K
  class space    used 599K, capacity 620K, committed 640K, reserved 1048576K
}

Deoptimization events (10 events):
Event: 1.653 Thread 0x00000000025de000 Uncommon trap: reason=bimorphic action=maybe_recompile pc=0x0000000002c2d4c0 method=java.util.HashMap.getNode(ILjava/lang/Object;)Ljava/util/HashMap$Node; @ 126
Event: 1.653 Thread 0x00000000025de000 Uncommon trap: reason=bimorphic action=maybe_recompile pc=0x0000000002c2d4c0 method=java.util.HashMap.getNode(ILjava/lang/Object;)Ljava/util/HashMap$Node; @ 126
Event: 1.653 Thread 0x00000000025de000 Uncommon trap: reason=bimorphic action=maybe_recompile pc=0x0000000002c2d4c0 method=java.util.HashMap.getNode(ILjava/lang/Object;)Ljava/util/HashMap$Node; @ 126
Event: 1.723 Thread 0x00000000567ea000 Uncommon trap: reason=unstable_if action=reinterpret pc=0x0000000002c52230 method=com.android.dx.rop.code.RegisterSpec.equals(ILcom/android/dx/rop/type/TypeBearer;Lcom/android/dx/rop/code/LocalItem;)Z @ 42
Event: 1.744 Thread 0x00000000567f1000 Uncommon trap: reason=null_check action=make_not_entrant pc=0x0000000002d42fec method=com.android.dx.ssa.SsaRenamer.getLocalForNewReg(I)Lcom/android/dx/rop/code/LocalItem; @ 19
Event: 1.744 Thread 0x00000000567f1000 Uncommon trap: reason=null_check action=make_not_entrant pc=0x0000000002d1c330 method=com.android.dx.ssa.SsaRenamer.getLocalForNewReg(I)Lcom/android/dx/rop/code/LocalItem; @ 19
Event: 1.941 Thread 0x00000000025de000 Uncommon trap: reason=unstable_if action=reinterpret pc=0x0000000002b7a4c8 method=java.lang.String.<init>([CII)V @ 18
Event: 2.447 Thread 0x00000000567f1000 Uncommon trap: reason=unstable_if action=reinterpret pc=0x0000000002da60c4 method=com.android.dx.rop.cst.Constant.compareTo(Lcom/android/dx/rop/cst/Constant;)I @ 12
Event: 2.570 Thread 0x00000000567f1000 Uncommon trap: reason=bimorphic action=maybe_recompile pc=0x0000000002c4a904 method=java.util.HashMap.getNode(ILjava/lang/Object;)Ljava/util/HashMap$Node; @ 126
Event: 2.624 Thread 0x00000000025de000 Uncommon trap: reason=unstable_if action=reinterpret pc=0x0000000002bf8368 method=java.lang.String.<init>([CII)V @ 18

Internal exceptions (4 events):
Event: 0.079 Thread 0x00000000025de000 Exception <a 'java/lang/NoSuchMethodError': Method sun.misc.Unsafe.defineClass(Ljava/lang/String;[BII)Ljava/lang/Class; name or signature does not match> (0x00000000eab07c78) thrown at [C:\re\workspace\8-2-build-windows-amd64-cygwin\jdk8u102\7268\hotspot\sa&×I;6´?
Event: 0.079 Thread 0x00000000025de000 Exception <a 'java/lang/NoSuchMethodError': Method sun.misc.Unsafe.prefetchRead(Ljava/lang/Object;J)V name or signature does not match> (0x00000000eab07f60) thrown at [C:\re\workspace\8-2-build-windows-amd64-cygwin\jdk8u102\7268\hotspot\src\share\vm\prims\÷ð‡æèû?
Event: 1.744 Thread 0x00000000567f1000 Implicit null exception at 0x0000000002d40f43 to 0x0000000002d42fa1
Event: 1.744 Thread 0x00000000567f1000 Implicit null exception at 0x0000000002d1a2ba to 0x0000000002d1c309

Events (10 events):
Event: 2.729 Thread 0x00000000025de000 DEOPT PACKING pc=0x0000000002d5e3b3 sp=0x00000000029ce570
Event: 2.729 Thread 0x00000000025de000 DEOPT UNPACKING pc=0x0000000002a1787f sp=0x00000000029ce300 mode 0
Event: 2.731 Executing VM operation: ForceSafepoint
Event: 2.733 Executing VM operation: ForceSafepoint done
Event: 2.736 Thread 0x00000000025de000 DEOPT PACKING pc=0x0000000002d17e10 sp=0x00000000029ce2c0
Event: 2.736 Thread 0x00000000025de000 DEOPT UNPACKING pc=0x0000000002a1787f sp=0x00000000029cdff8 mode 0
Event: 2.741 Thread 0x00000000567f4000 DEOPT PACKING pc=0x0000000002d52f38 sp=0x0000000057ace970
Event: 2.741 Thread 0x00000000567f4000 DEOPT UNPACKING pc=0x0000000002a1787f sp=0x0000000057ace798 mode 0
Event: 2.753 Thread 0x00000000567f4000 DEOPT PACKING pc=0x0000000002df0bd4 sp=0x0000000057ace7c0
Event: 2.753 Thread 0x00000000567f4000 DEOPT UNPACKING pc=0x0000000002a1787f sp=0x0000000057ace4d0 mode 0


Dynamic libraries:
0x000000013f140000 - 0x000000013f177000 	D:\JAVA\jdk1.8\bin\java.exe
0x0000000077590000 - 0x000000007773a000 	C:\Windows\SYSTEM32\ntdll.dll
0x0000000077470000 - 0x000000007758f000 	C:\Windows\system32\kernel32.dll
0x000007fefd590000 - 0x000007fefd5fa000 	C:\Windows\system32\KERNELBASE.dll
0x000007fefeb20000 - 0x000007fefebfb000 	C:\Windows\system32\ADVAPI32.dll
0x000007fefdb10000 - 0x000007fefdbaf000 	C:\Windows\system32\msvcrt.dll
0x000007feff670000 - 0x000007feff68f000 	C:\Windows\SYSTEM32\sechost.dll
0x000007fefef60000 - 0x000007feff08d000 	C:\Windows\system32\RPCRT4.dll
0x0000000077370000 - 0x000000007746a000 	C:\Windows\system32\USER32.dll
0x000007feff350000 - 0x000007feff3b7000 	C:\Windows\system32\GDI32.dll
0x000007fefd8b0000 - 0x000007fefd8be000 	C:\Windows\system32\LPK.dll
0x000007feff3c0000 - 0x000007feff48a000 	C:\Windows\system32\USP10.dll
0x000007fefbd20000 - 0x000007fefbf14000 	C:\Windows\WinSxS\amd64_microsoft.windows.common-controls_6595b64144ccf1df_6.0.7601.17514_none_fa396087175ac9ac\COMCTL32.dll
0x000007feff5f0000 - 0x000007feff661000 	C:\Windows\system32\SHLWAPI.dll
0x000007fefda40000 - 0x000007fefda6e000 	C:\Windows\system32\IMM32.DLL
0x000007feff090000 - 0x000007feff199000 	C:\Windows\system32\MSCTF.dll
0x000000006c800000 - 0x000000006c8d1000 	D:\JAVA\jdk1.8\jre\bin\msvcr100.dll
0x000000005c400000 - 0x000000005cc9a000 	D:\JAVA\jdk1.8\jre\bin\server\jvm.dll
0x000007fef3110000 - 0x000007fef3119000 	C:\Windows\system32\WSOCK32.dll
0x000007feff300000 - 0x000007feff34d000 	C:\Windows\system32\WS2_32.dll
0x000007feff490000 - 0x000007feff498000 	C:\Windows\system32\NSI.dll
0x000007fefb070000 - 0x000007fefb0ab000 	C:\Windows\system32\WINMM.dll
0x000007fefc640000 - 0x000007fefc64c000 	C:\Windows\system32\VERSION.dll
0x0000000077760000 - 0x0000000077767000 	C:\Windows\system32\PSAPI.DLL
0x000000006cdf0000 - 0x000000006cdff000 	D:\JAVA\jdk1.8\jre\bin\verify.dll
0x000000006c7d0000 - 0x000000006c7f9000 	D:\JAVA\jdk1.8\jre\bin\java.dll
0x000000006c7b0000 - 0x000000006c7c6000 	D:\JAVA\jdk1.8\jre\bin\zip.dll
0x000007fefdbb0000 - 0x000007fefe938000 	C:\Windows\system32\SHELL32.dll
0x000007feff690000 - 0x000007feff893000 	C:\Windows\system32\ole32.dll
0x000007fefd4e0000 - 0x000007fefd4ef000 	C:\Windows\system32\profapi.dll

VM Arguments:
jvm_args: -Djava.awt.headless=true -Xmx1024M -Dfile.encoding=GBK -Duser.country=CN -Duser.language=zh -Duser.variant 
java_command: com.android.dx.command.Main --dex --num-threads=4 --output E:\svn\Peek2S\app\build\intermediates\pre-dexed\debug\jna_b7a016c68a09cc627528c6da22975e735c415e30.jar E:\svn\Peek2S\app\libs\jna.jar
java_class_path (initial): D:\Sdk\build-tools\24.0.1\lib\dx.jar
Launcher Type: SUN_STANDARD

Environment Variables:
JAVA_HOME=D:\JAVA\jdk1.8
CLASSPATH=.;D:\JAVA\jdk1.8\lib;D:\JAVA\jdk1.8\lib\tools.jar
PATH=C:\ProgramData\Oracle\Java\javapath;C:\Windows\system32;C:\Windows;C:\Windows\System32\Wbem;C:\Windows\System32\WindowsPowerShell\v1.0\;C:\Program Files (x86)\Common Files\microsoft shared\TigerKin;D:\JAVA\jdk1.8\bin;D:\JAVA\jdk1.8\jre\bin;C:\Android;C:\Windows\System32;D:\program files\svn\bin;D:\JAVA\tomcat\lib;D:\JAVA\tomcat\bin;D:\program files\Git\cmd;D:\JAVA\android-ndk-r10b;D:\JAVA\gradle-2.14.1\bin
USERNAME=admin
OS=Windows_NT
PROCESSOR_IDENTIFIER=Intel64 Family 6 Model 94 Stepping 3, GenuineIntel



---------------  S Y S T E M  ---------------

OS: Windows 7 , 64 bit Build 7601 (6.1.7601.23677)

CPU:total 4 (2 cores per cpu, 2 threads per core) family 6 model 94 stepping 3, cmov, cx8, fxsr, mmx, sse, sse2, sse3, ssse3, sse4.1, sse4.2, popcnt, avx, avx2, aes, clmul, erms, 3dnowpref, lzcnt, ht, tsc, tscinvbit, bmi1, bmi2, adx

Memory: 4k page, physical 8266364k(1148984k free), swap 9313080k(5012k free)

vm_info: Java HotSpot(TM) 64-Bit Server VM (25.102-b14) for windows-amd64 JRE (1.8.0_102-b14), built on Jun 22 2016 13:15:21 by "java_re" with MS VC++ 10.0 (VS2010)

time: Mon Jul 10 18:36:45 2017
elapsed time: 2 seconds (0d 0h 0m 2s)

