#
# There is insufficient memory for the Java Runtime Environment to continue.
# Native memory allocation (malloc) failed to allocate 512816 bytes for Chunk::new
# Possible reasons:
#   The system is out of physical RAM or swap space
#   In 32 bit mode, the process size limit was hit
# Possible solutions:
#   Reduce memory load on the system
#   Increase physical memory or swap space
#   Check if swap backing store is full
#   Use 64 bit Java on a 64 bit OS
#   Decrease Java heap size (-Xmx/-Xms)
#   Decrease number of Java threads
#   Decrease Java thread stack sizes (-Xss)
#   Set larger code cache with -XX:ReservedCodeCacheSize=
# This output file may be truncated or incomplete.
#
#  Out of Memory Error (allocation.cpp:390), pid=7456, tid=0x0000000000002048
#
# JRE version: OpenJDK Runtime Environment (8.0_152-b01) (build 1.8.0_152-release-915-b01)
# Java VM: OpenJDK 64-Bit Server VM (25.152-b01 mixed mode windows-amd64 compressed oops)
# Failed to write core dump. Minidumps are not enabled by default on client versions of Windows
#

---------------  T H R E A D  ---------------

Current thread (0x0000000056ee4000):  JavaThread "C2 CompilerThread1" daemon [_thread_in_native, id=8264, stack(0x0000000057880000,0x0000000057980000)]

Stack: [0x0000000057880000,0x0000000057980000]
[error occurred during error reporting (printing stack bounds), id 0xc0000005]

Native frames: (J=compiled Java code, j=interpreted, Vv=VM code, C=native code)


Current CompileTask:
C2:  20566 2184   !   4       com.android.dx.rop.type.Prototype::intern (233 bytes)


---------------  P R O C E S S  ---------------

Java Threads: ( => current thread )
  0x0000000057082800 JavaThread "pool-1-thread-4" [_thread_blocked, id=8960, stack(0x0000000058470000,0x0000000058570000)]
  0x0000000057072000 JavaThread "pool-1-thread-3" [_thread_blocked, id=9076, stack(0x0000000058260000,0x0000000058360000)]
  0x0000000057075000 JavaThread "pool-1-thread-2" [_thread_blocked, id=8968, stack(0x0000000057d90000,0x0000000057e90000)]
  0x0000000057028000 JavaThread "pool-2-thread-1" [_thread_blocked, id=8588, stack(0x0000000057fe0000,0x00000000580e0000)]
  0x0000000057025000 JavaThread "pool-1-thread-1" [_thread_blocked, id=8616, stack(0x0000000057ee0000,0x0000000057fe0000)]
  0x0000000056ee8000 JavaThread "Service Thread" daemon [_thread_blocked, id=6588, stack(0x0000000057a60000,0x0000000057b60000)]
  0x0000000056ee4800 JavaThread "C1 CompilerThread2" daemon [_thread_blocked, id=8088, stack(0x00000000575b0000,0x00000000576b0000)]
=>0x0000000056ee4000 JavaThread "C2 CompilerThread1" daemon [_thread_in_native, id=8264, stack(0x0000000057880000,0x0000000057980000)]
  0x0000000056e7b800 JavaThread "C2 CompilerThread0" daemon [_thread_blocked, id=8720, stack(0x00000000576d0000,0x00000000577d0000)]
  0x00000000061bf000 JavaThread "Attach Listener" daemon [_thread_blocked, id=7540, stack(0x00000000574b0000,0x00000000575b0000)]
  0x00000000061b0800 JavaThread "Signal Dispatcher" daemon [_thread_blocked, id=7292, stack(0x0000000057330000,0x0000000057430000)]
  0x000000000619b800 JavaThread "Finalizer" daemon [_thread_blocked, id=8256, stack(0x0000000056c70000,0x0000000056d70000)]
  0x0000000006154800 JavaThread "Reference Handler" daemon [_thread_blocked, id=4588, stack(0x0000000056d70000,0x0000000056e70000)]
  0x000000000245f000 JavaThread "main" [_thread_in_native, id=7888, stack(0x0000000002820000,0x0000000002920000)]

Other Threads:
  0x0000000006149800 VMThread [stack: 0x0000000007250000,0x0000000007350000] [id=8684]
  0x0000000056ee9800 WatcherThread [stack: 0x0000000057c50000,0x0000000057d50000] [id=9188]

VM state:not at safepoint (normal execution)

VM Mutex/Monitor currently owned by a thread: None

Heap:
 PSYoungGen      total 71680K, used 47560K [0x00000000eab00000, 0x00000000f4c00000, 0x0000000100000000)
  eden space 66560K, 63% used [0x00000000eab00000,0x00000000ed472f58,0x00000000eec00000)
  from space 5120K, 99% used [0x00000000eec00000,0x00000000ef0ff1c0,0x00000000ef100000)
  to   space 15872K, 0% used [0x00000000f3c80000,0x00000000f3c80000,0x00000000f4c00000)
 ParOldGen       total 87552K, used 28342K [0x00000000c0000000, 0x00000000c5580000, 0x00000000eab00000)
  object space 87552K, 32% used [0x00000000c0000000,0x00000000c1badaf0,0x00000000c5580000)
 Metaspace       used 6390K, capacity 7218K, committed 7296K, reserved 1056768K
  class space    used 598K, capacity 618K, committed 640K, reserved 1048576K

Card table byte_map: [0x0000000002ce0000,0x0000000002ef0000] byte_map_base: 0x00000000026e0000

Marking Bits: (ParMarkBitMap*) 0x0000000007bb3950
 Begin Bits: [0x00000000035c0000, 0x00000000045c0000)
 End Bits:   [0x00000000045c0000, 0x00000000055c0000)

Polling page: 0x0000000000430000

CodeCache: size=245760Kb used=11814Kb max_used=11825Kb free=233945Kb
 bounds [0x0000000007c30000, 0x00000000087d0000, 0x0000000016c30000]
 total_blobs=2449 nmethods=2185 adapters=177
 compilation: enabled

Compilation events (10 events):
Event: 20.367 Thread 0x0000000056e7b800 nmethod 2183 0x00000000087b5c90 code [0x00000000087b5de0, 0x00000000087b5e88]
Event: 20.367 Thread 0x0000000056e7b800 2187       4       com.android.dx.rop.cst.CstLiteral64::hashCode (15 bytes)
Event: 20.367 Thread 0x0000000056e7b800 nmethod 2187 0x0000000008714190 code [0x00000000087142c0, 0x0000000008714318]
Event: 20.368 Thread 0x0000000056ee4800 2188       3       java.util.concurrent.FutureTask::awaitDone (171 bytes)
Event: 20.369 Thread 0x0000000056e7b800 2189       4       java.lang.Character::forDigit (42 bytes)
Event: 20.369 Thread 0x0000000056ee4800 nmethod 2188 0x00000000087b5f90 code [0x00000000087b61e0, 0x00000000087b7068]
Event: 20.369 Thread 0x0000000056e7b800 nmethod 2189 0x00000000087b3790 code [0x00000000087b38c0, 0x00000000087b3978]
Event: 20.371 Thread 0x0000000056e7b800 2191       4       com.android.dx.dex.code.RopTranslator$LocalVariableAwareTranslationVisitor::visitPlainCstInsn (11 bytes)
Event: 20.396 Thread 0x0000000056e7b800 nmethod 2191 0x00000000087bc610 code [0x00000000087bc860, 0x00000000087bdc50]
Event: 20.396 Thread 0x0000000056e7b800 2190       4       com.android.dx.dex.code.RopTranslator$TranslationVisitor::visitPlainCstInsn (161 bytes)

GC Heap History (10 events):
Event: 3.836 GC heap before
{Heap before GC invocations=1 (full 0):
 PSYoungGen      total 38400K, used 33280K [0x00000000eab00000, 0x00000000ed580000, 0x0000000100000000)
  eden space 33280K, 100% used [0x00000000eab00000,0x00000000ecb80000,0x00000000ecb80000)
  from space 5120K, 0% used [0x00000000ed080000,0x00000000ed080000,0x00000000ed580000)
  to   space 5120K, 0% used [0x00000000ecb80000,0x00000000ecb80000,0x00000000ed080000)
 ParOldGen       total 87552K, used 0K [0x00000000c0000000, 0x00000000c5580000, 0x00000000eab00000)
  object space 87552K, 0% used [0x00000000c0000000,0x00000000c0000000,0x00000000c5580000)
 Metaspace       used 5913K, capacity 6960K, committed 7040K, reserved 1056768K
  class space    used 570K, capacity 616K, committed 640K, reserved 1048576K
Event: 3.843 GC heap after
Heap after GC invocations=1 (full 0):
 PSYoungGen      total 38400K, used 5106K [0x00000000eab00000, 0x00000000ed580000, 0x0000000100000000)
  eden space 33280K, 0% used [0x00000000eab00000,0x00000000eab00000,0x00000000ecb80000)
  from space 5120K, 99% used [0x00000000ecb80000,0x00000000ed07c870,0x00000000ed080000)
  to   space 5120K, 0% used [0x00000000ed080000,0x00000000ed080000,0x00000000ed580000)
 ParOldGen       total 87552K, used 3043K [0x00000000c0000000, 0x00000000c5580000, 0x00000000eab00000)
  object space 87552K, 3% used [0x00000000c0000000,0x00000000c02f8cf0,0x00000000c5580000)
 Metaspace       used 5913K, capacity 6960K, committed 7040K, reserved 1056768K
  class space    used 570K, capacity 616K, committed 640K, reserved 1048576K
}
Event: 8.370 GC heap before
{Heap before GC invocations=2 (full 0):
 PSYoungGen      total 38400K, used 38386K [0x00000000eab00000, 0x00000000ed580000, 0x0000000100000000)
  eden space 33280K, 100% used [0x00000000eab00000,0x00000000ecb80000,0x00000000ecb80000)
  from space 5120K, 99% used [0x00000000ecb80000,0x00000000ed07c870,0x00000000ed080000)
  to   space 5120K, 0% used [0x00000000ed080000,0x00000000ed080000,0x00000000ed580000)
 ParOldGen       total 87552K, used 3043K [0x00000000c0000000, 0x00000000c5580000, 0x00000000eab00000)
  object space 87552K, 3% used [0x00000000c0000000,0x00000000c02f8cf0,0x00000000c5580000)
 Metaspace       used 6138K, capacity 7088K, committed 7296K, reserved 1056768K
  class space    used 575K, capacity 616K, committed 640K, reserved 1048576K
Event: 8.470 GC heap after
Heap after GC invocations=2 (full 0):
 PSYoungGen      total 38400K, used 5105K [0x00000000eab00000, 0x00000000ef600000, 0x0000000100000000)
  eden space 33280K, 0% used [0x00000000eab00000,0x00000000eab00000,0x00000000ecb80000)
  from space 5120K, 99% used [0x00000000ed080000,0x00000000ed57c408,0x00000000ed580000)
  to   space 5120K, 0% used [0x00000000ecb80000,0x00000000ecb80000,0x00000000ed080000)
 ParOldGen       total 87552K, used 8075K [0x00000000c0000000, 0x00000000c5580000, 0x00000000eab00000)
  object space 87552K, 9% used [0x00000000c0000000,0x00000000c07e2de8,0x00000000c5580000)
 Metaspace       used 6138K, capacity 7088K, committed 7296K, reserved 1056768K
  class space    used 575K, capacity 616K, committed 640K, reserved 1048576K
}
Event: 10.578 GC heap before
{Heap before GC invocations=3 (full 0):
 PSYoungGen      total 38400K, used 38385K [0x00000000eab00000, 0x00000000ef600000, 0x0000000100000000)
  eden space 33280K, 100% used [0x00000000eab00000,0x00000000ecb80000,0x00000000ecb80000)
  from space 5120K, 99% used [0x00000000ed080000,0x00000000ed57c408,0x00000000ed580000)
  to   space 5120K, 0% used [0x00000000ecb80000,0x00000000ecb80000,0x00000000ed080000)
 ParOldGen       total 87552K, used 8075K [0x00000000c0000000, 0x00000000c5580000, 0x00000000eab00000)
  object space 87552K, 9% used [0x00000000c0000000,0x00000000c07e2de8,0x00000000c5580000)
 Metaspace       used 6179K, capacity 7152K, committed 7296K, reserved 1056768K
  class space    used 576K, capacity 616K, committed 640K, reserved 1048576K
Event: 10.749 GC heap after
Heap after GC invocations=3 (full 0):
 PSYoungGen      total 38400K, used 5115K [0x00000000eab00000, 0x00000000ef600000, 0x0000000100000000)
  eden space 33280K, 0% used [0x00000000eab00000,0x00000000eab00000,0x00000000ecb80000)
  from space 5120K, 99% used [0x00000000ecb80000,0x00000000ed07ed50,0x00000000ed080000)
  to   space 5120K, 0% used [0x00000000ef100000,0x00000000ef100000,0x00000000ef600000)
 ParOldGen       total 87552K, used 13076K [0x00000000c0000000, 0x00000000c5580000, 0x00000000eab00000)
  object space 87552K, 14% used [0x00000000c0000000,0x00000000c0cc53e0,0x00000000c5580000)
 Metaspace       used 6179K, capacity 7152K, committed 7296K, reserved 1056768K
  class space    used 576K, capacity 616K, committed 640K, reserved 1048576K
}
Event: 12.054 GC heap before
{Heap before GC invocations=4 (full 0):
 PSYoungGen      total 38400K, used 38395K [0x00000000eab00000, 0x00000000ef600000, 0x0000000100000000)
  eden space 33280K, 100% used [0x00000000eab00000,0x00000000ecb80000,0x00000000ecb80000)
  from space 5120K, 99% used [0x00000000ecb80000,0x00000000ed07ed50,0x00000000ed080000)
  to   space 5120K, 0% used [0x00000000ef100000,0x00000000ef100000,0x00000000ef600000)
 ParOldGen       total 87552K, used 13076K [0x00000000c0000000, 0x00000000c5580000, 0x00000000eab00000)
  object space 87552K, 14% used [0x00000000c0000000,0x00000000c0cc53e0,0x00000000c5580000)
 Metaspace       used 6219K, capacity 7152K, committed 7296K, reserved 1056768K
  class space    used 576K, capacity 616K, committed 640K, reserved 1048576K
Event: 12.157 GC heap after
Heap after GC invocations=4 (full 0):
 PSYoungGen      total 71680K, used 5093K [0x00000000eab00000, 0x00000000ef600000, 0x0000000100000000)
  eden space 66560K, 0% used [0x00000000eab00000,0x00000000eab00000,0x00000000eec00000)
  from space 5120K, 99% used [0x00000000ef100000,0x00000000ef5f9568,0x00000000ef600000)
  to   space 5120K, 0% used [0x00000000eec00000,0x00000000eec00000,0x00000000ef100000)
 ParOldGen       total 87552K, used 16674K [0x00000000c0000000, 0x00000000c5580000, 0x00000000eab00000)
  object space 87552K, 19% used [0x00000000c0000000,0x00000000c1048b90,0x00000000c5580000)
 Metaspace       used 6219K, capacity 7152K, committed 7296K, reserved 1056768K
  class space    used 576K, capacity 616K, committed 640K, reserved 1048576K
}
Event: 16.973 GC heap before
{Heap before GC invocations=5 (full 0):
 PSYoungGen      total 71680K, used 71653K [0x00000000eab00000, 0x00000000ef600000, 0x0000000100000000)
  eden space 66560K, 100% used [0x00000000eab00000,0x00000000eec00000,0x00000000eec00000)
  from space 5120K, 99% used [0x00000000ef100000,0x00000000ef5f9568,0x00000000ef600000)
  to   space 5120K, 0% used [0x00000000eec00000,0x00000000eec00000,0x00000000ef100000)
 ParOldGen       total 87552K, used 16674K [0x00000000c0000000, 0x00000000c5580000, 0x00000000eab00000)
  object space 87552K, 19% used [0x00000000c0000000,0x00000000c1048b90,0x00000000c5580000)
 Metaspace       used 6367K, capacity 7218K, committed 7296K, reserved 1056768K
  class space    used 598K, capacity 618K, committed 640K, reserved 1048576K
Event: 17.043 GC heap after
Heap after GC invocations=5 (full 0):
 PSYoungGen      total 71680K, used 5116K [0x00000000eab00000, 0x00000000f4c00000, 0x0000000100000000)
  eden space 66560K, 0% used [0x00000000eab00000,0x00000000eab00000,0x00000000eec00000)
  from space 5120K, 99% used [0x00000000eec00000,0x00000000ef0ff1c0,0x00000000ef100000)
  to   space 15872K, 0% used [0x00000000f3c80000,0x00000000f3c80000,0x00000000f4c00000)
 ParOldGen       total 87552K, used 28342K [0x00000000c0000000, 0x00000000c5580000, 0x00000000eab00000)
  object space 87552K, 32% used [0x00000000c0000000,0x00000000c1badaf0,0x00000000c5580000)
 Metaspace       used 6367K, capacity 7218K, committed 7296K, reserved 1056768K
  class space    used 598K, capacity 618K, committed 640K, reserved 1048576K
}

Deoptimization events (10 events):
Event: 15.632 Thread 0x0000000057082800 Uncommon trap: reason=class_check action=maybe_recompile pc=0x00000000085a36a8 method=com.android.dx.rop.cst.CstKnownNull.equals(Ljava/lang/Object;)Z @ 1
Event: 15.824 Thread 0x0000000057082800 Uncommon trap: reason=unstable_if action=reinterpret pc=0x000000000823e0ac method=java.util.HashMap.resize()[Ljava/util/HashMap$Node; @ 206
Event: 16.840 Thread 0x0000000057025000 Uncommon trap: reason=bimorphic action=maybe_recompile pc=0x000000000868ce58 method=java.util.HashMap.getNode(ILjava/lang/Object;)Ljava/util/HashMap$Node; @ 126
Event: 16.840 Thread 0x0000000057025000 Uncommon trap: reason=class_check action=maybe_recompile pc=0x0000000007fd4eac method=java.util.HashMap.putVal(ILjava/lang/Object;Ljava/lang/Object;ZZ)Ljava/lang/Object; @ 203
Event: 17.082 Thread 0x0000000057025000 Uncommon trap: reason=class_check action=maybe_recompile pc=0x000000000861d884 method=com.android.dx.cf.code.BytecodeArray.parseInstruction(ILcom/android/dx/cf/code/BytecodeArray$Visitor;)I @ 1258
Event: 17.082 Thread 0x0000000057025000 Uncommon trap: reason=class_check action=maybe_recompile pc=0x000000000861d884 method=com.android.dx.cf.code.BytecodeArray.parseInstruction(ILcom/android/dx/cf/code/BytecodeArray$Visitor;)I @ 1258
Event: 17.082 Thread 0x0000000057025000 Uncommon trap: reason=class_check action=maybe_recompile pc=0x000000000861d884 method=com.android.dx.cf.code.BytecodeArray.parseInstruction(ILcom/android/dx/cf/code/BytecodeArray$Visitor;)I @ 1258
Event: 17.082 Thread 0x0000000057025000 Uncommon trap: reason=class_check action=maybe_recompile pc=0x000000000861d884 method=com.android.dx.cf.code.BytecodeArray.parseInstruction(ILcom/android/dx/cf/code/BytecodeArray$Visitor;)I @ 1258
Event: 19.939 Thread 0x0000000057072000 Uncommon trap: reason=bimorphic action=maybe_recompile pc=0x000000000868ce58 method=java.util.HashMap.getNode(ILjava/lang/Object;)Ljava/util/HashMap$Node; @ 126
Event: 19.939 Thread 0x0000000057072000 Uncommon trap: reason=class_check action=maybe_recompile pc=0x0000000007fd4eac method=java.util.HashMap.putVal(ILjava/lang/Object;Ljava/lang/Object;ZZ)Ljava/lang/Object; @ 203

Classes redefined (0 events):
No events

Internal exceptions (6 events):
Event: 0.026 Thread 0x000000000245f000 Exception <a 'java/lang/NoSuchMethodError': Method sun.misc.Unsafe.defineClass(Ljava/lang/String;[BII)Ljava/lang/Class; name or signature does not match> (0x00000000eab07ca8) thrown at [D:\src\AOSP-openjdk-cygwin\jdk8u\hotspot\src\share\vm\prims\jni.cpp, 
Event: 0.026 Thread 0x000000000245f000 Exception <a 'java/lang/NoSuchMethodError': Method sun.misc.Unsafe.prefetchRead(Ljava/lang/Object;J)V name or signature does not match> (0x00000000eab07f90) thrown at [D:\src\AOSP-openjdk-cygwin\jdk8u\hotspot\src\share\vm\prims\jni.cpp, line 4011]
Event: 6.943 Thread 0x0000000057082800 Implicit null exception at 0x0000000007faba52 to 0x0000000007fabb4a
Event: 15.125 Thread 0x0000000057075000 Exception <a 'java/lang/ArrayIndexOutOfBoundsException': 18> (0x00000000ec739d08) thrown at [D:\src\AOSP-openjdk-cygwin\jdk8u\hotspot\src\share\vm\interpreter\interpreterRuntime.cpp, line 366]
Event: 15.126 Thread 0x0000000057075000 Exception <a 'java/lang/ArrayIndexOutOfBoundsException'> (0x00000000ec73b888) thrown at [D:\src\AOSP-openjdk-cygwin\jdk8u\hotspot\src\share\vm\runtime\sharedRuntime.cpp, line 605]
Event: 15.126 Thread 0x0000000057075000 Exception <a 'java/lang/ArrayIndexOutOfBoundsException'> (0x00000000ec73cb70) thrown at [D:\src\AOSP-openjdk-cygwin\jdk8u\hotspot\src\share\vm\runtime\sharedRuntime.cpp, line 605]

Events (10 events):
Event: 17.082 Thread 0x0000000057025000 DEOPT PACKING pc=0x000000000861d884 sp=0x0000000057fde4f0
Event: 17.082 Thread 0x0000000057025000 DEOPT UNPACKING pc=0x0000000007c7556a sp=0x0000000057fde4d8 mode 2
Event: 19.939 Thread 0x0000000057072000 Uncommon trap: trap_request=0xffffffc6 fr.pc=0x000000000868ce58
Event: 19.939 Thread 0x0000000057072000 DEOPT PACKING pc=0x000000000868ce58 sp=0x000000005835e910
Event: 19.939 Thread 0x0000000057072000 DEOPT UNPACKING pc=0x0000000007c7556a sp=0x000000005835e820 mode 2
Event: 19.939 Thread 0x0000000057072000 Uncommon trap: trap_request=0xffffffde fr.pc=0x0000000007fd4eac
Event: 19.939 Thread 0x0000000057072000 DEOPT PACKING pc=0x0000000007fd4eac sp=0x000000005835e8c0
Event: 19.939 Thread 0x0000000057072000 DEOPT UNPACKING pc=0x0000000007c7556a sp=0x000000005835e7e8 mode 2
Event: 20.348 Thread 0x000000000245f000 DEOPT PACKING pc=0x000000000814ea3b sp=0x000000000291e4a0
Event: 20.348 Thread 0x000000000245f000 DEOPT UNPACKING pc=0x0000000007c775bf sp=0x000000000291e2b0 mode 0


Dynamic libraries:
0x000000013fa20000 - 0x000000013fa51000 	D:\android-studio3.0\jre\bin\java.exe
0x0000000077880000 - 0x0000000077a2a000 	C:\Windows\SYSTEM32\ntdll.dll
0x0000000077760000 - 0x000000007787f000 	C:\Windows\system32\kernel32.dll
0x000007fefd880000 - 0x000007fefd8ea000 	C:\Windows\system32\KERNELBASE.dll
0x000007feffab0000 - 0x000007feffb8b000 	C:\Windows\system32\ADVAPI32.dll
0x000007feff2d0000 - 0x000007feff36f000 	C:\Windows\system32\msvcrt.dll
0x000007feff6a0000 - 0x000007feff6bf000 	C:\Windows\SYSTEM32\sechost.dll
0x000007fefdc20000 - 0x000007fefdd4d000 	C:\Windows\system32\RPCRT4.dll
0x0000000077660000 - 0x000000007775a000 	C:\Windows\system32\USER32.dll
0x000007feff5d0000 - 0x000007feff637000 	C:\Windows\system32\GDI32.dll
0x000007feff080000 - 0x000007feff08e000 	C:\Windows\system32\LPK.dll
0x000007feff840000 - 0x000007feff90a000 	C:\Windows\system32\USP10.dll
0x000007fefbe40000 - 0x000007fefc034000 	C:\Windows\WinSxS\amd64_microsoft.windows.common-controls_6595b64144ccf1df_6.0.7601.17514_none_fa396087175ac9ac\COMCTL32.dll
0x000007fefdba0000 - 0x000007fefdc11000 	C:\Windows\system32\SHLWAPI.dll
0x000007feff090000 - 0x000007feff0be000 	C:\Windows\system32\IMM32.DLL
0x000007fefded0000 - 0x000007fefdfd9000 	C:\Windows\system32\MSCTF.dll
0x0000000078ee0000 - 0x0000000078fb2000 	D:\android-studio3.0\jre\jre\bin\msvcr100.dll
0x00000000073f0000 - 0x0000000007c2e000 	D:\android-studio3.0\jre\jre\bin\server\jvm.dll
0x000007fef9bb0000 - 0x000007fef9bb9000 	C:\Windows\system32\WSOCK32.dll
0x000007feff910000 - 0x000007feff95d000 	C:\Windows\system32\WS2_32.dll
0x000007feffaa0000 - 0x000007feffaa8000 	C:\Windows\system32\NSI.dll
0x000007fefa000000 - 0x000007fefa03b000 	C:\Windows\system32\WINMM.dll
0x000007fefc900000 - 0x000007fefc90c000 	C:\Windows\system32\VERSION.dll
0x0000000077a40000 - 0x0000000077a47000 	C:\Windows\system32\PSAPI.DLL
0x000007fef9c00000 - 0x000007fef9c0f000 	D:\android-studio3.0\jre\jre\bin\verify.dll
0x000007fee9c40000 - 0x000007fee9c69000 	D:\android-studio3.0\jre\jre\bin\java.dll
0x000007feebfa0000 - 0x000007feebfb6000 	D:\android-studio3.0\jre\jre\bin\zip.dll
0x000007fefe2f0000 - 0x000007feff078000 	C:\Windows\system32\SHELL32.dll
0x000007feff0c0000 - 0x000007feff2c3000 	C:\Windows\system32\ole32.dll
0x000007fefd7d0000 - 0x000007fefd7df000 	C:\Windows\system32\profapi.dll

VM Arguments:
jvm_args: -Djava.awt.headless=true -Xmx1024M -Dfile.encoding=GBK -Duser.country=CN -Duser.language=zh -Duser.variant 
java_command: com.android.dx.command.Main --dex --num-threads=4 --output E:\svn\Peek2S\app\build\intermediates\pre-dexed\debug\debug_4f4dadc5531f839c852b5660ecd82a1d44fa4b33.jar E:\svn\Peek2S\app\build\intermediates\classes\debug
java_class_path (initial): D:\Sdk\build-tools\24.0.1\lib\dx.jar
Launcher Type: SUN_STANDARD

Environment Variables:
JAVA_HOME=D:\JAVA\jdk1.8
CLASSPATH=.;D:\JAVA\jdk1.8\lib;D:\JAVA\jdk1.8\lib\tools.jar
PATH=C:\ProgramData\Oracle\Java\javapath;C:\Windows\system32;C:\Windows;C:\Windows\System32\Wbem;C:\Windows\System32\WindowsPowerShell\v1.0\;C:\Program Files (x86)\Common Files\microsoft shared\TigerKin;D:\JAVA\jdk1.8\bin;D:\JAVA\jdk1.8\jre\bin;C:\Android;C:\Windows\System32;D:\program files\svn\bin;D:\JAVA\tomcat\lib;D:\JAVA\tomcat\bin;D:\JAVA\android-ndk-r10b;D:\JAVA\gradle-2.14.1\bin;D:\program files\Git\cmd;C:\Program Files (x86)\Windows Kits\10\Windows Performance Toolkit\;C:\Users\admin\AppData\Local\Programs\Fiddler
USERNAME=admin
OS=Windows_NT
PROCESSOR_IDENTIFIER=Intel64 Family 6 Model 94 Stepping 3, GenuineIntel



---------------  S Y S T E M  ---------------

OS: Windows 7 , 64 bit Build 7601 (6.1.7601.23677)

CPU:total 4 (initial active 4) (2 cores per cpu, 2 threads per core) family 6 model 94 stepping 3, cmov, cx8, fxsr, mmx, sse, sse2, sse3, ssse3, sse4.1, sse4.2, popcnt, avx, avx2, aes, clmul, erms, 3dnowpref, lzcnt, ht, tsc, tscinvbit, bmi1, bmi2, adx

Memory: 4k page, physical 8266364k(806848k free), swap 9313080k(31568k free)

vm_info: OpenJDK 64-Bit Server VM (25.152-b01) for windows-amd64 JRE (1.8.0_152-release-915-b01), built by "builder" with MS VC++ 10.0 (VS2010)

time: Wed Jan 10 15:37:54 2018
elapsed time: 20 seconds (0d 0h 0m 20s)

