#
# There is insufficient memory for the Java Runtime Environment to continue.
# Cannot create GC thread. Out of system resources.
# Possible reasons:
#   The system is out of physical RAM or swap space
#   In 32 bit mode, the process size limit was hit
# Possible solutions:
#   Reduce memory load on the system
#   Increase physical memory or swap space
#   Check if swap backing store is full
#   Use 64 bit Java on a 64 bit OS
#   Decrease Java heap size (-Xmx/-Xms)
#   Decrease number of Java threads
#   Decrease Java thread stack sizes (-Xss)
#   Set larger code cache with -XX:ReservedCodeCacheSize=
# This output file may be truncated or incomplete.
#
#  Out of Memory Error (gcTaskThread.cpp:48), pid=7916, tid=0x0000000000001484
#
# JRE version:  (8.0_102-b14) (build )
# Java VM: Java HotSpot(TM) 64-Bit Server VM (25.102-b14 mixed mode windows-amd64 compressed oops)
# Failed to write core dump. Minidumps are not enabled by default on client versions of Windows
#

---------------  T H R E A D  ---------------

Current thread (0x000000000008e000):  JavaThread "Unknown thread" [_thread_in_vm, id=5252, stack(0x0000000002600000,0x0000000002700000)]

Stack: [0x0000000002600000,0x0000000002700000]
[error occurred during error reporting (printing stack bounds), id 0xc0000005]

Native frames: (J=compiled Java code, j=interpreted, Vv=VM code, C=native code)


---------------  P R O C E S S  ---------------

Java Threads: ( => current thread )

Other Threads:

=>0x000000000008e000 (exited) JavaThread "Unknown thread" [_thread_in_vm, id=5252, stack(0x0000000002600000,0x0000000002700000)]

VM state:not at safepoint (not fully initialized)

VM Mutex/Monitor currently owned by a thread: None

GC Heap History (0 events):
No events

Deoptimization events (0 events):
No events

Internal exceptions (0 events):
No events

Events (0 events):
No events


Dynamic libraries:
0x000000013f540000 - 0x000000013f577000 	D:\JAVA\jdk1.8\bin\java.exe
0x0000000077660000 - 0x0000000077809000 	C:\Windows\SYSTEM32\ntdll.dll
0x0000000077540000 - 0x000000007765f000 	C:\Windows\system32\kernel32.dll
0x000007fefd830000 - 0x000007fefd89b000 	C:\Windows\system32\KERNELBASE.dll
0x000007feff650000 - 0x000007feff72b000 	C:\Windows\system32\ADVAPI32.dll
0x000007feff3a0000 - 0x000007feff43f000 	C:\Windows\system32\msvcrt.dll
0x000007fefdb30000 - 0x000007fefdb4f000 	C:\Windows\SYSTEM32\sechost.dll
0x000007fefefd0000 - 0x000007feff0fd000 	C:\Windows\system32\RPCRT4.dll
0x0000000077440000 - 0x000000007753a000 	C:\Windows\system32\USER32.dll
0x000007fefeb30000 - 0x000007fefeb97000 	C:\Windows\system32\GDI32.dll
0x000007feff380000 - 0x000007feff38e000 	C:\Windows\system32\LPK.dll
0x000007fefd980000 - 0x000007fefda49000 	C:\Windows\system32\USP10.dll
0x000007fefbb90000 - 0x000007fefbd84000 	C:\Windows\WinSxS\amd64_microsoft.windows.common-controls_6595b64144ccf1df_6.0.7601.17514_none_fa396087175ac9ac\COMCTL32.dll
0x000007fefea10000 - 0x000007fefea81000 	C:\Windows\system32\SHLWAPI.dll
0x000007feff440000 - 0x000007feff46e000 	C:\Windows\system32\IMM32.DLL
0x000007feff470000 - 0x000007feff579000 	C:\Windows\system32\MSCTF.dll
0x0000000053010000 - 0x00000000530e1000 	D:\JAVA\jdk1.8\jre\bin\msvcr100.dll
0x00000000515b0000 - 0x0000000051e4a000 	D:\JAVA\jdk1.8\jre\bin\server\jvm.dll
0x000007feeed90000 - 0x000007feeed99000 	C:\Windows\system32\WSOCK32.dll
0x000007feff600000 - 0x000007feff64d000 	C:\Windows\system32\WS2_32.dll
0x000007feff390000 - 0x000007feff398000 	C:\Windows\system32\NSI.dll
0x000007fefae60000 - 0x000007fefae9b000 	C:\Windows\system32\WINMM.dll
0x000007fefc6f0000 - 0x000007fefc6fc000 	C:\Windows\system32\VERSION.dll
0x0000000077820000 - 0x0000000077827000 	C:\Windows\system32\PSAPI.DLL
0x000000005c500000 - 0x000000005c50f000 	D:\JAVA\jdk1.8\jre\bin\verify.dll
0x000000005c4d0000 - 0x000000005c4f9000 	D:\JAVA\jdk1.8\jre\bin\java.dll
0x0000000056640000 - 0x0000000056656000 	D:\JAVA\jdk1.8\jre\bin\zip.dll

VM Arguments:
jvm_args: -Djava.awt.headless=true -Xmx1024M -Dfile.encoding=GBK -Duser.country=CN -Duser.language=zh -Duser.variant 
java_command: com.android.dx.command.Main --dex --num-threads=4 --output E:\StudioWorkSpace\BmwPeek2\app\build\intermediates\pre-dexed\debug\butterknife-7.0.1_b166c6acd2be2eb9315008c1cf987d5f0c122f6f.jar C:\Users\admin\.gradle\caches\modules-2\files-2.1\com.jakewharton\butterknife\7.0.1\d5d13ea991eab0252e3710e5df3d6a9d4b21d461\butterknife-7.0.1.jar
java_class_path (initial): D:\Sdk\build-tools\24.0.1\lib\dx.jar
Launcher Type: SUN_STANDARD

Environment Variables:
JAVA_HOME=D:\JAVA\jdk1.8
CLASSPATH=.;D:\JAVA\jdk1.8\lib;D:\JAVA\jdk1.8\lib\tools.jar
PATH=C:\ProgramData\Oracle\Java\javapath;C:\Windows\system32;C:\Windows;C:\Windows\System32\Wbem;C:\Windows\System32\WindowsPowerShell\v1.0\;C:\Program Files (x86)\Common Files\microsoft shared\TigerKin;D:\JAVA\jdk1.8\bin;D:\JAVA\jdk1.8\jre\bin;C:\Android;C:\Windows\System32;D:\program files\svn\bin
USERNAME=admin
OS=Windows_NT
PROCESSOR_IDENTIFIER=Intel64 Family 6 Model 94 Stepping 3, GenuineIntel



---------------  S Y S T E M  ---------------

OS: Windows 7 , 64 bit Build 7601 (6.1.7601.17514)

CPU:total 4 (2 cores per cpu, 2 threads per core) family 6 model 94 stepping 3, cmov, cx8, fxsr, mmx, sse, sse2, sse3, ssse3, sse4.1, sse4.2, popcnt, avx, avx2, aes, clmul, erms, 3dnowpref, lzcnt, ht, tsc, tscinvbit, bmi1, bmi2, adx

Memory: 4k page, physical 8266364k(1163200k free), swap 9313096k(545316k free)

vm_info: Java HotSpot(TM) 64-Bit Server VM (25.102-b14) for windows-amd64 JRE (1.8.0_102-b14), built on Jun 22 2016 13:15:21 by "java_re" with MS VC++ 10.0 (VS2010)

time: Fri Sep 02 15:54:15 2016
elapsed time: 0 seconds (0d 0h 0m 0s)

