#
# There is insufficient memory for the Java Runtime Environment to continue.
# Native memory allocation (malloc) failed to allocate 705952 bytes for Chunk::new
# Possible reasons:
#   The system is out of physical RAM or swap space
#   In 32 bit mode, the process size limit was hit
# Possible solutions:
#   Reduce memory load on the system
#   Increase physical memory or swap space
#   Check if swap backing store is full
#   Use 64 bit Java on a 64 bit OS
#   Decrease Java heap size (-Xmx/-Xms)
#   Decrease number of Java threads
#   Decrease Java thread stack sizes (-Xss)
#   Set larger code cache with -XX:ReservedCodeCacheSize=
# This output file may be truncated or incomplete.
#
#  Out of Memory Error (allocation.cpp:390), pid=8876, tid=0x0000000000002114
#
# JRE version: Java(TM) SE Runtime Environment (8.0_102-b14) (build 1.8.0_102-b14)
# Java VM: Java HotSpot(TM) 64-Bit Server VM (25.102-b14 mixed mode windows-amd64 compressed oops)
# Failed to write core dump. Minidumps are not enabled by default on client versions of Windows
#

---------------  T H R E A D  ---------------

Current thread (0x00000000564a8000):  JavaThread "C2 CompilerThread1" daemon [_thread_in_native, id=8468, stack(0x0000000056e00000,0x0000000056f00000)]

Stack: [0x0000000056e00000,0x0000000056f00000]
[error occurred during error reporting (printing stack bounds), id 0xc0000005]

Native frames: (J=compiled Java code, j=interpreted, Vv=VM code, C=native code)


Current CompileTask:
C2:   2843 1201   !   4       com.android.dx.cf.code.BytecodeArray::parseInstruction (2764 bytes)


---------------  P R O C E S S  ---------------

Java Threads: ( => current thread )
  0x00000000567c9000 JavaThread "pool-1-thread-4" [_thread_blocked, id=7936, stack(0x0000000057980000,0x0000000057a80000)]
  0x00000000567c6000 JavaThread "pool-1-thread-3" [_thread_blocked, id=3636, stack(0x0000000056f10000,0x0000000057010000)]
  0x00000000567a7000 JavaThread "pool-1-thread-2" [_thread_blocked, id=8512, stack(0x0000000057720000,0x0000000057820000)]
  0x0000000056768800 JavaThread "pool-2-thread-1" [_thread_blocked, id=4752, stack(0x00000000574c0000,0x00000000575c0000)]
  0x0000000056767800 JavaThread "pool-1-thread-1" [_thread_blocked, id=4228, stack(0x0000000057320000,0x0000000057420000)]
  0x0000000056510800 JavaThread "Service Thread" daemon [_thread_blocked, id=8224, stack(0x0000000057060000,0x0000000057160000)]
  0x000000005650d000 JavaThread "C1 CompilerThread2" daemon [_thread_blocked, id=5504, stack(0x00000000568f0000,0x00000000569f0000)]
=>0x00000000564a8000 JavaThread "C2 CompilerThread1" daemon [_thread_in_native, id=8468, stack(0x0000000056e00000,0x0000000056f00000)]
  0x000000005528e800 JavaThread "C2 CompilerThread0" daemon [_thread_in_native, id=9212, stack(0x0000000056b30000,0x0000000056c30000)]
  0x000000005649b000 JavaThread "Attach Listener" daemon [_thread_blocked, id=9200, stack(0x0000000056c50000,0x0000000056d50000)]
  0x000000005649a800 JavaThread "Signal Dispatcher" daemon [_thread_blocked, id=9192, stack(0x0000000056a30000,0x0000000056b30000)]
  0x000000005526a000 JavaThread "Finalizer" daemon [_thread_blocked, id=9176, stack(0x0000000056100000,0x0000000056200000)]
  0x0000000055222000 JavaThread "Reference Handler" daemon [_thread_blocked, id=9160, stack(0x0000000056390000,0x0000000056490000)]
  0x00000000025ee000 JavaThread "main" [_thread_in_Java, id=9068, stack(0x0000000002940000,0x0000000002a40000)]

Other Threads:
  0x000000005521a800 VMThread [stack: 0x0000000056200000,0x0000000056300000] [id=9144]
  0x0000000056567000 WatcherThread [stack: 0x0000000057170000,0x0000000057270000] [id=8260]

VM state:not at safepoint (normal execution)

VM Mutex/Monitor currently owned by a thread: None

Heap:
 PSYoungGen      total 38400K, used 19786K [0x00000000eab00000, 0x00000000ef600000, 0x0000000100000000)
  eden space 33280K, 44% used [0x00000000eab00000,0x00000000eb955780,0x00000000ecb80000)
  from space 5120K, 99% used [0x00000000ecb80000,0x00000000ed07d170,0x00000000ed080000)
  to   space 5120K, 0% used [0x00000000ef100000,0x00000000ef100000,0x00000000ef600000)
 ParOldGen       total 87552K, used 1833K [0x00000000c0000000, 0x00000000c5580000, 0x00000000eab00000)
  object space 87552K, 2% used [0x00000000c0000000,0x00000000c01ca718,0x00000000c5580000)
 Metaspace       used 6071K, capacity 6964K, committed 7040K, reserved 1056768K
  class space    used 604K, capacity 620K, committed 640K, reserved 1048576K

Card table byte_map: [0x0000000011e00000,0x0000000012010000] byte_map_base: 0x0000000011800000

Marking Bits: (ParMarkBitMap*) 0x000000005cc1a6c0
 Begin Bits: [0x0000000012690000, 0x0000000013690000)
 End Bits:   [0x0000000013690000, 0x0000000014690000)

Polling page: 0x0000000000430000

CodeCache: size=245760Kb used=4841Kb max_used=4841Kb free=240918Kb
 bounds [0x0000000002a40000, 0x0000000002f00000, 0x0000000011a40000]
 total_blobs=1499 nmethods=1227 adapters=184
 compilation: disabled (not enough contiguous free space left)

Compilation events (10 events):
Event: 2.736 Thread 0x000000005650d000 1225       3       com.android.dx.dex.code.RopTranslator$1::visitPlainCstInsn (64 bytes)
Event: 2.736 Thread 0x000000005650d000 nmethod 1225 0x0000000002ef30d0 code [0x0000000002ef3260, 0x0000000002ef3a10]
Event: 2.736 Thread 0x000000005650d000 1226       3       com.android.dx.dex.code.RopTranslator$LocalVariableAwareTranslationVisitor::visitPlainCstInsn (11 bytes)
Event: 2.736 Thread 0x000000005650d000 nmethod 1226 0x0000000002ef3c10 code [0x0000000002ef3e20, 0x0000000002ef4958]
Event: 2.737 Thread 0x000000005650d000 1227       3       com.android.dx.dex.code.RopTranslator$TranslationVisitor::visitPlainCstInsn (161 bytes)
Event: 2.738 Thread 0x000000005650d000 nmethod 1227 0x0000000002ef5010 code [0x0000000002ef53c0, 0x0000000002ef77f8]
Event: 2.738 Thread 0x000000005650d000 1221       3       com.android.dx.ssa.LocalVariableInfo::addAssignment (43 bytes)
Event: 2.738 Thread 0x000000005650d000 nmethod 1221 0x0000000002ef2690 code [0x0000000002ef2860, 0x0000000002ef2e58]
Event: 2.738 Thread 0x000000005650d000 1217       3       com.android.dx.rop.code.AccessFlags::isSynchronized (13 bytes)
Event: 2.738 Thread 0x000000005650d000 nmethod 1217 0x0000000002eec310 code [0x0000000002eec460, 0x0000000002eec5f0]

GC Heap History (2 events):
Event: 2.171 GC heap before
{Heap before GC invocations=1 (full 0):
 PSYoungGen      total 38400K, used 33280K [0x00000000eab00000, 0x00000000ed580000, 0x0000000100000000)
  eden space 33280K, 100% used [0x00000000eab00000,0x00000000ecb80000,0x00000000ecb80000)
  from space 5120K, 0% used [0x00000000ed080000,0x00000000ed080000,0x00000000ed580000)
  to   space 5120K, 0% used [0x00000000ecb80000,0x00000000ecb80000,0x00000000ed080000)
 ParOldGen       total 87552K, used 0K [0x00000000c0000000, 0x00000000c5580000, 0x00000000eab00000)
  object space 87552K, 0% used [0x00000000c0000000,0x00000000c0000000,0x00000000c5580000)
 Metaspace       used 5936K, capacity 6834K, committed 7040K, reserved 1056768K
  class space    used 602K, capacity 618K, committed 640K, reserved 1048576K
Event: 2.219 GC heap after
Heap after GC invocations=1 (full 0):
 PSYoungGen      total 38400K, used 5108K [0x00000000eab00000, 0x00000000ef600000, 0x0000000100000000)
  eden space 33280K, 0% used [0x00000000eab00000,0x00000000eab00000,0x00000000ecb80000)
  from space 5120K, 99% used [0x00000000ecb80000,0x00000000ed07d170,0x00000000ed080000)
  to   space 5120K, 0% used [0x00000000ef100000,0x00000000ef100000,0x00000000ef600000)
 ParOldGen       total 87552K, used 1833K [0x00000000c0000000, 0x00000000c5580000, 0x00000000eab00000)
  object space 87552K, 2% used [0x00000000c0000000,0x00000000c01ca718,0x00000000c5580000)
 Metaspace       used 5936K, capacity 6834K, committed 7040K, reserved 1056768K
  class space    used 602K, capacity 618K, committed 640K, reserved 1048576K
}

Deoptimization events (6 events):
Event: 1.237 Thread 0x0000000056767800 Uncommon trap: reason=unstable_if action=reinterpret pc=0x0000000002c47134 method=java.util.HashMap.getNode(ILjava/lang/Object;)Ljava/util/HashMap$Node; @ 62
Event: 1.314 Thread 0x00000000567c9000 Uncommon trap: reason=unstable_if action=reinterpret pc=0x0000000002c5ec20 method=java.util.BitSet.nextSetBit(I)I @ 87
Event: 2.266 Thread 0x00000000567a7000 Uncommon trap: reason=class_check action=maybe_recompile pc=0x0000000002cb6a80 method=com.android.dx.ssa.NormalSsaInsn.accept(Lcom/android/dx/ssa/SsaInsn$Visitor;)V @ 9
Event: 2.266 Thread 0x00000000567a7000 Uncommon trap: reason=class_check action=maybe_recompile pc=0x0000000002cb6a80 method=com.android.dx.ssa.NormalSsaInsn.accept(Lcom/android/dx/ssa/SsaInsn$Visitor;)V @ 9
Event: 2.266 Thread 0x00000000567a7000 Uncommon trap: reason=class_check action=maybe_recompile pc=0x0000000002cb6a80 method=com.android.dx.ssa.NormalSsaInsn.accept(Lcom/android/dx/ssa/SsaInsn$Visitor;)V @ 9
Event: 2.266 Thread 0x00000000567a7000 Uncommon trap: reason=class_check action=maybe_recompile pc=0x0000000002cb6a80 method=com.android.dx.ssa.NormalSsaInsn.accept(Lcom/android/dx/ssa/SsaInsn$Visitor;)V @ 9

Internal exceptions (2 events):
Event: 0.078 Thread 0x00000000025ee000 Exception <a 'java/lang/NoSuchMethodError': Method sun.misc.Unsafe.defineClass(Ljava/lang/String;[BII)Ljava/lang/Class; name or signature does not match> (0x00000000eab07c78) thrown at [C:\re\workspace\8-2-build-windows-amd64-cygwin\jdk8u102\7268\hotspot\sþ³tI­ú³?
Event: 0.078 Thread 0x00000000025ee000 Exception <a 'java/lang/NoSuchMethodError': Method sun.misc.Unsafe.prefetchRead(Ljava/lang/Object;J)V name or signature does not match> (0x00000000eab07f60) thrown at [C:\re\workspace\8-2-build-windows-amd64-cygwin\jdk8u102\7268\hotspot\src\share\vm\prims\

Events (10 events):
Event: 2.266 Thread 0x00000000567a7000 DEOPT PACKING pc=0x0000000002cb6a80 sp=0x000000005781e800
Event: 2.266 Thread 0x00000000567a7000 DEOPT UNPACKING pc=0x0000000002a8582a sp=0x000000005781e740 mode 2
Event: 2.414 Thread 0x00000000567c9000 DEOPT PACKING pc=0x0000000002d5c511 sp=0x0000000057a7e800
Event: 2.414 Thread 0x00000000567c9000 DEOPT UNPACKING pc=0x0000000002a8787f sp=0x0000000057a7e580 mode 0
Event: 2.743 loading class java/util/TreeMap$EntrySet
Event: 2.743 loading class java/util/TreeMap$EntrySet done
Event: 2.743 loading class java/util/TreeMap$EntryIterator
Event: 2.743 loading class java/util/TreeMap$EntryIterator done
Event: 2.743 Executing VM operation: Deoptimize
Event: 2.743 Executing VM operation: Deoptimize done


Dynamic libraries:
0x000000013f140000 - 0x000000013f177000 	D:\JAVA\jdk1.8\bin\java.exe
0x0000000077590000 - 0x000000007773a000 	C:\Windows\SYSTEM32\ntdll.dll
0x0000000077470000 - 0x000000007758f000 	C:\Windows\system32\kernel32.dll
0x000007fefd590000 - 0x000007fefd5fa000 	C:\Windows\system32\KERNELBASE.dll
0x000007fefeb20000 - 0x000007fefebfb000 	C:\Windows\system32\ADVAPI32.dll
0x000007fefdb10000 - 0x000007fefdbaf000 	C:\Windows\system32\msvcrt.dll
0x000007feff670000 - 0x000007feff68f000 	C:\Windows\SYSTEM32\sechost.dll
0x000007fefef60000 - 0x000007feff08d000 	C:\Windows\system32\RPCRT4.dll
0x0000000077370000 - 0x000000007746a000 	C:\Windows\system32\USER32.dll
0x000007feff350000 - 0x000007feff3b7000 	C:\Windows\system32\GDI32.dll
0x000007fefd8b0000 - 0x000007fefd8be000 	C:\Windows\system32\LPK.dll
0x000007feff3c0000 - 0x000007feff48a000 	C:\Windows\system32\USP10.dll
0x000007fefbd20000 - 0x000007fefbf14000 	C:\Windows\WinSxS\amd64_microsoft.windows.common-controls_6595b64144ccf1df_6.0.7601.17514_none_fa396087175ac9ac\COMCTL32.dll
0x000007feff5f0000 - 0x000007feff661000 	C:\Windows\system32\SHLWAPI.dll
0x000007fefda40000 - 0x000007fefda6e000 	C:\Windows\system32\IMM32.DLL
0x000007feff090000 - 0x000007feff199000 	C:\Windows\system32\MSCTF.dll
0x000000006c800000 - 0x000000006c8d1000 	D:\JAVA\jdk1.8\jre\bin\msvcr100.dll
0x000000005c400000 - 0x000000005cc9a000 	D:\JAVA\jdk1.8\jre\bin\server\jvm.dll
0x000007fef3110000 - 0x000007fef3119000 	C:\Windows\system32\WSOCK32.dll
0x000007feff300000 - 0x000007feff34d000 	C:\Windows\system32\WS2_32.dll
0x000007feff490000 - 0x000007feff498000 	C:\Windows\system32\NSI.dll
0x000007fefb070000 - 0x000007fefb0ab000 	C:\Windows\system32\WINMM.dll
0x000007fefc640000 - 0x000007fefc64c000 	C:\Windows\system32\VERSION.dll
0x0000000077760000 - 0x0000000077767000 	C:\Windows\system32\PSAPI.DLL
0x000000006cdf0000 - 0x000000006cdff000 	D:\JAVA\jdk1.8\jre\bin\verify.dll
0x000000006c7d0000 - 0x000000006c7f9000 	D:\JAVA\jdk1.8\jre\bin\java.dll
0x000000006c7b0000 - 0x000000006c7c6000 	D:\JAVA\jdk1.8\jre\bin\zip.dll
0x000007fefdbb0000 - 0x000007fefe938000 	C:\Windows\system32\SHELL32.dll
0x000007feff690000 - 0x000007feff893000 	C:\Windows\system32\ole32.dll
0x000007fefd4e0000 - 0x000007fefd4ef000 	C:\Windows\system32\profapi.dll

VM Arguments:
jvm_args: -Djava.awt.headless=true -Xmx1024M -Dfile.encoding=GBK -Duser.country=CN -Duser.language=zh -Duser.variant 
java_command: com.android.dx.command.Main --dex --num-threads=4 --output E:\svn\Peek2S\app\build\intermediates\pre-dexed\debug\com.android.support-support-media-compat-24.2.0_9d318c308f0869e496ae116f5945eabfff6799e3.jar E:\svn\Peek2S\app\build\intermediates\exploded-aar\com.android.support\support-media-compat\24.2.0\jars\classes.jar
java_class_path (initial): D:\Sdk\build-tools\24.0.1\lib\dx.jar
Launcher Type: SUN_STANDARD

Environment Variables:
JAVA_HOME=D:\JAVA\jdk1.8
CLASSPATH=.;D:\JAVA\jdk1.8\lib;D:\JAVA\jdk1.8\lib\tools.jar
PATH=C:\ProgramData\Oracle\Java\javapath;C:\Windows\system32;C:\Windows;C:\Windows\System32\Wbem;C:\Windows\System32\WindowsPowerShell\v1.0\;C:\Program Files (x86)\Common Files\microsoft shared\TigerKin;D:\JAVA\jdk1.8\bin;D:\JAVA\jdk1.8\jre\bin;C:\Android;C:\Windows\System32;D:\program files\svn\bin;D:\JAVA\tomcat\lib;D:\JAVA\tomcat\bin;D:\program files\Git\cmd;D:\JAVA\android-ndk-r10b;D:\JAVA\gradle-2.14.1\bin
USERNAME=admin
OS=Windows_NT
PROCESSOR_IDENTIFIER=Intel64 Family 6 Model 94 Stepping 3, GenuineIntel



---------------  S Y S T E M  ---------------

OS: Windows 7 , 64 bit Build 7601 (6.1.7601.23677)

CPU:total 4 (2 cores per cpu, 2 threads per core) family 6 model 94 stepping 3, cmov, cx8, fxsr, mmx, sse, sse2, sse3, ssse3, sse4.1, sse4.2, popcnt, avx, avx2, aes, clmul, erms, 3dnowpref, lzcnt, ht, tsc, tscinvbit, bmi1, bmi2, adx

Memory: 4k page, physical 8266364k(1149052k free), swap 9313080k(5012k free)

vm_info: Java HotSpot(TM) 64-Bit Server VM (25.102-b14) for windows-amd64 JRE (1.8.0_102-b14), built on Jun 22 2016 13:15:21 by "java_re" with MS VC++ 10.0 (VS2010)

time: Mon Jul 10 18:36:45 2017
elapsed time: 2 seconds (0d 0h 0m 2s)

