#
# There is insufficient memory for the Java Runtime Environment to continue.
# Native memory allocation (malloc) failed to allocate 231728 bytes for Chunk::new
# Possible reasons:
#   The system is out of physical RAM or swap space
#   In 32 bit mode, the process size limit was hit
# Possible solutions:
#   Reduce memory load on the system
#   Increase physical memory or swap space
#   Check if swap backing store is full
#   Use 64 bit Java on a 64 bit OS
#   Decrease Java heap size (-Xmx/-Xms)
#   Decrease number of Java threads
#   Decrease Java thread stack sizes (-Xss)
#   Set larger code cache with -XX:ReservedCodeCacheSize=
# This output file may be truncated or incomplete.
#
#  Out of Memory Error (allocation.cpp:390), pid=8980, tid=0x00000000000020f4
#
# JRE version: Java(TM) SE Runtime Environment (8.0_102-b14) (build 1.8.0_102-b14)
# Java VM: Java HotSpot(TM) 64-Bit Server VM (25.102-b14 mixed mode windows-amd64 compressed oops)
# Failed to write core dump. Minidumps are not enabled by default on client versions of Windows
#

---------------  T H R E A D  ---------------

Current thread (0x0000000056609000):  JavaThread "C2 CompilerThread1" daemon [_thread_in_native, id=8436, stack(0x0000000056cf0000,0x0000000056df0000)]

Stack: [0x0000000056cf0000,0x0000000056df0000]
[error occurred during error reporting (printing stack bounds), id 0xc0000005]

Native frames: (J=compiled Java code, j=interpreted, Vv=VM code, C=native code)


Current CompileTask:
C2:   2845 1174   !   4       com.android.dx.cf.code.BytecodeArray::parseInstruction (2764 bytes)


---------------  P R O C E S S  ---------------

Java Threads: ( => current thread )
  0x0000000056918000 JavaThread "pool-1-thread-4" [_thread_in_Java, id=8412, stack(0x00000000576c0000,0x00000000577c0000)]
  0x0000000056911000 JavaThread "pool-1-thread-3" [_thread_blocked, id=8424, stack(0x0000000057960000,0x0000000057a60000)]
  0x000000005690f800 JavaThread "pool-1-thread-2" [_thread_in_Java, id=8400, stack(0x00000000577c0000,0x00000000578c0000)]
  0x00000000567b5000 JavaThread "pool-2-thread-1" [_thread_blocked, id=1188, stack(0x00000000575b0000,0x00000000576b0000)]
  0x00000000567b0800 JavaThread "pool-1-thread-1" [_thread_blocked, id=5692, stack(0x00000000570a0000,0x00000000571a0000)]
  0x0000000056671000 JavaThread "Service Thread" daemon [_thread_blocked, id=8252, stack(0x0000000057250000,0x0000000057350000)]
  0x0000000056609800 JavaThread "C1 CompilerThread2" daemon [_thread_in_vm, id=8440, stack(0x0000000056f70000,0x0000000057070000)]
=>0x0000000056609000 JavaThread "C2 CompilerThread1" daemon [_thread_in_native, id=8436, stack(0x0000000056cf0000,0x0000000056df0000)]
  0x00000000552fe800 JavaThread "C2 CompilerThread0" daemon [_thread_in_native, id=2208, stack(0x0000000056e10000,0x0000000056f10000)]
  0x00000000565fb000 JavaThread "Attach Listener" daemon [_thread_blocked, id=9208, stack(0x00000000569f0000,0x0000000056af0000)]
  0x00000000565fa800 JavaThread "Signal Dispatcher" daemon [_thread_blocked, id=9196, stack(0x0000000056b70000,0x0000000056c70000)]
  0x00000000552dc000 JavaThread "Finalizer" daemon [_thread_blocked, id=9168, stack(0x0000000056260000,0x0000000056360000)]
  0x0000000055292000 JavaThread "Reference Handler" daemon [_thread_blocked, id=9152, stack(0x00000000564f0000,0x00000000565f0000)]
  0x000000000260e000 JavaThread "main" [_thread_in_Java, id=9060, stack(0x0000000002670000,0x0000000002770000)]

Other Threads:
  0x000000005528a800 VMThread [stack: 0x0000000056370000,0x0000000056470000] [id=9124]
  0x00000000566ad800 WatcherThread [stack: 0x00000000573c0000,0x00000000574c0000] [id=8256]

VM state:not at safepoint (normal execution)

VM Mutex/Monitor currently owned by a thread: None

Heap:
 PSYoungGen      total 38400K, used 22127K [0x00000000eab00000, 0x00000000ed580000, 0x0000000100000000)
  eden space 33280K, 51% used [0x00000000eab00000,0x00000000ebba1c28,0x00000000ecb80000)
  from space 5120K, 99% used [0x00000000ecb80000,0x00000000ed07a398,0x00000000ed080000)
  to   space 5120K, 0% used [0x00000000ed080000,0x00000000ed080000,0x00000000ed580000)
 ParOldGen       total 87552K, used 2490K [0x00000000c0000000, 0x00000000c5580000, 0x00000000eab00000)
  object space 87552K, 2% used [0x00000000c0000000,0x00000000c026ead8,0x00000000c5580000)
 Metaspace       used 6066K, capacity 6964K, committed 7040K, reserved 1056768K
  class space    used 607K, capacity 620K, committed 640K, reserved 1048576K

Card table byte_map: [0x0000000011bb0000,0x0000000011dc0000] byte_map_base: 0x00000000115b0000

Marking Bits: (ParMarkBitMap*) 0x000000005cc1a6c0
 Begin Bits: [0x0000000012700000, 0x0000000013700000)
 End Bits:   [0x0000000013700000, 0x0000000014700000)

Polling page: 0x0000000000130000

CodeCache: size=245760Kb used=4756Kb max_used=4767Kb free=241003Kb
 bounds [0x00000000027f0000, 0x0000000002ca0000, 0x00000000117f0000]
 total_blobs=1466 nmethods=1195 adapters=184
 compilation: enabled

Compilation events (10 events):
Event: 2.741 Thread 0x00000000552fe800 nmethod 1168 0x0000000002c99bd0 code [0x0000000002c99da0, 0x0000000002c9a6a0]
Event: 2.741 Thread 0x00000000552fe800 1194       4       com.android.dx.cf.code.Ropper::getAvailableLabel (54 bytes)
Event: 2.747 Thread 0x00000000552fe800 nmethod 1194 0x0000000002c9ae50 code [0x0000000002c9afc0, 0x0000000002c9b3b8]
Event: 2.747 Thread 0x00000000552fe800 1204       4       com.android.dx.rop.code.RegisterSpecSet::size (49 bytes)
Event: 2.749 Thread 0x00000000552fe800 nmethod 1204 0x0000000002c96b50 code [0x0000000002c96c80, 0x0000000002c96db8]
Event: 2.749 Thread 0x00000000552fe800 1195       4       com.android.dx.rop.type.Type::equals (31 bytes)
Event: 2.749 Thread 0x00000000552fe800 nmethod 1195 0x0000000002c967d0 code [0x0000000002c96920, 0x0000000002c96a98]
Event: 2.749 Thread 0x00000000552fe800 1164       4       com.android.dx.rop.code.ThrowingCstInsn::<init> (51 bytes)
Event: 2.751 Thread 0x00000000552fe800 nmethod 1164 0x0000000002c97e10 code [0x0000000002c97f60, 0x0000000002c98118]
Event: 2.751 Thread 0x00000000552fe800 1177       4       com.android.dx.ssa.SCCP::simulateStmt (481 bytes)

GC Heap History (2 events):
Event: 1.979 GC heap before
{Heap before GC invocations=1 (full 0):
 PSYoungGen      total 38400K, used 33280K [0x00000000eab00000, 0x00000000ed580000, 0x0000000100000000)
  eden space 33280K, 100% used [0x00000000eab00000,0x00000000ecb80000,0x00000000ecb80000)
  from space 5120K, 0% used [0x00000000ed080000,0x00000000ed080000,0x00000000ed580000)
  to   space 5120K, 0% used [0x00000000ecb80000,0x00000000ecb80000,0x00000000ed080000)
 ParOldGen       total 87552K, used 0K [0x00000000c0000000, 0x00000000c5580000, 0x00000000eab00000)
  object space 87552K, 0% used [0x00000000c0000000,0x00000000c0000000,0x00000000c5580000)
 Metaspace       used 6005K, capacity 6900K, committed 7040K, reserved 1056768K
  class space    used 607K, capacity 620K, committed 640K, reserved 1048576K
Event: 2.222 GC heap after
Heap after GC invocations=1 (full 0):
 PSYoungGen      total 38400K, used 5096K [0x00000000eab00000, 0x00000000ed580000, 0x0000000100000000)
  eden space 33280K, 0% used [0x00000000eab00000,0x00000000eab00000,0x00000000ecb80000)
  from space 5120K, 99% used [0x00000000ecb80000,0x00000000ed07a398,0x00000000ed080000)
  to   space 5120K, 0% used [0x00000000ed080000,0x00000000ed080000,0x00000000ed580000)
 ParOldGen       total 87552K, used 2490K [0x00000000c0000000, 0x00000000c5580000, 0x00000000eab00000)
  object space 87552K, 2% used [0x00000000c0000000,0x00000000c026ead8,0x00000000c5580000)
 Metaspace       used 6005K, capacity 6900K, committed 7040K, reserved 1056768K
  class space    used 607K, capacity 620K, committed 640K, reserved 1048576K
}

Deoptimization events (9 events):
Event: 1.212 Thread 0x0000000056918000 Uncommon trap: reason=unstable_if action=reinterpret pc=0x00000000029ea6d4 method=java.util.HashMap.getNode(ILjava/lang/Object;)Ljava/util/HashMap$Node; @ 129
Event: 1.253 Thread 0x0000000056918000 Uncommon trap: reason=unstable_if action=reinterpret pc=0x0000000002a541e4 method=java.util.BitSet.ensureCapacity(I)V @ 6
Event: 1.591 Thread 0x0000000056911000 Uncommon trap: reason=unstable_if action=reinterpret pc=0x0000000002a3c9d8 method=java.util.HashMap.getNode(ILjava/lang/Object;)Ljava/util/HashMap$Node; @ 62
Event: 1.597 Thread 0x0000000056911000 Uncommon trap: reason=class_check action=maybe_recompile pc=0x0000000002ac43fc method=com.android.dx.ssa.NormalSsaInsn.accept(Lcom/android/dx/ssa/SsaInsn$Visitor;)V @ 9
Event: 1.610 Thread 0x0000000056911000 Uncommon trap: reason=class_check action=maybe_recompile pc=0x0000000002ac43fc method=com.android.dx.ssa.NormalSsaInsn.accept(Lcom/android/dx/ssa/SsaInsn$Visitor;)V @ 9
Event: 1.610 Thread 0x0000000056911000 Uncommon trap: reason=class_check action=maybe_recompile pc=0x0000000002a6b120 method=com.android.dx.ssa.NormalSsaInsn.accept(Lcom/android/dx/ssa/SsaInsn$Visitor;)V @ 9
Event: 1.610 Thread 0x0000000056911000 Uncommon trap: reason=class_check action=maybe_recompile pc=0x0000000002a6b120 method=com.android.dx.ssa.NormalSsaInsn.accept(Lcom/android/dx/ssa/SsaInsn$Visitor;)V @ 9
Event: 1.610 Thread 0x0000000056911000 Uncommon trap: reason=class_check action=maybe_recompile pc=0x0000000002ac43fc method=com.android.dx.ssa.NormalSsaInsn.accept(Lcom/android/dx/ssa/SsaInsn$Visitor;)V @ 9
Event: 1.621 Thread 0x000000000260e000 Uncommon trap: reason=unstable_if action=reinterpret pc=0x0000000002a54544 method=com.android.dx.rop.cst.Constant.compareTo(Lcom/android/dx/rop/cst/Constant;)I @ 12

Internal exceptions (2 events):
Event: 0.075 Thread 0x000000000260e000 Exception <a 'java/lang/NoSuchMethodError': Method sun.misc.Unsafe.defineClass(Ljava/lang/String;[BII)Ljava/lang/Class; name or signature does not match> (0x00000000eab07c78) thrown at [C:\re\workspace\8-2-build-windows-amd64-cygwin\jdk8u102\7268\hotspot\såè;îH³?
Event: 0.075 Thread 0x000000000260e000 Exception <a 'java/lang/NoSuchMethodError': Method sun.misc.Unsafe.prefetchRead(Ljava/lang/Object;J)V name or signature does not match> (0x00000000eab07f60) thrown at [C:\re\workspace\8-2-build-windows-amd64-cygwin\jdk8u102\7268\hotspot\src\share\vm\prims\

Events (10 events):
Event: 1.918 Thread 0x000000000260e000 DEOPT PACKING pc=0x0000000002b1b91e sp=0x000000000276df50
Event: 1.918 Thread 0x000000000260e000 DEOPT UNPACKING pc=0x000000000283787f sp=0x000000000276dcb8 mode 0
Event: 1.918 Executing VM operation: ParallelGCFailedAllocation
Event: 2.222 Executing VM operation: ParallelGCFailedAllocation done
Event: 2.227 Thread 0x000000000260e000 DEOPT PACKING pc=0x0000000002b1b91e sp=0x000000000276df50
Event: 2.227 Thread 0x000000000260e000 DEOPT UNPACKING pc=0x000000000283787f sp=0x000000000276dcb8 mode 0
Event: 2.227 Thread 0x000000000260e000 DEOPT PACKING pc=0x0000000002b1b91e sp=0x000000000276df50
Event: 2.227 Thread 0x000000000260e000 DEOPT UNPACKING pc=0x000000000283787f sp=0x000000000276dcb8 mode 0
Event: 2.227 Thread 0x000000000260e000 DEOPT PACKING pc=0x0000000002b1b91e sp=0x000000000276df50
Event: 2.227 Thread 0x000000000260e000 DEOPT UNPACKING pc=0x000000000283787f sp=0x000000000276dcb8 mode 0


Dynamic libraries:
0x000000013f140000 - 0x000000013f177000 	D:\JAVA\jdk1.8\bin\java.exe
0x0000000077590000 - 0x000000007773a000 	C:\Windows\SYSTEM32\ntdll.dll
0x0000000077470000 - 0x000000007758f000 	C:\Windows\system32\kernel32.dll
0x000007fefd590000 - 0x000007fefd5fa000 	C:\Windows\system32\KERNELBASE.dll
0x000007fefeb20000 - 0x000007fefebfb000 	C:\Windows\system32\ADVAPI32.dll
0x000007fefdb10000 - 0x000007fefdbaf000 	C:\Windows\system32\msvcrt.dll
0x000007feff670000 - 0x000007feff68f000 	C:\Windows\SYSTEM32\sechost.dll
0x000007fefef60000 - 0x000007feff08d000 	C:\Windows\system32\RPCRT4.dll
0x0000000077370000 - 0x000000007746a000 	C:\Windows\system32\USER32.dll
0x000007feff350000 - 0x000007feff3b7000 	C:\Windows\system32\GDI32.dll
0x000007fefd8b0000 - 0x000007fefd8be000 	C:\Windows\system32\LPK.dll
0x000007feff3c0000 - 0x000007feff48a000 	C:\Windows\system32\USP10.dll
0x000007fefbd20000 - 0x000007fefbf14000 	C:\Windows\WinSxS\amd64_microsoft.windows.common-controls_6595b64144ccf1df_6.0.7601.17514_none_fa396087175ac9ac\COMCTL32.dll
0x000007feff5f0000 - 0x000007feff661000 	C:\Windows\system32\SHLWAPI.dll
0x000007fefda40000 - 0x000007fefda6e000 	C:\Windows\system32\IMM32.DLL
0x000007feff090000 - 0x000007feff199000 	C:\Windows\system32\MSCTF.dll
0x000000006c800000 - 0x000000006c8d1000 	D:\JAVA\jdk1.8\jre\bin\msvcr100.dll
0x000000005c400000 - 0x000000005cc9a000 	D:\JAVA\jdk1.8\jre\bin\server\jvm.dll
0x000007fef3110000 - 0x000007fef3119000 	C:\Windows\system32\WSOCK32.dll
0x000007feff300000 - 0x000007feff34d000 	C:\Windows\system32\WS2_32.dll
0x000007feff490000 - 0x000007feff498000 	C:\Windows\system32\NSI.dll
0x000007fefb070000 - 0x000007fefb0ab000 	C:\Windows\system32\WINMM.dll
0x000007fefc640000 - 0x000007fefc64c000 	C:\Windows\system32\VERSION.dll
0x0000000077760000 - 0x0000000077767000 	C:\Windows\system32\PSAPI.DLL
0x000000006cdf0000 - 0x000000006cdff000 	D:\JAVA\jdk1.8\jre\bin\verify.dll
0x000000006c7d0000 - 0x000000006c7f9000 	D:\JAVA\jdk1.8\jre\bin\java.dll
0x000000006c7b0000 - 0x000000006c7c6000 	D:\JAVA\jdk1.8\jre\bin\zip.dll
0x000007fefdbb0000 - 0x000007fefe938000 	C:\Windows\system32\SHELL32.dll
0x000007feff690000 - 0x000007feff893000 	C:\Windows\system32\ole32.dll
0x000007fefd4e0000 - 0x000007fefd4ef000 	C:\Windows\system32\profapi.dll

VM Arguments:
jvm_args: -Djava.awt.headless=true -Xmx1024M -Dfile.encoding=GBK -Duser.country=CN -Duser.language=zh -Duser.variant 
java_command: com.android.dx.command.Main --dex --num-threads=4 --output E:\svn\Peek2S\app\build\intermediates\pre-dexed\debug\com.android.support-support-fragment-24.2.0_f255fee0025c9a6f621fc7e9ef6a793e68431dd3.jar E:\svn\Peek2S\app\build\intermediates\exploded-aar\com.android.support\support-fragment\24.2.0\jars\classes.jar
java_class_path (initial): D:\Sdk\build-tools\24.0.1\lib\dx.jar
Launcher Type: SUN_STANDARD

Environment Variables:
JAVA_HOME=D:\JAVA\jdk1.8
CLASSPATH=.;D:\JAVA\jdk1.8\lib;D:\JAVA\jdk1.8\lib\tools.jar
PATH=C:\ProgramData\Oracle\Java\javapath;C:\Windows\system32;C:\Windows;C:\Windows\System32\Wbem;C:\Windows\System32\WindowsPowerShell\v1.0\;C:\Program Files (x86)\Common Files\microsoft shared\TigerKin;D:\JAVA\jdk1.8\bin;D:\JAVA\jdk1.8\jre\bin;C:\Android;C:\Windows\System32;D:\program files\svn\bin;D:\JAVA\tomcat\lib;D:\JAVA\tomcat\bin;D:\program files\Git\cmd;D:\JAVA\android-ndk-r10b;D:\JAVA\gradle-2.14.1\bin
USERNAME=admin
OS=Windows_NT
PROCESSOR_IDENTIFIER=Intel64 Family 6 Model 94 Stepping 3, GenuineIntel



---------------  S Y S T E M  ---------------

OS: Windows 7 , 64 bit Build 7601 (6.1.7601.23677)

CPU:total 4 (2 cores per cpu, 2 threads per core) family 6 model 94 stepping 3, cmov, cx8, fxsr, mmx, sse, sse2, sse3, ssse3, sse4.1, sse4.2, popcnt, avx, avx2, aes, clmul, erms, 3dnowpref, lzcnt, ht, tsc, tscinvbit, bmi1, bmi2, adx

Memory: 4k page, physical 8266364k(1149052k free), swap 9313080k(4976k free)

vm_info: Java HotSpot(TM) 64-Bit Server VM (25.102-b14) for windows-amd64 JRE (1.8.0_102-b14), built on Jun 22 2016 13:15:21 by "java_re" with MS VC++ 10.0 (VS2010)

time: Mon Jul 10 18:36:45 2017
elapsed time: 2 seconds (0d 0h 0m 2s)

