#
# There is insufficient memory for the Java Runtime Environment to continue.
# Native memory allocation (malloc) failed to allocate 524096 bytes for Chunk::new
# Possible reasons:
#   The system is out of physical RAM or swap space
#   In 32 bit mode, the process size limit was hit
# Possible solutions:
#   Reduce memory load on the system
#   Increase physical memory or swap space
#   Check if swap backing store is full
#   Use 64 bit Java on a 64 bit OS
#   Decrease Java heap size (-Xmx/-Xms)
#   Decrease number of Java threads
#   Decrease Java thread stack sizes (-Xss)
#   Set larger code cache with -XX:ReservedCodeCacheSize=
# This output file may be truncated or incomplete.
#
#  Out of Memory Error (allocation.cpp:390), pid=8984, tid=0x0000000000001fb4
#
# JRE version: Java(TM) SE Runtime Environment (8.0_102-b14) (build 1.8.0_102-b14)
# Java VM: Java HotSpot(TM) 64-Bit Server VM (25.102-b14 mixed mode windows-amd64 compressed oops)
# Failed to write core dump. Minidumps are not enabled by default on client versions of Windows
#

---------------  T H R E A D  ---------------

Current thread (0x000000005528e800):  JavaThread "C2 CompilerThread0" daemon [_thread_in_native, id=8116, stack(0x0000000056e00000,0x0000000056f00000)]

Stack: [0x0000000056e00000,0x0000000056f00000]
[error occurred during error reporting (printing stack bounds), id 0xc0000005]

Native frames: (J=compiled Java code, j=interpreted, Vv=VM code, C=native code)


Current CompileTask:
C2:   2080 1377       4       com.android.dx.ssa.SCCP::simulateBranch (666 bytes)


---------------  P R O C E S S  ---------------

Java Threads: ( => current thread )
  0x0000000056905000 JavaThread "pool-1-thread-4" [_thread_blocked, id=7728, stack(0x00000000579d0000,0x0000000057ad0000)]
  0x0000000056902800 JavaThread "pool-1-thread-3" [_thread_in_Java, id=8224, stack(0x0000000057b30000,0x0000000057c30000)]
  0x0000000056901800 JavaThread "pool-1-thread-2" [_thread_blocked, id=8772, stack(0x00000000578c0000,0x00000000579c0000)]
  0x0000000056865000 JavaThread "pool-2-thread-1" [_thread_blocked, id=7496, stack(0x0000000057380000,0x0000000057480000)]
  0x0000000056860800 JavaThread "pool-1-thread-1" [_thread_in_Java, id=8512, stack(0x00000000576b0000,0x00000000577b0000)]
  0x00000000566d4800 JavaThread "Service Thread" daemon [_thread_blocked, id=6180, stack(0x0000000056190000,0x0000000056290000)]
  0x0000000056651000 JavaThread "C1 CompilerThread2" daemon [_thread_in_native, id=8572, stack(0x0000000057230000,0x0000000057330000)]
  0x000000005664f800 JavaThread "C2 CompilerThread1" daemon [_thread_in_native, id=3496, stack(0x0000000057020000,0x0000000057120000)]
=>0x000000005528e800 JavaThread "C2 CompilerThread0" daemon [_thread_in_native, id=8116, stack(0x0000000056e00000,0x0000000056f00000)]
  0x000000005663b000 JavaThread "Attach Listener" daemon [_thread_blocked, id=9128, stack(0x0000000056c20000,0x0000000056d20000)]
  0x000000005663a800 JavaThread "Signal Dispatcher" daemon [_thread_blocked, id=9164, stack(0x0000000056ac0000,0x0000000056bc0000)]
  0x000000005526a000 JavaThread "Finalizer" daemon [_thread_blocked, id=8808, stack(0x0000000056530000,0x0000000056630000)]
  0x0000000055222000 JavaThread "Reference Handler" daemon [_thread_blocked, id=8236, stack(0x00000000563e0000,0x00000000564e0000)]
  0x000000000261e000 JavaThread "main" [_thread_blocked, id=8388, stack(0x0000000002950000,0x0000000002a50000)]

Other Threads:
  0x000000005521a800 VMThread [stack: 0x00000000562a0000,0x00000000563a0000] [id=8252]
  0x0000000056713000 WatcherThread [stack: 0x00000000574c0000,0x00000000575c0000] [id=6972]

VM state:not at safepoint (normal execution)

VM Mutex/Monitor currently owned by a thread: None

Heap:
 PSYoungGen      total 71680K, used 39331K [0x00000000eab00000, 0x00000000ef600000, 0x0000000100000000)
  eden space 66560K, 51% used [0x00000000eab00000,0x00000000ecc6a250,0x00000000eec00000)
  from space 5120K, 99% used [0x00000000ef100000,0x00000000ef5feb18,0x00000000ef600000)
  to   space 5120K, 0% used [0x00000000eec00000,0x00000000eec00000,0x00000000ef100000)
 ParOldGen       total 87552K, used 6221K [0x00000000c0000000, 0x00000000c5580000, 0x00000000eab00000)
  object space 87552K, 7% used [0x00000000c0000000,0x00000000c06136d8,0x00000000c5580000)
 Metaspace       used 6226K, capacity 7092K, committed 7296K, reserved 1056768K
  class space    used 606K, capacity 620K, committed 640K, reserved 1048576K

Card table byte_map: [0x0000000011e10000,0x0000000012020000] byte_map_base: 0x0000000011810000

Marking Bits: (ParMarkBitMap*) 0x000000005cc1a6c0
 Begin Bits: [0x0000000012690000, 0x0000000013690000)
 End Bits:   [0x0000000013690000, 0x0000000014690000)

Polling page: 0x00000000001c0000

CodeCache: size=245760Kb used=5733Kb max_used=5733Kb free=240026Kb
 bounds [0x0000000002a50000, 0x0000000002ff0000, 0x0000000011a50000]
 total_blobs=1801 nmethods=1530 adapters=184
 compilation: enabled

Compilation events (10 events):
Event: 2.068 Thread 0x0000000056651000 1558       3       com.android.dx.ssa.SsaConverter::edgeSplitSuccessors (98 bytes)
Event: 2.069 Thread 0x0000000056651000 nmethod 1558 0x0000000002fe9e10 code [0x0000000002fea080, 0x0000000002feae28]
Event: 2.071 Thread 0x0000000056651000 1559 %     3       com.android.dx.util.IntList::binarysearch @ 45 (124 bytes)
Event: 2.071 Thread 0x0000000056651000 nmethod 1559% 0x0000000002feb7d0 code [0x0000000002feb960, 0x0000000002febe90]
Event: 2.071 Thread 0x0000000056651000 1560       3       com.android.dx.util.IntList::binarysearch (124 bytes)
Event: 2.071 Thread 0x0000000056651000 nmethod 1560 0x0000000002fec190 code [0x0000000002fec320, 0x0000000002fec7d0]
Event: 2.071 Thread 0x0000000056651000 1561       3       com.android.dx.rop.code.RegisterSpecSet::mutableCopy (57 bytes)
Event: 2.072 Thread 0x0000000056651000 nmethod 1561 0x0000000002feca90 code [0x0000000002fecc40, 0x0000000002fed208]
Event: 2.074 Thread 0x0000000056651000 1562       2       java.util.Arrays::sort (47 bytes)
Event: 2.074 Thread 0x0000000056651000 nmethod 1562 0x0000000002fed4d0 code [0x0000000002fed660, 0x0000000002fed8d8]

GC Heap History (4 events):
Event: 1.559 GC heap before
{Heap before GC invocations=1 (full 0):
 PSYoungGen      total 38400K, used 33280K [0x00000000eab00000, 0x00000000ed580000, 0x0000000100000000)
  eden space 33280K, 100% used [0x00000000eab00000,0x00000000ecb80000,0x00000000ecb80000)
  from space 5120K, 0% used [0x00000000ed080000,0x00000000ed080000,0x00000000ed580000)
  to   space 5120K, 0% used [0x00000000ecb80000,0x00000000ecb80000,0x00000000ed080000)
 ParOldGen       total 87552K, used 0K [0x00000000c0000000, 0x00000000c5580000, 0x00000000eab00000)
  object space 87552K, 0% used [0x00000000c0000000,0x00000000c0000000,0x00000000c5580000)
 Metaspace       used 5955K, capacity 6836K, committed 7040K, reserved 1056768K
  class space    used 606K, capacity 620K, committed 640K, reserved 1048576K
Event: 1.611 GC heap after
Heap after GC invocations=1 (full 0):
 PSYoungGen      total 38400K, used 5096K [0x00000000eab00000, 0x00000000ef600000, 0x0000000100000000)
  eden space 33280K, 0% used [0x00000000eab00000,0x00000000eab00000,0x00000000ecb80000)
  from space 5120K, 99% used [0x00000000ecb80000,0x00000000ed07a398,0x00000000ed080000)
  to   space 5120K, 0% used [0x00000000ef100000,0x00000000ef100000,0x00000000ef600000)
 ParOldGen       total 87552K, used 2628K [0x00000000c0000000, 0x00000000c5580000, 0x00000000eab00000)
  object space 87552K, 3% used [0x00000000c0000000,0x00000000c0291008,0x00000000c5580000)
 Metaspace       used 5955K, capacity 6836K, committed 7040K, reserved 1056768K
  class space    used 606K, capacity 620K, committed 640K, reserved 1048576K
}
Event: 1.851 GC heap before
{Heap before GC invocations=2 (full 0):
 PSYoungGen      total 38400K, used 38376K [0x00000000eab00000, 0x00000000ef600000, 0x0000000100000000)
  eden space 33280K, 100% used [0x00000000eab00000,0x00000000ecb80000,0x00000000ecb80000)
  from space 5120K, 99% used [0x00000000ecb80000,0x00000000ed07a398,0x00000000ed080000)
  to   space 5120K, 0% used [0x00000000ef100000,0x00000000ef100000,0x00000000ef600000)
 ParOldGen       total 87552K, used 2628K [0x00000000c0000000, 0x00000000c5580000, 0x00000000eab00000)
  object space 87552K, 3% used [0x00000000c0000000,0x00000000c0291008,0x00000000c5580000)
 Metaspace       used 6109K, capacity 6964K, committed 7040K, reserved 1056768K
  class space    used 606K, capacity 620K, committed 640K, reserved 1048576K
Event: 1.884 GC heap after
Heap after GC invocations=2 (full 0):
 PSYoungGen      total 71680K, used 5114K [0x00000000eab00000, 0x00000000ef600000, 0x0000000100000000)
  eden space 66560K, 0% used [0x00000000eab00000,0x00000000eab00000,0x00000000eec00000)
  from space 5120K, 99% used [0x00000000ef100000,0x00000000ef5feb18,0x00000000ef600000)
  to   space 5120K, 0% used [0x00000000eec00000,0x00000000eec00000,0x00000000ef100000)
 ParOldGen       total 87552K, used 6221K [0x00000000c0000000, 0x00000000c5580000, 0x00000000eab00000)
  object space 87552K, 7% used [0x00000000c0000000,0x00000000c06136d8,0x00000000c5580000)
 Metaspace       used 6109K, capacity 6964K, committed 7040K, reserved 1056768K
  class space    used 606K, capacity 620K, committed 640K, reserved 1048576K
}

Deoptimization events (10 events):
Event: 2.008 Thread 0x0000000056901800 Uncommon trap: reason=unstable_if action=reinterpret pc=0x0000000002e46158 method=com.android.dx.rop.code.RegisterSpecSet.put(Lcom/android/dx/rop/code/RegisterSpec;)V @ 77
Event: 2.031 Thread 0x0000000056902800 Uncommon trap: reason=bimorphic action=maybe_recompile pc=0x0000000002d3d700 method=java.util.HashMap.getNode(ILjava/lang/Object;)Ljava/util/HashMap$Node; @ 126
Event: 2.031 Thread 0x0000000056902800 Uncommon trap: reason=class_check action=maybe_recompile pc=0x0000000002f18fd4 method=java.util.HashMap.putVal(ILjava/lang/Object;Ljava/lang/Object;ZZ)Ljava/lang/Object; @ 203
Event: 2.031 Thread 0x0000000056902800 Uncommon trap: reason=bimorphic action=maybe_recompile pc=0x0000000002d3d700 method=java.util.HashMap.getNode(ILjava/lang/Object;)Ljava/util/HashMap$Node; @ 126
Event: 2.031 Thread 0x0000000056902800 Uncommon trap: reason=class_check action=maybe_recompile pc=0x0000000002f18fd4 method=java.util.HashMap.putVal(ILjava/lang/Object;Ljava/lang/Object;ZZ)Ljava/lang/Object; @ 203
Event: 2.031 Thread 0x0000000056902800 Uncommon trap: reason=bimorphic action=maybe_recompile pc=0x0000000002d3ba80 method=java.util.HashMap.getNode(ILjava/lang/Object;)Ljava/util/HashMap$Node; @ 126
Event: 2.031 Thread 0x0000000056902800 Uncommon trap: reason=bimorphic action=maybe_recompile pc=0x0000000002d3ba80 method=java.util.HashMap.getNode(ILjava/lang/Object;)Ljava/util/HashMap$Node; @ 126
Event: 2.031 Thread 0x0000000056902800 Uncommon trap: reason=class_check action=maybe_recompile pc=0x0000000002f18fd4 method=java.util.HashMap.putVal(ILjava/lang/Object;Ljava/lang/Object;ZZ)Ljava/lang/Object; @ 203
Event: 2.031 Thread 0x0000000056902800 Uncommon trap: reason=bimorphic action=maybe_recompile pc=0x0000000002d3d700 method=java.util.HashMap.getNode(ILjava/lang/Object;)Ljava/util/HashMap$Node; @ 126
Event: 2.041 Thread 0x0000000056902800 Uncommon trap: reason=unstable_if action=reinterpret pc=0x0000000002f32628 method=com.android.dx.ssa.SsaRenamer$BlockRenamer.visitMoveInsn(Lcom/android/dx/ssa/NormalSsaInsn;)V @ 104

Internal exceptions (2 events):
Event: 0.134 Thread 0x000000000261e000 Exception <a 'java/lang/NoSuchMethodError': Method sun.misc.Unsafe.defineClass(Ljava/lang/String;[BII)Ljava/lang/Class; name or signature does not match> (0x00000000eab07c78) thrown at [C:\re\workspace\8-2-build-windows-amd64-cygwin\jdk8u102\7268\hotspot\sМо(ю30а?
Event: 0.134 Thread 0x000000000261e000 Exception <a 'java/lang/NoSuchMethodError': Method sun.misc.Unsafe.prefetchRead(Ljava/lang/Object;J)V name or signature does not match> (0x00000000eab07f60) thrown at [C:\re\workspace\8-2-build-windows-amd64-cygwin\jdk8u102\7268\hotspot\src\share\vm\prims\

Events (10 events):
Event: 2.031 Thread 0x0000000056902800 Uncommon trap: trap_request=0xffffffc6 fr.pc=0x0000000002d3d700
Event: 2.031 Thread 0x0000000056902800 DEOPT PACKING pc=0x0000000002d3d700 sp=0x0000000057c2eba0
Event: 2.031 Thread 0x0000000056902800 DEOPT UNPACKING pc=0x0000000002a9582a sp=0x0000000057c2eb38 mode 2
Event: 2.041 Thread 0x0000000056902800 Uncommon trap: trap_request=0xffffff65 fr.pc=0x0000000002f32628
Event: 2.041 Thread 0x0000000056902800 DEOPT PACKING pc=0x0000000002f32628 sp=0x0000000057c2eb80
Event: 2.041 Thread 0x0000000056902800 DEOPT UNPACKING pc=0x0000000002a9582a sp=0x0000000057c2ea98 mode 2
Event: 2.069 Thread 0x0000000056860800 DEOPT PACKING pc=0x0000000002e783bb sp=0x00000000577aeb40
Event: 2.069 Thread 0x0000000056860800 DEOPT UNPACKING pc=0x0000000002a9787f sp=0x00000000577ae8a8 mode 0
Event: 2.071 Thread 0x0000000056860800 DEOPT PACKING pc=0x0000000002f45999 sp=0x00000000577ae8d0
Event: 2.071 Thread 0x0000000056860800 DEOPT UNPACKING pc=0x0000000002a9787f sp=0x00000000577ae5c8 mode 0


Dynamic libraries:
0x000000013f140000 - 0x000000013f177000 	D:\JAVA\jdk1.8\bin\java.exe
0x0000000077590000 - 0x000000007773a000 	C:\Windows\SYSTEM32\ntdll.dll
0x0000000077470000 - 0x000000007758f000 	C:\Windows\system32\kernel32.dll
0x000007fefd590000 - 0x000007fefd5fa000 	C:\Windows\system32\KERNELBASE.dll
0x000007fefeb20000 - 0x000007fefebfb000 	C:\Windows\system32\ADVAPI32.dll
0x000007fefdb10000 - 0x000007fefdbaf000 	C:\Windows\system32\msvcrt.dll
0x000007feff670000 - 0x000007feff68f000 	C:\Windows\SYSTEM32\sechost.dll
0x000007fefef60000 - 0x000007feff08d000 	C:\Windows\system32\RPCRT4.dll
0x0000000077370000 - 0x000000007746a000 	C:\Windows\system32\USER32.dll
0x000007feff350000 - 0x000007feff3b7000 	C:\Windows\system32\GDI32.dll
0x000007fefd8b0000 - 0x000007fefd8be000 	C:\Windows\system32\LPK.dll
0x000007feff3c0000 - 0x000007feff48a000 	C:\Windows\system32\USP10.dll
0x000007fefbd20000 - 0x000007fefbf14000 	C:\Windows\WinSxS\amd64_microsoft.windows.common-controls_6595b64144ccf1df_6.0.7601.17514_none_fa396087175ac9ac\COMCTL32.dll
0x000007feff5f0000 - 0x000007feff661000 	C:\Windows\system32\SHLWAPI.dll
0x000007fefda40000 - 0x000007fefda6e000 	C:\Windows\system32\IMM32.DLL
0x000007feff090000 - 0x000007feff199000 	C:\Windows\system32\MSCTF.dll
0x000000006c800000 - 0x000000006c8d1000 	D:\JAVA\jdk1.8\jre\bin\msvcr100.dll
0x000000005c400000 - 0x000000005cc9a000 	D:\JAVA\jdk1.8\jre\bin\server\jvm.dll
0x000007fef3110000 - 0x000007fef3119000 	C:\Windows\system32\WSOCK32.dll
0x000007feff300000 - 0x000007feff34d000 	C:\Windows\system32\WS2_32.dll
0x000007feff490000 - 0x000007feff498000 	C:\Windows\system32\NSI.dll
0x000007fefb070000 - 0x000007fefb0ab000 	C:\Windows\system32\WINMM.dll
0x000007fefc640000 - 0x000007fefc64c000 	C:\Windows\system32\VERSION.dll
0x0000000077760000 - 0x0000000077767000 	C:\Windows\system32\PSAPI.DLL
0x000000006cdf0000 - 0x000000006cdff000 	D:\JAVA\jdk1.8\jre\bin\verify.dll
0x000000006c7d0000 - 0x000000006c7f9000 	D:\JAVA\jdk1.8\jre\bin\java.dll
0x000000006c7b0000 - 0x000000006c7c6000 	D:\JAVA\jdk1.8\jre\bin\zip.dll
0x000007fefdbb0000 - 0x000007fefe938000 	C:\Windows\system32\SHELL32.dll
0x000007feff690000 - 0x000007feff893000 	C:\Windows\system32\ole32.dll
0x000007fefd4e0000 - 0x000007fefd4ef000 	C:\Windows\system32\profapi.dll

VM Arguments:
jvm_args: -Djava.awt.headless=true -Xmx1024M -Dfile.encoding=GBK -Duser.country=CN -Duser.language=zh -Duser.variant 
java_command: com.android.dx.command.Main --dex --num-threads=4 --output E:\svn\Peek2S\app\build\intermediates\pre-dexed\debug\com.android.support-support-fragment-24.2.0_f255fee0025c9a6f621fc7e9ef6a793e68431dd3.jar E:\svn\Peek2S\app\build\intermediates\exploded-aar\com.android.support\support-fragment\24.2.0\jars\classes.jar
java_class_path (initial): D:\Sdk\build-tools\24.0.1\lib\dx.jar
Launcher Type: SUN_STANDARD

Environment Variables:
JAVA_HOME=D:\JAVA\jdk1.8
CLASSPATH=.;D:\JAVA\jdk1.8\lib;D:\JAVA\jdk1.8\lib\tools.jar
PATH=C:\ProgramData\Oracle\Java\javapath;C:\Windows\system32;C:\Windows;C:\Windows\System32\Wbem;C:\Windows\System32\WindowsPowerShell\v1.0\;C:\Program Files (x86)\Common Files\microsoft shared\TigerKin;D:\JAVA\jdk1.8\bin;D:\JAVA\jdk1.8\jre\bin;C:\Android;C:\Windows\System32;D:\program files\svn\bin;D:\JAVA\tomcat\lib;D:\JAVA\tomcat\bin;D:\program files\Git\cmd;D:\JAVA\android-ndk-r10b;D:\JAVA\gradle-2.14.1\bin
USERNAME=admin
OS=Windows_NT
PROCESSOR_IDENTIFIER=Intel64 Family 6 Model 94 Stepping 3, GenuineIntel



---------------  S Y S T E M  ---------------

OS: Windows 7 , 64 bit Build 7601 (6.1.7601.23677)

CPU:total 4 (2 cores per cpu, 2 threads per core) family 6 model 94 stepping 3, cmov, cx8, fxsr, mmx, sse, sse2, sse3, ssse3, sse4.1, sse4.2, popcnt, avx, avx2, aes, clmul, erms, 3dnowpref, lzcnt, ht, tsc, tscinvbit, bmi1, bmi2, adx

Memory: 4k page, physical 8266364k(958712k free), swap 9313080k(185308k free)

vm_info: Java HotSpot(TM) 64-Bit Server VM (25.102-b14) for windows-amd64 JRE (1.8.0_102-b14), built on Jun 22 2016 13:15:21 by "java_re" with MS VC++ 10.0 (VS2010)

time: Mon Jul 10 18:54:26 2017
elapsed time: 2 seconds (0d 0h 0m 2s)

