#
# There is insufficient memory for the Java Runtime Environment to continue.
# Native memory allocation (malloc) failed to allocate 216416 bytes for Chunk::new
# Possible reasons:
#   The system is out of physical RAM or swap space
#   In 32 bit mode, the process size limit was hit
# Possible solutions:
#   Reduce memory load on the system
#   Increase physical memory or swap space
#   Check if swap backing store is full
#   Use 64 bit Java on a 64 bit OS
#   Decrease Java heap size (-Xmx/-Xms)
#   Decrease number of Java threads
#   Decrease Java thread stack sizes (-Xss)
#   Set larger code cache with -XX:ReservedCodeCacheSize=
# This output file may be truncated or incomplete.
#
#  Out of Memory Error (allocation.cpp:390), pid=9148, tid=0x00000000000020b8
#
# JRE version: Java(TM) SE Runtime Environment (8.0_102-b14) (build 1.8.0_102-b14)
# Java VM: Java HotSpot(TM) 64-Bit Server VM (25.102-b14 mixed mode windows-amd64 compressed oops)
# Failed to write core dump. Minidumps are not enabled by default on client versions of Windows
#

---------------  T H R E A D  ---------------

Current thread (0x000000001639b000):  JavaThread "C2 CompilerThread0" daemon [_thread_in_native, id=8376, stack(0x0000000016a00000,0x0000000016b00000)]

Stack: [0x0000000016a00000,0x0000000016b00000]
[error occurred during error reporting (printing stack bounds), id 0xc0000005]

Native frames: (J=compiled Java code, j=interpreted, Vv=VM code, C=native code)


Current CompileTask:
C2:   7355 2166       4       com.android.dx.ssa.SsaMethod::isRegALocal (90 bytes)


---------------  P R O C E S S  ---------------

Java Threads: ( => current thread )
  0x000000001706b800 JavaThread "pool-1-thread-4" [_thread_blocked, id=8432, stack(0x0000000017fb0000,0x00000000180b0000)]
  0x000000001706b000 JavaThread "pool-1-thread-3" [_thread_blocked, id=6064, stack(0x0000000017e70000,0x0000000017f70000)]
  0x0000000017063800 JavaThread "pool-1-thread-2" [_thread_blocked, id=5936, stack(0x0000000017cd0000,0x0000000017dd0000)]
  0x0000000016774800 JavaThread "pool-2-thread-1" [_thread_blocked, id=6528, stack(0x0000000017bb0000,0x0000000017cb0000)]
  0x000000001676e800 JavaThread "pool-1-thread-1" [_thread_blocked, id=4952, stack(0x00000000179e0000,0x0000000017ae0000)]
  0x00000000163e9000 JavaThread "Service Thread" daemon [_thread_blocked, id=8880, stack(0x0000000016f50000,0x0000000017050000)]
  0x00000000163ab000 JavaThread "C1 CompilerThread2" daemon [_thread_blocked, id=8552, stack(0x0000000016dc0000,0x0000000016ec0000)]
  0x00000000163a6000 JavaThread "C2 CompilerThread1" daemon [_thread_in_native, id=5736, stack(0x0000000016b20000,0x0000000016c20000)]
=>0x000000001639b000 JavaThread "C2 CompilerThread0" daemon [_thread_in_native, id=8376, stack(0x0000000016a00000,0x0000000016b00000)]
  0x000000001639a800 JavaThread "Attach Listener" daemon [_thread_blocked, id=3776, stack(0x00000000122c0000,0x00000000123c0000)]
  0x00000000150ad800 JavaThread "Signal Dispatcher" daemon [_thread_blocked, id=6292, stack(0x00000000168a0000,0x00000000169a0000)]
  0x0000000015094000 JavaThread "Finalizer" daemon [_thread_blocked, id=8248, stack(0x0000000016290000,0x0000000016390000)]
  0x0000000015051800 JavaThread "Reference Handler" daemon [_thread_blocked, id=9136, stack(0x0000000016140000,0x0000000016240000)]
  0x000000000257e000 JavaThread "main" [_thread_blocked, id=7700, stack(0x00000000028b0000,0x00000000029b0000)]

Other Threads:
  0x000000001504a000 VMThread [stack: 0x0000000016030000,0x0000000016130000] [id=8872]
  0x00000000163fc800 WatcherThread [stack: 0x0000000016c60000,0x0000000016d60000] [id=8200]

VM state:not at safepoint (normal execution)

VM Mutex/Monitor currently owned by a thread: None

Heap:
 PSYoungGen      total 138240K, used 68882K [0x00000000eab00000, 0x00000000fd600000, 0x0000000100000000)
  eden space 133120K, 47% used [0x00000000eab00000,0x00000000ee946aa0,0x00000000f2d00000)
  from space 5120K, 99% used [0x00000000f2d00000,0x00000000f31fde30,0x00000000f3200000)
  to   space 19968K, 0% used [0x00000000fc280000,0x00000000fc280000,0x00000000fd600000)
 ParOldGen       total 87552K, used 40494K [0x00000000c0000000, 0x00000000c5580000, 0x00000000eab00000)
  object space 87552K, 46% used [0x00000000c0000000,0x00000000c278b8e0,0x00000000c5580000)
 Metaspace       used 6419K, capacity 7128K, committed 7424K, reserved 1056768K
  class space    used 621K, capacity 656K, committed 768K, reserved 1048576K

Card table byte_map: [0x0000000011d70000,0x0000000011f80000] byte_map_base: 0x0000000011770000

Marking Bits: (ParMarkBitMap*) 0x00000000521ba6c0
 Begin Bits: [0x00000000124c0000, 0x00000000134c0000)
 End Bits:   [0x00000000134c0000, 0x00000000144c0000)

Polling page: 0x0000000000330000

CodeCache: size=245760Kb used=9436Kb max_used=9436Kb free=236323Kb
 bounds [0x00000000029b0000, 0x0000000003300000, 0x00000000119b0000]
 total_blobs=2282 nmethods=2011 adapters=183
 compilation: enabled

Compilation events (10 events):
Event: 7.346 Thread 0x000000001639b000 2166       4       com.android.dx.ssa.SsaMethod::isRegALocal (90 bytes)
Event: 7.348 Thread 0x00000000163ab000 nmethod 2173 0x00000000032df350 code [0x00000000032dff20, 0x00000000032e87f8]
Event: 7.348 Thread 0x00000000163ab000 2172       3       com.android.dx.command.dexer.Main::access$1300 (4 bytes)
Event: 7.348 Thread 0x00000000163ab000 nmethod 2172 0x00000000032b88d0 code [0x00000000032b8a20, 0x00000000032b8b70]
Event: 7.348 Thread 0x00000000163ab000 2174   !   3       java.util.concurrent.FutureTask::run (126 bytes)
Event: 7.349 Thread 0x00000000163ab000 nmethod 2174 0x00000000032dd410 code [0x00000000032dd600, 0x00000000032dde68]
Event: 7.349 Thread 0x00000000163ab000 2175       3       java.util.concurrent.FutureTask::set (36 bytes)
Event: 7.349 Thread 0x00000000163ab000 nmethod 2175 0x00000000032d4390 code [0x00000000032d4500, 0x00000000032d4728]
Event: 7.349 Thread 0x00000000163ab000 2177       3       java.util.concurrent.FutureTask::finishCompletion (74 bytes)
Event: 7.349 Thread 0x00000000163ab000 nmethod 2177 0x00000000032dcad0 code [0x00000000032dcc80, 0x00000000032dd228]

GC Heap History (10 events):
Event: 1.389 GC heap before
{Heap before GC invocations=1 (full 0):
 PSYoungGen      total 38400K, used 33280K [0x00000000eab00000, 0x00000000ed580000, 0x0000000100000000)
  eden space 33280K, 100% used [0x00000000eab00000,0x00000000ecb80000,0x00000000ecb80000)
  from space 5120K, 0% used [0x00000000ed080000,0x00000000ed080000,0x00000000ed580000)
  to   space 5120K, 0% used [0x00000000ecb80000,0x00000000ecb80000,0x00000000ed080000)
 ParOldGen       total 87552K, used 0K [0x00000000c0000000, 0x00000000c5580000, 0x00000000eab00000)
  object space 87552K, 0% used [0x00000000c0000000,0x00000000c0000000,0x00000000c5580000)
 Metaspace       used 5833K, capacity 6706K, committed 6784K, reserved 1056768K
  class space    used 597K, capacity 618K, committed 640K, reserved 1048576K
Event: 1.740 GC heap after
Heap after GC invocations=1 (full 0):
 PSYoungGen      total 38400K, used 5101K [0x00000000eab00000, 0x00000000ef600000, 0x0000000100000000)
  eden space 33280K, 0% used [0x00000000eab00000,0x00000000eab00000,0x00000000ecb80000)
  from space 5120K, 99% used [0x00000000ecb80000,0x00000000ed07b700,0x00000000ed080000)
  to   space 5120K, 0% used [0x00000000ef100000,0x00000000ef100000,0x00000000ef600000)
 ParOldGen       total 87552K, used 3749K [0x00000000c0000000, 0x00000000c5580000, 0x00000000eab00000)
  object space 87552K, 4% used [0x00000000c0000000,0x00000000c03a9400,0x00000000c5580000)
 Metaspace       used 5833K, capacity 6706K, committed 6784K, reserved 1056768K
  class space    used 597K, capacity 618K, committed 640K, reserved 1048576K
}
Event: 2.434 GC heap before
{Heap before GC invocations=2 (full 0):
 PSYoungGen      total 38400K, used 38381K [0x00000000eab00000, 0x00000000ef600000, 0x0000000100000000)
  eden space 33280K, 100% used [0x00000000eab00000,0x00000000ecb80000,0x00000000ecb80000)
  from space 5120K, 99% used [0x00000000ecb80000,0x00000000ed07b700,0x00000000ed080000)
  to   space 5120K, 0% used [0x00000000ef100000,0x00000000ef100000,0x00000000ef600000)
 ParOldGen       total 87552K, used 3749K [0x00000000c0000000, 0x00000000c5580000, 0x00000000eab00000)
  object space 87552K, 4% used [0x00000000c0000000,0x00000000c03a9400,0x00000000c5580000)
 Metaspace       used 6100K, capacity 6966K, committed 7040K, reserved 1056768K
  class space    used 601K, capacity 622K, committed 640K, reserved 1048576K
Event: 2.658 GC heap after
Heap after GC invocations=2 (full 0):
 PSYoungGen      total 71680K, used 5096K [0x00000000eab00000, 0x00000000ef600000, 0x0000000100000000)
  eden space 66560K, 0% used [0x00000000eab00000,0x00000000eab00000,0x00000000eec00000)
  from space 5120K, 99% used [0x00000000ef100000,0x00000000ef5fa118,0x00000000ef600000)
  to   space 5120K, 0% used [0x00000000eec00000,0x00000000eec00000,0x00000000ef100000)
 ParOldGen       total 87552K, used 9098K [0x00000000c0000000, 0x00000000c5580000, 0x00000000eab00000)
  object space 87552K, 10% used [0x00000000c0000000,0x00000000c08e2858,0x00000000c5580000)
 Metaspace       used 6100K, capacity 6966K, committed 7040K, reserved 1056768K
  class space    used 601K, capacity 622K, committed 640K, reserved 1048576K
}
Event: 3.169 GC heap before
{Heap before GC invocations=3 (full 0):
 PSYoungGen      total 71680K, used 71656K [0x00000000eab00000, 0x00000000ef600000, 0x0000000100000000)
  eden space 66560K, 100% used [0x00000000eab00000,0x00000000eec00000,0x00000000eec00000)
  from space 5120K, 99% used [0x00000000ef100000,0x00000000ef5fa118,0x00000000ef600000)
  to   space 5120K, 0% used [0x00000000eec00000,0x00000000eec00000,0x00000000ef100000)
 ParOldGen       total 87552K, used 9098K [0x00000000c0000000, 0x00000000c5580000, 0x00000000eab00000)
  object space 87552K, 10% used [0x00000000c0000000,0x00000000c08e2858,0x00000000c5580000)
 Metaspace       used 6294K, capacity 7064K, committed 7424K, reserved 1056768K
  class space    used 620K, capacity 656K, committed 768K, reserved 1048576K
Event: 3.398 GC heap after
Heap after GC invocations=3 (full 0):
 PSYoungGen      total 71680K, used 5107K [0x00000000eab00000, 0x00000000f3700000, 0x0000000100000000)
  eden space 66560K, 0% used [0x00000000eab00000,0x00000000eab00000,0x00000000eec00000)
  from space 5120K, 99% used [0x00000000eec00000,0x00000000ef0fce90,0x00000000ef100000)
  to   space 5120K, 0% used [0x00000000f3200000,0x00000000f3200000,0x00000000f3700000)
 ParOldGen       total 87552K, used 18979K [0x00000000c0000000, 0x00000000c5580000, 0x00000000eab00000)
  object space 87552K, 21% used [0x00000000c0000000,0x00000000c1288e40,0x00000000c5580000)
 Metaspace       used 6294K, capacity 7064K, committed 7424K, reserved 1056768K
  class space    used 620K, capacity 656K, committed 768K, reserved 1048576K
}
Event: 3.836 GC heap before
{Heap before GC invocations=4 (full 0):
 PSYoungGen      total 71680K, used 71667K [0x00000000eab00000, 0x00000000f3700000, 0x0000000100000000)
  eden space 66560K, 100% used [0x00000000eab00000,0x00000000eec00000,0x00000000eec00000)
  from space 5120K, 99% used [0x00000000eec00000,0x00000000ef0fce90,0x00000000ef100000)
  to   space 5120K, 0% used [0x00000000f3200000,0x00000000f3200000,0x00000000f3700000)
 ParOldGen       total 87552K, used 18979K [0x00000000c0000000, 0x00000000c5580000, 0x00000000eab00000)
  object space 87552K, 21% used [0x00000000c0000000,0x00000000c1288e40,0x00000000c5580000)
 Metaspace       used 6336K, capacity 7128K, committed 7424K, reserved 1056768K
  class space    used 620K, capacity 656K, committed 768K, reserved 1048576K
Event: 3.999 GC heap after
Heap after GC invocations=4 (full 0):
 PSYoungGen      total 138240K, used 5095K [0x00000000eab00000, 0x00000000f3700000, 0x0000000100000000)
  eden space 133120K, 0% used [0x00000000eab00000,0x00000000eab00000,0x00000000f2d00000)
  from space 5120K, 99% used [0x00000000f3200000,0x00000000f36f9fe0,0x00000000f3700000)
  to   space 5120K, 0% used [0x00000000f2d00000,0x00000000f2d00000,0x00000000f3200000)
 ParOldGen       total 87552K, used 28623K [0x00000000c0000000, 0x00000000c5580000, 0x00000000eab00000)
  object space 87552K, 32% used [0x00000000c0000000,0x00000000c1bf3da0,0x00000000c5580000)
 Metaspace       used 6336K, capacity 7128K, committed 7424K, reserved 1056768K
  class space    used 620K, capacity 656K, committed 768K, reserved 1048576K
}
Event: 5.939 GC heap before
{Heap before GC invocations=5 (full 0):
 PSYoungGen      total 138240K, used 138215K [0x00000000eab00000, 0x00000000f3700000, 0x0000000100000000)
  eden space 133120K, 100% used [0x00000000eab00000,0x00000000f2d00000,0x00000000f2d00000)
  from space 5120K, 99% used [0x00000000f3200000,0x00000000f36f9fe0,0x00000000f3700000)
  to   space 5120K, 0% used [0x00000000f2d00000,0x00000000f2d00000,0x00000000f3200000)
 ParOldGen       total 87552K, used 28623K [0x00000000c0000000, 0x00000000c5580000, 0x00000000eab00000)
  object space 87552K, 32% used [0x00000000c0000000,0x00000000c1bf3da0,0x00000000c5580000)
 Metaspace       used 6384K, capacity 7128K, committed 7424K, reserved 1056768K
  class space    used 621K, capacity 656K, committed 768K, reserved 1048576K
Event: 5.979 GC heap after
Heap after GC invocations=5 (full 0):
 PSYoungGen      total 138240K, used 5111K [0x00000000eab00000, 0x00000000fd600000, 0x0000000100000000)
  eden space 133120K, 0% used [0x00000000eab00000,0x00000000eab00000,0x00000000f2d00000)
  from space 5120K, 99% used [0x00000000f2d00000,0x00000000f31fde30,0x00000000f3200000)
  to   space 19968K, 0% used [0x00000000fc280000,0x00000000fc280000,0x00000000fd600000)
 ParOldGen       total 87552K, used 40494K [0x00000000c0000000, 0x00000000c5580000, 0x00000000eab00000)
  object space 87552K, 46% used [0x00000000c0000000,0x00000000c278b8e0,0x00000000c5580000)
 Metaspace       used 6384K, capacity 7128K, committed 7424K, reserved 1056768K
  class space    used 621K, capacity 656K, committed 768K, reserved 1048576K
}

Deoptimization events (10 events):
Event: 3.121 Thread 0x000000001676e800 Uncommon trap: reason=bimorphic action=maybe_recompile pc=0x0000000002f94068 method=com.android.dx.cf.code.BytecodeArray.parseInstruction(ILcom/android/dx/cf/code/BytecodeArray$Visitor;)I @ 2135
Event: 3.150 Thread 0x000000001676e800 Uncommon trap: reason=class_check action=maybe_recompile pc=0x0000000002bd0b78 method=java.util.HashMap.putVal(ILjava/lang/Object;Ljava/lang/Object;ZZ)Ljava/lang/Object; @ 203
Event: 3.501 Thread 0x000000000257e000 Uncommon trap: reason=unstable_if action=reinterpret pc=0x0000000002f740fc method=com.android.dx.cf.code.Merger.mergeType(Lcom/android/dx/rop/type/TypeBearer;Lcom/android/dx/rop/type/TypeBearer;)Lcom/android/dx/rop/type/TypeBearer; @ 52
Event: 5.669 Thread 0x000000001676e800 Uncommon trap: reason=bimorphic action=maybe_recompile pc=0x00000000030e0670 method=com.android.dx.cf.code.BytecodeArray.parseInstruction(ILcom/android/dx/cf/code/BytecodeArray$Visitor;)I @ 1327
Event: 5.669 Thread 0x000000001676e800 Uncommon trap: reason=bimorphic action=maybe_recompile pc=0x00000000030e0670 method=com.android.dx.cf.code.BytecodeArray.parseInstruction(ILcom/android/dx/cf/code/BytecodeArray$Visitor;)I @ 1327
Event: 6.105 Thread 0x0000000017063800 Uncommon trap: reason=unstable_if action=reinterpret pc=0x000000000301dee8 method=java.util.HashMap.putVal(ILjava/lang/Object;Ljava/lang/Object;ZZ)Ljava/lang/Object; @ 206
Event: 6.116 Thread 0x0000000017063800 Uncommon trap: reason=unstable_if action=reinterpret pc=0x000000000309461c method=com.android.dx.rop.code.DexTranslationAdvice.hasConstantOperation(Lcom/android/dx/rop/code/Rop;Lcom/android/dx/rop/code/RegisterSpec;Lcom/android/dx/rop/code/RegisterSpec;)Z 0C.†Å‹@
Event: 6.386 Thread 0x0000000017063800 Uncommon trap: reason=bimorphic action=maybe_recompile pc=0x00000000031d7ed0 method=com.android.dx.cf.code.BytecodeArray.parseInstruction(ILcom/android/dx/cf/code/BytecodeArray$Visitor;)I @ 1573
Event: 6.387 Thread 0x0000000017063800 Uncommon trap: reason=bimorphic action=maybe_recompile pc=0x00000000031d7ed0 method=com.android.dx.cf.code.BytecodeArray.parseInstruction(ILcom/android/dx/cf/code/BytecodeArray$Visitor;)I @ 1573
Event: 7.341 Thread 0x0000000017063800 Uncommon trap: reason=unstable_if action=reinterpret pc=0x0000000002ffae30 method=java.util.HashMap.getNode(ILjava/lang/Object;)Ljava/util/HashMap$Node; @ 84

Internal exceptions (5 events):
Event: 0.044 Thread 0x000000000257e000 Exception <a 'java/lang/NoSuchMethodError': Method sun.misc.Unsafe.defineClass(Ljava/lang/String;[BII)Ljava/lang/Class; name or signature does not match> (0x00000000eab07c78) thrown at [C:\re\workspace\8-2-build-windows-amd64-cygwin\jdk8u102\7268\hotspot\su«Å’Ù©¦?
Event: 0.044 Thread 0x000000000257e000 Exception <a 'java/lang/NoSuchMethodError': Method sun.misc.Unsafe.prefetchRead(Ljava/lang/Object;J)V name or signature does not match> (0x00000000eab07f60) thrown at [C:\re\workspace\8-2-build-windows-amd64-cygwin\jdk8u102\7268\hotspot\src\share\vm\prims\l¿S'^@
Event: 3.046 Thread 0x000000000257e000 Exception <a 'java/lang/ArrayIndexOutOfBoundsException': 18> (0x00000000ed1ebbb8) thrown at [C:\re\workspace\8-2-build-windows-amd64-cygwin\jdk8u102\7268\hotspot\src\share\vm\interpreter\interpreterRuntime.cpp, line 366]
Event: 3.046 Thread 0x000000000257e000 Exception <a 'java/lang/ArrayIndexOutOfBoundsException'> (0x00000000ed1ed738) thrown at [C:\re\workspace\8-2-build-windows-amd64-cygwin\jdk8u102\7268\hotspot\src\share\vm\runtime\sharedRuntime.cpp, line 605]
Event: 3.047 Thread 0x000000000257e000 Exception <a 'java/lang/ArrayIndexOutOfBoundsException'> (0x00000000ed1eea20) thrown at [C:\re\workspace\8-2-build-windows-amd64-cygwin\jdk8u102\7268\hotspot\src\share\vm\runtime\sharedRuntime.cpp, line 605]

Events (10 events):
Event: 6.554 Thread 0x0000000017063800 DEOPT UNPACKING pc=0x00000000029f787f sp=0x0000000017dce7d8 mode 0
Event: 6.575 Thread 0x0000000017063800 DEOPT PACKING pc=0x0000000002fb8203 sp=0x0000000017dce9c0
Event: 6.575 Thread 0x0000000017063800 DEOPT UNPACKING pc=0x00000000029f787f sp=0x0000000017dce710 mode 0
Event: 6.703 Thread 0x0000000017063800 DEOPT PACKING pc=0x0000000002e75d64 sp=0x0000000017dceaa0
Event: 6.703 Thread 0x0000000017063800 DEOPT UNPACKING pc=0x00000000029f787f sp=0x0000000017dce860 mode 0
Event: 6.809 Thread 0x0000000017063800 DEOPT PACKING pc=0x0000000002e66a3d sp=0x0000000017dceaa0
Event: 6.809 Thread 0x0000000017063800 DEOPT UNPACKING pc=0x00000000029f787f sp=0x0000000017dce880 mode 0
Event: 7.341 Thread 0x0000000017063800 Uncommon trap: trap_request=0xffffff65 fr.pc=0x0000000002ffae30
Event: 7.341 Thread 0x0000000017063800 DEOPT PACKING pc=0x0000000002ffae30 sp=0x0000000017dce470
Event: 7.341 Thread 0x0000000017063800 DEOPT UNPACKING pc=0x00000000029f582a sp=0x0000000017dce380 mode 2


Dynamic libraries:
0x000000013f5f0000 - 0x000000013f627000 	D:\JAVA\jdk1.8\bin\java.exe
0x0000000077130000 - 0x00000000772da000 	C:\Windows\SYSTEM32\ntdll.dll
0x0000000076f10000 - 0x000000007702f000 	C:\Windows\system32\kernel32.dll
0x000007fefd300000 - 0x000007fefd36a000 	C:\Windows\system32\KERNELBASE.dll
0x000007fefd6e0000 - 0x000007fefd7bb000 	C:\Windows\system32\ADVAPI32.dll
0x000007fefe610000 - 0x000007fefe6af000 	C:\Windows\system32\msvcrt.dll
0x000007fefe380000 - 0x000007fefe39f000 	C:\Windows\SYSTEM32\sechost.dll
0x000007fefe4c0000 - 0x000007fefe5ed000 	C:\Windows\system32\RPCRT4.dll
0x0000000077030000 - 0x000000007712a000 	C:\Windows\system32\USER32.dll
0x000007fefe450000 - 0x000007fefe4b7000 	C:\Windows\system32\GDI32.dll
0x000007fefe180000 - 0x000007fefe18e000 	C:\Windows\system32\LPK.dll
0x000007fefe0b0000 - 0x000007fefe17a000 	C:\Windows\system32\USP10.dll
0x000007fefb8c0000 - 0x000007fefbab4000 	C:\Windows\WinSxS\amd64_microsoft.windows.common-controls_6595b64144ccf1df_6.0.7601.17514_none_fa396087175ac9ac\COMCTL32.dll
0x000007fefd480000 - 0x000007fefd4f1000 	C:\Windows\system32\SHLWAPI.dll
0x000007fefd450000 - 0x000007fefd47e000 	C:\Windows\system32\IMM32.DLL
0x000007fefe270000 - 0x000007fefe379000 	C:\Windows\system32\MSCTF.dll
0x0000000052240000 - 0x0000000052311000 	D:\JAVA\jdk1.8\jre\bin\msvcr100.dll
0x00000000519a0000 - 0x000000005223a000 	D:\JAVA\jdk1.8\jre\bin\server\jvm.dll
0x000007fefab00000 - 0x000007fefab09000 	C:\Windows\system32\WSOCK32.dll
0x000007fefdc50000 - 0x000007fefdc9d000 	C:\Windows\system32\WS2_32.dll
0x000007fefe3a0000 - 0x000007fefe3a8000 	C:\Windows\system32\NSI.dll
0x000007fefae20000 - 0x000007fefae5b000 	C:\Windows\system32\WINMM.dll
0x000007fefc1e0000 - 0x000007fefc1ec000 	C:\Windows\system32\VERSION.dll
0x0000000077300000 - 0x0000000077307000 	C:\Windows\system32\PSAPI.DLL
0x000000005d120000 - 0x000000005d12f000 	D:\JAVA\jdk1.8\jre\bin\verify.dll
0x000000005a1b0000 - 0x000000005a1d9000 	D:\JAVA\jdk1.8\jre\bin\java.dll
0x0000000058ea0000 - 0x0000000058eb6000 	D:\JAVA\jdk1.8\jre\bin\zip.dll
0x000007fefe6b0000 - 0x000007feff438000 	C:\Windows\system32\SHELL32.dll
0x000007fefdca0000 - 0x000007fefdea3000 	C:\Windows\system32\ole32.dll
0x000007fefd080000 - 0x000007fefd08f000 	C:\Windows\system32\profapi.dll

VM Arguments:
jvm_args: -Djava.awt.headless=true -Xmx1024M -Dfile.encoding=GBK -Duser.country=CN -Duser.language=zh -Duser.variant 
java_command: com.android.dx.command.Main --dex --num-threads=4 --output E:\svn\Peek2S\app\build\intermediates\pre-dexed\debug\BaiduLBS_Android_b75aa1e4f1f4dd1e43c9b4db97772a3c5c35cbdc.jar E:\svn\Peek2S\app\libs\BaiduLBS_Android.jar
java_class_path (initial): D:\Sdk\build-tools\24.0.1\lib\dx.jar
Launcher Type: SUN_STANDARD

Environment Variables:
JAVA_HOME=D:\JAVA\jdk1.8
CLASSPATH=.;D:\JAVA\jdk1.8\lib;D:\JAVA\jdk1.8\lib\tools.jar
PATH=C:\ProgramData\Oracle\Java\javapath;C:\Windows\system32;C:\Windows;C:\Windows\System32\Wbem;C:\Windows\System32\WindowsPowerShell\v1.0\;C:\Program Files (x86)\Common Files\microsoft shared\TigerKin;D:\JAVA\jdk1.8\bin;D:\JAVA\jdk1.8\jre\bin;C:\Android;C:\Windows\System32;D:\program files\svn\bin;D:\JAVA\tomcat\lib;D:\JAVA\tomcat\bin;D:\JAVA\android-ndk-r10b;D:\JAVA\gradle-2.14.1\bin;D:\program files\Git\cmd
USERNAME=admin
OS=Windows_NT
PROCESSOR_IDENTIFIER=Intel64 Family 6 Model 94 Stepping 3, GenuineIntel



---------------  S Y S T E M  ---------------

OS: Windows 7 , 64 bit Build 7601 (6.1.7601.23677)

CPU:total 4 (2 cores per cpu, 2 threads per core) family 6 model 94 stepping 3, cmov, cx8, fxsr, mmx, sse, sse2, sse3, ssse3, sse4.1, sse4.2, popcnt, avx, avx2, aes, clmul, erms, 3dnowpref, lzcnt, ht, tsc, tscinvbit, bmi1, bmi2, adx

Memory: 4k page, physical 8266364k(1011388k free), swap 9313080k(5136k free)

vm_info: Java HotSpot(TM) 64-Bit Server VM (25.102-b14) for windows-amd64 JRE (1.8.0_102-b14), built on Jun 22 2016 13:15:21 by "java_re" with MS VC++ 10.0 (VS2010)

time: Tue Sep 12 11:27:40 2017
elapsed time: 7 seconds (0d 0h 0m 7s)

