#
# There is insufficient memory for the Java Runtime Environment to continue.
# Native memory allocation (malloc) failed to allocate 428496 bytes for Chunk::new
# Possible reasons:
#   The system is out of physical RAM or swap space
#   In 32 bit mode, the process size limit was hit
# Possible solutions:
#   Reduce memory load on the system
#   Increase physical memory or swap space
#   Check if swap backing store is full
#   Use 64 bit Java on a 64 bit OS
#   Decrease Java heap size (-Xmx/-Xms)
#   Decrease number of Java threads
#   Decrease Java thread stack sizes (-Xss)
#   Set larger code cache with -XX:ReservedCodeCacheSize=
# This output file may be truncated or incomplete.
#
#  Out of Memory Error (allocation.cpp:390), pid=9720, tid=0x0000000000002730
#
# JRE version: Java(TM) SE Runtime Environment (8.0_102-b14) (build 1.8.0_102-b14)
# Java VM: Java HotSpot(TM) 64-Bit Server VM (25.102-b14 mixed mode windows-amd64 compressed oops)
# Failed to write core dump. Minidumps are not enabled by default on client versions of Windows
#

---------------  T H R E A D  ---------------

Current thread (0x0000000056558000):  JavaThread "C2 CompilerThread1" daemon [_thread_in_native, id=10032, stack(0x0000000056b80000,0x0000000056c80000)]

Stack: [0x0000000056b80000,0x0000000056c80000]
[error occurred during error reporting (printing stack bounds), id 0xc0000005]

Native frames: (J=compiled Java code, j=interpreted, Vv=VM code, C=native code)


Current CompileTask:
C2:   3113 1079   !   4       com.android.dx.cf.code.BytecodeArray::parseInstruction (2764 bytes)


---------------  P R O C E S S  ---------------

Java Threads: ( => current thread )
  0x000000005682c000 JavaThread "pool-1-thread-4" [_thread_blocked, id=10196, stack(0x0000000057940000,0x0000000057a40000)]
  0x0000000056714800 JavaThread "pool-2-thread-1" [_thread_blocked, id=10184, stack(0x00000000572e0000,0x00000000573e0000)]
  0x0000000056713000 JavaThread "pool-1-thread-1" [_thread_in_Java, id=10180, stack(0x0000000057400000,0x0000000057500000)]
  0x0000000056566000 JavaThread "Service Thread" daemon [_thread_blocked, id=10040, stack(0x0000000056f00000,0x0000000057000000)]
  0x0000000056559000 JavaThread "C1 CompilerThread2" daemon [_thread_blocked, id=10036, stack(0x0000000057040000,0x0000000057140000)]
=>0x0000000056558000 JavaThread "C2 CompilerThread1" daemon [_thread_in_native, id=10032, stack(0x0000000056b80000,0x0000000056c80000)]
  0x000000005654a800 JavaThread "C2 CompilerThread0" daemon [_thread_blocked, id=10028, stack(0x0000000056db0000,0x0000000056eb0000)]
  0x000000005518e800 JavaThread "Attach Listener" daemon [_thread_blocked, id=10024, stack(0x0000000056c80000,0x0000000056d80000)]
  0x000000005518d800 JavaThread "Signal Dispatcher" daemon [_thread_blocked, id=10020, stack(0x0000000056a30000,0x0000000056b30000)]
  0x0000000055169800 JavaThread "Finalizer" daemon [_thread_blocked, id=9960, stack(0x0000000056440000,0x0000000056540000)]
  0x0000000055122000 JavaThread "Reference Handler" daemon [_thread_blocked, id=9956, stack(0x0000000056270000,0x0000000056370000)]
  0x000000000249e000 JavaThread "main" [_thread_blocked, id=9876, stack(0x0000000002830000,0x0000000002930000)]

Other Threads:
  0x000000005511a800 VMThread [stack: 0x0000000056070000,0x0000000056170000] [id=9940]
  0x00000000565d4800 WatcherThread [stack: 0x0000000057150000,0x0000000057250000] [id=10084]

VM state:not at safepoint (normal execution)

VM Mutex/Monitor currently owned by a thread:  ([mutex/lock_event])
[0x000000000249c400] Heap_lock - owner thread: 0x000000005682c000

Heap:
 PSYoungGen      total 38400K, used 5428K [0x00000000eab00000, 0x00000000ed580000, 0x0000000100000000)
  eden space 33280K, 1% used [0x00000000eab00000,0x00000000eab53360,0x00000000ecb80000)
  from space 5120K, 99% used [0x00000000ecb80000,0x00000000ed07a048,0x00000000ed080000)
  to   space 5120K, 0% used [0x00000000ed080000,0x00000000ed080000,0x00000000ed580000)
 ParOldGen       total 87552K, used 1439K [0x00000000c0000000, 0x00000000c5580000, 0x00000000eab00000)
  object space 87552K, 1% used [0x00000000c0000000,0x00000000c0167dc0,0x00000000c5580000)
 Metaspace       used 5979K, capacity 6902K, committed 7040K, reserved 1056768K
  class space    used 607K, capacity 622K, committed 640K, reserved 1048576K

Card table byte_map: [0x0000000011cf0000,0x0000000011f00000] byte_map_base: 0x00000000116f0000

Marking Bits: (ParMarkBitMap*) 0x000000005dbda6c0
 Begin Bits: [0x0000000012590000, 0x0000000013590000)
 End Bits:   [0x0000000013590000, 0x0000000014590000)

Polling page: 0x0000000000230000

CodeCache: size=245760Kb used=4199Kb max_used=4210Kb free=241560Kb
 bounds [0x0000000002930000, 0x0000000002d60000, 0x0000000011930000]
 total_blobs=1363 nmethods=1092 adapters=184
 compilation: enabled

Compilation events (10 events):
Event: 3.052 Thread 0x0000000056559000 nmethod 1089 0x0000000002d49890 code [0x0000000002d49a40, 0x0000000002d49fd8]
Event: 3.052 Thread 0x0000000056559000 1085       3       com.android.dx.cf.code.OneLocalsArray::getMaxLocals (6 bytes)
Event: 3.052 Thread 0x0000000056559000 nmethod 1085 0x0000000002d38250 code [0x0000000002d383a0, 0x0000000002d384f0]
Event: 3.061 Thread 0x000000005654a800 nmethod 1076% 0x0000000002d4dc90 code [0x0000000002d4de80, 0x0000000002d4eb98]
Event: 3.061 Thread 0x000000005654a800 1093       4       com.android.dx.ssa.back.RegisterAllocator::getDefinitionSpecForSsaReg (22 bytes)
Event: 3.072 Thread 0x000000005654a800 nmethod 1093 0x0000000002d4fbd0 code [0x0000000002d4fd80, 0x0000000002d504e8]
Event: 3.072 Thread 0x000000005654a800 1077       4       java.util.Collections$UnmodifiableCollection::iterator (9 bytes)
Event: 3.076 Thread 0x000000005654a800 nmethod 1077 0x0000000002d4a6d0 code [0x0000000002d4a840, 0x0000000002d4aaf8]
Event: 3.076 Thread 0x000000005654a800 1090   !   4       com.android.dx.cf.code.BaseMachine::arg (36 bytes)
Event: 3.076 Thread 0x000000005654a800 nmethod 1090 0x0000000002d4a410 code [0x0000000002d4a540, 0x0000000002d4a5d8]

GC Heap History (2 events):
Event: 2.860 GC heap before
{Heap before GC invocations=1 (full 0):
 PSYoungGen      total 38400K, used 33280K [0x00000000eab00000, 0x00000000ed580000, 0x0000000100000000)
  eden space 33280K, 100% used [0x00000000eab00000,0x00000000ecb80000,0x00000000ecb80000)
  from space 5120K, 0% used [0x00000000ed080000,0x00000000ed080000,0x00000000ed580000)
  to   space 5120K, 0% used [0x00000000ecb80000,0x00000000ecb80000,0x00000000ed080000)
 ParOldGen       total 87552K, used 0K [0x00000000c0000000, 0x00000000c5580000, 0x00000000eab00000)
  object space 87552K, 0% used [0x00000000c0000000,0x00000000c0000000,0x00000000c5580000)
 Metaspace       used 5975K, capacity 6902K, committed 7040K, reserved 1056768K
  class space    used 607K, capacity 622K, committed 640K, reserved 1048576K
Event: 3.044 GC heap after
Heap after GC invocations=1 (full 0):
 PSYoungGen      total 38400K, used 5096K [0x00000000eab00000, 0x00000000ed580000, 0x0000000100000000)
  eden space 33280K, 0% used [0x00000000eab00000,0x00000000eab00000,0x00000000ecb80000)
  from space 5120K, 99% used [0x00000000ecb80000,0x00000000ed07a048,0x00000000ed080000)
  to   space 5120K, 0% used [0x00000000ed080000,0x00000000ed080000,0x00000000ed580000)
 ParOldGen       total 87552K, used 1439K [0x00000000c0000000, 0x00000000c5580000, 0x00000000eab00000)
  object space 87552K, 1% used [0x00000000c0000000,0x00000000c0167dc0,0x00000000c5580000)
 Metaspace       used 5975K, capacity 6902K, committed 7040K, reserved 1056768K
  class space    used 607K, capacity 622K, committed 640K, reserved 1048576K
}

Deoptimization events (7 events):
Event: 1.974 Thread 0x0000000056828000 Uncommon trap: reason=unstable_if action=reinterpret pc=0x0000000002b85ab0 method=java.util.HashMap.getNode(ILjava/lang/Object;)Ljava/util/HashMap$Node; @ 129
Event: 2.147 Thread 0x0000000056828000 Uncommon trap: reason=unstable_if action=reinterpret pc=0x0000000002ba8b20 method=java.util.BitSet.nextSetBit(I)I @ 87
Event: 2.742 Thread 0x000000005682c000 Uncommon trap: reason=unstable_if action=reinterpret pc=0x0000000002cd592c method=com.android.dx.util.IntList.binarysearch(I)I @ 105
Event: 2.749 Thread 0x0000000056713000 Uncommon trap: reason=unstable_if action=reinterpret pc=0x0000000002c08f5c method=com.android.dx.rop.code.RegisterSpecSet.put(Lcom/android/dx/rop/code/RegisterSpec;)V @ 77
Event: 2.749 Thread 0x0000000056713000 Uncommon trap: reason=unstable_if action=reinterpret pc=0x0000000002d01c8c method=com.android.dx.rop.code.RegisterSpecSet.put(Lcom/android/dx/rop/code/RegisterSpec;)V @ 77
Event: 2.751 Thread 0x0000000056713000 Uncommon trap: reason=bimorphic action=maybe_recompile pc=0x0000000002bb1604 method=java.util.HashMap.getNode(ILjava/lang/Object;)Ljava/util/HashMap$Node; @ 126
Event: 2.751 Thread 0x0000000056713000 Uncommon trap: reason=class_check action=maybe_recompile pc=0x0000000002cf2d40 method=java.util.HashMap.putVal(ILjava/lang/Object;Ljava/lang/Object;ZZ)Ljava/lang/Object; @ 203

Internal exceptions (2 events):
Event: 0.102 Thread 0x000000000249e000 Exception <a 'java/lang/NoSuchMethodError': Method sun.misc.Unsafe.defineClass(Ljava/lang/String;[BII)Ljava/lang/Class; name or signature does not match> (0x00000000eab07c78) thrown at [C:\re\workspace\8-2-build-windows-amd64-cygwin\jdk8u102\7268\hotspot\sGÁJ€•∫?
Event: 0.102 Thread 0x000000000249e000 Exception <a 'java/lang/NoSuchMethodError': Method sun.misc.Unsafe.prefetchRead(Ljava/lang/Object;J)V name or signature does not match> (0x00000000eab07f60) thrown at [C:\re\workspace\8-2-build-windows-amd64-cygwin\jdk8u102\7268\hotspot\src\share\vm\prims\

Events (10 events):
Event: 2.751 Thread 0x0000000056713000 Uncommon trap: trap_request=0xffffffc6 fr.pc=0x0000000002bb1604
Event: 2.751 Thread 0x0000000056713000 DEOPT PACKING pc=0x0000000002bb1604 sp=0x00000000574fe850
Event: 2.751 Thread 0x0000000056713000 DEOPT UNPACKING pc=0x000000000297582a sp=0x00000000574fe778 mode 2
Event: 2.751 Thread 0x0000000056713000 Uncommon trap: trap_request=0xffffffde fr.pc=0x0000000002cf2d40
Event: 2.751 Thread 0x0000000056713000 DEOPT PACKING pc=0x0000000002cf2d40 sp=0x00000000574fe7e0
Event: 2.751 Thread 0x0000000056713000 DEOPT UNPACKING pc=0x000000000297582a sp=0x00000000574fe768 mode 2
Event: 2.860 Thread 0x000000005682c000 DEOPT PACKING pc=0x0000000002d04f92 sp=0x0000000057a3ecc0
Event: 2.860 Thread 0x000000005682c000 DEOPT UNPACKING pc=0x000000000297787f sp=0x0000000057a3ea18 mode 0
Event: 2.860 Executing VM operation: ParallelGCFailedAllocation
Event: 3.044 Executing VM operation: ParallelGCFailedAllocation done


Dynamic libraries:
0x000000013fc90000 - 0x000000013fcc7000 	D:\JAVA\jdk1.8\bin\java.exe
0x0000000077890000 - 0x0000000077a39000 	C:\Windows\SYSTEM32\ntdll.dll
0x0000000077770000 - 0x000000007788f000 	C:\Windows\system32\kernel32.dll
0x000007fefdae0000 - 0x000007fefdb4b000 	C:\Windows\system32\KERNELBASE.dll
0x000007feff830000 - 0x000007feff90b000 	C:\Windows\system32\ADVAPI32.dll
0x000007feffa60000 - 0x000007feffaff000 	C:\Windows\system32\msvcrt.dll
0x000007feff790000 - 0x000007feff7af000 	C:\Windows\SYSTEM32\sechost.dll
0x000007fefdbb0000 - 0x000007fefdcdd000 	C:\Windows\system32\RPCRT4.dll
0x0000000077670000 - 0x000000007776a000 	C:\Windows\system32\USER32.dll
0x000007feff720000 - 0x000007feff787000 	C:\Windows\system32\GDI32.dll
0x000007fefefb0000 - 0x000007fefefbe000 	C:\Windows\system32\LPK.dll
0x000007feff910000 - 0x000007feff9d9000 	C:\Windows\system32\USP10.dll
0x000007fefc000000 - 0x000007fefc1f4000 	C:\Windows\WinSxS\amd64_microsoft.windows.common-controls_6595b64144ccf1df_6.0.7601.17514_none_fa396087175ac9ac\COMCTL32.dll
0x000007feff9e0000 - 0x000007feffa51000 	C:\Windows\system32\SHLWAPI.dll
0x000007feff590000 - 0x000007feff5be000 	C:\Windows\system32\IMM32.DLL
0x000007feff5c0000 - 0x000007feff6c9000 	C:\Windows\system32\MSCTF.dll
0x000000005e420000 - 0x000000005e4f1000 	D:\JAVA\jdk1.8\jre\bin\msvcr100.dll
0x000000005d3c0000 - 0x000000005dc5a000 	D:\JAVA\jdk1.8\jre\bin\server\jvm.dll
0x000007fef0400000 - 0x000007fef0409000 	C:\Windows\system32\WSOCK32.dll
0x000007feff6d0000 - 0x000007feff71d000 	C:\Windows\system32\WS2_32.dll
0x000007fefe110000 - 0x000007fefe118000 	C:\Windows\system32\NSI.dll
0x000007fefb5e0000 - 0x000007fefb61b000 	C:\Windows\system32\WINMM.dll
0x000007fefc920000 - 0x000007fefc92c000 	C:\Windows\system32\VERSION.dll
0x0000000077a60000 - 0x0000000077a67000 	C:\Windows\system32\PSAPI.DLL
0x0000000069f80000 - 0x0000000069f8f000 	D:\JAVA\jdk1.8\jre\bin\verify.dll
0x0000000069f50000 - 0x0000000069f79000 	D:\JAVA\jdk1.8\jre\bin\java.dll
0x000000005e400000 - 0x000000005e416000 	D:\JAVA\jdk1.8\jre\bin\zip.dll
0x000007fefe200000 - 0x000007fefef88000 	C:\Windows\system32\SHELL32.dll
0x000007feff380000 - 0x000007feff583000 	C:\Windows\system32\ole32.dll
0x000007fefd7e0000 - 0x000007fefd7ef000 	C:\Windows\system32\profapi.dll

VM Arguments:
jvm_args: -Djava.awt.headless=true -Xmx1024M -Dfile.encoding=GBK -Duser.country=CN -Duser.language=zh -Duser.variant 
java_command: com.android.dx.command.Main --dex --num-threads=4 --output E:\StudioWorkSpace\BmwPeek2\app\build\intermediates\pre-dexed\debug\com.android.support-support-vector-drawable-24.2.0_29908e68349c14b7b8203f24114aa7d1811062e4.jar E:\StudioWorkSpace\BmwPeek2\app\build\intermediates\exploded-aar\com.android.support\support-vector-drawable\24.2.0\jars\classes.jar
java_class_path (initial): D:\Sdk\build-tools\24.0.1\lib\dx.jar
Launcher Type: SUN_STANDARD

Environment Variables:
JAVA_HOME=D:\JAVA\jdk1.8
CLASSPATH=.;D:\JAVA\jdk1.8\lib;D:\JAVA\jdk1.8\lib\tools.jar
PATH=C:\ProgramData\Oracle\Java\javapath;C:\Windows\system32;C:\Windows;C:\Windows\System32\Wbem;C:\Windows\System32\WindowsPowerShell\v1.0\;C:\Program Files (x86)\Common Files\microsoft shared\TigerKin;D:\JAVA\jdk1.8\bin;D:\JAVA\jdk1.8\jre\bin;C:\Android;C:\Windows\System32;D:\program files\svn\bin
USERNAME=admin
OS=Windows_NT
PROCESSOR_IDENTIFIER=Intel64 Family 6 Model 94 Stepping 3, GenuineIntel



---------------  S Y S T E M  ---------------

OS: Windows 7 , 64 bit Build 7601 (6.1.7601.17514)

CPU:total 4 (2 cores per cpu, 2 threads per core) family 6 model 94 stepping 3, cmov, cx8, fxsr, mmx, sse, sse2, sse3, ssse3, sse4.1, sse4.2, popcnt, avx, avx2, aes, clmul, erms, 3dnowpref, lzcnt, ht, tsc, tscinvbit, bmi1, bmi2, adx

Memory: 4k page, physical 8266364k(1677412k free), swap 9313096k(4876k free)

vm_info: Java HotSpot(TM) 64-Bit Server VM (25.102-b14) for windows-amd64 JRE (1.8.0_102-b14), built on Jun 22 2016 13:15:21 by "java_re" with MS VC++ 10.0 (VS2010)

time: Wed Sep 21 16:09:46 2016
elapsed time: 3 seconds (0d 0h 0m 3s)

