#
# There is insufficient memory for the Java Runtime Environment to continue.
# Native memory allocation (malloc) failed to allocate 583984 bytes for Chunk::new
# Possible reasons:
#   The system is out of physical RAM or swap space
#   In 32 bit mode, the process size limit was hit
# Possible solutions:
#   Reduce memory load on the system
#   Increase physical memory or swap space
#   Check if swap backing store is full
#   Use 64 bit Java on a 64 bit OS
#   Decrease Java heap size (-Xmx/-Xms)
#   Decrease number of Java threads
#   Decrease Java thread stack sizes (-Xss)
#   Set larger code cache with -XX:ReservedCodeCacheSize=
# This output file may be truncated or incomplete.
#
#  Out of Memory Error (allocation.cpp:390), pid=6140, tid=0x00000000000021f8
#
# JRE version: Java(TM) SE Runtime Environment (8.0_102-b14) (build 1.8.0_102-b14)
# Java VM: Java HotSpot(TM) 64-Bit Server VM (25.102-b14 mixed mode windows-amd64 compressed oops)
# Failed to write core dump. Minidumps are not enabled by default on client versions of Windows
#

---------------  T H R E A D  ---------------

Current thread (0x000000005671a800):  JavaThread "C2 CompilerThread0" daemon [_thread_in_native, id=8696, stack(0x0000000056f90000,0x0000000057090000)]

Stack: [0x0000000056f90000,0x0000000057090000]
[error occurred during error reporting (printing stack bounds), id 0xc0000005]

Native frames: (J=compiled Java code, j=interpreted, Vv=VM code, C=native code)


Current CompileTask:
C2:   4738 1357   !   4       com.android.dx.cf.code.BytecodeArray::parseInstruction (2764 bytes)


---------------  P R O C E S S  ---------------

Java Threads: ( => current thread )
  0x00000000569fb000 JavaThread "pool-1-thread-4" [_thread_blocked, id=8488, stack(0x0000000056290000,0x0000000056390000)]
  0x0000000056a74800 JavaThread "pool-1-thread-3" [_thread_blocked, id=8400, stack(0x0000000057af0000,0x0000000057bf0000)]
  0x0000000056a25000 JavaThread "pool-1-thread-2" [_thread_blocked, id=4856, stack(0x00000000578b0000,0x00000000579b0000)]
  0x0000000056a3e800 JavaThread "pool-2-thread-1" [_thread_blocked, id=9088, stack(0x0000000056b10000,0x0000000056c10000)]
  0x0000000056a3b000 JavaThread "pool-1-thread-1" [_thread_blocked, id=6172, stack(0x0000000057790000,0x0000000057890000)]
  0x0000000056789000 JavaThread "Service Thread" daemon [_thread_blocked, id=8020, stack(0x00000000574a0000,0x00000000575a0000)]
  0x000000005672c800 JavaThread "C1 CompilerThread2" daemon [_thread_blocked, id=428, stack(0x0000000057330000,0x0000000057430000)]
  0x000000005672b800 JavaThread "C2 CompilerThread1" daemon [_thread_in_native, id=8260, stack(0x0000000057140000,0x0000000057240000)]
=>0x000000005671a800 JavaThread "C2 CompilerThread0" daemon [_thread_in_native, id=8696, stack(0x0000000056f90000,0x0000000057090000)]
  0x00000000550be800 JavaThread "Attach Listener" daemon [_thread_blocked, id=6948, stack(0x0000000056da0000,0x0000000056ea0000)]
  0x00000000550bd800 JavaThread "Signal Dispatcher" daemon [_thread_blocked, id=3660, stack(0x0000000056c50000,0x0000000056d50000)]
  0x000000005509a000 JavaThread "Finalizer" daemon [_thread_blocked, id=7020, stack(0x0000000056610000,0x0000000056710000)]
  0x0000000055052000 JavaThread "Reference Handler" daemon [_thread_blocked, id=6744, stack(0x0000000056420000,0x0000000056520000)]
  0x00000000024ae000 JavaThread "main" [_thread_blocked, id=8684, stack(0x00000000026c0000,0x00000000027c0000)]

Other Threads:
  0x000000005504a000 VMThread [stack: 0x0000000056190000,0x0000000056290000] [id=8104]
  0x00000000567ca000 WatcherThread [stack: 0x0000000057630000,0x0000000057730000] [id=6132]

VM state:not at safepoint (normal execution)

VM Mutex/Monitor currently owned by a thread: None

Heap:
 PSYoungGen      total 38400K, used 11961K [0x00000000eab00000, 0x00000000ef600000, 0x0000000100000000)
  eden space 33280K, 20% used [0x00000000eab00000,0x00000000eb1aec60,0x00000000ecb80000)
  from space 5120K, 99% used [0x00000000ecb80000,0x00000000ed07f9d0,0x00000000ed080000)
  to   space 5120K, 0% used [0x00000000ef100000,0x00000000ef100000,0x00000000ef600000)
 ParOldGen       total 87552K, used 860K [0x00000000c0000000, 0x00000000c5580000, 0x00000000eab00000)
  object space 87552K, 0% used [0x00000000c0000000,0x00000000c00d73b8,0x00000000c5580000)
 Metaspace       used 6159K, capacity 7028K, committed 7296K, reserved 1056768K
  class space    used 605K, capacity 620K, committed 640K, reserved 1048576K

Card table byte_map: [0x0000000011b80000,0x0000000011d90000] byte_map_base: 0x0000000011580000

Marking Bits: (ParMarkBitMap*) 0x000000007086a6c0
 Begin Bits: [0x00000000124c0000, 0x00000000134c0000)
 End Bits:   [0x00000000134c0000, 0x00000000144c0000)

Polling page: 0x0000000001c60000

CodeCache: size=245760Kb used=5641Kb max_used=5654Kb free=240118Kb
 bounds [0x00000000027c0000, 0x0000000002d50000, 0x00000000117c0000]
 total_blobs=1645 nmethods=1374 adapters=184
 compilation: enabled

Compilation events (10 events):
Event: 4.604 Thread 0x000000005672c800 1374       1       sun.util.calendar.CalendarDate::getMonth (5 bytes)
Event: 4.604 Thread 0x000000005672c800 nmethod 1374 0x0000000002cd5290 code [0x0000000002cd53e0, 0x0000000002cd54f0]
Event: 4.606 Thread 0x000000005672c800 1376       3       java.util.BitSet::set (18 bytes)
Event: 4.606 Thread 0x000000005672c800 nmethod 1376 0x0000000002d3c650 code [0x0000000002d3c7c0, 0x0000000002d3c9f8]
Event: 4.606 Thread 0x000000005672c800 1375       3       com.android.dx.rop.type.Type::getInitializedType (42 bytes)
Event: 4.607 Thread 0x000000005672c800 nmethod 1375 0x0000000002d3cad0 code [0x0000000002d3cca0, 0x0000000002d3d498]
Event: 4.615 Thread 0x000000005672b800 nmethod 1361 0x0000000002d42510 code [0x0000000002d42820, 0x0000000002d44850]
Event: 4.615 Thread 0x000000005672b800 1371       4       com.android.dx.rop.code.RopMethod::labelToPredecessors (54 bytes)
Event: 4.646 Thread 0x000000005672b800 nmethod 1371 0x0000000002d47a10 code [0x0000000002d47c00, 0x0000000002d49078]
Event: 4.646 Thread 0x000000005672b800 1368       4       com.android.dx.ssa.SsaRenamer$BlockRenamer::processResultReg (56 bytes)

GC Heap History (2 events):
Event: 3.996 GC heap before
{Heap before GC invocations=1 (full 0):
 PSYoungGen      total 38400K, used 33280K [0x00000000eab00000, 0x00000000ed580000, 0x0000000100000000)
  eden space 33280K, 100% used [0x00000000eab00000,0x00000000ecb80000,0x00000000ecb80000)
  from space 5120K, 0% used [0x00000000ed080000,0x00000000ed080000,0x00000000ed580000)
  to   space 5120K, 0% used [0x00000000ecb80000,0x00000000ecb80000,0x00000000ed080000)
 ParOldGen       total 87552K, used 0K [0x00000000c0000000, 0x00000000c5580000, 0x00000000eab00000)
  object space 87552K, 0% used [0x00000000c0000000,0x00000000c0000000,0x00000000c5580000)
 Metaspace       used 6026K, capacity 6900K, committed 7040K, reserved 1056768K
  class space    used 605K, capacity 620K, committed 640K, reserved 1048576K
Event: 4.039 GC heap after
Heap after GC invocations=1 (full 0):
 PSYoungGen      total 38400K, used 5118K [0x00000000eab00000, 0x00000000ef600000, 0x0000000100000000)
  eden space 33280K, 0% used [0x00000000eab00000,0x00000000eab00000,0x00000000ecb80000)
  from space 5120K, 99% used [0x00000000ecb80000,0x00000000ed07f9d0,0x00000000ed080000)
  to   space 5120K, 0% used [0x00000000ef100000,0x00000000ef100000,0x00000000ef600000)
 ParOldGen       total 87552K, used 860K [0x00000000c0000000, 0x00000000c5580000, 0x00000000eab00000)
  object space 87552K, 0% used [0x00000000c0000000,0x00000000c00d73b8,0x00000000c5580000)
 Metaspace       used 6026K, capacity 6900K, committed 7040K, reserved 1056768K
  class space    used 605K, capacity 620K, committed 640K, reserved 1048576K
}

Deoptimization events (10 events):
Event: 2.691 Thread 0x00000000024ae000 Uncommon trap: reason=unstable_if action=reinterpret pc=0x000000000290ff04 method=java.lang.String.compareTo(Ljava/lang/String;)I @ 38
Event: 3.213 Thread 0x00000000569fb000 Uncommon trap: reason=bimorphic action=maybe_recompile pc=0x0000000002a2c530 method=java.util.HashMap.getNode(ILjava/lang/Object;)Ljava/util/HashMap$Node; @ 126
Event: 3.231 Thread 0x00000000024ae000 Uncommon trap: reason=unstable_if action=reinterpret pc=0x00000000029d7f54 method=java.util.HashMap.getNode(ILjava/lang/Object;)Ljava/util/HashMap$Node; @ 129
Event: 3.308 Thread 0x0000000056a25000 Uncommon trap: reason=unstable_if action=reinterpret pc=0x0000000002a2c1f0 method=java.util.HashMap.getNode(ILjava/lang/Object;)Ljava/util/HashMap$Node; @ 129
Event: 3.503 Thread 0x0000000056a74800 Uncommon trap: reason=unstable_if action=reinterpret pc=0x0000000002aa99f4 method=com.android.dx.rop.code.RegisterSpec.equals(ILcom/android/dx/rop/type/TypeBearer;Lcom/android/dx/rop/code/LocalItem;)Z @ 42
Event: 3.517 Thread 0x0000000056a74800 Uncommon trap: reason=null_check action=make_not_entrant pc=0x0000000002b066d8 method=com.android.dx.rop.type.Type.equals(Ljava/lang/Object;)Z @ 8
Event: 3.721 Thread 0x0000000056a74800 Uncommon trap: reason=unstable_if action=reinterpret pc=0x0000000002b63d68 method=com.android.dx.rop.code.LocalItem.hashCode()I @ 25
Event: 3.721 Thread 0x0000000056a74800 Uncommon trap: reason=unstable_if action=reinterpret pc=0x0000000002ae7b90 method=com.android.dx.rop.code.LocalItem.hashCode()I @ 25
Event: 3.722 Thread 0x0000000056a74800 Uncommon trap: reason=unstable_if action=reinterpret pc=0x0000000002b576dc method=com.android.dx.rop.code.RegisterSpecSet.put(Lcom/android/dx/rop/code/RegisterSpec;)V @ 77
Event: 3.722 Thread 0x0000000056a74800 Uncommon trap: reason=unstable_if action=reinterpret pc=0x0000000002b98398 method=com.android.dx.rop.code.RegisterSpecSet.put(Lcom/android/dx/rop/code/RegisterSpec;)V @ 77

Internal exceptions (3 events):
Event: 0.693 Thread 0x00000000024ae000 Exception <a 'java/lang/NoSuchMethodError': Method sun.misc.Unsafe.defineClass(Ljava/lang/String;[BII)Ljava/lang/Class; name or signature does not match> (0x00000000eab07c78) thrown at [C:\re\workspace\8-2-build-windows-amd64-cygwin\jdk8u102\7268\hotspot\s.ø?H/æ?
Event: 0.693 Thread 0x00000000024ae000 Exception <a 'java/lang/NoSuchMethodError': Method sun.misc.Unsafe.prefetchRead(Ljava/lang/Object;J)V name or signature does not match> (0x00000000eab07f60) thrown at [C:\re\workspace\8-2-build-windows-amd64-cygwin\jdk8u102\7268\hotspot\src\share\vm\prims\¾]à=
Event: 3.517 Thread 0x0000000056a74800 Implicit null exception at 0x0000000002b065d2 to 0x0000000002b066ca

Events (10 events):
Event: 3.722 Thread 0x0000000056a74800 Uncommon trap: trap_request=0xffffff65 fr.pc=0x0000000002b576dc
Event: 3.722 Thread 0x0000000056a74800 DEOPT PACKING pc=0x0000000002b576dc sp=0x0000000057bee890
Event: 3.722 Thread 0x0000000056a74800 DEOPT UNPACKING pc=0x000000000280582a sp=0x0000000057bee818 mode 2
Event: 3.722 Thread 0x0000000056a74800 Uncommon trap: trap_request=0xffffff65 fr.pc=0x0000000002b98398
Event: 3.722 Thread 0x0000000056a74800 DEOPT PACKING pc=0x0000000002b98398 sp=0x0000000057bee880
Event: 3.722 Thread 0x0000000056a74800 DEOPT UNPACKING pc=0x000000000280582a sp=0x0000000057bee7a0 mode 2
Event: 3.980 Executing VM operation: ParallelGCFailedAllocation
Event: 4.039 Executing VM operation: ParallelGCFailedAllocation done
Event: 4.049 Thread 0x0000000056a25000 DEOPT PACKING pc=0x0000000002a68e45 sp=0x00000000579aed50
Event: 4.049 Thread 0x0000000056a25000 DEOPT UNPACKING pc=0x000000000280787f sp=0x00000000579aeb40 mode 0


Dynamic libraries:
0x000000013f240000 - 0x000000013f277000 	D:\JAVA\jdk1.8\bin\java.exe
0x00000000772f0000 - 0x000000007749a000 	C:\Windows\SYSTEM32\ntdll.dll
0x00000000771d0000 - 0x00000000772ef000 	C:\Windows\system32\kernel32.dll
0x000007fefd560000 - 0x000007fefd5ca000 	C:\Windows\system32\KERNELBASE.dll
0x000007fefd940000 - 0x000007fefda1b000 	C:\Windows\system32\ADVAPI32.dll
0x000007fefe370000 - 0x000007fefe40f000 	C:\Windows\system32\msvcrt.dll
0x000007fefe430000 - 0x000007fefe44f000 	C:\Windows\SYSTEM32\sechost.dll
0x000007fefde00000 - 0x000007fefdf2d000 	C:\Windows\system32\RPCRT4.dll
0x00000000770d0000 - 0x00000000771ca000 	C:\Windows\system32\USER32.dll
0x000007feff4d0000 - 0x000007feff537000 	C:\Windows\system32\GDI32.dll
0x000007feff570000 - 0x000007feff57e000 	C:\Windows\system32\LPK.dll
0x000007fefdf80000 - 0x000007fefe04a000 	C:\Windows\system32\USP10.dll
0x000007fefbd10000 - 0x000007fefbf04000 	C:\Windows\WinSxS\amd64_microsoft.windows.common-controls_6595b64144ccf1df_6.0.7601.17514_none_fa396087175ac9ac\COMCTL32.dll
0x000007fefe450000 - 0x000007fefe4c1000 	C:\Windows\system32\SHLWAPI.dll
0x000007feff540000 - 0x000007feff56e000 	C:\Windows\system32\IMM32.DLL
0x000007fefe260000 - 0x000007fefe369000 	C:\Windows\system32\MSCTF.dll
0x0000000058860000 - 0x0000000058931000 	D:\JAVA\jdk1.8\jre\bin\msvcr100.dll
0x0000000070050000 - 0x00000000708ea000 	D:\JAVA\jdk1.8\jre\bin\server\jvm.dll
0x000007fef33e0000 - 0x000007fef33e9000 	C:\Windows\system32\WSOCK32.dll
0x000007fefdf30000 - 0x000007fefdf7d000 	C:\Windows\system32\WS2_32.dll
0x000007fefd610000 - 0x000007fefd618000 	C:\Windows\system32\NSI.dll
0x000007fefb110000 - 0x000007fefb14b000 	C:\Windows\system32\WINMM.dll
0x000007fefc3a0000 - 0x000007fefc3ac000 	C:\Windows\system32\VERSION.dll
0x00000000774b0000 - 0x00000000774b7000 	C:\Windows\system32\PSAPI.DLL
0x000000005a210000 - 0x000000005a21f000 	D:\JAVA\jdk1.8\jre\bin\verify.dll
0x000000005a1e0000 - 0x000000005a209000 	D:\JAVA\jdk1.8\jre\bin\java.dll
0x000000005a1c0000 - 0x000000005a1d6000 	D:\JAVA\jdk1.8\jre\bin\zip.dll
0x000007fefe610000 - 0x000007feff398000 	C:\Windows\system32\SHELL32.dll
0x000007fefe050000 - 0x000007fefe253000 	C:\Windows\system32\ole32.dll
0x000007fefd240000 - 0x000007fefd24f000 	C:\Windows\system32\profapi.dll

VM Arguments:
jvm_args: -Djava.awt.headless=true -Xmx1024M -Dfile.encoding=GBK -Duser.country=CN -Duser.language=zh -Duser.variant 
java_command: com.android.dx.command.Main --dex --num-threads=4 --output E:\svn\Peek2S\app\build\intermediates\pre-dexed\release\com.android.support-appcompat-v7-24.2.0_04aba598c96206b11eaabfd7013011e964adb4ca.jar E:\svn\Peek2S\app\build\intermediates\exploded-aar\com.android.support\appcompat-v7\24.2.0\jars\classes.jar
java_class_path (initial): D:\Sdk\build-tools\24.0.1\lib\dx.jar
Launcher Type: SUN_STANDARD

Environment Variables:
JAVA_HOME=D:\JAVA\jdk1.8
CLASSPATH=.;D:\JAVA\jdk1.8\lib;D:\JAVA\jdk1.8\lib\tools.jar
PATH=C:\ProgramData\Oracle\Java\javapath;C:\Windows\system32;C:\Windows;C:\Windows\System32\Wbem;C:\Windows\System32\WindowsPowerShell\v1.0\;C:\Program Files (x86)\Common Files\microsoft shared\TigerKin;D:\JAVA\jdk1.8\bin;D:\JAVA\jdk1.8\jre\bin;C:\Android;C:\Windows\System32;D:\program files\svn\bin;D:\JAVA\tomcat\lib;D:\JAVA\tomcat\bin;D:\program files\Git\cmd;D:\JAVA\android-ndk-r10b;D:\JAVA\gradle-2.14.1\bin
USERNAME=admin
OS=Windows_NT
PROCESSOR_IDENTIFIER=Intel64 Family 6 Model 94 Stepping 3, GenuineIntel



---------------  S Y S T E M  ---------------

OS: Windows 7 , 64 bit Build 7601 (6.1.7601.23677)

CPU:total 4 (2 cores per cpu, 2 threads per core) family 6 model 94 stepping 3, cmov, cx8, fxsr, mmx, sse, sse2, sse3, ssse3, sse4.1, sse4.2, popcnt, avx, avx2, aes, clmul, erms, 3dnowpref, lzcnt, ht, tsc, tscinvbit, bmi1, bmi2, adx

Memory: 4k page, physical 8266364k(1004124k free), swap 9313080k(5288k free)

vm_info: Java HotSpot(TM) 64-Bit Server VM (25.102-b14) for windows-amd64 JRE (1.8.0_102-b14), built on Jun 22 2016 13:15:21 by "java_re" with MS VC++ 10.0 (VS2010)

time: Mon Jul 24 18:11:00 2017
elapsed time: 4 seconds (0d 0h 0m 4s)

